ARM GAS  C:\Users\gstoll\AppData\Local\Temp\ccKkUr34.s 			page 1


   1              		.syntax unified
   2              		.cpu cortex-m3
   3              		.fpu softvfp
   4              		.eabi_attribute 20, 1
   5              		.eabi_attribute 21, 1
   6              		.eabi_attribute 23, 3
   7              		.eabi_attribute 24, 1
   8              		.eabi_attribute 25, 1
   9              		.eabi_attribute 26, 1
  10              		.eabi_attribute 30, 6
  11              		.eabi_attribute 34, 1
  12              		.eabi_attribute 18, 4
  13              		.thumb
  14              		.file	"cymetadata.c"
  15              		.text
  16              	.Ltext0:
  17              		.cfi_sections	.debug_frame
  18              		.global	cy_meta_configecc
  19              		.section	.cyconfigecc,"a",%progbits
  20              		.align	2
  21              		.type	cy_meta_configecc, %object
  22              		.size	cy_meta_configecc, 2260
  23              	cy_meta_configecc:
  24 0000 02       		.byte	2
  25 0001 4F       		.byte	79
  26 0002 00       		.byte	0
  27 0003 40       		.byte	64
  28 0004 02       		.byte	2
  29 0005 52       		.byte	82
  30 0006 00       		.byte	0
  31 0007 40       		.byte	64
  32 0008 01       		.byte	1
  33 0009 5A       		.byte	90
  34 000a 00       		.byte	0
  35 000b 40       		.byte	64
  36 000c 03       		.byte	3
  37 000d 64       		.byte	100
  38 000e 00       		.byte	0
  39 000f 40       		.byte	64
  40 0010 03       		.byte	3
  41 0011 65       		.byte	101
  42 0012 00       		.byte	0
  43 0013 40       		.byte	64
  44 0014 28       		.byte	40
  45 0015 04       		.byte	4
  46 0016 01       		.byte	1
  47 0017 40       		.byte	64
  48 0018 07       		.byte	7
  49 0019 05       		.byte	5
  50 001a 01       		.byte	1
  51 001b 40       		.byte	64
  52 001c 33       		.byte	51
  53 001d 06       		.byte	6
  54 001e 01       		.byte	1
  55 001f 40       		.byte	64
  56 0020 16       		.byte	22
  57 0021 07       		.byte	7
ARM GAS  C:\Users\gstoll\AppData\Local\Temp\ccKkUr34.s 			page 2


  58 0022 01       		.byte	1
  59 0023 40       		.byte	64
  60 0024 55       		.byte	85
  61 0025 08       		.byte	8
  62 0026 01       		.byte	1
  63 0027 40       		.byte	64
  64 0028 3E       		.byte	62
  65 0029 09       		.byte	9
  66 002a 01       		.byte	1
  67 002b 40       		.byte	64
  68 002c 67       		.byte	103
  69 002d 0A       		.byte	10
  70 002e 01       		.byte	1
  71 002f 40       		.byte	64
  72 0030 3A       		.byte	58
  73 0031 0B       		.byte	11
  74 0032 01       		.byte	1
  75 0033 40       		.byte	64
  76 0034 28       		.byte	40
  77 0035 14       		.byte	20
  78 0036 01       		.byte	1
  79 0037 40       		.byte	64
  80 0038 0D       		.byte	13
  81 0039 15       		.byte	21
  82 003a 01       		.byte	1
  83 003b 40       		.byte	64
  84 003c 33       		.byte	51
  85 003d 16       		.byte	22
  86 003e 01       		.byte	1
  87 003f 40       		.byte	64
  88 0040 15       		.byte	21
  89 0041 17       		.byte	23
  90 0042 01       		.byte	1
  91 0043 40       		.byte	64
  92 0044 2D       		.byte	45
  93 0045 18       		.byte	24
  94 0046 01       		.byte	1
  95 0047 40       		.byte	64
  96 0048 54       		.byte	84
  97 0049 19       		.byte	25
  98 004a 01       		.byte	1
  99 004b 40       		.byte	64
 100 004c 15       		.byte	21
 101 004d 1A       		.byte	26
 102 004e 01       		.byte	1
 103 004f 40       		.byte	64
 104 0050 49       		.byte	73
 105 0051 1B       		.byte	27
 106 0052 01       		.byte	1
 107 0053 40       		.byte	64
 108 0054 04       		.byte	4
 109 0055 40       		.byte	64
 110 0056 01       		.byte	1
 111 0057 40       		.byte	64
 112 0058 03       		.byte	3
 113 0059 41       		.byte	65
 114 005a 01       		.byte	1
ARM GAS  C:\Users\gstoll\AppData\Local\Temp\ccKkUr34.s 			page 3


 115 005b 40       		.byte	64
 116 005c 05       		.byte	5
 117 005d 42       		.byte	66
 118 005e 01       		.byte	1
 119 005f 40       		.byte	64
 120 0060 0B       		.byte	11
 121 0061 43       		.byte	67
 122 0062 01       		.byte	1
 123 0063 40       		.byte	64
 124 0064 07       		.byte	7
 125 0065 44       		.byte	68
 126 0066 01       		.byte	1
 127 0067 40       		.byte	64
 128 0068 03       		.byte	3
 129 0069 45       		.byte	69
 130 006a 01       		.byte	1
 131 006b 40       		.byte	64
 132 006c 07       		.byte	7
 133 006d 46       		.byte	70
 134 006e 01       		.byte	1
 135 006f 40       		.byte	64
 136 0070 08       		.byte	8
 137 0071 47       		.byte	71
 138 0072 01       		.byte	1
 139 0073 40       		.byte	64
 140 0074 0C       		.byte	12
 141 0075 48       		.byte	72
 142 0076 01       		.byte	1
 143 0077 40       		.byte	64
 144 0078 05       		.byte	5
 145 0079 49       		.byte	73
 146 007a 01       		.byte	1
 147 007b 40       		.byte	64
 148 007c 19       		.byte	25
 149 007d 4C       		.byte	76
 150 007e 01       		.byte	1
 151 007f 40       		.byte	64
 152 0080 0E       		.byte	14
 153 0081 4D       		.byte	77
 154 0082 01       		.byte	1
 155 0083 40       		.byte	64
 156 0084 08       		.byte	8
 157 0085 50       		.byte	80
 158 0086 01       		.byte	1
 159 0087 40       		.byte	64
 160 0088 02       		.byte	2
 161 0089 51       		.byte	81
 162 008a 01       		.byte	1
 163 008b 40       		.byte	64
 164 008c 01       		.byte	1
 165 008d 30       		.byte	48
 166 008e 0A       		.byte	10
 167 008f 27       		.byte	39
 168 0090 08       		.byte	8
 169 0091 20       		.byte	32
 170 0092 09       		.byte	9
 171 0093 60       		.byte	96
ARM GAS  C:\Users\gstoll\AppData\Local\Temp\ccKkUr34.s 			page 4


 172 0094 DF       		.byte	-33
 173 0095 04       		.byte	4
 174 0096 87       		.byte	-121
 175 0097 0D       		.byte	13
 176 0098 89       		.byte	-119
 177 0099 0F       		.byte	15
 178 009a 8B       		.byte	-117
 179 009b 0F       		.byte	15
 180 009c 87       		.byte	-121
 181 009d 0D       		.byte	13
 182 009e 88       		.byte	-120
 183 009f 72       		.byte	114
 184 00a0 8B       		.byte	-117
 185 00a1 38       		.byte	56
 186 00a2 40       		.byte	64
 187 00a3 54       		.byte	84
 188 00a4 49       		.byte	73
 189 00a5 FF       		.byte	-1
 190 00a6 4A       		.byte	74
 191 00a7 FF       		.byte	-1
 192 00a8 4B       		.byte	75
 193 00a9 FF       		.byte	-1
 194 00aa 4F       		.byte	79
 195 00ab 01       		.byte	1
 196 00ac 50       		.byte	80
 197 00ad 18       		.byte	24
 198 00ae 5A       		.byte	90
 199 00af 04       		.byte	4
 200 00b0 5D       		.byte	93
 201 00b1 09       		.byte	9
 202 00b2 5F       		.byte	95
 203 00b3 01       		.byte	1
 204 00b4 60       		.byte	96
 205 00b5 40       		.byte	64
 206 00b6 62       		.byte	98
 207 00b7 40       		.byte	64
 208 00b8 64       		.byte	100
 209 00b9 40       		.byte	64
 210 00ba 65       		.byte	101
 211 00bb 40       		.byte	64
 212 00bc 66       		.byte	102
 213 00bd 80       		.byte	-128
 214 00be 68       		.byte	104
 215 00bf 80       		.byte	-128
 216 00c0 6A       		.byte	106
 217 00c1 80       		.byte	-128
 218 00c2 6C       		.byte	108
 219 00c3 80       		.byte	-128
 220 00c4 6E       		.byte	110
 221 00c5 80       		.byte	-128
 222 00c6 C0       		.byte	-64
 223 00c7 41       		.byte	65
 224 00c8 C9       		.byte	-55
 225 00c9 FF       		.byte	-1
 226 00ca CA       		.byte	-54
 227 00cb FF       		.byte	-1
 228 00cc CB       		.byte	-53
ARM GAS  C:\Users\gstoll\AppData\Local\Temp\ccKkUr34.s 			page 5


 229 00cd FF       		.byte	-1
 230 00ce CD       		.byte	-51
 231 00cf 83       		.byte	-125
 232 00d0 CE       		.byte	-50
 233 00d1 03       		.byte	3
 234 00d2 CF       		.byte	-49
 235 00d3 01       		.byte	1
 236 00d4 D0       		.byte	-48
 237 00d5 18       		.byte	24
 238 00d6 D2       		.byte	-46
 239 00d7 80       		.byte	-128
 240 00d8 DA       		.byte	-38
 241 00d9 04       		.byte	4
 242 00da DB       		.byte	-37
 243 00db 04       		.byte	4
 244 00dc DD       		.byte	-35
 245 00dd 99       		.byte	-103
 246 00de DF       		.byte	-33
 247 00df 01       		.byte	1
 248 00e0 E0       		.byte	-32
 249 00e1 40       		.byte	64
 250 00e2 E2       		.byte	-30
 251 00e3 40       		.byte	64
 252 00e4 E4       		.byte	-28
 253 00e5 40       		.byte	64
 254 00e6 E5       		.byte	-27
 255 00e7 40       		.byte	64
 256 00e8 E6       		.byte	-26
 257 00e9 80       		.byte	-128
 258 00ea E8       		.byte	-24
 259 00eb 80       		.byte	-128
 260 00ec EA       		.byte	-22
 261 00ed 80       		.byte	-128
 262 00ee EC       		.byte	-20
 263 00ef 80       		.byte	-128
 264 00f0 EE       		.byte	-18
 265 00f1 80       		.byte	-128
 266 00f2 41       		.byte	65
 267 00f3 01       		.byte	1
 268 00f4 46       		.byte	70
 269 00f5 81       		.byte	-127
 270 00f6 48       		.byte	72
 271 00f7 01       		.byte	1
 272 00f8 74       		.byte	116
 273 00f9 01       		.byte	1
 274 00fa 76       		.byte	118
 275 00fb 80       		.byte	-128
 276 00fc D0       		.byte	-48
 277 00fd 91       		.byte	-111
 278 00fe D2       		.byte	-46
 279 00ff 08       		.byte	8
 280 0100 40       		.byte	64
 281 0101 41       		.byte	65
 282 0102 49       		.byte	73
 283 0103 FF       		.byte	-1
 284 0104 4A       		.byte	74
 285 0105 FF       		.byte	-1
ARM GAS  C:\Users\gstoll\AppData\Local\Temp\ccKkUr34.s 			page 6


 286 0106 4B       		.byte	75
 287 0107 FF       		.byte	-1
 288 0108 4D       		.byte	77
 289 0109 83       		.byte	-125
 290 010a 4E       		.byte	78
 291 010b 03       		.byte	3
 292 010c 4F       		.byte	79
 293 010d 01       		.byte	1
 294 010e 50       		.byte	80
 295 010f 18       		.byte	24
 296 0110 5A       		.byte	90
 297 0111 04       		.byte	4
 298 0112 5D       		.byte	93
 299 0113 09       		.byte	9
 300 0114 5F       		.byte	95
 301 0115 01       		.byte	1
 302 0116 60       		.byte	96
 303 0117 40       		.byte	64
 304 0118 62       		.byte	98
 305 0119 40       		.byte	64
 306 011a 64       		.byte	100
 307 011b 40       		.byte	64
 308 011c 65       		.byte	101
 309 011d 40       		.byte	64
 310 011e 66       		.byte	102
 311 011f 80       		.byte	-128
 312 0120 68       		.byte	104
 313 0121 80       		.byte	-128
 314 0122 6A       		.byte	106
 315 0123 80       		.byte	-128
 316 0124 6C       		.byte	108
 317 0125 80       		.byte	-128
 318 0126 6E       		.byte	110
 319 0127 80       		.byte	-128
 320 0128 82       		.byte	-126
 321 0129 01       		.byte	1
 322 012a 8E       		.byte	-114
 323 012b 01       		.byte	1
 324 012c B6       		.byte	-74
 325 012d 01       		.byte	1
 326 012e BE       		.byte	-66
 327 012f 40       		.byte	64
 328 0130 C0       		.byte	-64
 329 0131 54       		.byte	84
 330 0132 C5       		.byte	-59
 331 0133 EC       		.byte	-20
 332 0134 C7       		.byte	-57
 333 0135 20       		.byte	32
 334 0136 C8       		.byte	-56
 335 0137 23       		.byte	35
 336 0138 C9       		.byte	-55
 337 0139 FF       		.byte	-1
 338 013a CA       		.byte	-54
 339 013b FF       		.byte	-1
 340 013c CB       		.byte	-53
 341 013d FF       		.byte	-1
 342 013e CD       		.byte	-51
ARM GAS  C:\Users\gstoll\AppData\Local\Temp\ccKkUr34.s 			page 7


 343 013f 83       		.byte	-125
 344 0140 CE       		.byte	-50
 345 0141 03       		.byte	3
 346 0142 CF       		.byte	-49
 347 0143 01       		.byte	1
 348 0144 D0       		.byte	-48
 349 0145 18       		.byte	24
 350 0146 D4       		.byte	-44
 351 0147 01       		.byte	1
 352 0148 D6       		.byte	-42
 353 0149 04       		.byte	4
 354 014a D8       		.byte	-40
 355 014b 04       		.byte	4
 356 014c DA       		.byte	-38
 357 014d 04       		.byte	4
 358 014e DB       		.byte	-37
 359 014f 04       		.byte	4
 360 0150 DD       		.byte	-35
 361 0151 99       		.byte	-103
 362 0152 DF       		.byte	-33
 363 0153 01       		.byte	1
 364 0154 E0       		.byte	-32
 365 0155 40       		.byte	64
 366 0156 E2       		.byte	-30
 367 0157 40       		.byte	64
 368 0158 E4       		.byte	-28
 369 0159 40       		.byte	64
 370 015a E5       		.byte	-27
 371 015b 40       		.byte	64
 372 015c E6       		.byte	-26
 373 015d 80       		.byte	-128
 374 015e E8       		.byte	-24
 375 015f 80       		.byte	-128
 376 0160 EA       		.byte	-22
 377 0161 80       		.byte	-128
 378 0162 EC       		.byte	-20
 379 0163 80       		.byte	-128
 380 0164 EE       		.byte	-18
 381 0165 80       		.byte	-128
 382 0166 00       		.byte	0
 383 0167 02       		.byte	2
 384 0168 02       		.byte	2
 385 0169 01       		.byte	1
 386 016a 19       		.byte	25
 387 016b 40       		.byte	64
 388 016c 41       		.byte	65
 389 016d 01       		.byte	1
 390 016e 46       		.byte	70
 391 016f 81       		.byte	-127
 392 0170 48       		.byte	72
 393 0171 01       		.byte	1
 394 0172 49       		.byte	73
 395 0173 05       		.byte	5
 396 0174 51       		.byte	81
 397 0175 01       		.byte	1
 398 0176 52       		.byte	82
 399 0177 01       		.byte	1
ARM GAS  C:\Users\gstoll\AppData\Local\Temp\ccKkUr34.s 			page 8


 400 0178 59       		.byte	89
 401 0179 45       		.byte	69
 402 017a 63       		.byte	99
 403 017b 80       		.byte	-128
 404 017c 83       		.byte	-125
 405 017d 40       		.byte	64
 406 017e 95       		.byte	-107
 407 017f 02       		.byte	2
 408 0180 9A       		.byte	-102
 409 0181 80       		.byte	-128
 410 0182 9E       		.byte	-98
 411 0183 01       		.byte	1
 412 0184 A0       		.byte	-96
 413 0185 01       		.byte	1
 414 0186 C0       		.byte	-64
 415 0187 09       		.byte	9
 416 0188 D0       		.byte	-48
 417 0189 91       		.byte	-111
 418 018a D2       		.byte	-46
 419 018b 08       		.byte	8
 420 018c D6       		.byte	-42
 421 018d 0B       		.byte	11
 422 018e D8       		.byte	-40
 423 018f 01       		.byte	1
 424 0190 E2       		.byte	-30
 425 0191 80       		.byte	-128
 426 0192 01       		.byte	1
 427 0193 0D       		.byte	13
 428 0194 04       		.byte	4
 429 0195 06       		.byte	6
 430 0196 05       		.byte	5
 431 0197 0D       		.byte	13
 432 0198 08       		.byte	8
 433 0199 06       		.byte	6
 434 019a 09       		.byte	9
 435 019b 0D       		.byte	13
 436 019c 0D       		.byte	13
 437 019d 11       		.byte	17
 438 019e 0E       		.byte	14
 439 019f 01       		.byte	1
 440 01a0 0F       		.byte	15
 441 01a1 62       		.byte	98
 442 01a2 10       		.byte	16
 443 01a3 04       		.byte	4
 444 01a4 11       		.byte	17
 445 01a5 0D       		.byte	13
 446 01a6 12       		.byte	18
 447 01a7 02       		.byte	2
 448 01a8 14       		.byte	20
 449 01a9 02       		.byte	2
 450 01aa 15       		.byte	21
 451 01ab 02       		.byte	2
 452 01ac 16       		.byte	22
 453 01ad 04       		.byte	4
 454 01ae 17       		.byte	23
 455 01af 0D       		.byte	13
 456 01b0 1C       		.byte	28
ARM GAS  C:\Users\gstoll\AppData\Local\Temp\ccKkUr34.s 			page 9


 457 01b1 01       		.byte	1
 458 01b2 1D       		.byte	29
 459 01b3 40       		.byte	64
 460 01b4 1F       		.byte	31
 461 01b5 30       		.byte	48
 462 01b6 21       		.byte	33
 463 01b7 0D       		.byte	13
 464 01b8 22       		.byte	34
 465 01b9 01       		.byte	1
 466 01ba 24       		.byte	36
 467 01bb 01       		.byte	1
 468 01bc 25       		.byte	37
 469 01bd 52       		.byte	82
 470 01be 27       		.byte	39
 471 01bf 28       		.byte	40
 472 01c0 28       		.byte	40
 473 01c1 01       		.byte	1
 474 01c2 29       		.byte	41
 475 01c3 32       		.byte	50
 476 01c4 2B       		.byte	43
 477 01c5 44       		.byte	68
 478 01c6 2C       		.byte	44
 479 01c7 01       		.byte	1
 480 01c8 32       		.byte	50
 481 01c9 06       		.byte	6
 482 01ca 33       		.byte	51
 483 01cb 0F       		.byte	15
 484 01cc 34       		.byte	52
 485 01cd 01       		.byte	1
 486 01ce 37       		.byte	55
 487 01cf 70       		.byte	112
 488 01d0 38       		.byte	56
 489 01d1 80       		.byte	-128
 490 01d2 3B       		.byte	59
 491 01d3 88       		.byte	-120
 492 01d4 3E       		.byte	62
 493 01d5 50       		.byte	80
 494 01d6 54       		.byte	84
 495 01d7 40       		.byte	64
 496 01d8 58       		.byte	88
 497 01d9 04       		.byte	4
 498 01da 59       		.byte	89
 499 01db 04       		.byte	4
 500 01dc 5B       		.byte	91
 501 01dd 04       		.byte	4
 502 01de 5C       		.byte	92
 503 01df 02       		.byte	2
 504 01e0 5F       		.byte	95
 505 01e1 01       		.byte	1
 506 01e2 81       		.byte	-127
 507 01e3 01       		.byte	1
 508 01e4 84       		.byte	-124
 509 01e5 7F       		.byte	127
 510 01e6 85       		.byte	-123
 511 01e7 01       		.byte	1
 512 01e8 86       		.byte	-122
 513 01e9 80       		.byte	-128
ARM GAS  C:\Users\gstoll\AppData\Local\Temp\ccKkUr34.s 			page 10


 514 01ea 88       		.byte	-120
 515 01eb C0       		.byte	-64
 516 01ec 89       		.byte	-119
 517 01ed 01       		.byte	1
 518 01ee 8A       		.byte	-118
 519 01ef 08       		.byte	8
 520 01f0 8D       		.byte	-115
 521 01f1 01       		.byte	1
 522 01f2 8E       		.byte	-114
 523 01f3 9F       		.byte	-97
 524 01f4 90       		.byte	-112
 525 01f5 1F       		.byte	31
 526 01f6 91       		.byte	-111
 527 01f7 40       		.byte	64
 528 01f8 92       		.byte	-110
 529 01f9 20       		.byte	32
 530 01fa 94       		.byte	-108
 531 01fb 80       		.byte	-128
 532 01fc 95       		.byte	-107
 533 01fd 08       		.byte	8
 534 01fe 97       		.byte	-105
 535 01ff 21       		.byte	33
 536 0200 99       		.byte	-103
 537 0201 04       		.byte	4
 538 0202 9A       		.byte	-102
 539 0203 60       		.byte	96
 540 0204 9C       		.byte	-100
 541 0205 C0       		.byte	-64
 542 0206 9D       		.byte	-99
 543 0207 01       		.byte	1
 544 0208 9E       		.byte	-98
 545 0209 02       		.byte	2
 546 020a A0       		.byte	-96
 547 020b C0       		.byte	-64
 548 020c A1       		.byte	-95
 549 020d 10       		.byte	16
 550 020e A2       		.byte	-94
 551 020f 01       		.byte	1
 552 0210 A4       		.byte	-92
 553 0211 C0       		.byte	-64
 554 0212 A5       		.byte	-91
 555 0213 40       		.byte	64
 556 0214 A6       		.byte	-90
 557 0215 04       		.byte	4
 558 0216 A9       		.byte	-87
 559 0217 22       		.byte	34
 560 0218 AA       		.byte	-86
 561 0219 FF       		.byte	-1
 562 021a AB       		.byte	-85
 563 021b 08       		.byte	8
 564 021c AC       		.byte	-84
 565 021d 90       		.byte	-112
 566 021e AD       		.byte	-83
 567 021f 07       		.byte	7
 568 0220 AE       		.byte	-82
 569 0221 40       		.byte	64
 570 0222 AF       		.byte	-81
ARM GAS  C:\Users\gstoll\AppData\Local\Temp\ccKkUr34.s 			page 11


 571 0223 18       		.byte	24
 572 0224 B1       		.byte	-79
 573 0225 3F       		.byte	63
 574 0226 B2       		.byte	-78
 575 0227 FF       		.byte	-1
 576 0228 B5       		.byte	-75
 577 0229 40       		.byte	64
 578 022a B9       		.byte	-71
 579 022b 22       		.byte	34
 580 022c BE       		.byte	-66
 581 022d 04       		.byte	4
 582 022e BF       		.byte	-65
 583 022f 01       		.byte	1
 584 0230 D6       		.byte	-42
 585 0231 02       		.byte	2
 586 0232 D7       		.byte	-41
 587 0233 20       		.byte	32
 588 0234 D8       		.byte	-40
 589 0235 04       		.byte	4
 590 0236 D9       		.byte	-39
 591 0237 04       		.byte	4
 592 0238 DB       		.byte	-37
 593 0239 04       		.byte	4
 594 023a DF       		.byte	-33
 595 023b 01       		.byte	1
 596 023c 00       		.byte	0
 597 023d 04       		.byte	4
 598 023e 01       		.byte	1
 599 023f 10       		.byte	16
 600 0240 02       		.byte	2
 601 0241 01       		.byte	1
 602 0242 03       		.byte	3
 603 0243 20       		.byte	32
 604 0244 04       		.byte	4
 605 0245 28       		.byte	40
 606 0246 07       		.byte	7
 607 0247 02       		.byte	2
 608 0248 09       		.byte	9
 609 0249 20       		.byte	32
 610 024a 0A       		.byte	10
 611 024b 61       		.byte	97
 612 024c 0C       		.byte	12
 613 024d 02       		.byte	2
 614 024e 0E       		.byte	14
 615 024f 01       		.byte	1
 616 0250 0F       		.byte	15
 617 0251 20       		.byte	32
 618 0252 10       		.byte	16
 619 0253 08       		.byte	8
 620 0254 11       		.byte	17
 621 0255 44       		.byte	68
 622 0256 13       		.byte	19
 623 0257 11       		.byte	17
 624 0258 16       		.byte	22
 625 0259 42       		.byte	66
 626 025a 17       		.byte	23
 627 025b 28       		.byte	40
ARM GAS  C:\Users\gstoll\AppData\Local\Temp\ccKkUr34.s 			page 12


 628 025c 19       		.byte	25
 629 025d 04       		.byte	4
 630 025e 1C       		.byte	28
 631 025f 22       		.byte	34
 632 0260 1F       		.byte	31
 633 0261 10       		.byte	16
 634 0262 21       		.byte	33
 635 0263 20       		.byte	32
 636 0264 22       		.byte	34
 637 0265 01       		.byte	1
 638 0266 26       		.byte	38
 639 0267 88       		.byte	-120
 640 0268 29       		.byte	41
 641 0269 14       		.byte	20
 642 026a 2A       		.byte	42
 643 026b 01       		.byte	1
 644 026c 2B       		.byte	43
 645 026d 01       		.byte	1
 646 026e 2C       		.byte	44
 647 026f 08       		.byte	8
 648 0270 2E       		.byte	46
 649 0271 01       		.byte	1
 650 0272 2F       		.byte	47
 651 0273 20       		.byte	32
 652 0274 30       		.byte	48
 653 0275 80       		.byte	-128
 654 0276 31       		.byte	49
 655 0277 28       		.byte	40
 656 0278 32       		.byte	50
 657 0279 01       		.byte	1
 658 027a 36       		.byte	54
 659 027b 88       		.byte	-120
 660 027c 37       		.byte	55
 661 027d 02       		.byte	2
 662 027e 39       		.byte	57
 663 027f 64       		.byte	100
 664 0280 3A       		.byte	58
 665 0281 02       		.byte	2
 666 0282 3D       		.byte	61
 667 0283 14       		.byte	20
 668 0284 3E       		.byte	62
 669 0285 40       		.byte	64
 670 0286 3F       		.byte	63
 671 0287 01       		.byte	1
 672 0288 62       		.byte	98
 673 0289 80       		.byte	-128
 674 028a 66       		.byte	102
 675 028b 50       		.byte	80
 676 028c 67       		.byte	103
 677 028d 20       		.byte	32
 678 028e 68       		.byte	104
 679 028f 80       		.byte	-128
 680 0290 69       		.byte	105
 681 0291 54       		.byte	84
 682 0292 6A       		.byte	106
 683 0293 01       		.byte	1
 684 0294 6B       		.byte	107
ARM GAS  C:\Users\gstoll\AppData\Local\Temp\ccKkUr34.s 			page 13


 685 0295 2A       		.byte	42
 686 0296 72       		.byte	114
 687 0297 02       		.byte	2
 688 0298 73       		.byte	115
 689 0299 01       		.byte	1
 690 029a 88       		.byte	-120
 691 029b 13       		.byte	19
 692 029c 8B       		.byte	-117
 693 029d 40       		.byte	64
 694 029e 97       		.byte	-105
 695 029f 10       		.byte	16
 696 02a0 9D       		.byte	-99
 697 02a1 50       		.byte	80
 698 02a2 9E       		.byte	-98
 699 02a3 01       		.byte	1
 700 02a4 A3       		.byte	-93
 701 02a5 08       		.byte	8
 702 02a6 A7       		.byte	-89
 703 02a7 01       		.byte	1
 704 02a8 C0       		.byte	-64
 705 02a9 E7       		.byte	-25
 706 02aa C2       		.byte	-62
 707 02ab BF       		.byte	-65
 708 02ac C4       		.byte	-60
 709 02ad FF       		.byte	-1
 710 02ae CA       		.byte	-54
 711 02af EF       		.byte	-17
 712 02b0 CC       		.byte	-52
 713 02b1 DF       		.byte	-33
 714 02b2 CE       		.byte	-50
 715 02b3 FF       		.byte	-1
 716 02b4 D8       		.byte	-40
 717 02b5 78       		.byte	120
 718 02b6 E2       		.byte	-30
 719 02b7 80       		.byte	-128
 720 02b8 00       		.byte	0
 721 02b9 10       		.byte	16
 722 02ba 03       		.byte	3
 723 02bb 12       		.byte	18
 724 02bc 04       		.byte	4
 725 02bd 5C       		.byte	92
 726 02be 06       		.byte	6
 727 02bf 02       		.byte	2
 728 02c0 07       		.byte	7
 729 02c1 EC       		.byte	-20
 730 02c2 09       		.byte	9
 731 02c3 04       		.byte	4
 732 02c4 0A       		.byte	10
 733 02c5 03       		.byte	3
 734 02c6 0B       		.byte	11
 735 02c7 43       		.byte	67
 736 02c8 0C       		.byte	12
 737 02c9 70       		.byte	112
 738 02ca 0E       		.byte	14
 739 02cb 0C       		.byte	12
 740 02cc 10       		.byte	16
 741 02cd 09       		.byte	9
ARM GAS  C:\Users\gstoll\AppData\Local\Temp\ccKkUr34.s 			page 14


 742 02ce 12       		.byte	18
 743 02cf 10       		.byte	16
 744 02d0 14       		.byte	20
 745 02d1 6C       		.byte	108
 746 02d2 16       		.byte	22
 747 02d3 11       		.byte	17
 748 02d4 17       		.byte	23
 749 02d5 01       		.byte	1
 750 02d6 1D       		.byte	29
 751 02d7 E0       		.byte	-32
 752 02d8 24       		.byte	36
 753 02d9 14       		.byte	20
 754 02da 29       		.byte	41
 755 02db 88       		.byte	-120
 756 02dc 2A       		.byte	42
 757 02dd 20       		.byte	32
 758 02de 2B       		.byte	43
 759 02df 03       		.byte	3
 760 02e0 2D       		.byte	45
 761 02e1 21       		.byte	33
 762 02e2 2F       		.byte	47
 763 02e3 02       		.byte	2
 764 02e4 30       		.byte	48
 765 02e5 60       		.byte	96
 766 02e6 32       		.byte	50
 767 02e7 1F       		.byte	31
 768 02e8 33       		.byte	51
 769 02e9 10       		.byte	16
 770 02ea 35       		.byte	53
 771 02eb 0F       		.byte	15
 772 02ec 37       		.byte	55
 773 02ed E0       		.byte	-32
 774 02ee 38       		.byte	56
 775 02ef 02       		.byte	2
 776 02f0 3E       		.byte	62
 777 02f1 01       		.byte	1
 778 02f2 3F       		.byte	63
 779 02f3 40       		.byte	64
 780 02f4 40       		.byte	64
 781 02f5 04       		.byte	4
 782 02f6 45       		.byte	69
 783 02f7 40       		.byte	64
 784 02f8 49       		.byte	73
 785 02f9 FF       		.byte	-1
 786 02fa 4A       		.byte	74
 787 02fb 07       		.byte	7
 788 02fc 4B       		.byte	75
 789 02fd FF       		.byte	-1
 790 02fe 4C       		.byte	76
 791 02ff 40       		.byte	64
 792 0300 4D       		.byte	77
 793 0301 20       		.byte	32
 794 0302 4E       		.byte	78
 795 0303 F0       		.byte	-16
 796 0304 4F       		.byte	79
 797 0305 05       		.byte	5
 798 0306 50       		.byte	80
ARM GAS  C:\Users\gstoll\AppData\Local\Temp\ccKkUr34.s 			page 15


 799 0307 08       		.byte	8
 800 0308 58       		.byte	88
 801 0309 04       		.byte	4
 802 030a 59       		.byte	89
 803 030b 04       		.byte	4
 804 030c 5A       		.byte	90
 805 030d 04       		.byte	4
 806 030e 5C       		.byte	92
 807 030f 02       		.byte	2
 808 0310 5D       		.byte	93
 809 0311 02       		.byte	2
 810 0312 5F       		.byte	95
 811 0313 01       		.byte	1
 812 0314 60       		.byte	96
 813 0315 40       		.byte	64
 814 0316 61       		.byte	97
 815 0317 A8       		.byte	-88
 816 0318 62       		.byte	98
 817 0319 40       		.byte	64
 818 031a 63       		.byte	99
 819 031b 20       		.byte	32
 820 031c 81       		.byte	-127
 821 031d 20       		.byte	32
 822 031e 82       		.byte	-126
 823 031f 08       		.byte	8
 824 0320 85       		.byte	-123
 825 0321 03       		.byte	3
 826 0322 87       		.byte	-121
 827 0323 14       		.byte	20
 828 0324 89       		.byte	-119
 829 0325 13       		.byte	19
 830 0326 8B       		.byte	-117
 831 0327 04       		.byte	4
 832 0328 8C       		.byte	-116
 833 0329 21       		.byte	33
 834 032a 8E       		.byte	-114
 835 032b 16       		.byte	22
 836 032c 91       		.byte	-111
 837 032d 13       		.byte	19
 838 032e 93       		.byte	-109
 839 032f 0C       		.byte	12
 840 0330 94       		.byte	-108
 841 0331 21       		.byte	33
 842 0332 96       		.byte	-106
 843 0333 0E       		.byte	14
 844 0334 98       		.byte	-104
 845 0335 1C       		.byte	28
 846 0336 9A       		.byte	-102
 847 0337 23       		.byte	35
 848 0338 9E       		.byte	-98
 849 0339 1C       		.byte	28
 850 033a A3       		.byte	-93
 851 033b 08       		.byte	8
 852 033c A4       		.byte	-92
 853 033d 40       		.byte	64
 854 033e A5       		.byte	-91
 855 033f 0A       		.byte	10
ARM GAS  C:\Users\gstoll\AppData\Local\Temp\ccKkUr34.s 			page 16


 856 0340 A6       		.byte	-90
 857 0341 03       		.byte	3
 858 0342 A7       		.byte	-89
 859 0343 14       		.byte	20
 860 0344 AB       		.byte	-85
 861 0345 15       		.byte	21
 862 0346 B1       		.byte	-79
 863 0347 10       		.byte	16
 864 0348 B2       		.byte	-78
 865 0349 1A       		.byte	26
 866 034a B4       		.byte	-76
 867 034b 0F       		.byte	15
 868 034c B5       		.byte	-75
 869 034d 20       		.byte	32
 870 034e B6       		.byte	-74
 871 034f 60       		.byte	96
 872 0350 B7       		.byte	-73
 873 0351 0F       		.byte	15
 874 0352 B8       		.byte	-72
 875 0353 80       		.byte	-128
 876 0354 BA       		.byte	-70
 877 0355 28       		.byte	40
 878 0356 BB       		.byte	-69
 879 0357 80       		.byte	-128
 880 0358 BF       		.byte	-65
 881 0359 11       		.byte	17
 882 035a C0       		.byte	-64
 883 035b 46       		.byte	70
 884 035c C1       		.byte	-63
 885 035d 02       		.byte	2
 886 035e C5       		.byte	-59
 887 035f 0C       		.byte	12
 888 0360 C7       		.byte	-57
 889 0361 EB       		.byte	-21
 890 0362 C8       		.byte	-56
 891 0363 31       		.byte	49
 892 0364 C9       		.byte	-55
 893 0365 FF       		.byte	-1
 894 0366 CA       		.byte	-54
 895 0367 FF       		.byte	-1
 896 0368 CB       		.byte	-53
 897 0369 FF       		.byte	-1
 898 036a CE       		.byte	-50
 899 036b F0       		.byte	-16
 900 036c CF       		.byte	-49
 901 036d 44       		.byte	68
 902 036e D0       		.byte	-48
 903 036f 0C       		.byte	12
 904 0370 D4       		.byte	-44
 905 0371 01       		.byte	1
 906 0372 D8       		.byte	-40
 907 0373 04       		.byte	4
 908 0374 D9       		.byte	-39
 909 0375 04       		.byte	4
 910 0376 DA       		.byte	-38
 911 0377 04       		.byte	4
 912 0378 DB       		.byte	-37
ARM GAS  C:\Users\gstoll\AppData\Local\Temp\ccKkUr34.s 			page 17


 913 0379 04       		.byte	4
 914 037a DC       		.byte	-36
 915 037b 22       		.byte	34
 916 037c DD       		.byte	-35
 917 037d 22       		.byte	34
 918 037e DF       		.byte	-33
 919 037f 01       		.byte	1
 920 0380 E6       		.byte	-26
 921 0381 C0       		.byte	-64
 922 0382 EA       		.byte	-22
 923 0383 40       		.byte	64
 924 0384 EB       		.byte	-21
 925 0385 02       		.byte	2
 926 0386 00       		.byte	0
 927 0387 18       		.byte	24
 928 0388 01       		.byte	1
 929 0389 02       		.byte	2
 930 038a 03       		.byte	3
 931 038b 01       		.byte	1
 932 038c 05       		.byte	5
 933 038d 02       		.byte	2
 934 038e 07       		.byte	7
 935 038f 01       		.byte	1
 936 0390 08       		.byte	8
 937 0391 24       		.byte	36
 938 0392 0A       		.byte	10
 939 0393 10       		.byte	16
 940 0394 0B       		.byte	11
 941 0395 84       		.byte	-124
 942 0396 0D       		.byte	13
 943 0397 20       		.byte	32
 944 0398 0E       		.byte	14
 945 0399 12       		.byte	18
 946 039a 10       		.byte	16
 947 039b 08       		.byte	8
 948 039c 11       		.byte	17
 949 039d 08       		.byte	8
 950 039e 15       		.byte	21
 951 039f 08       		.byte	8
 952 03a0 18       		.byte	24
 953 03a1 50       		.byte	80
 954 03a2 1B       		.byte	27
 955 03a3 08       		.byte	8
 956 03a4 1C       		.byte	28
 957 03a5 08       		.byte	8
 958 03a6 1D       		.byte	29
 959 03a7 20       		.byte	32
 960 03a8 1E       		.byte	30
 961 03a9 12       		.byte	18
 962 03aa 1F       		.byte	31
 963 03ab 50       		.byte	80
 964 03ac 20       		.byte	32
 965 03ad 04       		.byte	4
 966 03ae 21       		.byte	33
 967 03af 08       		.byte	8
 968 03b0 22       		.byte	34
 969 03b1 80       		.byte	-128
ARM GAS  C:\Users\gstoll\AppData\Local\Temp\ccKkUr34.s 			page 18


 970 03b2 27       		.byte	39
 971 03b3 89       		.byte	-119
 972 03b4 29       		.byte	41
 973 03b5 10       		.byte	16
 974 03b6 2B       		.byte	43
 975 03b7 01       		.byte	1
 976 03b8 2C       		.byte	44
 977 03b9 08       		.byte	8
 978 03ba 2F       		.byte	47
 979 03bb 50       		.byte	80
 980 03bc 31       		.byte	49
 981 03bd 48       		.byte	72
 982 03be 37       		.byte	55
 983 03bf 01       		.byte	1
 984 03c0 38       		.byte	56
 985 03c1 04       		.byte	4
 986 03c2 3A       		.byte	58
 987 03c3 01       		.byte	1
 988 03c4 3B       		.byte	59
 989 03c5 10       		.byte	16
 990 03c6 3D       		.byte	61
 991 03c7 01       		.byte	1
 992 03c8 3E       		.byte	62
 993 03c9 12       		.byte	18
 994 03ca 3F       		.byte	63
 995 03cb 04       		.byte	4
 996 03cc 40       		.byte	64
 997 03cd 40       		.byte	64
 998 03ce 44       		.byte	68
 999 03cf 04       		.byte	4
 1000 03d0 47       		.byte	71
 1001 03d1 01       		.byte	1
 1002 03d2 49       		.byte	73
 1003 03d3 02       		.byte	2
 1004 03d4 4C       		.byte	76
 1005 03d5 08       		.byte	8
 1006 03d6 4F       		.byte	79
 1007 03d7 04       		.byte	4
 1008 03d8 50       		.byte	80
 1009 03d9 08       		.byte	8
 1010 03da 51       		.byte	81
 1011 03db 04       		.byte	4
 1012 03dc 55       		.byte	85
 1013 03dd 04       		.byte	4
 1014 03de 56       		.byte	86
 1015 03df 02       		.byte	2
 1016 03e0 5C       		.byte	92
 1017 03e1 20       		.byte	32
 1018 03e2 5D       		.byte	93
 1019 03e3 01       		.byte	1
 1020 03e4 5F       		.byte	95
 1021 03e5 88       		.byte	-120
 1022 03e6 8E       		.byte	-114
 1023 03e7 80       		.byte	-128
 1024 03e8 C0       		.byte	-64
 1025 03e9 9F       		.byte	-97
 1026 03ea C2       		.byte	-62
ARM GAS  C:\Users\gstoll\AppData\Local\Temp\ccKkUr34.s 			page 19


 1027 03eb EC       		.byte	-20
 1028 03ec C4       		.byte	-60
 1029 03ed 26       		.byte	38
 1030 03ee CA       		.byte	-54
 1031 03ef EC       		.byte	-20
 1032 03f0 CC       		.byte	-52
 1033 03f1 8A       		.byte	-118
 1034 03f2 CE       		.byte	-50
 1035 03f3 E7       		.byte	-25
 1036 03f4 D0       		.byte	-48
 1037 03f5 A1       		.byte	-95
 1038 03f6 D2       		.byte	-46
 1039 03f7 20       		.byte	32
 1040 03f8 D6       		.byte	-42
 1041 03f9 F0       		.byte	-16
 1042 03fa 40       		.byte	64
 1043 03fb 46       		.byte	70
 1044 03fc 49       		.byte	73
 1045 03fd FF       		.byte	-1
 1046 03fe 4A       		.byte	74
 1047 03ff FF       		.byte	-1
 1048 0400 4B       		.byte	75
 1049 0401 FF       		.byte	-1
 1050 0402 4F       		.byte	79
 1051 0403 01       		.byte	1
 1052 0404 50       		.byte	80
 1053 0405 18       		.byte	24
 1054 0406 5A       		.byte	90
 1055 0407 04       		.byte	4
 1056 0408 5D       		.byte	93
 1057 0409 09       		.byte	9
 1058 040a 5F       		.byte	95
 1059 040b 01       		.byte	1
 1060 040c 60       		.byte	96
 1061 040d 40       		.byte	64
 1062 040e 62       		.byte	98
 1063 040f 40       		.byte	64
 1064 0410 64       		.byte	100
 1065 0411 40       		.byte	64
 1066 0412 65       		.byte	101
 1067 0413 40       		.byte	64
 1068 0414 66       		.byte	102
 1069 0415 80       		.byte	-128
 1070 0416 68       		.byte	104
 1071 0417 80       		.byte	-128
 1072 0418 6A       		.byte	106
 1073 0419 80       		.byte	-128
 1074 041a 6C       		.byte	108
 1075 041b 80       		.byte	-128
 1076 041c 6E       		.byte	110
 1077 041d 80       		.byte	-128
 1078 041e C0       		.byte	-64
 1079 041f 46       		.byte	70
 1080 0420 C9       		.byte	-55
 1081 0421 FF       		.byte	-1
 1082 0422 CA       		.byte	-54
 1083 0423 FF       		.byte	-1
ARM GAS  C:\Users\gstoll\AppData\Local\Temp\ccKkUr34.s 			page 20


 1084 0424 CB       		.byte	-53
 1085 0425 FF       		.byte	-1
 1086 0426 CD       		.byte	-51
 1087 0427 83       		.byte	-125
 1088 0428 CE       		.byte	-50
 1089 0429 03       		.byte	3
 1090 042a CF       		.byte	-49
 1091 042b 01       		.byte	1
 1092 042c D0       		.byte	-48
 1093 042d 18       		.byte	24
 1094 042e D2       		.byte	-46
 1095 042f 80       		.byte	-128
 1096 0430 DA       		.byte	-38
 1097 0431 04       		.byte	4
 1098 0432 DB       		.byte	-37
 1099 0433 04       		.byte	4
 1100 0434 DD       		.byte	-35
 1101 0435 99       		.byte	-103
 1102 0436 DF       		.byte	-33
 1103 0437 01       		.byte	1
 1104 0438 E0       		.byte	-32
 1105 0439 40       		.byte	64
 1106 043a E2       		.byte	-30
 1107 043b 40       		.byte	64
 1108 043c E4       		.byte	-28
 1109 043d 40       		.byte	64
 1110 043e E5       		.byte	-27
 1111 043f 40       		.byte	64
 1112 0440 E6       		.byte	-26
 1113 0441 80       		.byte	-128
 1114 0442 E8       		.byte	-24
 1115 0443 80       		.byte	-128
 1116 0444 EA       		.byte	-22
 1117 0445 80       		.byte	-128
 1118 0446 EC       		.byte	-20
 1119 0447 80       		.byte	-128
 1120 0448 EE       		.byte	-18
 1121 0449 80       		.byte	-128
 1122 044a 42       		.byte	66
 1123 044b 80       		.byte	-128
 1124 044c 46       		.byte	70
 1125 044d 80       		.byte	-128
 1126 044e 48       		.byte	72
 1127 044f 08       		.byte	8
 1128 0450 4C       		.byte	76
 1129 0451 08       		.byte	8
 1130 0452 74       		.byte	116
 1131 0453 01       		.byte	1
 1132 0454 76       		.byte	118
 1133 0455 80       		.byte	-128
 1134 0456 9E       		.byte	-98
 1135 0457 80       		.byte	-128
 1136 0458 A0       		.byte	-96
 1137 0459 08       		.byte	8
 1138 045a A4       		.byte	-92
 1139 045b 01       		.byte	1
 1140 045c D0       		.byte	-48
ARM GAS  C:\Users\gstoll\AppData\Local\Temp\ccKkUr34.s 			page 21


 1141 045d 81       		.byte	-127
 1142 045e D2       		.byte	-46
 1143 045f 24       		.byte	36
 1144 0460 E6       		.byte	-26
 1145 0461 02       		.byte	2
 1146 0462 EA       		.byte	-22
 1147 0463 01       		.byte	1
 1148 0464 40       		.byte	64
 1149 0465 46       		.byte	70
 1150 0466 49       		.byte	73
 1151 0467 FF       		.byte	-1
 1152 0468 4A       		.byte	74
 1153 0469 FF       		.byte	-1
 1154 046a 4B       		.byte	75
 1155 046b FF       		.byte	-1
 1156 046c 4D       		.byte	77
 1157 046d 83       		.byte	-125
 1158 046e 4E       		.byte	78
 1159 046f 03       		.byte	3
 1160 0470 4F       		.byte	79
 1161 0471 01       		.byte	1
 1162 0472 50       		.byte	80
 1163 0473 18       		.byte	24
 1164 0474 5A       		.byte	90
 1165 0475 04       		.byte	4
 1166 0476 5D       		.byte	93
 1167 0477 09       		.byte	9
 1168 0478 5F       		.byte	95
 1169 0479 01       		.byte	1
 1170 047a 60       		.byte	96
 1171 047b 40       		.byte	64
 1172 047c 62       		.byte	98
 1173 047d 40       		.byte	64
 1174 047e 64       		.byte	100
 1175 047f 40       		.byte	64
 1176 0480 65       		.byte	101
 1177 0481 40       		.byte	64
 1178 0482 66       		.byte	102
 1179 0483 80       		.byte	-128
 1180 0484 68       		.byte	104
 1181 0485 80       		.byte	-128
 1182 0486 6A       		.byte	106
 1183 0487 80       		.byte	-128
 1184 0488 6C       		.byte	108
 1185 0489 80       		.byte	-128
 1186 048a 6E       		.byte	110
 1187 048b 80       		.byte	-128
 1188 048c 82       		.byte	-126
 1189 048d 01       		.byte	1
 1190 048e AA       		.byte	-86
 1191 048f 01       		.byte	1
 1192 0490 B6       		.byte	-74
 1193 0491 01       		.byte	1
 1194 0492 BE       		.byte	-66
 1195 0493 40       		.byte	64
 1196 0494 C0       		.byte	-64
 1197 0495 46       		.byte	70
ARM GAS  C:\Users\gstoll\AppData\Local\Temp\ccKkUr34.s 			page 22


 1198 0496 C5       		.byte	-59
 1199 0497 EC       		.byte	-20
 1200 0498 C7       		.byte	-57
 1201 0499 02       		.byte	2
 1202 049a C8       		.byte	-56
 1203 049b 13       		.byte	19
 1204 049c C9       		.byte	-55
 1205 049d FF       		.byte	-1
 1206 049e CA       		.byte	-54
 1207 049f FF       		.byte	-1
 1208 04a0 CB       		.byte	-53
 1209 04a1 FF       		.byte	-1
 1210 04a2 CD       		.byte	-51
 1211 04a3 83       		.byte	-125
 1212 04a4 CE       		.byte	-50
 1213 04a5 03       		.byte	3
 1214 04a6 CF       		.byte	-49
 1215 04a7 01       		.byte	1
 1216 04a8 D0       		.byte	-48
 1217 04a9 18       		.byte	24
 1218 04aa D4       		.byte	-44
 1219 04ab 01       		.byte	1
 1220 04ac D6       		.byte	-42
 1221 04ad 04       		.byte	4
 1222 04ae D8       		.byte	-40
 1223 04af 04       		.byte	4
 1224 04b0 DA       		.byte	-38
 1225 04b1 04       		.byte	4
 1226 04b2 DB       		.byte	-37
 1227 04b3 04       		.byte	4
 1228 04b4 DD       		.byte	-35
 1229 04b5 99       		.byte	-103
 1230 04b6 DF       		.byte	-33
 1231 04b7 01       		.byte	1
 1232 04b8 E0       		.byte	-32
 1233 04b9 40       		.byte	64
 1234 04ba E2       		.byte	-30
 1235 04bb 40       		.byte	64
 1236 04bc E4       		.byte	-28
 1237 04bd 40       		.byte	64
 1238 04be E5       		.byte	-27
 1239 04bf 40       		.byte	64
 1240 04c0 E6       		.byte	-26
 1241 04c1 80       		.byte	-128
 1242 04c2 E8       		.byte	-24
 1243 04c3 80       		.byte	-128
 1244 04c4 EA       		.byte	-22
 1245 04c5 80       		.byte	-128
 1246 04c6 EC       		.byte	-20
 1247 04c7 80       		.byte	-128
 1248 04c8 EE       		.byte	-18
 1249 04c9 80       		.byte	-128
 1250 04ca 00       		.byte	0
 1251 04cb 02       		.byte	2
 1252 04cc 10       		.byte	16
 1253 04cd 08       		.byte	8
 1254 04ce 19       		.byte	25
ARM GAS  C:\Users\gstoll\AppData\Local\Temp\ccKkUr34.s 			page 23


 1255 04cf 40       		.byte	64
 1256 04d0 42       		.byte	66
 1257 04d1 80       		.byte	-128
 1258 04d2 46       		.byte	70
 1259 04d3 80       		.byte	-128
 1260 04d4 48       		.byte	72
 1261 04d5 08       		.byte	8
 1262 04d6 49       		.byte	73
 1263 04d7 05       		.byte	5
 1264 04d8 4C       		.byte	76
 1265 04d9 08       		.byte	8
 1266 04da 50       		.byte	80
 1267 04db 08       		.byte	8
 1268 04dc 59       		.byte	89
 1269 04dd 45       		.byte	69
 1270 04de 63       		.byte	99
 1271 04df 40       		.byte	64
 1272 04e0 87       		.byte	-121
 1273 04e1 40       		.byte	64
 1274 04e2 C0       		.byte	-64
 1275 04e3 08       		.byte	8
 1276 04e4 C4       		.byte	-60
 1277 04e5 02       		.byte	2
 1278 04e6 D0       		.byte	-48
 1279 04e7 81       		.byte	-127
 1280 04e8 D2       		.byte	-46
 1281 04e9 24       		.byte	36
 1282 04ea D6       		.byte	-42
 1283 04eb 0B       		.byte	11
 1284 04ec D8       		.byte	-40
 1285 04ed 01       		.byte	1
 1286 04ee E8       		.byte	-24
 1287 04ef 20       		.byte	32
 1288 04f0 EC       		.byte	-20
 1289 04f1 10       		.byte	16
 1290 04f2 EE       		.byte	-18
 1291 04f3 08       		.byte	8
 1292 04f4 00       		.byte	0
 1293 04f5 1F       		.byte	31
 1294 04f6 01       		.byte	1
 1295 04f7 04       		.byte	4
 1296 04f8 02       		.byte	2
 1297 04f9 20       		.byte	32
 1298 04fa 03       		.byte	3
 1299 04fb 40       		.byte	64
 1300 04fc 04       		.byte	4
 1301 04fd 1C       		.byte	28
 1302 04fe 05       		.byte	5
 1303 04ff 08       		.byte	8
 1304 0500 06       		.byte	6
 1305 0501 23       		.byte	35
 1306 0502 08       		.byte	8
 1307 0503 04       		.byte	4
 1308 0504 0F       		.byte	15
 1309 0505 04       		.byte	4
 1310 0506 10       		.byte	16
 1311 0507 3F       		.byte	63
ARM GAS  C:\Users\gstoll\AppData\Local\Temp\ccKkUr34.s 			page 24


 1312 0508 11       		.byte	17
 1313 0509 1C       		.byte	28
 1314 050a 13       		.byte	19
 1315 050b 21       		.byte	33
 1316 050c 14       		.byte	20
 1317 050d 01       		.byte	1
 1318 050e 17       		.byte	23
 1319 050f 23       		.byte	35
 1320 0510 18       		.byte	24
 1321 0511 33       		.byte	51
 1322 0512 19       		.byte	25
 1323 0513 3C       		.byte	60
 1324 0514 1A       		.byte	26
 1325 0515 0C       		.byte	12
 1326 0516 1B       		.byte	27
 1327 0517 02       		.byte	2
 1328 0518 1C       		.byte	28
 1329 0519 02       		.byte	2
 1330 051a 1D       		.byte	29
 1331 051b 3F       		.byte	63
 1332 051c 20       		.byte	32
 1333 051d 08       		.byte	8
 1334 051e 25       		.byte	37
 1335 051f 27       		.byte	39
 1336 0520 26       		.byte	38
 1337 0521 23       		.byte	35
 1338 0522 27       		.byte	39
 1339 0523 18       		.byte	24
 1340 0524 28       		.byte	40
 1341 0525 0C       		.byte	12
 1342 0526 29       		.byte	41
 1343 0527 18       		.byte	24
 1344 0528 2C       		.byte	44
 1345 0529 03       		.byte	3
 1346 052a 2D       		.byte	45
 1347 052b 10       		.byte	16
 1348 052c 30       		.byte	48
 1349 052d 2C       		.byte	44
 1350 052e 31       		.byte	49
 1351 052f 40       		.byte	64
 1352 0530 33       		.byte	51
 1353 0531 1F       		.byte	31
 1354 0532 34       		.byte	52
 1355 0533 0F       		.byte	15
 1356 0534 35       		.byte	53
 1357 0535 38       		.byte	56
 1358 0536 36       		.byte	54
 1359 0537 10       		.byte	16
 1360 0538 3A       		.byte	58
 1361 0539 22       		.byte	34
 1362 053a 3B       		.byte	59
 1363 053b 08       		.byte	8
 1364 053c 3E       		.byte	62
 1365 053d 40       		.byte	64
 1366 053e 56       		.byte	86
 1367 053f 02       		.byte	2
 1368 0540 57       		.byte	87
ARM GAS  C:\Users\gstoll\AppData\Local\Temp\ccKkUr34.s 			page 25


 1369 0541 13       		.byte	19
 1370 0542 58       		.byte	88
 1371 0543 04       		.byte	4
 1372 0544 59       		.byte	89
 1373 0545 04       		.byte	4
 1374 0546 5B       		.byte	91
 1375 0547 04       		.byte	4
 1376 0548 5C       		.byte	92
 1377 0549 22       		.byte	34
 1378 054a 5D       		.byte	93
 1379 054b 20       		.byte	32
 1380 054c 5F       		.byte	95
 1381 054d 01       		.byte	1
 1382 054e 00       		.byte	0
 1383 054f 04       		.byte	4
 1384 0550 01       		.byte	1
 1385 0551 62       		.byte	98
 1386 0552 02       		.byte	2
 1387 0553 08       		.byte	8
 1388 0554 05       		.byte	5
 1389 0555 01       		.byte	1
 1390 0556 06       		.byte	6
 1391 0557 04       		.byte	4
 1392 0558 07       		.byte	7
 1393 0559 10       		.byte	16
 1394 055a 09       		.byte	9
 1395 055b 08       		.byte	8
 1396 055c 0A       		.byte	10
 1397 055d 41       		.byte	65
 1398 055e 0B       		.byte	11
 1399 055f 04       		.byte	4
 1400 0560 0C       		.byte	12
 1401 0561 40       		.byte	64
 1402 0562 0D       		.byte	13
 1403 0563 02       		.byte	2
 1404 0564 0E       		.byte	14
 1405 0565 88       		.byte	-120
 1406 0566 0F       		.byte	15
 1407 0567 20       		.byte	32
 1408 0568 10       		.byte	16
 1409 0569 80       		.byte	-128
 1410 056a 11       		.byte	17
 1411 056b 14       		.byte	20
 1412 056c 16       		.byte	22
 1413 056d 80       		.byte	-128
 1414 056e 17       		.byte	23
 1415 056f 69       		.byte	105
 1416 0570 18       		.byte	24
 1417 0571 04       		.byte	4
 1418 0572 19       		.byte	25
 1419 0573 50       		.byte	80
 1420 0574 1A       		.byte	26
 1421 0575 41       		.byte	65
 1422 0576 1B       		.byte	27
 1423 0577 01       		.byte	1
 1424 0578 1D       		.byte	29
 1425 0579 21       		.byte	33
ARM GAS  C:\Users\gstoll\AppData\Local\Temp\ccKkUr34.s 			page 26


 1426 057a 1E       		.byte	30
 1427 057b 0A       		.byte	10
 1428 057c 1F       		.byte	31
 1429 057d 20       		.byte	32
 1430 057e 21       		.byte	33
 1431 057f 58       		.byte	88
 1432 0580 22       		.byte	34
 1433 0581 10       		.byte	16
 1434 0582 23       		.byte	35
 1435 0583 14       		.byte	20
 1436 0584 24       		.byte	36
 1437 0585 40       		.byte	64
 1438 0586 27       		.byte	39
 1439 0587 14       		.byte	20
 1440 0588 28       		.byte	40
 1441 0589 20       		.byte	32
 1442 058a 29       		.byte	41
 1443 058b 12       		.byte	18
 1444 058c 2A       		.byte	42
 1445 058d 02       		.byte	2
 1446 058e 2B       		.byte	43
 1447 058f 01       		.byte	1
 1448 0590 2E       		.byte	46
 1449 0591 A0       		.byte	-96
 1450 0592 2F       		.byte	47
 1451 0593 20       		.byte	32
 1452 0594 30       		.byte	48
 1453 0595 80       		.byte	-128
 1454 0596 32       		.byte	50
 1455 0597 18       		.byte	24
 1456 0598 35       		.byte	53
 1457 0599 01       		.byte	1
 1458 059a 36       		.byte	54
 1459 059b 40       		.byte	64
 1460 059c 37       		.byte	55
 1461 059d 18       		.byte	24
 1462 059e 39       		.byte	57
 1463 059f 54       		.byte	84
 1464 05a0 3C       		.byte	60
 1465 05a1 40       		.byte	64
 1466 05a2 3D       		.byte	61
 1467 05a3 02       		.byte	2
 1468 05a4 3E       		.byte	62
 1469 05a5 08       		.byte	8
 1470 05a6 40       		.byte	64
 1471 05a7 26       		.byte	38
 1472 05a8 41       		.byte	65
 1473 05a9 48       		.byte	72
 1474 05aa 42       		.byte	66
 1475 05ab 40       		.byte	64
 1476 05ac 49       		.byte	73
 1477 05ad 04       		.byte	4
 1478 05ae 4A       		.byte	74
 1479 05af 02       		.byte	2
 1480 05b0 52       		.byte	82
 1481 05b1 59       		.byte	89
 1482 05b2 5E       		.byte	94
ARM GAS  C:\Users\gstoll\AppData\Local\Temp\ccKkUr34.s 			page 27


 1483 05b3 02       		.byte	2
 1484 05b4 64       		.byte	100
 1485 05b5 40       		.byte	64
 1486 05b6 67       		.byte	103
 1487 05b7 80       		.byte	-128
 1488 05b8 6C       		.byte	108
 1489 05b9 14       		.byte	20
 1490 05ba 6D       		.byte	109
 1491 05bb A0       		.byte	-96
 1492 05bc 6E       		.byte	110
 1493 05bd 04       		.byte	4
 1494 05be 76       		.byte	118
 1495 05bf 2C       		.byte	44
 1496 05c0 77       		.byte	119
 1497 05c1 21       		.byte	33
 1498 05c2 8E       		.byte	-114
 1499 05c3 02       		.byte	2
 1500 05c4 91       		.byte	-111
 1501 05c5 54       		.byte	84
 1502 05c6 93       		.byte	-109
 1503 05c7 80       		.byte	-128
 1504 05c8 94       		.byte	-108
 1505 05c9 2C       		.byte	44
 1506 05ca 95       		.byte	-107
 1507 05cb 20       		.byte	32
 1508 05cc 96       		.byte	-106
 1509 05cd 60       		.byte	96
 1510 05ce 97       		.byte	-105
 1511 05cf 10       		.byte	16
 1512 05d0 9A       		.byte	-102
 1513 05d1 02       		.byte	2
 1514 05d2 9D       		.byte	-99
 1515 05d3 50       		.byte	80
 1516 05d4 9E       		.byte	-98
 1517 05d5 51       		.byte	81
 1518 05d6 A0       		.byte	-96
 1519 05d7 80       		.byte	-128
 1520 05d8 A3       		.byte	-93
 1521 05d9 08       		.byte	8
 1522 05da A5       		.byte	-91
 1523 05db 08       		.byte	8
 1524 05dc A7       		.byte	-89
 1525 05dd 11       		.byte	17
 1526 05de C0       		.byte	-64
 1527 05df 7F       		.byte	127
 1528 05e0 C2       		.byte	-62
 1529 05e1 FF       		.byte	-1
 1530 05e2 C4       		.byte	-60
 1531 05e3 FE       		.byte	-2
 1532 05e4 CA       		.byte	-54
 1533 05e5 7F       		.byte	127
 1534 05e6 CC       		.byte	-52
 1535 05e7 FE       		.byte	-2
 1536 05e8 CE       		.byte	-50
 1537 05e9 DE       		.byte	-34
 1538 05ea D0       		.byte	-48
 1539 05eb 0F       		.byte	15
ARM GAS  C:\Users\gstoll\AppData\Local\Temp\ccKkUr34.s 			page 28


 1540 05ec D2       		.byte	-46
 1541 05ed 08       		.byte	8
 1542 05ee D6       		.byte	-42
 1543 05ef 80       		.byte	-128
 1544 05f0 E8       		.byte	-24
 1545 05f1 20       		.byte	32
 1546 05f2 EC       		.byte	-20
 1547 05f3 10       		.byte	16
 1548 05f4 EE       		.byte	-18
 1549 05f5 08       		.byte	8
 1550 05f6 04       		.byte	4
 1551 05f7 0E       		.byte	14
 1552 05f8 07       		.byte	7
 1553 05f9 02       		.byte	2
 1554 05fa 09       		.byte	9
 1555 05fb 02       		.byte	2
 1556 05fc 0E       		.byte	14
 1557 05fd 01       		.byte	1
 1558 05fe 10       		.byte	16
 1559 05ff 08       		.byte	8
 1560 0600 12       		.byte	18
 1561 0601 03       		.byte	3
 1562 0602 15       		.byte	21
 1563 0603 01       		.byte	1
 1564 0604 28       		.byte	40
 1565 0605 08       		.byte	8
 1566 0606 2A       		.byte	42
 1567 0607 05       		.byte	5
 1568 0608 2F       		.byte	47
 1569 0609 02       		.byte	2
 1570 060a 30       		.byte	48
 1571 060b 07       		.byte	7
 1572 060c 31       		.byte	49
 1573 060d 02       		.byte	2
 1574 060e 35       		.byte	53
 1575 060f 01       		.byte	1
 1576 0610 36       		.byte	54
 1577 0611 08       		.byte	8
 1578 0612 3E       		.byte	62
 1579 0613 40       		.byte	64
 1580 0614 3F       		.byte	63
 1581 0615 11       		.byte	17
 1582 0616 54       		.byte	84
 1583 0617 09       		.byte	9
 1584 0618 58       		.byte	88
 1585 0619 04       		.byte	4
 1586 061a 59       		.byte	89
 1587 061b 04       		.byte	4
 1588 061c 5B       		.byte	91
 1589 061d 04       		.byte	4
 1590 061e 5F       		.byte	95
 1591 061f 01       		.byte	1
 1592 0620 00       		.byte	0
 1593 0621 44       		.byte	68
 1594 0622 02       		.byte	2
 1595 0623 08       		.byte	8
 1596 0624 03       		.byte	3
ARM GAS  C:\Users\gstoll\AppData\Local\Temp\ccKkUr34.s 			page 29


 1597 0625 04       		.byte	4
 1598 0626 05       		.byte	5
 1599 0627 01       		.byte	1
 1600 0628 06       		.byte	6
 1601 0629 08       		.byte	8
 1602 062a 07       		.byte	7
 1603 062b 11       		.byte	17
 1604 062c 0A       		.byte	10
 1605 062d 40       		.byte	64
 1606 062e 0E       		.byte	14
 1607 062f 08       		.byte	8
 1608 0630 13       		.byte	19
 1609 0631 10       		.byte	16
 1610 0632 16       		.byte	22
 1611 0633 44       		.byte	68
 1612 0634 17       		.byte	23
 1613 0635 04       		.byte	4
 1614 0636 18       		.byte	24
 1615 0637 41       		.byte	65
 1616 0638 1D       		.byte	29
 1617 0639 42       		.byte	66
 1618 063a 1E       		.byte	30
 1619 063b 08       		.byte	8
 1620 063c 1F       		.byte	31
 1621 063d 06       		.byte	6
 1622 063e 21       		.byte	33
 1623 063f 01       		.byte	1
 1624 0640 23       		.byte	35
 1625 0641 04       		.byte	4
 1626 0642 27       		.byte	39
 1627 0643 6A       		.byte	106
 1628 0644 2B       		.byte	43
 1629 0645 01       		.byte	1
 1630 0646 2E       		.byte	46
 1631 0647 08       		.byte	8
 1632 0648 2F       		.byte	47
 1633 0649 42       		.byte	66
 1634 064a 31       		.byte	49
 1635 064b 02       		.byte	2
 1636 064c 32       		.byte	50
 1637 064d 01       		.byte	1
 1638 064e 33       		.byte	51
 1639 064f 09       		.byte	9
 1640 0650 35       		.byte	53
 1641 0651 01       		.byte	1
 1642 0652 37       		.byte	55
 1643 0653 58       		.byte	88
 1644 0654 38       		.byte	56
 1645 0655 04       		.byte	4
 1646 0656 3B       		.byte	59
 1647 0657 10       		.byte	16
 1648 0658 3D       		.byte	61
 1649 0659 A2       		.byte	-94
 1650 065a 3E       		.byte	62
 1651 065b 04       		.byte	4
 1652 065c 40       		.byte	64
 1653 065d 80       		.byte	-128
ARM GAS  C:\Users\gstoll\AppData\Local\Temp\ccKkUr34.s 			page 30


 1654 065e 41       		.byte	65
 1655 065f 01       		.byte	1
 1656 0660 45       		.byte	69
 1657 0661 20       		.byte	32
 1658 0662 46       		.byte	70
 1659 0663 88       		.byte	-120
 1660 0664 47       		.byte	71
 1661 0665 08       		.byte	8
 1662 0666 4E       		.byte	78
 1663 0667 09       		.byte	9
 1664 0668 56       		.byte	86
 1665 0669 44       		.byte	68
 1666 066a 58       		.byte	88
 1667 066b 82       		.byte	-126
 1668 066c 59       		.byte	89
 1669 066d 24       		.byte	36
 1670 066e 5F       		.byte	95
 1671 066f 02       		.byte	2
 1672 0670 60       		.byte	96
 1673 0671 01       		.byte	1
 1674 0672 65       		.byte	101
 1675 0673 40       		.byte	64
 1676 0674 67       		.byte	103
 1677 0675 48       		.byte	72
 1678 0676 80       		.byte	-128
 1679 0677 40       		.byte	64
 1680 0678 87       		.byte	-121
 1681 0679 44       		.byte	68
 1682 067a 8A       		.byte	-118
 1683 067b 80       		.byte	-128
 1684 067c 8B       		.byte	-117
 1685 067d 20       		.byte	32
 1686 067e 8D       		.byte	-115
 1687 067f 01       		.byte	1
 1688 0680 8F       		.byte	-113
 1689 0681 10       		.byte	16
 1690 0682 90       		.byte	-112
 1691 0683 04       		.byte	4
 1692 0684 92       		.byte	-110
 1693 0685 44       		.byte	68
 1694 0686 93       		.byte	-109
 1695 0687 90       		.byte	-112
 1696 0688 98       		.byte	-104
 1697 0689 02       		.byte	2
 1698 068a 99       		.byte	-103
 1699 068b 25       		.byte	37
 1700 068c 9B       		.byte	-101
 1701 068d 14       		.byte	20
 1702 068e 9F       		.byte	-97
 1703 068f 48       		.byte	72
 1704 0690 A1       		.byte	-95
 1705 0691 70       		.byte	112
 1706 0692 A3       		.byte	-93
 1707 0693 09       		.byte	9
 1708 0694 A5       		.byte	-91
 1709 0695 03       		.byte	3
 1710 0696 A7       		.byte	-89
ARM GAS  C:\Users\gstoll\AppData\Local\Temp\ccKkUr34.s 			page 31


 1711 0697 10       		.byte	16
 1712 0698 C0       		.byte	-64
 1713 0699 F5       		.byte	-11
 1714 069a C2       		.byte	-62
 1715 069b 48       		.byte	72
 1716 069c C4       		.byte	-60
 1717 069d 72       		.byte	114
 1718 069e CA       		.byte	-54
 1719 069f D8       		.byte	-40
 1720 06a0 CC       		.byte	-52
 1721 06a1 F2       		.byte	-14
 1722 06a2 CE       		.byte	-50
 1723 06a3 F6       		.byte	-10
 1724 06a4 D0       		.byte	-48
 1725 06a5 E0       		.byte	-32
 1726 06a6 D2       		.byte	-46
 1727 06a7 30       		.byte	48
 1728 06a8 D6       		.byte	-42
 1729 06a9 8F       		.byte	-113
 1730 06aa D8       		.byte	-40
 1731 06ab B8       		.byte	-72
 1732 06ac E0       		.byte	-32
 1733 06ad 02       		.byte	2
 1734 06ae E4       		.byte	-28
 1735 06af 04       		.byte	4
 1736 06b0 EA       		.byte	-22
 1737 06b1 01       		.byte	1
 1738 06b2 33       		.byte	51
 1739 06b3 18       		.byte	24
 1740 06b4 36       		.byte	54
 1741 06b5 10       		.byte	16
 1742 06b6 37       		.byte	55
 1743 06b7 02       		.byte	2
 1744 06b8 CC       		.byte	-52
 1745 06b9 F0       		.byte	-16
 1746 06ba 9F       		.byte	-97
 1747 06bb 12       		.byte	18
 1748 06bc A6       		.byte	-90
 1749 06bd 10       		.byte	16
 1750 06be A7       		.byte	-89
 1751 06bf 08       		.byte	8
 1752 06c0 3E       		.byte	62
 1753 06c1 10       		.byte	16
 1754 06c2 9F       		.byte	-97
 1755 06c3 12       		.byte	18
 1756 06c4 A6       		.byte	-90
 1757 06c5 10       		.byte	16
 1758 06c6 A7       		.byte	-89
 1759 06c7 08       		.byte	8
 1760 06c8 CE       		.byte	-50
 1761 06c9 20       		.byte	32
 1762 06ca 20       		.byte	32
 1763 06cb 01       		.byte	1
 1764 06cc 71       		.byte	113
 1765 06cd 40       		.byte	64
 1766 06ce 83       		.byte	-125
 1767 06cf 10       		.byte	16
ARM GAS  C:\Users\gstoll\AppData\Local\Temp\ccKkUr34.s 			page 32


 1768 06d0 89       		.byte	-119
 1769 06d1 40       		.byte	64
 1770 06d2 96       		.byte	-106
 1771 06d3 10       		.byte	16
 1772 06d4 9F       		.byte	-97
 1773 06d5 12       		.byte	18
 1774 06d6 A6       		.byte	-90
 1775 06d7 10       		.byte	16
 1776 06d8 A7       		.byte	-89
 1777 06d9 08       		.byte	8
 1778 06da C8       		.byte	-56
 1779 06db 10       		.byte	16
 1780 06dc DC       		.byte	-36
 1781 06dd 20       		.byte	32
 1782 06de E2       		.byte	-30
 1783 06df 20       		.byte	32
 1784 06e0 11       		.byte	17
 1785 06e1 01       		.byte	1
 1786 06e2 15       		.byte	21
 1787 06e3 04       		.byte	4
 1788 06e4 71       		.byte	113
 1789 06e5 02       		.byte	2
 1790 06e6 7C       		.byte	124
 1791 06e7 08       		.byte	8
 1792 06e8 C4       		.byte	-60
 1793 06e9 0C       		.byte	12
 1794 06ea DC       		.byte	-36
 1795 06eb 01       		.byte	1
 1796 06ec DE       		.byte	-34
 1797 06ed 01       		.byte	1
 1798 06ee 91       		.byte	-111
 1799 06ef 05       		.byte	5
 1800 06f0 9C       		.byte	-100
 1801 06f1 08       		.byte	8
 1802 06f2 A5       		.byte	-91
 1803 06f3 02       		.byte	2
 1804 06f4 44       		.byte	68
 1805 06f5 80       		.byte	-128
 1806 06f6 8E       		.byte	-114
 1807 06f7 02       		.byte	2
 1808 06f8 91       		.byte	-111
 1809 06f9 05       		.byte	5
 1810 06fa 9C       		.byte	-100
 1811 06fb 08       		.byte	8
 1812 06fc A5       		.byte	-91
 1813 06fd 02       		.byte	2
 1814 06fe D0       		.byte	-48
 1815 06ff 01       		.byte	1
 1816 0700 E0       		.byte	-32
 1817 0701 02       		.byte	2
 1818 0702 03       		.byte	3
 1819 0703 20       		.byte	32
 1820 0704 88       		.byte	-120
 1821 0705 08       		.byte	8
 1822 0706 91       		.byte	-111
 1823 0707 05       		.byte	5
 1824 0708 9A       		.byte	-102
ARM GAS  C:\Users\gstoll\AppData\Local\Temp\ccKkUr34.s 			page 33


 1825 0709 02       		.byte	2
 1826 070a 9C       		.byte	-100
 1827 070b 88       		.byte	-120
 1828 070c A5       		.byte	-91
 1829 070d 02       		.byte	2
 1830 070e C0       		.byte	-64
 1831 070f 08       		.byte	8
 1832 0710 E0       		.byte	-32
 1833 0711 01       		.byte	1
 1834 0712 23       		.byte	35
 1835 0713 40       		.byte	64
 1836 0714 87       		.byte	-121
 1837 0715 02       		.byte	2
 1838 0716 96       		.byte	-106
 1839 0717 10       		.byte	16
 1840 0718 97       		.byte	-105
 1841 0719 40       		.byte	64
 1842 071a 9F       		.byte	-97
 1843 071b 02       		.byte	2
 1844 071c A7       		.byte	-89
 1845 071d 08       		.byte	8
 1846 071e AE       		.byte	-82
 1847 071f 10       		.byte	16
 1848 0720 B3       		.byte	-77
 1849 0721 40       		.byte	64
 1850 0722 B4       		.byte	-76
 1851 0723 01       		.byte	1
 1852 0724 C8       		.byte	-56
 1853 0725 40       		.byte	64
 1854 0726 E6       		.byte	-26
 1855 0727 40       		.byte	64
 1856 0728 EE       		.byte	-18
 1857 0729 10       		.byte	16
 1858 072a 87       		.byte	-121
 1859 072b 08       		.byte	8
 1860 072c A7       		.byte	-89
 1861 072d 08       		.byte	8
 1862 072e AA       		.byte	-86
 1863 072f 10       		.byte	16
 1864 0730 E6       		.byte	-26
 1865 0731 40       		.byte	64
 1866 0732 EA       		.byte	-22
 1867 0733 80       		.byte	-128
 1868 0734 0F       		.byte	15
 1869 0735 01       		.byte	1
 1870 0736 12       		.byte	18
 1871 0737 40       		.byte	64
 1872 0738 13       		.byte	19
 1873 0739 20       		.byte	32
 1874 073a 16       		.byte	22
 1875 073b 20       		.byte	32
 1876 073c 30       		.byte	48
 1877 073d 08       		.byte	8
 1878 073e 63       		.byte	99
 1879 073f 08       		.byte	8
 1880 0740 66       		.byte	102
 1881 0741 02       		.byte	2
ARM GAS  C:\Users\gstoll\AppData\Local\Temp\ccKkUr34.s 			page 34


 1882 0742 79       		.byte	121
 1883 0743 01       		.byte	1
 1884 0744 7D       		.byte	125
 1885 0745 04       		.byte	4
 1886 0746 8F       		.byte	-113
 1887 0747 01       		.byte	1
 1888 0748 91       		.byte	-111
 1889 0749 05       		.byte	5
 1890 074a 9A       		.byte	-102
 1891 074b 02       		.byte	2
 1892 074c A0       		.byte	-96
 1893 074d 08       		.byte	8
 1894 074e A5       		.byte	-91
 1895 074f 02       		.byte	2
 1896 0750 AF       		.byte	-81
 1897 0751 20       		.byte	32
 1898 0752 B0       		.byte	-80
 1899 0753 80       		.byte	-128
 1900 0754 B4       		.byte	-76
 1901 0755 08       		.byte	8
 1902 0756 C2       		.byte	-62
 1903 0757 01       		.byte	1
 1904 0758 C4       		.byte	-60
 1905 0759 0E       		.byte	14
 1906 075a CC       		.byte	-52
 1907 075b 02       		.byte	2
 1908 075c D8       		.byte	-40
 1909 075d 03       		.byte	3
 1910 075e DE       		.byte	-34
 1911 075f 03       		.byte	3
 1912 0760 E6       		.byte	-26
 1913 0761 08       		.byte	8
 1914 0762 E8       		.byte	-24
 1915 0763 04       		.byte	4
 1916 0764 EC       		.byte	-20
 1917 0765 08       		.byte	8
 1918 0766 12       		.byte	18
 1919 0767 20       		.byte	32
 1920 0768 72       		.byte	114
 1921 0769 20       		.byte	32
 1922 076a 76       		.byte	118
 1923 076b 40       		.byte	64
 1924 076c 83       		.byte	-125
 1925 076d 04       		.byte	4
 1926 076e 85       		.byte	-123
 1927 076f 02       		.byte	2
 1928 0770 8E       		.byte	-114
 1929 0771 20       		.byte	32
 1930 0772 9A       		.byte	-102
 1931 0773 60       		.byte	96
 1932 0774 A5       		.byte	-91
 1933 0775 02       		.byte	2
 1934 0776 A7       		.byte	-89
 1935 0777 04       		.byte	4
 1936 0778 AB       		.byte	-85
 1937 0779 20       		.byte	32
 1938 077a C4       		.byte	-60
ARM GAS  C:\Users\gstoll\AppData\Local\Temp\ccKkUr34.s 			page 35


 1939 077b 08       		.byte	8
 1940 077c DC       		.byte	-36
 1941 077d 01       		.byte	1
 1942 077e DE       		.byte	-34
 1943 077f 04       		.byte	4
 1944 0780 E2       		.byte	-30
 1945 0781 08       		.byte	8
 1946 0782 00       		.byte	0
 1947 0783 05       		.byte	5
 1948 0784 01       		.byte	1
 1949 0785 01       		.byte	1
 1950 0786 0B       		.byte	11
 1951 0787 01       		.byte	1
 1952 0788 0C       		.byte	12
 1953 0789 05       		.byte	5
 1954 078a 10       		.byte	16
 1955 078b 05       		.byte	5
 1956 078c 11       		.byte	17
 1957 078d 01       		.byte	1
 1958 078e 1B       		.byte	27
 1959 078f 01       		.byte	1
 1960 0790 1C       		.byte	28
 1961 0791 05       		.byte	5
 1962 0792 00       		.byte	0
 1963 0793 FB       		.byte	-5
 1964 0794 03       		.byte	3
 1965 0795 C0       		.byte	-64
 1966 0796 00       		.byte	0
 1967 0797 00       		.byte	0
 1968 0798 10       		.byte	16
 1969 0799 30       		.byte	48
 1970 079a 00       		.byte	0
 1971 079b 00       		.byte	0
 1972 079c 70       		.byte	112
 1973 079d 00       		.byte	0
 1974 079e 00       		.byte	0
 1975 079f 00       		.byte	0
 1976 07a0 2C       		.byte	44
 1977 07a1 00       		.byte	0
 1978 07a2 00       		.byte	0
 1979 07a3 00       		.byte	0
 1980 07a4 40       		.byte	64
 1981 07a5 52       		.byte	82
 1982 07a6 2F       		.byte	47
 1983 07a7 04       		.byte	4
 1984 07a8 08       		.byte	8
 1985 07a9 50       		.byte	80
 1986 07aa 10       		.byte	16
 1987 07ab 06       		.byte	6
 1988 07ac 2C       		.byte	44
 1989 07ad 06       		.byte	6
 1990 07ae 00       		.byte	0
 1991 07af 50       		.byte	80
 1992 07b0 31       		.byte	49
 1993 07b1 00       		.byte	0
 1994 07b2 42       		.byte	66
 1995 07b3 00       		.byte	0
ARM GAS  C:\Users\gstoll\AppData\Local\Temp\ccKkUr34.s 			page 36


 1996 07b4 11       		.byte	17
 1997 07b5 04       		.byte	4
 1998 07b6 8E       		.byte	-114
 1999 07b7 00       		.byte	0
 2000 07b8 24       		.byte	36
 2001 07b9 22       		.byte	34
 2002 07ba 00       		.byte	0
 2003 07bb 10       		.byte	16
 2004 07bc C0       		.byte	-64
 2005 07bd 56       		.byte	86
 2006 07be 00       		.byte	0
 2007 07bf 00       		.byte	0
 2008 07c0 2C       		.byte	44
 2009 07c1 56       		.byte	86
 2010 07c2 00       		.byte	0
 2011 07c3 00       		.byte	0
 2012 07c4 24       		.byte	36
 2013 07c5 29       		.byte	41
 2014 07c6 08       		.byte	8
 2015 07c7 16       		.byte	22
 2016 07c8 00       		.byte	0
 2017 07c9 31       		.byte	49
 2018 07ca 2C       		.byte	44
 2019 07cb 0E       		.byte	14
 2020 07cc 00       		.byte	0
 2021 07cd 17       		.byte	23
 2022 07ce 00       		.byte	0
 2023 07cf 28       		.byte	40
 2024 07d0 0F       		.byte	15
 2025 07d1 00       		.byte	0
 2026 07d2 00       		.byte	0
 2027 07d3 0F       		.byte	15
 2028 07d4 31       		.byte	49
 2029 07d5 30       		.byte	48
 2030 07d6 C1       		.byte	-63
 2031 07d7 40       		.byte	64
 2032 07d8 80       		.byte	-128
 2033 07d9 08       		.byte	8
 2034 07da 30       		.byte	48
 2035 07db 20       		.byte	32
 2036 07dc 00       		.byte	0
 2037 07dd 00       		.byte	0
 2038 07de 00       		.byte	0
 2039 07df 40       		.byte	64
 2040 07e0 32       		.byte	50
 2041 07e1 04       		.byte	4
 2042 07e2 10       		.byte	16
 2043 07e3 00       		.byte	0
 2044 07e4 05       		.byte	5
 2045 07e5 0E       		.byte	14
 2046 07e6 FD       		.byte	-3
 2047 07e7 BC       		.byte	-68
 2048 07e8 3D       		.byte	61
 2049 07e9 FF       		.byte	-1
 2050 07ea FF       		.byte	-1
 2051 07eb FF       		.byte	-1
 2052 07ec 22       		.byte	34
ARM GAS  C:\Users\gstoll\AppData\Local\Temp\ccKkUr34.s 			page 37


 2053 07ed 00       		.byte	0
 2054 07ee F0       		.byte	-16
 2055 07ef 08       		.byte	8
 2056 07f0 04       		.byte	4
 2057 07f1 00       		.byte	0
 2058 07f2 00       		.byte	0
 2059 07f3 00       		.byte	0
 2060 07f4 00       		.byte	0
 2061 07f5 00       		.byte	0
 2062 07f6 00       		.byte	0
 2063 07f7 00       		.byte	0
 2064 07f8 04       		.byte	4
 2065 07f9 04       		.byte	4
 2066 07fa 04       		.byte	4
 2067 07fb 00       		.byte	0
 2068 07fc 00       		.byte	0
 2069 07fd 00       		.byte	0
 2070 07fe 00       		.byte	0
 2071 07ff 01       		.byte	1
 2072 0800 00       		.byte	0
 2073 0801 00       		.byte	0
 2074 0802 C0       		.byte	-64
 2075 0803 00       		.byte	0
 2076 0804 40       		.byte	64
 2077 0805 01       		.byte	1
 2078 0806 10       		.byte	16
 2079 0807 11       		.byte	17
 2080 0808 C0       		.byte	-64
 2081 0809 01       		.byte	1
 2082 080a 00       		.byte	0
 2083 080b 11       		.byte	17
 2084 080c 40       		.byte	64
 2085 080d 01       		.byte	1
 2086 080e 40       		.byte	64
 2087 080f 01       		.byte	1
 2088 0810 00       		.byte	0
 2089 0811 00       		.byte	0
 2090 0812 00       		.byte	0
 2091 0813 00       		.byte	0
 2092 0814 00       		.byte	0
 2093 0815 00       		.byte	0
 2094 0816 00       		.byte	0
 2095 0817 00       		.byte	0
 2096 0818 00       		.byte	0
 2097 0819 00       		.byte	0
 2098 081a 00       		.byte	0
 2099 081b 00       		.byte	0
 2100 081c 00       		.byte	0
 2101 081d 00       		.byte	0
 2102 081e 00       		.byte	0
 2103 081f 00       		.byte	0
 2104 0820 00       		.byte	0
 2105 0821 09       		.byte	9
 2106 0822 04       		.byte	4
 2107 0823 44       		.byte	68
 2108 0824 00       		.byte	0
 2109 0825 9C       		.byte	-100
ARM GAS  C:\Users\gstoll\AppData\Local\Temp\ccKkUr34.s 			page 38


 2110 0826 04       		.byte	4
 2111 0827 00       		.byte	0
 2112 0828 04       		.byte	4
 2113 0829 9C       		.byte	-100
 2114 082a 00       		.byte	0
 2115 082b 00       		.byte	0
 2116 082c 04       		.byte	4
 2117 082d 80       		.byte	-128
 2118 082e 00       		.byte	0
 2119 082f 00       		.byte	0
 2120 0830 00       		.byte	0
 2121 0831 00       		.byte	0
 2122 0832 00       		.byte	0
 2123 0833 03       		.byte	3
 2124 0834 00       		.byte	0
 2125 0835 00       		.byte	0
 2126 0836 00       		.byte	0
 2127 0837 03       		.byte	3
 2128 0838 00       		.byte	0
 2129 0839 00       		.byte	0
 2130 083a 02       		.byte	2
 2131 083b 03       		.byte	3
 2132 083c 00       		.byte	0
 2133 083d 07       		.byte	7
 2134 083e 00       		.byte	0
 2135 083f 38       		.byte	56
 2136 0840 00       		.byte	0
 2137 0841 12       		.byte	18
 2138 0842 01       		.byte	1
 2139 0843 44       		.byte	68
 2140 0844 00       		.byte	0
 2141 0845 03       		.byte	3
 2142 0846 01       		.byte	1
 2143 0847 00       		.byte	0
 2144 0848 00       		.byte	0
 2145 0849 00       		.byte	0
 2146 084a 02       		.byte	2
 2147 084b 00       		.byte	0
 2148 084c 00       		.byte	0
 2149 084d 03       		.byte	3
 2150 084e 00       		.byte	0
 2151 084f 00       		.byte	0
 2152 0850 00       		.byte	0
 2153 0851 1C       		.byte	28
 2154 0852 02       		.byte	2
 2155 0853 60       		.byte	96
 2156 0854 04       		.byte	4
 2157 0855 80       		.byte	-128
 2158 0856 01       		.byte	1
 2159 0857 03       		.byte	3
 2160 0858 20       		.byte	32
 2161 0859 00       		.byte	0
 2162 085a 02       		.byte	2
 2163 085b 00       		.byte	0
 2164 085c 00       		.byte	0
 2165 085d 00       		.byte	0
 2166 085e 44       		.byte	68
ARM GAS  C:\Users\gstoll\AppData\Local\Temp\ccKkUr34.s 			page 39


 2167 085f 04       		.byte	4
 2168 0860 23       		.byte	35
 2169 0861 05       		.byte	5
 2170 0862 06       		.byte	6
 2171 0863 00       		.byte	0
 2172 0864 04       		.byte	4
 2173 0865 00       		.byte	0
 2174 0866 0C       		.byte	12
 2175 0867 0E       		.byte	14
 2176 0868 14       		.byte	20
 2177 0869 FF       		.byte	-1
 2178 086a FF       		.byte	-1
 2179 086b FF       		.byte	-1
 2180 086c 62       		.byte	98
 2181 086d A0       		.byte	-96
 2182 086e F0       		.byte	-16
 2183 086f 41       		.byte	65
 2184 0870 0C       		.byte	12
 2185 0871 00       		.byte	0
 2186 0872 00       		.byte	0
 2187 0873 00       		.byte	0
 2188 0874 18       		.byte	24
 2189 0875 00       		.byte	0
 2190 0876 04       		.byte	4
 2191 0877 00       		.byte	0
 2192 0878 04       		.byte	4
 2193 0879 04       		.byte	4
 2194 087a 04       		.byte	4
 2195 087b 04       		.byte	4
 2196 087c 22       		.byte	34
 2197 087d 22       		.byte	34
 2198 087e 00       		.byte	0
 2199 087f 01       		.byte	1
 2200 0880 00       		.byte	0
 2201 0881 00       		.byte	0
 2202 0882 00       		.byte	0
 2203 0883 00       		.byte	0
 2204 0884 00       		.byte	0
 2205 0885 00       		.byte	0
 2206 0886 40       		.byte	64
 2207 0887 02       		.byte	2
 2208 0888 00       		.byte	0
 2209 0889 10       		.byte	16
 2210 088a 30       		.byte	48
 2211 088b 10       		.byte	16
 2212 088c 00       		.byte	0
 2213 088d 10       		.byte	16
 2214 088e 10       		.byte	16
 2215 088f 12       		.byte	18
 2216 0890 00       		.byte	0
 2217 0891 00       		.byte	0
 2218 0892 00       		.byte	0
 2219 0893 00       		.byte	0
 2220 0894 00       		.byte	0
 2221 0895 00       		.byte	0
 2222 0896 00       		.byte	0
 2223 0897 00       		.byte	0
ARM GAS  C:\Users\gstoll\AppData\Local\Temp\ccKkUr34.s 			page 40


 2224 0898 00       		.byte	0
 2225 0899 00       		.byte	0
 2226 089a 00       		.byte	0
 2227 089b 00       		.byte	0
 2228 089c 00       		.byte	0
 2229 089d 00       		.byte	0
 2230 089e 00       		.byte	0
 2231 089f 00       		.byte	0
 2232 08a0 00       		.byte	0
 2233 08a1 0C       		.byte	12
 2234 08a2 0C       		.byte	12
 2235 08a3 00       		.byte	0
 2236 08a4 00       		.byte	0
 2237 08a5 00       		.byte	0
 2238 08a6 00       		.byte	0
 2239 08a7 00       		.byte	0
 2240 08a8 B0       		.byte	-80
 2241 08a9 00       		.byte	0
 2242 08aa 40       		.byte	64
 2243 08ab B0       		.byte	-80
 2244 08ac 80       		.byte	-128
 2245 08ad 00       		.byte	0
 2246 08ae B0       		.byte	-80
 2247 08af 00       		.byte	0
 2248 08b0 00       		.byte	0
 2249 08b1 00       		.byte	0
 2250 08b2 00       		.byte	0
 2251 08b3 00       		.byte	0
 2252 08b4 80       		.byte	-128
 2253 08b5 7B       		.byte	123
 2254 08b6 7B       		.byte	123
 2255 08b7 00       		.byte	0
 2256 08b8 60       		.byte	96
 2257 08b9 00       		.byte	0
 2258 08ba 04       		.byte	4
 2259 08bb 00       		.byte	0
 2260 08bc 04       		.byte	4
 2261 08bd 00       		.byte	0
 2262 08be 00       		.byte	0
 2263 08bf 06       		.byte	6
 2264 08c0 02       		.byte	2
 2265 08c1 00       		.byte	0
 2266 08c2 00       		.byte	0
 2267 08c3 00       		.byte	0
 2268 08c4 00       		.byte	0
 2269 08c5 00       		.byte	0
 2270 08c6 00       		.byte	0
 2271 08c7 00       		.byte	0
 2272 08c8 00       		.byte	0
 2273 08c9 00       		.byte	0
 2274 08ca 00       		.byte	0
 2275 08cb 00       		.byte	0
 2276 08cc 00       		.byte	0
 2277 08cd 00       		.byte	0
 2278 08ce 80       		.byte	-128
 2279 08cf 00       		.byte	0
 2280 08d0 4A       		.byte	74
ARM GAS  C:\Users\gstoll\AppData\Local\Temp\ccKkUr34.s 			page 41


 2281 08d1 00       		.byte	0
 2282 08d2 18       		.byte	24
 2283 08d3 01       		.byte	1
 2284              		.global	cy_meta_custnvl
 2285              		.section	.cycustnvl,"a",%progbits
 2286              		.align	2
 2287              		.type	cy_meta_custnvl, %object
 2288              		.size	cy_meta_custnvl, 4
 2289              	cy_meta_custnvl:
 2290 0000 00       		.byte	0
 2291 0001 00       		.byte	0
 2292 0002 40       		.byte	64
 2293 0003 05       		.byte	5
 2294              		.global	cy_meta_wonvl
 2295              		.section	.cywolatch,"a",%progbits
 2296              		.align	2
 2297              		.type	cy_meta_wonvl, %object
 2298              		.size	cy_meta_wonvl, 4
 2299              	cy_meta_wonvl:
 2300 0000 BC       		.byte	-68
 2301 0001 90       		.byte	-112
 2302 0002 AC       		.byte	-84
 2303 0003 AF       		.byte	-81
 2304              		.global	cy_meta_flashprotect
 2305              		.section	.cyflashprotect,"a",%progbits
 2306              		.align	2
 2307              		.type	cy_meta_flashprotect, %object
 2308              		.size	cy_meta_flashprotect, 256
 2309              	cy_meta_flashprotect:
 2310 0000 00000000 		.space	256
 2310      00000000 
 2310      00000000 
 2310      00000000 
 2310      00000000 
 2311              		.global	cy_metadata
 2312              		.section	.cymeta,"a",%progbits
 2313              		.align	2
 2314              		.type	cy_metadata, %object
 2315              		.size	cy_metadata, 12
 2316              	cy_metadata:
 2317 0000 00       		.byte	0
 2318 0001 01       		.byte	1
 2319 0002 2E       		.byte	46
 2320 0003 12       		.byte	18
 2321 0004 70       		.byte	112
 2322 0005 69       		.byte	105
 2323 0006 00       		.byte	0
 2324 0007 01       		.byte	1
 2325 0008 00       		.byte	0
 2326 0009 00       		.byte	0
 2327 000a 00       		.byte	0
 2328 000b 00       		.byte	0
 2329              		.text
 2330              	.Letext0:
 2331              		.file 1 "Generated_Source\\PSoC5\\cymetadata.c"
 2332              		.file 2 "Generated_Source\\PSoC5\\cytypes.h"
 2333              		.section	.debug_info,"",%progbits
ARM GAS  C:\Users\gstoll\AppData\Local\Temp\ccKkUr34.s 			page 42


 2334              	.Ldebug_info0:
 2335 0000 3B010000 		.4byte	0x13b
 2336 0004 0400     		.2byte	0x4
 2337 0006 00000000 		.4byte	.Ldebug_abbrev0
 2338 000a 04       		.byte	0x4
 2339 000b 01       		.uleb128 0x1
 2340 000c 00000000 		.4byte	.LASF18
 2341 0010 01       		.byte	0x1
 2342 0011 C2010000 		.4byte	.LASF19
 2343 0015 EA000000 		.4byte	.LASF20
 2344 0019 00000000 		.4byte	.Ldebug_line0
 2345 001d 02       		.uleb128 0x2
 2346 001e 01       		.byte	0x1
 2347 001f 06       		.byte	0x6
 2348 0020 B6010000 		.4byte	.LASF0
 2349 0024 02       		.uleb128 0x2
 2350 0025 01       		.byte	0x1
 2351 0026 08       		.byte	0x8
 2352 0027 A0000000 		.4byte	.LASF1
 2353 002b 02       		.uleb128 0x2
 2354 002c 02       		.byte	0x2
 2355 002d 05       		.byte	0x5
 2356 002e 9D010000 		.4byte	.LASF2
 2357 0032 02       		.uleb128 0x2
 2358 0033 02       		.byte	0x2
 2359 0034 07       		.byte	0x7
 2360 0035 C0000000 		.4byte	.LASF3
 2361 0039 02       		.uleb128 0x2
 2362 003a 04       		.byte	0x4
 2363 003b 05       		.byte	0x5
 2364 003c AD010000 		.4byte	.LASF4
 2365 0040 02       		.uleb128 0x2
 2366 0041 04       		.byte	0x4
 2367 0042 07       		.byte	0x7
 2368 0043 AE000000 		.4byte	.LASF5
 2369 0047 02       		.uleb128 0x2
 2370 0048 08       		.byte	0x8
 2371 0049 05       		.byte	0x5
 2372 004a 8A010000 		.4byte	.LASF6
 2373 004e 02       		.uleb128 0x2
 2374 004f 08       		.byte	0x8
 2375 0050 07       		.byte	0x7
 2376 0051 47010000 		.4byte	.LASF7
 2377 0055 03       		.uleb128 0x3
 2378 0056 04       		.byte	0x4
 2379 0057 05       		.byte	0x5
 2380 0058 696E7400 		.ascii	"int\000"
 2381 005c 02       		.uleb128 0x2
 2382 005d 04       		.byte	0x4
 2383 005e 07       		.byte	0x7
 2384 005f 3A010000 		.4byte	.LASF8
 2385 0063 04       		.uleb128 0x4
 2386 0064 A7010000 		.4byte	.LASF21
 2387 0068 02       		.byte	0x2
 2388 0069 9201     		.2byte	0x192
 2389 006b 24000000 		.4byte	0x24
 2390 006f 02       		.uleb128 0x2
ARM GAS  C:\Users\gstoll\AppData\Local\Temp\ccKkUr34.s 			page 43


 2391 0070 04       		.byte	0x4
 2392 0071 04       		.byte	0x4
 2393 0072 9A000000 		.4byte	.LASF9
 2394 0076 02       		.uleb128 0x2
 2395 0077 08       		.byte	0x8
 2396 0078 04       		.byte	0x4
 2397 0079 E3000000 		.4byte	.LASF10
 2398 007d 02       		.uleb128 0x2
 2399 007e 01       		.byte	0x1
 2400 007f 08       		.byte	0x8
 2401 0080 98010000 		.4byte	.LASF11
 2402 0084 05       		.uleb128 0x5
 2403 0085 63000000 		.4byte	0x63
 2404 0089 95000000 		.4byte	0x95
 2405 008d 06       		.uleb128 0x6
 2406 008e 95000000 		.4byte	0x95
 2407 0092 D308     		.2byte	0x8d3
 2408 0094 00       		.byte	0
 2409 0095 02       		.uleb128 0x2
 2410 0096 04       		.byte	0x4
 2411 0097 07       		.byte	0x7
 2412 0098 81010000 		.4byte	.LASF12
 2413 009c 07       		.uleb128 0x7
 2414 009d 28010000 		.4byte	.LASF13
 2415 00a1 01       		.byte	0x1
 2416 00a2 1F       		.byte	0x1f
 2417 00a3 AD000000 		.4byte	0xad
 2418 00a7 05       		.uleb128 0x5
 2419 00a8 03       		.byte	0x3
 2420 00a9 00000000 		.4byte	cy_meta_configecc
 2421 00ad 08       		.uleb128 0x8
 2422 00ae 84000000 		.4byte	0x84
 2423 00b2 05       		.uleb128 0x5
 2424 00b3 63000000 		.4byte	0x63
 2425 00b7 C2000000 		.4byte	0xc2
 2426 00bb 09       		.uleb128 0x9
 2427 00bc 95000000 		.4byte	0x95
 2428 00c0 03       		.byte	0x3
 2429 00c1 00       		.byte	0
 2430 00c2 0A       		.uleb128 0xa
 2431 00c3 D3000000 		.4byte	.LASF14
 2432 00c7 01       		.byte	0x1
 2433 00c8 4701     		.2byte	0x147
 2434 00ca D4000000 		.4byte	0xd4
 2435 00ce 05       		.uleb128 0x5
 2436 00cf 03       		.byte	0x3
 2437 00d0 00000000 		.4byte	cy_meta_custnvl
 2438 00d4 08       		.uleb128 0x8
 2439 00d5 B2000000 		.4byte	0xb2
 2440 00d9 0A       		.uleb128 0xa
 2441 00da 73010000 		.4byte	.LASF15
 2442 00de 01       		.byte	0x1
 2443 00df 5501     		.2byte	0x155
 2444 00e1 EB000000 		.4byte	0xeb
 2445 00e5 05       		.uleb128 0x5
 2446 00e6 03       		.byte	0x3
 2447 00e7 00000000 		.4byte	cy_meta_wonvl
ARM GAS  C:\Users\gstoll\AppData\Local\Temp\ccKkUr34.s 			page 44


 2448 00eb 08       		.uleb128 0x8
 2449 00ec B2000000 		.4byte	0xb2
 2450 00f0 05       		.uleb128 0x5
 2451 00f1 63000000 		.4byte	0x63
 2452 00f5 00010000 		.4byte	0x100
 2453 00f9 09       		.uleb128 0x9
 2454 00fa 95000000 		.4byte	0x95
 2455 00fe FF       		.byte	0xff
 2456 00ff 00       		.byte	0
 2457 0100 0A       		.uleb128 0xa
 2458 0101 5E010000 		.4byte	.LASF16
 2459 0105 01       		.byte	0x1
 2460 0106 6301     		.2byte	0x163
 2461 0108 12010000 		.4byte	0x112
 2462 010c 05       		.uleb128 0x5
 2463 010d 03       		.byte	0x3
 2464 010e 00000000 		.4byte	cy_meta_flashprotect
 2465 0112 08       		.uleb128 0x8
 2466 0113 F0000000 		.4byte	0xf0
 2467 0117 05       		.uleb128 0x5
 2468 0118 63000000 		.4byte	0x63
 2469 011c 27010000 		.4byte	0x127
 2470 0120 09       		.uleb128 0x9
 2471 0121 95000000 		.4byte	0x95
 2472 0125 0B       		.byte	0xb
 2473 0126 00       		.byte	0
 2474 0127 0A       		.uleb128 0xa
 2475 0128 8E000000 		.4byte	.LASF17
 2476 012c 01       		.byte	0x1
 2477 012d 9001     		.2byte	0x190
 2478 012f 39010000 		.4byte	0x139
 2479 0133 05       		.uleb128 0x5
 2480 0134 03       		.byte	0x3
 2481 0135 00000000 		.4byte	cy_metadata
 2482 0139 08       		.uleb128 0x8
 2483 013a 17010000 		.4byte	0x117
 2484 013e 00       		.byte	0
 2485              		.section	.debug_abbrev,"",%progbits
 2486              	.Ldebug_abbrev0:
 2487 0000 01       		.uleb128 0x1
 2488 0001 11       		.uleb128 0x11
 2489 0002 01       		.byte	0x1
 2490 0003 25       		.uleb128 0x25
 2491 0004 0E       		.uleb128 0xe
 2492 0005 13       		.uleb128 0x13
 2493 0006 0B       		.uleb128 0xb
 2494 0007 03       		.uleb128 0x3
 2495 0008 0E       		.uleb128 0xe
 2496 0009 1B       		.uleb128 0x1b
 2497 000a 0E       		.uleb128 0xe
 2498 000b 10       		.uleb128 0x10
 2499 000c 17       		.uleb128 0x17
 2500 000d 00       		.byte	0
 2501 000e 00       		.byte	0
 2502 000f 02       		.uleb128 0x2
 2503 0010 24       		.uleb128 0x24
 2504 0011 00       		.byte	0
ARM GAS  C:\Users\gstoll\AppData\Local\Temp\ccKkUr34.s 			page 45


 2505 0012 0B       		.uleb128 0xb
 2506 0013 0B       		.uleb128 0xb
 2507 0014 3E       		.uleb128 0x3e
 2508 0015 0B       		.uleb128 0xb
 2509 0016 03       		.uleb128 0x3
 2510 0017 0E       		.uleb128 0xe
 2511 0018 00       		.byte	0
 2512 0019 00       		.byte	0
 2513 001a 03       		.uleb128 0x3
 2514 001b 24       		.uleb128 0x24
 2515 001c 00       		.byte	0
 2516 001d 0B       		.uleb128 0xb
 2517 001e 0B       		.uleb128 0xb
 2518 001f 3E       		.uleb128 0x3e
 2519 0020 0B       		.uleb128 0xb
 2520 0021 03       		.uleb128 0x3
 2521 0022 08       		.uleb128 0x8
 2522 0023 00       		.byte	0
 2523 0024 00       		.byte	0
 2524 0025 04       		.uleb128 0x4
 2525 0026 16       		.uleb128 0x16
 2526 0027 00       		.byte	0
 2527 0028 03       		.uleb128 0x3
 2528 0029 0E       		.uleb128 0xe
 2529 002a 3A       		.uleb128 0x3a
 2530 002b 0B       		.uleb128 0xb
 2531 002c 3B       		.uleb128 0x3b
 2532 002d 05       		.uleb128 0x5
 2533 002e 49       		.uleb128 0x49
 2534 002f 13       		.uleb128 0x13
 2535 0030 00       		.byte	0
 2536 0031 00       		.byte	0
 2537 0032 05       		.uleb128 0x5
 2538 0033 01       		.uleb128 0x1
 2539 0034 01       		.byte	0x1
 2540 0035 49       		.uleb128 0x49
 2541 0036 13       		.uleb128 0x13
 2542 0037 01       		.uleb128 0x1
 2543 0038 13       		.uleb128 0x13
 2544 0039 00       		.byte	0
 2545 003a 00       		.byte	0
 2546 003b 06       		.uleb128 0x6
 2547 003c 21       		.uleb128 0x21
 2548 003d 00       		.byte	0
 2549 003e 49       		.uleb128 0x49
 2550 003f 13       		.uleb128 0x13
 2551 0040 2F       		.uleb128 0x2f
 2552 0041 05       		.uleb128 0x5
 2553 0042 00       		.byte	0
 2554 0043 00       		.byte	0
 2555 0044 07       		.uleb128 0x7
 2556 0045 34       		.uleb128 0x34
 2557 0046 00       		.byte	0
 2558 0047 03       		.uleb128 0x3
 2559 0048 0E       		.uleb128 0xe
 2560 0049 3A       		.uleb128 0x3a
 2561 004a 0B       		.uleb128 0xb
ARM GAS  C:\Users\gstoll\AppData\Local\Temp\ccKkUr34.s 			page 46


 2562 004b 3B       		.uleb128 0x3b
 2563 004c 0B       		.uleb128 0xb
 2564 004d 49       		.uleb128 0x49
 2565 004e 13       		.uleb128 0x13
 2566 004f 3F       		.uleb128 0x3f
 2567 0050 19       		.uleb128 0x19
 2568 0051 02       		.uleb128 0x2
 2569 0052 18       		.uleb128 0x18
 2570 0053 00       		.byte	0
 2571 0054 00       		.byte	0
 2572 0055 08       		.uleb128 0x8
 2573 0056 26       		.uleb128 0x26
 2574 0057 00       		.byte	0
 2575 0058 49       		.uleb128 0x49
 2576 0059 13       		.uleb128 0x13
 2577 005a 00       		.byte	0
 2578 005b 00       		.byte	0
 2579 005c 09       		.uleb128 0x9
 2580 005d 21       		.uleb128 0x21
 2581 005e 00       		.byte	0
 2582 005f 49       		.uleb128 0x49
 2583 0060 13       		.uleb128 0x13
 2584 0061 2F       		.uleb128 0x2f
 2585 0062 0B       		.uleb128 0xb
 2586 0063 00       		.byte	0
 2587 0064 00       		.byte	0
 2588 0065 0A       		.uleb128 0xa
 2589 0066 34       		.uleb128 0x34
 2590 0067 00       		.byte	0
 2591 0068 03       		.uleb128 0x3
 2592 0069 0E       		.uleb128 0xe
 2593 006a 3A       		.uleb128 0x3a
 2594 006b 0B       		.uleb128 0xb
 2595 006c 3B       		.uleb128 0x3b
 2596 006d 05       		.uleb128 0x5
 2597 006e 49       		.uleb128 0x49
 2598 006f 13       		.uleb128 0x13
 2599 0070 3F       		.uleb128 0x3f
 2600 0071 19       		.uleb128 0x19
 2601 0072 02       		.uleb128 0x2
 2602 0073 18       		.uleb128 0x18
 2603 0074 00       		.byte	0
 2604 0075 00       		.byte	0
 2605 0076 00       		.byte	0
 2606              		.section	.debug_aranges,"",%progbits
 2607 0000 14000000 		.4byte	0x14
 2608 0004 0200     		.2byte	0x2
 2609 0006 00000000 		.4byte	.Ldebug_info0
 2610 000a 04       		.byte	0x4
 2611 000b 00       		.byte	0
 2612 000c 0000     		.2byte	0
 2613 000e 0000     		.2byte	0
 2614 0010 00000000 		.4byte	0
 2615 0014 00000000 		.4byte	0
 2616              		.section	.debug_line,"",%progbits
 2617              	.Ldebug_line0:
 2618 0000 4D000000 		.section	.debug_str,"MS",%progbits,1
ARM GAS  C:\Users\gstoll\AppData\Local\Temp\ccKkUr34.s 			page 47


 2618      02004700 
 2618      00000201 
 2618      FB0E0D00 
 2618      01010101 
 2619              	.LASF18:
 2620 0000 474E5520 		.ascii	"GNU C 4.9.3 20150303 (release) [ARM/embedded-4_9-br"
 2620      4320342E 
 2620      392E3320 
 2620      32303135 
 2620      30333033 
 2621 0033 616E6368 		.ascii	"anch revision 221220] -mcpu=cortex-m3 -mthumb -g -O"
 2621      20726576 
 2621      6973696F 
 2621      6E203232 
 2621      31323230 
 2622 0066 30202D66 		.ascii	"0 -ffunction-sections -ffat-lto-objects\000"
 2622      66756E63 
 2622      74696F6E 
 2622      2D736563 
 2622      74696F6E 
 2623              	.LASF17:
 2624 008e 63795F6D 		.ascii	"cy_metadata\000"
 2624      65746164 
 2624      61746100 
 2625              	.LASF9:
 2626 009a 666C6F61 		.ascii	"float\000"
 2626      7400
 2627              	.LASF1:
 2628 00a0 756E7369 		.ascii	"unsigned char\000"
 2628      676E6564 
 2628      20636861 
 2628      7200
 2629              	.LASF5:
 2630 00ae 6C6F6E67 		.ascii	"long unsigned int\000"
 2630      20756E73 
 2630      69676E65 
 2630      6420696E 
 2630      7400
 2631              	.LASF3:
 2632 00c0 73686F72 		.ascii	"short unsigned int\000"
 2632      7420756E 
 2632      7369676E 
 2632      65642069 
 2632      6E7400
 2633              	.LASF14:
 2634 00d3 63795F6D 		.ascii	"cy_meta_custnvl\000"
 2634      6574615F 
 2634      63757374 
 2634      6E766C00 
 2635              	.LASF10:
 2636 00e3 646F7562 		.ascii	"double\000"
 2636      6C6500
 2637              	.LASF20:
 2638 00ea 433A5C55 		.ascii	"C:\\Users\\gstoll\\Desktop\\Project_O-Vac\\Full_wo_"
 2638      73657273 
 2638      5C677374 
 2638      6F6C6C5C 
ARM GAS  C:\Users\gstoll\AppData\Local\Temp\ccKkUr34.s 			page 48


 2638      4465736B 
 2639 0118 6661696C 		.ascii	"failsafes.cydsn\000"
 2639      73616665 
 2639      732E6379 
 2639      64736E00 
 2640              	.LASF13:
 2641 0128 63795F6D 		.ascii	"cy_meta_configecc\000"
 2641      6574615F 
 2641      636F6E66 
 2641      69676563 
 2641      6300
 2642              	.LASF8:
 2643 013a 756E7369 		.ascii	"unsigned int\000"
 2643      676E6564 
 2643      20696E74 
 2643      00
 2644              	.LASF7:
 2645 0147 6C6F6E67 		.ascii	"long long unsigned int\000"
 2645      206C6F6E 
 2645      6720756E 
 2645      7369676E 
 2645      65642069 
 2646              	.LASF16:
 2647 015e 63795F6D 		.ascii	"cy_meta_flashprotect\000"
 2647      6574615F 
 2647      666C6173 
 2647      6870726F 
 2647      74656374 
 2648              	.LASF15:
 2649 0173 63795F6D 		.ascii	"cy_meta_wonvl\000"
 2649      6574615F 
 2649      776F6E76 
 2649      6C00
 2650              	.LASF12:
 2651 0181 73697A65 		.ascii	"sizetype\000"
 2651      74797065 
 2651      00
 2652              	.LASF6:
 2653 018a 6C6F6E67 		.ascii	"long long int\000"
 2653      206C6F6E 
 2653      6720696E 
 2653      7400
 2654              	.LASF11:
 2655 0198 63686172 		.ascii	"char\000"
 2655      00
 2656              	.LASF2:
 2657 019d 73686F72 		.ascii	"short int\000"
 2657      7420696E 
 2657      7400
 2658              	.LASF21:
 2659 01a7 75696E74 		.ascii	"uint8\000"
 2659      3800
 2660              	.LASF4:
 2661 01ad 6C6F6E67 		.ascii	"long int\000"
 2661      20696E74 
 2661      00
 2662              	.LASF0:
ARM GAS  C:\Users\gstoll\AppData\Local\Temp\ccKkUr34.s 			page 49


 2663 01b6 7369676E 		.ascii	"signed char\000"
 2663      65642063 
 2663      68617200 
 2664              	.LASF19:
 2665 01c2 47656E65 		.ascii	"Generated_Source\\PSoC5\\cymetadata.c\000"
 2665      72617465 
 2665      645F536F 
 2665      75726365 
 2665      5C50536F 
 2666              		.ident	"GCC: (GNU Tools for ARM Embedded Processors) 4.9.3 20150303 (release) [ARM/embedded-4_9-br
