ARM GAS  C:\Users\gding\AppData\Local\Temp\ccDXNkvP.s 			page 1


   1              		.syntax unified
   2              		.cpu cortex-m3
   3              		.fpu softvfp
   4              		.eabi_attribute 20, 1
   5              		.eabi_attribute 21, 1
   6              		.eabi_attribute 23, 3
   7              		.eabi_attribute 24, 1
   8              		.eabi_attribute 25, 1
   9              		.eabi_attribute 26, 1
  10              		.eabi_attribute 30, 6
  11              		.eabi_attribute 34, 1
  12              		.eabi_attribute 18, 4
  13              		.thumb
  14              		.file	"cymetadata.c"
  15              		.text
  16              	.Ltext0:
  17              		.cfi_sections	.debug_frame
  18              		.global	cy_meta_configecc
  19              		.section	.cyconfigecc,"a",%progbits
  20              		.align	2
  21              		.type	cy_meta_configecc, %object
  22              		.size	cy_meta_configecc, 1584
  23              	cy_meta_configecc:
  24 0000 02       		.byte	2
  25 0001 4F       		.byte	79
  26 0002 00       		.byte	0
  27 0003 40       		.byte	64
  28 0004 02       		.byte	2
  29 0005 52       		.byte	82
  30 0006 00       		.byte	0
  31 0007 40       		.byte	64
  32 0008 01       		.byte	1
  33 0009 5A       		.byte	90
  34 000a 00       		.byte	0
  35 000b 40       		.byte	64
  36 000c 02       		.byte	2
  37 000d 64       		.byte	100
  38 000e 00       		.byte	0
  39 000f 40       		.byte	64
  40 0010 01       		.byte	1
  41 0011 65       		.byte	101
  42 0012 00       		.byte	0
  43 0013 40       		.byte	64
  44 0014 20       		.byte	32
  45 0015 00       		.byte	0
  46 0016 01       		.byte	1
  47 0017 40       		.byte	64
  48 0018 2E       		.byte	46
  49 0019 01       		.byte	1
  50 001a 01       		.byte	1
  51 001b 40       		.byte	64
  52 001c 2A       		.byte	42
  53 001d 02       		.byte	2
  54 001e 01       		.byte	1
  55 001f 40       		.byte	64
  56 0020 46       		.byte	70
  57 0021 03       		.byte	3
ARM GAS  C:\Users\gding\AppData\Local\Temp\ccDXNkvP.s 			page 2


  58 0022 01       		.byte	1
  59 0023 40       		.byte	64
  60 0024 53       		.byte	83
  61 0025 04       		.byte	4
  62 0026 01       		.byte	1
  63 0027 40       		.byte	64
  64 0028 48       		.byte	72
  65 0029 05       		.byte	5
  66 002a 01       		.byte	1
  67 002b 40       		.byte	64
  68 002c 03       		.byte	3
  69 002d 07       		.byte	7
  70 002e 01       		.byte	1
  71 002f 40       		.byte	64
  72 0030 01       		.byte	1
  73 0031 0F       		.byte	15
  74 0032 01       		.byte	1
  75 0033 40       		.byte	64
  76 0034 28       		.byte	40
  77 0035 14       		.byte	20
  78 0036 01       		.byte	1
  79 0037 40       		.byte	64
  80 0038 0D       		.byte	13
  81 0039 15       		.byte	21
  82 003a 01       		.byte	1
  83 003b 40       		.byte	64
  84 003c 32       		.byte	50
  85 003d 16       		.byte	22
  86 003e 01       		.byte	1
  87 003f 40       		.byte	64
  88 0040 12       		.byte	18
  89 0041 17       		.byte	23
  90 0042 01       		.byte	1
  91 0043 40       		.byte	64
  92 0044 02       		.byte	2
  93 0045 19       		.byte	25
  94 0046 01       		.byte	1
  95 0047 40       		.byte	64
  96 0048 01       		.byte	1
  97 0049 1B       		.byte	27
  98 004a 01       		.byte	1
  99 004b 40       		.byte	64
 100 004c 03       		.byte	3
 101 004d 40       		.byte	64
 102 004e 01       		.byte	1
 103 004f 40       		.byte	64
 104 0050 05       		.byte	5
 105 0051 41       		.byte	65
 106 0052 01       		.byte	1
 107 0053 40       		.byte	64
 108 0054 0A       		.byte	10
 109 0055 42       		.byte	66
 110 0056 01       		.byte	1
 111 0057 40       		.byte	64
 112 0058 06       		.byte	6
 113 0059 43       		.byte	67
 114 005a 01       		.byte	1
ARM GAS  C:\Users\gding\AppData\Local\Temp\ccDXNkvP.s 			page 3


 115 005b 40       		.byte	64
 116 005c 07       		.byte	7
 117 005d 44       		.byte	68
 118 005e 01       		.byte	1
 119 005f 40       		.byte	64
 120 0060 01       		.byte	1
 121 0061 45       		.byte	69
 122 0062 01       		.byte	1
 123 0063 40       		.byte	64
 124 0064 03       		.byte	3
 125 0065 46       		.byte	70
 126 0066 01       		.byte	1
 127 0067 40       		.byte	64
 128 0068 04       		.byte	4
 129 0069 47       		.byte	71
 130 006a 01       		.byte	1
 131 006b 40       		.byte	64
 132 006c 0A       		.byte	10
 133 006d 48       		.byte	72
 134 006e 01       		.byte	1
 135 006f 40       		.byte	64
 136 0070 0B       		.byte	11
 137 0071 49       		.byte	73
 138 0072 01       		.byte	1
 139 0073 40       		.byte	64
 140 0074 0F       		.byte	15
 141 0075 4C       		.byte	76
 142 0076 01       		.byte	1
 143 0077 40       		.byte	64
 144 0078 06       		.byte	6
 145 0079 4D       		.byte	77
 146 007a 01       		.byte	1
 147 007b 40       		.byte	64
 148 007c 07       		.byte	7
 149 007d 50       		.byte	80
 150 007e 01       		.byte	1
 151 007f 40       		.byte	64
 152 0080 02       		.byte	2
 153 0081 51       		.byte	81
 154 0082 01       		.byte	1
 155 0083 40       		.byte	64
 156 0084 01       		.byte	1
 157 0085 20       		.byte	32
 158 0086 0A       		.byte	10
 159 0087 4B       		.byte	75
 160 0088 18       		.byte	24
 161 0089 20       		.byte	32
 162 008a 19       		.byte	25
 163 008b 20       		.byte	32
 164 008c DF       		.byte	-33
 165 008d 04       		.byte	4
 166 008e 81       		.byte	-127
 167 008f 0F       		.byte	15
 168 0090 83       		.byte	-125
 169 0091 0D       		.byte	13
 170 0092 87       		.byte	-121
 171 0093 0D       		.byte	13
ARM GAS  C:\Users\gding\AppData\Local\Temp\ccDXNkvP.s 			page 4


 172 0094 01       		.byte	1
 173 0095 03       		.byte	3
 174 0096 03       		.byte	3
 175 0097 04       		.byte	4
 176 0098 09       		.byte	9
 177 0099 05       		.byte	5
 178 009a 0B       		.byte	11
 179 009b 02       		.byte	2
 180 009c 11       		.byte	17
 181 009d 04       		.byte	4
 182 009e 13       		.byte	19
 183 009f 03       		.byte	3
 184 00a0 19       		.byte	25
 185 00a1 01       		.byte	1
 186 00a2 1B       		.byte	27
 187 00a3 06       		.byte	6
 188 00a4 31       		.byte	49
 189 00a5 07       		.byte	7
 190 00a6 37       		.byte	55
 191 00a7 07       		.byte	7
 192 00a8 3B       		.byte	59
 193 00a9 82       		.byte	-126
 194 00aa 40       		.byte	64
 195 00ab 54       		.byte	84
 196 00ac 49       		.byte	73
 197 00ad FF       		.byte	-1
 198 00ae 4A       		.byte	74
 199 00af FF       		.byte	-1
 200 00b0 4B       		.byte	75
 201 00b1 FF       		.byte	-1
 202 00b2 4F       		.byte	79
 203 00b3 01       		.byte	1
 204 00b4 50       		.byte	80
 205 00b5 18       		.byte	24
 206 00b6 52       		.byte	82
 207 00b7 80       		.byte	-128
 208 00b8 59       		.byte	89
 209 00b9 04       		.byte	4
 210 00ba 5A       		.byte	90
 211 00bb 04       		.byte	4
 212 00bc 5B       		.byte	91
 213 00bd 04       		.byte	4
 214 00be 5D       		.byte	93
 215 00bf 99       		.byte	-103
 216 00c0 5F       		.byte	95
 217 00c1 01       		.byte	1
 218 00c2 60       		.byte	96
 219 00c3 40       		.byte	64
 220 00c4 62       		.byte	98
 221 00c5 40       		.byte	64
 222 00c6 64       		.byte	100
 223 00c7 40       		.byte	64
 224 00c8 65       		.byte	101
 225 00c9 40       		.byte	64
 226 00ca 66       		.byte	102
 227 00cb 80       		.byte	-128
 228 00cc 68       		.byte	104
ARM GAS  C:\Users\gding\AppData\Local\Temp\ccDXNkvP.s 			page 5


 229 00cd 80       		.byte	-128
 230 00ce 6A       		.byte	106
 231 00cf 80       		.byte	-128
 232 00d0 6C       		.byte	108
 233 00d1 80       		.byte	-128
 234 00d2 6E       		.byte	110
 235 00d3 80       		.byte	-128
 236 00d4 04       		.byte	4
 237 00d5 19       		.byte	25
 238 00d6 06       		.byte	6
 239 00d7 02       		.byte	2
 240 00d8 0E       		.byte	14
 241 00d9 4A       		.byte	74
 242 00da 0F       		.byte	15
 243 00db 20       		.byte	32
 244 00dc 15       		.byte	21
 245 00dd 40       		.byte	64
 246 00de 16       		.byte	22
 247 00df 08       		.byte	8
 248 00e0 17       		.byte	23
 249 00e1 14       		.byte	20
 250 00e2 1D       		.byte	29
 251 00e3 20       		.byte	32
 252 00e4 1E       		.byte	30
 253 00e5 01       		.byte	1
 254 00e6 21       		.byte	33
 255 00e7 02       		.byte	2
 256 00e8 23       		.byte	35
 257 00e9 01       		.byte	1
 258 00ea 24       		.byte	36
 259 00eb 0C       		.byte	12
 260 00ec 25       		.byte	37
 261 00ed 04       		.byte	4
 262 00ee 26       		.byte	38
 263 00ef 20       		.byte	32
 264 00f0 27       		.byte	39
 265 00f1 18       		.byte	24
 266 00f2 2C       		.byte	44
 267 00f3 08       		.byte	8
 268 00f4 2E       		.byte	46
 269 00f5 08       		.byte	8
 270 00f6 2F       		.byte	47
 271 00f7 01       		.byte	1
 272 00f8 31       		.byte	49
 273 00f9 02       		.byte	2
 274 00fa 32       		.byte	50
 275 00fb 20       		.byte	32
 276 00fc 36       		.byte	54
 277 00fd 15       		.byte	21
 278 00fe 38       		.byte	56
 279 00ff 10       		.byte	16
 280 0100 3B       		.byte	59
 281 0101 02       		.byte	2
 282 0102 3C       		.byte	60
 283 0103 04       		.byte	4
 284 0104 3D       		.byte	61
 285 0105 50       		.byte	80
ARM GAS  C:\Users\gding\AppData\Local\Temp\ccDXNkvP.s 			page 6


 286 0106 3E       		.byte	62
 287 0107 02       		.byte	2
 288 0108 41       		.byte	65
 289 0109 01       		.byte	1
 290 010a 46       		.byte	70
 291 010b 01       		.byte	1
 292 010c 48       		.byte	72
 293 010d 02       		.byte	2
 294 010e 4C       		.byte	76
 295 010f 02       		.byte	2
 296 0110 67       		.byte	103
 297 0111 01       		.byte	1
 298 0112 6D       		.byte	109
 299 0113 50       		.byte	80
 300 0114 6E       		.byte	110
 301 0115 0A       		.byte	10
 302 0116 6F       		.byte	111
 303 0117 64       		.byte	100
 304 0118 70       		.byte	112
 305 0119 02       		.byte	2
 306 011a 76       		.byte	118
 307 011b 02       		.byte	2
 308 011c 8D       		.byte	-115
 309 011d 80       		.byte	-128
 310 011e C0       		.byte	-64
 311 011f F0       		.byte	-16
 312 0120 C2       		.byte	-62
 313 0121 F0       		.byte	-16
 314 0122 C4       		.byte	-60
 315 0123 E0       		.byte	-32
 316 0124 CA       		.byte	-54
 317 0125 70       		.byte	112
 318 0126 CC       		.byte	-52
 319 0127 E5       		.byte	-27
 320 0128 CE       		.byte	-50
 321 0129 F5       		.byte	-11
 322 012a D0       		.byte	-48
 323 012b 11       		.byte	17
 324 012c D2       		.byte	-46
 325 012d 18       		.byte	24
 326 012e D8       		.byte	-40
 327 012f 10       		.byte	16
 328 0130 81       		.byte	-127
 329 0131 04       		.byte	4
 330 0132 83       		.byte	-125
 331 0133 03       		.byte	3
 332 0134 86       		.byte	-122
 333 0135 01       		.byte	1
 334 0136 87       		.byte	-121
 335 0137 0C       		.byte	12
 336 0138 89       		.byte	-119
 337 0139 08       		.byte	8
 338 013a 8B       		.byte	-117
 339 013b 03       		.byte	3
 340 013c 99       		.byte	-103
 341 013d 01       		.byte	1
 342 013e 9B       		.byte	-101
ARM GAS  C:\Users\gding\AppData\Local\Temp\ccDXNkvP.s 			page 7


 343 013f 02       		.byte	2
 344 0140 A3       		.byte	-93
 345 0141 01       		.byte	1
 346 0142 AB       		.byte	-85
 347 0143 02       		.byte	2
 348 0144 B0       		.byte	-80
 349 0145 01       		.byte	1
 350 0146 B5       		.byte	-75
 351 0147 0F       		.byte	15
 352 0148 B8       		.byte	-72
 353 0149 80       		.byte	-128
 354 014a BE       		.byte	-66
 355 014b 40       		.byte	64
 356 014c C0       		.byte	-64
 357 014d 54       		.byte	84
 358 014e C5       		.byte	-59
 359 014f EC       		.byte	-20
 360 0150 C7       		.byte	-57
 361 0151 20       		.byte	32
 362 0152 C8       		.byte	-56
 363 0153 23       		.byte	35
 364 0154 C9       		.byte	-55
 365 0155 FF       		.byte	-1
 366 0156 CA       		.byte	-54
 367 0157 FF       		.byte	-1
 368 0158 CB       		.byte	-53
 369 0159 FF       		.byte	-1
 370 015a CD       		.byte	-51
 371 015b 83       		.byte	-125
 372 015c CE       		.byte	-50
 373 015d 03       		.byte	3
 374 015e CF       		.byte	-49
 375 015f 01       		.byte	1
 376 0160 D0       		.byte	-48
 377 0161 18       		.byte	24
 378 0162 D4       		.byte	-44
 379 0163 01       		.byte	1
 380 0164 D6       		.byte	-42
 381 0165 04       		.byte	4
 382 0166 D8       		.byte	-40
 383 0167 04       		.byte	4
 384 0168 D9       		.byte	-39
 385 0169 04       		.byte	4
 386 016a DA       		.byte	-38
 387 016b 04       		.byte	4
 388 016c DB       		.byte	-37
 389 016d 04       		.byte	4
 390 016e DD       		.byte	-35
 391 016f 99       		.byte	-103
 392 0170 DF       		.byte	-33
 393 0171 01       		.byte	1
 394 0172 E0       		.byte	-32
 395 0173 40       		.byte	64
 396 0174 E2       		.byte	-30
 397 0175 40       		.byte	64
 398 0176 E4       		.byte	-28
 399 0177 40       		.byte	64
ARM GAS  C:\Users\gding\AppData\Local\Temp\ccDXNkvP.s 			page 8


 400 0178 E5       		.byte	-27
 401 0179 40       		.byte	64
 402 017a E6       		.byte	-26
 403 017b 80       		.byte	-128
 404 017c E8       		.byte	-24
 405 017d 80       		.byte	-128
 406 017e EA       		.byte	-22
 407 017f 80       		.byte	-128
 408 0180 EC       		.byte	-20
 409 0181 80       		.byte	-128
 410 0182 EE       		.byte	-18
 411 0183 80       		.byte	-128
 412 0184 02       		.byte	2
 413 0185 10       		.byte	16
 414 0186 04       		.byte	4
 415 0187 18       		.byte	24
 416 0188 06       		.byte	6
 417 0189 02       		.byte	2
 418 018a 07       		.byte	7
 419 018b 40       		.byte	64
 420 018c 0C       		.byte	12
 421 018d 08       		.byte	8
 422 018e 0E       		.byte	14
 423 018f 09       		.byte	9
 424 0190 0F       		.byte	15
 425 0191 40       		.byte	64
 426 0192 14       		.byte	20
 427 0193 01       		.byte	1
 428 0194 16       		.byte	22
 429 0195 08       		.byte	8
 430 0196 17       		.byte	23
 431 0197 06       		.byte	6
 432 0198 19       		.byte	25
 433 0199 82       		.byte	-126
 434 019a 1C       		.byte	28
 435 019b 11       		.byte	17
 436 019c 1E       		.byte	30
 437 019d 60       		.byte	96
 438 019e 1F       		.byte	31
 439 019f 41       		.byte	65
 440 01a0 20       		.byte	32
 441 01a1 04       		.byte	4
 442 01a2 27       		.byte	39
 443 01a3 02       		.byte	2
 444 01a4 29       		.byte	41
 445 01a5 02       		.byte	2
 446 01a6 2A       		.byte	42
 447 01a7 10       		.byte	16
 448 01a8 2C       		.byte	44
 449 01a9 01       		.byte	1
 450 01aa 2D       		.byte	45
 451 01ab 10       		.byte	16
 452 01ac 2E       		.byte	46
 453 01ad 40       		.byte	64
 454 01ae 2F       		.byte	47
 455 01af 60       		.byte	96
 456 01b0 32       		.byte	50
ARM GAS  C:\Users\gding\AppData\Local\Temp\ccDXNkvP.s 			page 9


 457 01b1 20       		.byte	32
 458 01b2 36       		.byte	54
 459 01b3 10       		.byte	16
 460 01b4 37       		.byte	55
 461 01b5 48       		.byte	72
 462 01b6 38       		.byte	56
 463 01b7 14       		.byte	20
 464 01b8 3A       		.byte	58
 465 01b9 04       		.byte	4
 466 01ba 3B       		.byte	59
 467 01bb 02       		.byte	2
 468 01bc 3D       		.byte	61
 469 01bd 48       		.byte	72
 470 01be 3E       		.byte	62
 471 01bf 0A       		.byte	10
 472 01c0 3F       		.byte	63
 473 01c1 60       		.byte	96
 474 01c2 41       		.byte	65
 475 01c3 01       		.byte	1
 476 01c4 46       		.byte	70
 477 01c5 01       		.byte	1
 478 01c6 48       		.byte	72
 479 01c7 02       		.byte	2
 480 01c8 49       		.byte	73
 481 01c9 05       		.byte	5
 482 01ca 4C       		.byte	76
 483 01cb 02       		.byte	2
 484 01cc 51       		.byte	81
 485 01cd 01       		.byte	1
 486 01ce 52       		.byte	82
 487 01cf 01       		.byte	1
 488 01d0 59       		.byte	89
 489 01d1 05       		.byte	5
 490 01d2 5A       		.byte	90
 491 01d3 80       		.byte	-128
 492 01d4 61       		.byte	97
 493 01d5 02       		.byte	2
 494 01d6 85       		.byte	-123
 495 01d7 82       		.byte	-126
 496 01d8 90       		.byte	-112
 497 01d9 08       		.byte	8
 498 01da 91       		.byte	-111
 499 01db 50       		.byte	80
 500 01dc 92       		.byte	-110
 501 01dd 01       		.byte	1
 502 01de 94       		.byte	-108
 503 01df 11       		.byte	17
 504 01e0 95       		.byte	-107
 505 01e1 02       		.byte	2
 506 01e2 96       		.byte	-106
 507 01e3 40       		.byte	64
 508 01e4 97       		.byte	-105
 509 01e5 02       		.byte	2
 510 01e6 9A       		.byte	-102
 511 01e7 02       		.byte	2
 512 01e8 9B       		.byte	-101
 513 01e9 4C       		.byte	76
ARM GAS  C:\Users\gding\AppData\Local\Temp\ccDXNkvP.s 			page 10


 514 01ea 9D       		.byte	-99
 515 01eb 80       		.byte	-128
 516 01ec 9E       		.byte	-98
 517 01ed 01       		.byte	1
 518 01ee A0       		.byte	-96
 519 01ef 02       		.byte	2
 520 01f0 A1       		.byte	-95
 521 01f1 24       		.byte	36
 522 01f2 A2       		.byte	-94
 523 01f3 24       		.byte	36
 524 01f4 A3       		.byte	-93
 525 01f5 20       		.byte	32
 526 01f6 A4       		.byte	-92
 527 01f7 08       		.byte	8
 528 01f8 A6       		.byte	-90
 529 01f9 10       		.byte	16
 530 01fa A7       		.byte	-89
 531 01fb 10       		.byte	16
 532 01fc C0       		.byte	-64
 533 01fd F4       		.byte	-12
 534 01fe C2       		.byte	-62
 535 01ff F0       		.byte	-16
 536 0200 C4       		.byte	-60
 537 0201 F0       		.byte	-16
 538 0202 CA       		.byte	-54
 539 0203 F5       		.byte	-11
 540 0204 CC       		.byte	-52
 541 0205 74       		.byte	116
 542 0206 CE       		.byte	-50
 543 0207 F7       		.byte	-9
 544 0208 D0       		.byte	-48
 545 0209 11       		.byte	17
 546 020a D2       		.byte	-46
 547 020b 18       		.byte	24
 548 020c D6       		.byte	-42
 549 020d 0B       		.byte	11
 550 020e D8       		.byte	-40
 551 020f 01       		.byte	1
 552 0210 01       		.byte	1
 553 0211 11       		.byte	17
 554 0212 03       		.byte	3
 555 0213 44       		.byte	68
 556 0214 09       		.byte	9
 557 0215 29       		.byte	41
 558 0216 0A       		.byte	10
 559 0217 02       		.byte	2
 560 0218 0B       		.byte	11
 561 0219 10       		.byte	16
 562 021a 0E       		.byte	14
 563 021b 01       		.byte	1
 564 021c 10       		.byte	16
 565 021d 02       		.byte	2
 566 021e 15       		.byte	21
 567 021f 13       		.byte	19
 568 0220 17       		.byte	23
 569 0221 20       		.byte	32
 570 0222 19       		.byte	25
ARM GAS  C:\Users\gding\AppData\Local\Temp\ccDXNkvP.s 			page 11


 571 0223 6E       		.byte	110
 572 0224 26       		.byte	38
 573 0225 02       		.byte	2
 574 0226 27       		.byte	39
 575 0227 0E       		.byte	14
 576 0228 2E       		.byte	46
 577 0229 01       		.byte	1
 578 022a 30       		.byte	48
 579 022b 01       		.byte	1
 580 022c 33       		.byte	51
 581 022d 0E       		.byte	14
 582 022e 35       		.byte	53
 583 022f 70       		.byte	112
 584 0230 36       		.byte	54
 585 0231 02       		.byte	2
 586 0232 37       		.byte	55
 587 0233 01       		.byte	1
 588 0234 39       		.byte	57
 589 0235 20       		.byte	32
 590 0236 3E       		.byte	62
 591 0237 41       		.byte	65
 592 0238 3F       		.byte	63
 593 0239 44       		.byte	68
 594 023a 54       		.byte	84
 595 023b 09       		.byte	9
 596 023c 58       		.byte	88
 597 023d 04       		.byte	4
 598 023e 59       		.byte	89
 599 023f 04       		.byte	4
 600 0240 5B       		.byte	91
 601 0241 04       		.byte	4
 602 0242 5F       		.byte	95
 603 0243 01       		.byte	1
 604 0244 80       		.byte	-128
 605 0245 1B       		.byte	27
 606 0246 84       		.byte	-124
 607 0247 04       		.byte	4
 608 0248 86       		.byte	-122
 609 0249 1A       		.byte	26
 610 024a 88       		.byte	-120
 611 024b 04       		.byte	4
 612 024c 89       		.byte	-119
 613 024d 06       		.byte	6
 614 024e 8A       		.byte	-118
 615 024f 10       		.byte	16
 616 0250 8C       		.byte	-116
 617 0251 1B       		.byte	27
 618 0252 90       		.byte	-112
 619 0253 04       		.byte	4
 620 0254 92       		.byte	-110
 621 0255 08       		.byte	8
 622 0256 97       		.byte	-105
 623 0257 03       		.byte	3
 624 0258 98       		.byte	-104
 625 0259 1B       		.byte	27
 626 025a 9F       		.byte	-97
 627 025b 01       		.byte	1
ARM GAS  C:\Users\gding\AppData\Local\Temp\ccDXNkvP.s 			page 12


 628 025c A2       		.byte	-94
 629 025d 01       		.byte	1
 630 025e A4       		.byte	-92
 631 025f 02       		.byte	2
 632 0260 A6       		.byte	-90
 633 0261 04       		.byte	4
 634 0262 A8       		.byte	-88
 635 0263 1B       		.byte	27
 636 0264 AC       		.byte	-84
 637 0265 1A       		.byte	26
 638 0266 AE       		.byte	-82
 639 0267 01       		.byte	1
 640 0268 AF       		.byte	-81
 641 0269 05       		.byte	5
 642 026a B2       		.byte	-78
 643 026b 1E       		.byte	30
 644 026c B4       		.byte	-76
 645 026d 01       		.byte	1
 646 026e B7       		.byte	-73
 647 026f 07       		.byte	7
 648 0270 BA       		.byte	-70
 649 0271 08       		.byte	8
 650 0272 BE       		.byte	-66
 651 0273 10       		.byte	16
 652 0274 C0       		.byte	-64
 653 0275 56       		.byte	86
 654 0276 C1       		.byte	-63
 655 0277 03       		.byte	3
 656 0278 C2       		.byte	-62
 657 0279 20       		.byte	32
 658 027a C4       		.byte	-60
 659 027b 04       		.byte	4
 660 027c C5       		.byte	-59
 661 027d DE       		.byte	-34
 662 027e C6       		.byte	-58
 663 027f B0       		.byte	-80
 664 0280 C7       		.byte	-57
 665 0281 FC       		.byte	-4
 666 0282 C8       		.byte	-56
 667 0283 3B       		.byte	59
 668 0284 C9       		.byte	-55
 669 0285 FF       		.byte	-1
 670 0286 CA       		.byte	-54
 671 0287 FF       		.byte	-1
 672 0288 CB       		.byte	-53
 673 0289 FF       		.byte	-1
 674 028a CC       		.byte	-52
 675 028b 22       		.byte	34
 676 028c CE       		.byte	-50
 677 028d F0       		.byte	-16
 678 028e CF       		.byte	-49
 679 028f 08       		.byte	8
 680 0290 D0       		.byte	-48
 681 0291 04       		.byte	4
 682 0292 D4       		.byte	-44
 683 0293 40       		.byte	64
 684 0294 D8       		.byte	-40
ARM GAS  C:\Users\gding\AppData\Local\Temp\ccDXNkvP.s 			page 13


 685 0295 04       		.byte	4
 686 0296 D9       		.byte	-39
 687 0297 04       		.byte	4
 688 0298 DA       		.byte	-38
 689 0299 04       		.byte	4
 690 029a DB       		.byte	-37
 691 029b 04       		.byte	4
 692 029c DF       		.byte	-33
 693 029d 01       		.byte	1
 694 029e E2       		.byte	-30
 695 029f C0       		.byte	-64
 696 02a0 E4       		.byte	-28
 697 02a1 40       		.byte	64
 698 02a2 E5       		.byte	-27
 699 02a3 01       		.byte	1
 700 02a4 E6       		.byte	-26
 701 02a5 10       		.byte	16
 702 02a6 E7       		.byte	-25
 703 02a7 11       		.byte	17
 704 02a8 E8       		.byte	-24
 705 02a9 C0       		.byte	-64
 706 02aa E9       		.byte	-23
 707 02ab 01       		.byte	1
 708 02ac EB       		.byte	-21
 709 02ad 11       		.byte	17
 710 02ae EC       		.byte	-20
 711 02af 40       		.byte	64
 712 02b0 ED       		.byte	-19
 713 02b1 01       		.byte	1
 714 02b2 EE       		.byte	-18
 715 02b3 40       		.byte	64
 716 02b4 EF       		.byte	-17
 717 02b5 01       		.byte	1
 718 02b6 00       		.byte	0
 719 02b7 10       		.byte	16
 720 02b8 02       		.byte	2
 721 02b9 01       		.byte	1
 722 02ba 04       		.byte	4
 723 02bb 10       		.byte	16
 724 02bc 05       		.byte	5
 725 02bd 04       		.byte	4
 726 02be 06       		.byte	6
 727 02bf 02       		.byte	2
 728 02c0 07       		.byte	7
 729 02c1 40       		.byte	64
 730 02c2 0A       		.byte	10
 731 02c3 40       		.byte	64
 732 02c4 0B       		.byte	11
 733 02c5 40       		.byte	64
 734 02c6 0E       		.byte	14
 735 02c7 48       		.byte	72
 736 02c8 10       		.byte	16
 737 02c9 02       		.byte	2
 738 02ca 13       		.byte	19
 739 02cb 08       		.byte	8
 740 02cc 15       		.byte	21
 741 02cd 51       		.byte	81
ARM GAS  C:\Users\gding\AppData\Local\Temp\ccDXNkvP.s 			page 14


 742 02ce 17       		.byte	23
 743 02cf 08       		.byte	8
 744 02d0 19       		.byte	25
 745 02d1 80       		.byte	-128
 746 02d2 1A       		.byte	26
 747 02d3 80       		.byte	-128
 748 02d4 1D       		.byte	29
 749 02d5 04       		.byte	4
 750 02d6 1F       		.byte	31
 751 02d7 10       		.byte	16
 752 02d8 20       		.byte	32
 753 02d9 01       		.byte	1
 754 02da 22       		.byte	34
 755 02db 10       		.byte	16
 756 02dc 23       		.byte	35
 757 02dd 10       		.byte	16
 758 02de 26       		.byte	38
 759 02df 80       		.byte	-128
 760 02e0 2A       		.byte	42
 761 02e1 04       		.byte	4
 762 02e2 2C       		.byte	44
 763 02e3 08       		.byte	8
 764 02e4 2D       		.byte	45
 765 02e5 20       		.byte	32
 766 02e6 2E       		.byte	46
 767 02e7 40       		.byte	64
 768 02e8 31       		.byte	49
 769 02e9 08       		.byte	8
 770 02ea 32       		.byte	50
 771 02eb 10       		.byte	16
 772 02ec 36       		.byte	54
 773 02ed 80       		.byte	-128
 774 02ee 37       		.byte	55
 775 02ef 08       		.byte	8
 776 02f0 38       		.byte	56
 777 02f1 10       		.byte	16
 778 02f2 3B       		.byte	59
 779 02f3 02       		.byte	2
 780 02f4 3C       		.byte	60
 781 02f5 10       		.byte	16
 782 02f6 45       		.byte	69
 783 02f7 28       		.byte	40
 784 02f8 46       		.byte	70
 785 02f9 40       		.byte	64
 786 02fa 47       		.byte	71
 787 02fb 08       		.byte	8
 788 02fc 4D       		.byte	77
 789 02fd 09       		.byte	9
 790 02fe 4E       		.byte	78
 791 02ff 04       		.byte	4
 792 0300 4F       		.byte	79
 793 0301 41       		.byte	65
 794 0302 54       		.byte	84
 795 0303 09       		.byte	9
 796 0304 56       		.byte	86
 797 0305 10       		.byte	16
 798 0306 57       		.byte	87
ARM GAS  C:\Users\gding\AppData\Local\Temp\ccDXNkvP.s 			page 15


 799 0307 10       		.byte	16
 800 0308 59       		.byte	89
 801 0309 A9       		.byte	-87
 802 030a 60       		.byte	96
 803 030b 01       		.byte	1
 804 030c 67       		.byte	103
 805 030d 29       		.byte	41
 806 030e 7C       		.byte	124
 807 030f 10       		.byte	16
 808 0310 7E       		.byte	126
 809 0311 04       		.byte	4
 810 0312 81       		.byte	-127
 811 0313 21       		.byte	33
 812 0314 86       		.byte	-122
 813 0315 80       		.byte	-128
 814 0316 87       		.byte	-121
 815 0317 10       		.byte	16
 816 0318 90       		.byte	-112
 817 0319 10       		.byte	16
 818 031a 91       		.byte	-111
 819 031b 50       		.byte	80
 820 031c 92       		.byte	-110
 821 031d 40       		.byte	64
 822 031e 93       		.byte	-109
 823 031f 02       		.byte	2
 824 0320 96       		.byte	-106
 825 0321 80       		.byte	-128
 826 0322 9A       		.byte	-102
 827 0323 07       		.byte	7
 828 0324 9B       		.byte	-101
 829 0325 48       		.byte	72
 830 0326 9E       		.byte	-98
 831 0327 10       		.byte	16
 832 0328 A0       		.byte	-96
 833 0329 02       		.byte	2
 834 032a A1       		.byte	-95
 835 032b 20       		.byte	32
 836 032c A2       		.byte	-94
 837 032d 04       		.byte	4
 838 032e A4       		.byte	-92
 839 032f 08       		.byte	8
 840 0330 A7       		.byte	-89
 841 0331 10       		.byte	16
 842 0332 C0       		.byte	-64
 843 0333 F3       		.byte	-13
 844 0334 C2       		.byte	-62
 845 0335 58       		.byte	88
 846 0336 C4       		.byte	-60
 847 0337 F5       		.byte	-11
 848 0338 CA       		.byte	-54
 849 0339 12       		.byte	18
 850 033a CC       		.byte	-52
 851 033b 56       		.byte	86
 852 033c CE       		.byte	-50
 853 033d 25       		.byte	37
 854 033e D0       		.byte	-48
 855 033f E0       		.byte	-32
ARM GAS  C:\Users\gding\AppData\Local\Temp\ccDXNkvP.s 			page 16


 856 0340 D2       		.byte	-46
 857 0341 30       		.byte	48
 858 0342 D6       		.byte	-42
 859 0343 0F       		.byte	15
 860 0344 D8       		.byte	-40
 861 0345 78       		.byte	120
 862 0346 9E       		.byte	-98
 863 0347 40       		.byte	64
 864 0348 AC       		.byte	-84
 865 0349 01       		.byte	1
 866 034a AF       		.byte	-81
 867 034b 04       		.byte	4
 868 034c E4       		.byte	-28
 869 034d 40       		.byte	64
 870 034e 40       		.byte	64
 871 034f 46       		.byte	70
 872 0350 49       		.byte	73
 873 0351 FF       		.byte	-1
 874 0352 4A       		.byte	74
 875 0353 FF       		.byte	-1
 876 0354 4B       		.byte	75
 877 0355 FF       		.byte	-1
 878 0356 4F       		.byte	79
 879 0357 01       		.byte	1
 880 0358 50       		.byte	80
 881 0359 18       		.byte	24
 882 035a 52       		.byte	82
 883 035b 80       		.byte	-128
 884 035c 5A       		.byte	90
 885 035d 04       		.byte	4
 886 035e 5B       		.byte	91
 887 035f 04       		.byte	4
 888 0360 5D       		.byte	93
 889 0361 99       		.byte	-103
 890 0362 5F       		.byte	95
 891 0363 01       		.byte	1
 892 0364 60       		.byte	96
 893 0365 40       		.byte	64
 894 0366 62       		.byte	98
 895 0367 40       		.byte	64
 896 0368 64       		.byte	100
 897 0369 40       		.byte	64
 898 036a 65       		.byte	101
 899 036b 40       		.byte	64
 900 036c 66       		.byte	102
 901 036d 80       		.byte	-128
 902 036e 68       		.byte	104
 903 036f 80       		.byte	-128
 904 0370 6A       		.byte	106
 905 0371 80       		.byte	-128
 906 0372 6C       		.byte	108
 907 0373 80       		.byte	-128
 908 0374 6E       		.byte	110
 909 0375 80       		.byte	-128
 910 0376 C0       		.byte	-64
 911 0377 46       		.byte	70
 912 0378 C9       		.byte	-55
ARM GAS  C:\Users\gding\AppData\Local\Temp\ccDXNkvP.s 			page 17


 913 0379 FF       		.byte	-1
 914 037a CA       		.byte	-54
 915 037b FF       		.byte	-1
 916 037c CB       		.byte	-53
 917 037d FF       		.byte	-1
 918 037e CD       		.byte	-51
 919 037f 83       		.byte	-125
 920 0380 CE       		.byte	-50
 921 0381 03       		.byte	3
 922 0382 CF       		.byte	-49
 923 0383 01       		.byte	1
 924 0384 D0       		.byte	-48
 925 0385 18       		.byte	24
 926 0386 DA       		.byte	-38
 927 0387 04       		.byte	4
 928 0388 DD       		.byte	-35
 929 0389 09       		.byte	9
 930 038a DF       		.byte	-33
 931 038b 01       		.byte	1
 932 038c E0       		.byte	-32
 933 038d 40       		.byte	64
 934 038e E2       		.byte	-30
 935 038f 40       		.byte	64
 936 0390 E4       		.byte	-28
 937 0391 40       		.byte	64
 938 0392 E5       		.byte	-27
 939 0393 40       		.byte	64
 940 0394 E6       		.byte	-26
 941 0395 80       		.byte	-128
 942 0396 E8       		.byte	-24
 943 0397 80       		.byte	-128
 944 0398 EA       		.byte	-22
 945 0399 80       		.byte	-128
 946 039a EC       		.byte	-20
 947 039b 80       		.byte	-128
 948 039c EE       		.byte	-18
 949 039d 80       		.byte	-128
 950 039e 41       		.byte	65
 951 039f 02       		.byte	2
 952 03a0 45       		.byte	69
 953 03a1 02       		.byte	2
 954 03a2 48       		.byte	72
 955 03a3 08       		.byte	8
 956 03a4 4C       		.byte	76
 957 03a5 08       		.byte	8
 958 03a6 71       		.byte	113
 959 03a7 02       		.byte	2
 960 03a8 8A       		.byte	-118
 961 03a9 40       		.byte	64
 962 03aa 9E       		.byte	-98
 963 03ab 40       		.byte	64
 964 03ac A0       		.byte	-96
 965 03ad 08       		.byte	8
 966 03ae A5       		.byte	-91
 967 03af 02       		.byte	2
 968 03b0 D0       		.byte	-48
 969 03b1 81       		.byte	-127
ARM GAS  C:\Users\gding\AppData\Local\Temp\ccDXNkvP.s 			page 18


 970 03b2 D2       		.byte	-46
 971 03b3 24       		.byte	36
 972 03b4 E4       		.byte	-28
 973 03b5 80       		.byte	-128
 974 03b6 EA       		.byte	-22
 975 03b7 01       		.byte	1
 976 03b8 40       		.byte	64
 977 03b9 46       		.byte	70
 978 03ba 49       		.byte	73
 979 03bb FF       		.byte	-1
 980 03bc 4A       		.byte	74
 981 03bd FF       		.byte	-1
 982 03be 4B       		.byte	75
 983 03bf FF       		.byte	-1
 984 03c0 4D       		.byte	77
 985 03c1 83       		.byte	-125
 986 03c2 4E       		.byte	78
 987 03c3 03       		.byte	3
 988 03c4 4F       		.byte	79
 989 03c5 01       		.byte	1
 990 03c6 50       		.byte	80
 991 03c7 18       		.byte	24
 992 03c8 5A       		.byte	90
 993 03c9 04       		.byte	4
 994 03ca 5D       		.byte	93
 995 03cb 09       		.byte	9
 996 03cc 5F       		.byte	95
 997 03cd 01       		.byte	1
 998 03ce 60       		.byte	96
 999 03cf 40       		.byte	64
 1000 03d0 62       		.byte	98
 1001 03d1 40       		.byte	64
 1002 03d2 64       		.byte	100
 1003 03d3 40       		.byte	64
 1004 03d4 65       		.byte	101
 1005 03d5 40       		.byte	64
 1006 03d6 66       		.byte	102
 1007 03d7 80       		.byte	-128
 1008 03d8 68       		.byte	104
 1009 03d9 80       		.byte	-128
 1010 03da 6A       		.byte	106
 1011 03db 80       		.byte	-128
 1012 03dc 6C       		.byte	108
 1013 03dd 80       		.byte	-128
 1014 03de 6E       		.byte	110
 1015 03df 80       		.byte	-128
 1016 03e0 93       		.byte	-109
 1017 03e1 01       		.byte	1
 1018 03e2 97       		.byte	-105
 1019 03e3 01       		.byte	1
 1020 03e4 B7       		.byte	-73
 1021 03e5 01       		.byte	1
 1022 03e6 BF       		.byte	-65
 1023 03e7 40       		.byte	64
 1024 03e8 C0       		.byte	-64
 1025 03e9 46       		.byte	70
 1026 03ea C5       		.byte	-59
ARM GAS  C:\Users\gding\AppData\Local\Temp\ccDXNkvP.s 			page 19


 1027 03eb EC       		.byte	-20
 1028 03ec C7       		.byte	-57
 1029 03ed 02       		.byte	2
 1030 03ee C8       		.byte	-56
 1031 03ef 13       		.byte	19
 1032 03f0 C9       		.byte	-55
 1033 03f1 FF       		.byte	-1
 1034 03f2 CA       		.byte	-54
 1035 03f3 FF       		.byte	-1
 1036 03f4 CB       		.byte	-53
 1037 03f5 FF       		.byte	-1
 1038 03f6 CD       		.byte	-51
 1039 03f7 83       		.byte	-125
 1040 03f8 CE       		.byte	-50
 1041 03f9 03       		.byte	3
 1042 03fa CF       		.byte	-49
 1043 03fb 01       		.byte	1
 1044 03fc D0       		.byte	-48
 1045 03fd 18       		.byte	24
 1046 03fe D4       		.byte	-44
 1047 03ff 01       		.byte	1
 1048 0400 D9       		.byte	-39
 1049 0401 04       		.byte	4
 1050 0402 DA       		.byte	-38
 1051 0403 04       		.byte	4
 1052 0404 DB       		.byte	-37
 1053 0405 04       		.byte	4
 1054 0406 DD       		.byte	-35
 1055 0407 99       		.byte	-103
 1056 0408 DF       		.byte	-33
 1057 0409 01       		.byte	1
 1058 040a E0       		.byte	-32
 1059 040b 40       		.byte	64
 1060 040c E2       		.byte	-30
 1061 040d 40       		.byte	64
 1062 040e E4       		.byte	-28
 1063 040f 40       		.byte	64
 1064 0410 E5       		.byte	-27
 1065 0411 40       		.byte	64
 1066 0412 E6       		.byte	-26
 1067 0413 80       		.byte	-128
 1068 0414 E8       		.byte	-24
 1069 0415 80       		.byte	-128
 1070 0416 EA       		.byte	-22
 1071 0417 80       		.byte	-128
 1072 0418 EC       		.byte	-20
 1073 0419 80       		.byte	-128
 1074 041a EE       		.byte	-18
 1075 041b 80       		.byte	-128
 1076 041c 22       		.byte	34
 1077 041d 40       		.byte	64
 1078 041e 30       		.byte	48
 1079 041f 08       		.byte	8
 1080 0420 31       		.byte	49
 1081 0421 02       		.byte	2
 1082 0422 41       		.byte	65
 1083 0423 02       		.byte	2
ARM GAS  C:\Users\gding\AppData\Local\Temp\ccDXNkvP.s 			page 20


 1084 0424 45       		.byte	69
 1085 0425 02       		.byte	2
 1086 0426 48       		.byte	72
 1087 0427 08       		.byte	8
 1088 0428 49       		.byte	73
 1089 0429 05       		.byte	5
 1090 042a 4C       		.byte	76
 1091 042b 08       		.byte	8
 1092 042c 50       		.byte	80
 1093 042d 08       		.byte	8
 1094 042e 59       		.byte	89
 1095 042f 05       		.byte	5
 1096 0430 5A       		.byte	90
 1097 0431 80       		.byte	-128
 1098 0432 9E       		.byte	-98
 1099 0433 40       		.byte	64
 1100 0434 CC       		.byte	-52
 1101 0435 03       		.byte	3
 1102 0436 D0       		.byte	-48
 1103 0437 81       		.byte	-127
 1104 0438 D2       		.byte	-46
 1105 0439 24       		.byte	36
 1106 043a D6       		.byte	-42
 1107 043b 0B       		.byte	11
 1108 043c EC       		.byte	-20
 1109 043d 30       		.byte	48
 1110 043e EE       		.byte	-18
 1111 043f 08       		.byte	8
 1112 0440 EC       		.byte	-20
 1113 0441 30       		.byte	48
 1114 0442 EE       		.byte	-18
 1115 0443 08       		.byte	8
 1116 0444 EA       		.byte	-22
 1117 0445 01       		.byte	1
 1118 0446 30       		.byte	48
 1119 0447 20       		.byte	32
 1120 0448 36       		.byte	54
 1121 0449 10       		.byte	16
 1122 044a CC       		.byte	-52
 1123 044b 30       		.byte	48
 1124 044c 84       		.byte	-124
 1125 044d 20       		.byte	32
 1126 044e 86       		.byte	-122
 1127 044f 40       		.byte	64
 1128 0450 A4       		.byte	-92
 1129 0451 20       		.byte	32
 1130 0452 A6       		.byte	-90
 1131 0453 10       		.byte	16
 1132 0454 E2       		.byte	-30
 1133 0455 50       		.byte	80
 1134 0456 3E       		.byte	62
 1135 0457 10       		.byte	16
 1136 0458 62       		.byte	98
 1137 0459 40       		.byte	64
 1138 045a 86       		.byte	-122
 1139 045b 02       		.byte	2
 1140 045c 87       		.byte	-121
ARM GAS  C:\Users\gding\AppData\Local\Temp\ccDXNkvP.s 			page 21


 1141 045d 08       		.byte	8
 1142 045e 9A       		.byte	-102
 1143 045f 40       		.byte	64
 1144 0460 A6       		.byte	-90
 1145 0461 10       		.byte	16
 1146 0462 CE       		.byte	-50
 1147 0463 20       		.byte	32
 1148 0464 D6       		.byte	-42
 1149 0465 40       		.byte	64
 1150 0466 E2       		.byte	-30
 1151 0467 10       		.byte	16
 1152 0468 E6       		.byte	-26
 1153 0469 10       		.byte	16
 1154 046a 20       		.byte	32
 1155 046b 01       		.byte	1
 1156 046c 96       		.byte	-106
 1157 046d 10       		.byte	16
 1158 046e 9A       		.byte	-102
 1159 046f 02       		.byte	2
 1160 0470 9B       		.byte	-101
 1161 0471 08       		.byte	8
 1162 0472 A6       		.byte	-90
 1163 0473 10       		.byte	16
 1164 0474 C8       		.byte	-56
 1165 0475 10       		.byte	16
 1166 0476 11       		.byte	17
 1167 0477 01       		.byte	1
 1168 0478 15       		.byte	21
 1169 0479 04       		.byte	4
 1170 047a 7D       		.byte	125
 1171 047b 08       		.byte	8
 1172 047c 8D       		.byte	-115
 1173 047d 04       		.byte	4
 1174 047e C4       		.byte	-60
 1175 047f 0C       		.byte	12
 1176 0480 DE       		.byte	-34
 1177 0481 01       		.byte	1
 1178 0482 E4       		.byte	-28
 1179 0483 02       		.byte	2
 1180 0484 91       		.byte	-111
 1181 0485 05       		.byte	5
 1182 0486 45       		.byte	69
 1183 0487 02       		.byte	2
 1184 0488 91       		.byte	-111
 1185 0489 05       		.byte	5
 1186 048a D0       		.byte	-48
 1187 048b 01       		.byte	1
 1188 048c 03       		.byte	3
 1189 048d 20       		.byte	32
 1190 048e 91       		.byte	-111
 1191 048f 05       		.byte	5
 1192 0490 A5       		.byte	-91
 1193 0491 02       		.byte	2
 1194 0492 C0       		.byte	-64
 1195 0493 08       		.byte	8
 1196 0494 21       		.byte	33
 1197 0495 08       		.byte	8
ARM GAS  C:\Users\gding\AppData\Local\Temp\ccDXNkvP.s 			page 22


 1198 0496 96       		.byte	-106
 1199 0497 10       		.byte	16
 1200 0498 9A       		.byte	-102
 1201 0499 02       		.byte	2
 1202 049a 9B       		.byte	-101
 1203 049b 08       		.byte	8
 1204 049c A5       		.byte	-91
 1205 049d 08       		.byte	8
 1206 049e AE       		.byte	-82
 1207 049f 10       		.byte	16
 1208 04a0 B1       		.byte	-79
 1209 04a1 08       		.byte	8
 1210 04a2 B4       		.byte	-76
 1211 04a3 01       		.byte	1
 1212 04a4 C8       		.byte	-56
 1213 04a5 40       		.byte	64
 1214 04a6 EE       		.byte	-18
 1215 04a7 10       		.byte	16
 1216 04a8 0B       		.byte	11
 1217 04a9 80       		.byte	-128
 1218 04aa 5B       		.byte	91
 1219 04ab 08       		.byte	8
 1220 04ac 66       		.byte	102
 1221 04ad 02       		.byte	2
 1222 04ae 8B       		.byte	-117
 1223 04af 40       		.byte	64
 1224 04b0 9A       		.byte	-102
 1225 04b1 02       		.byte	2
 1226 04b2 9B       		.byte	-101
 1227 04b3 08       		.byte	8
 1228 04b4 AA       		.byte	-86
 1229 04b5 10       		.byte	16
 1230 04b6 C2       		.byte	-62
 1231 04b7 10       		.byte	16
 1232 04b8 D6       		.byte	-42
 1233 04b9 40       		.byte	64
 1234 04ba D8       		.byte	-40
 1235 04bb 80       		.byte	-128
 1236 04bc EA       		.byte	-22
 1237 04bd 80       		.byte	-128
 1238 04be 10       		.byte	16
 1239 04bf 40       		.byte	64
 1240 04c0 13       		.byte	19
 1241 04c1 20       		.byte	32
 1242 04c2 14       		.byte	20
 1243 04c3 80       		.byte	-128
 1244 04c4 30       		.byte	48
 1245 04c5 08       		.byte	8
 1246 04c6 79       		.byte	121
 1247 04c7 01       		.byte	1
 1248 04c8 7D       		.byte	125
 1249 04c9 04       		.byte	4
 1250 04ca 91       		.byte	-111
 1251 04cb 05       		.byte	5
 1252 04cc A0       		.byte	-96
 1253 04cd 08       		.byte	8
 1254 04ce AF       		.byte	-81
ARM GAS  C:\Users\gding\AppData\Local\Temp\ccDXNkvP.s 			page 23


 1255 04cf 20       		.byte	32
 1256 04d0 B1       		.byte	-79
 1257 04d1 02       		.byte	2
 1258 04d2 B4       		.byte	-76
 1259 04d3 08       		.byte	8
 1260 04d4 C4       		.byte	-60
 1261 04d5 0E       		.byte	14
 1262 04d6 CC       		.byte	-52
 1263 04d7 02       		.byte	2
 1264 04d8 DE       		.byte	-34
 1265 04d9 03       		.byte	3
 1266 04da EC       		.byte	-20
 1267 04db 0C       		.byte	12
 1268 04dc 78       		.byte	120
 1269 04dd 40       		.byte	64
 1270 04de 7C       		.byte	124
 1271 04df 80       		.byte	-128
 1272 04e0 98       		.byte	-104
 1273 04e1 C0       		.byte	-64
 1274 04e2 AB       		.byte	-85
 1275 04e3 20       		.byte	32
 1276 04e4 DC       		.byte	-36
 1277 04e5 01       		.byte	1
 1278 04e6 DE       		.byte	-34
 1279 04e7 04       		.byte	4
 1280 04e8 00       		.byte	0
 1281 04e9 01       		.byte	1
 1282 04ea 01       		.byte	1
 1283 04eb 01       		.byte	1
 1284 04ec 08       		.byte	8
 1285 04ed 01       		.byte	1
 1286 04ee 09       		.byte	9
 1287 04ef 01       		.byte	1
 1288 04f0 0A       		.byte	10
 1289 04f1 01       		.byte	1
 1290 04f2 11       		.byte	17
 1291 04f3 01       		.byte	1
 1292 04f4 1B       		.byte	27
 1293 04f5 01       		.byte	1
 1294 04f6 00       		.byte	0
 1295 04f7 0B       		.byte	11
 1296 04f8 03       		.byte	3
 1297 04f9 C0       		.byte	-64
 1298 04fa 00       		.byte	0
 1299 04fb 00       		.byte	0
 1300 04fc 20       		.byte	32
 1301 04fd 30       		.byte	48
 1302 04fe 00       		.byte	0
 1303 04ff 00       		.byte	0
 1304 0500 30       		.byte	48
 1305 0501 00       		.byte	0
 1306 0502 00       		.byte	0
 1307 0503 00       		.byte	0
 1308 0504 04       		.byte	4
 1309 0505 1C       		.byte	28
 1310 0506 00       		.byte	0
 1311 0507 00       		.byte	0
ARM GAS  C:\Users\gding\AppData\Local\Temp\ccDXNkvP.s 			page 24


 1312 0508 07       		.byte	7
 1313 0509 11       		.byte	17
 1314 050a 18       		.byte	24
 1315 050b 22       		.byte	34
 1316 050c 22       		.byte	34
 1317 050d 10       		.byte	16
 1318 050e 08       		.byte	8
 1319 050f 0C       		.byte	12
 1320 0510 41       		.byte	65
 1321 0511 0C       		.byte	12
 1322 0512 00       		.byte	0
 1323 0513 10       		.byte	16
 1324 0514 08       		.byte	8
 1325 0515 1C       		.byte	28
 1326 0516 21       		.byte	33
 1327 0517 00       		.byte	0
 1328 0518 10       		.byte	16
 1329 0519 14       		.byte	20
 1330 051a 00       		.byte	0
 1331 051b 08       		.byte	8
 1332 051c 41       		.byte	65
 1333 051d 30       		.byte	48
 1334 051e 00       		.byte	0
 1335 051f 0F       		.byte	15
 1336 0520 41       		.byte	65
 1337 0521 00       		.byte	0
 1338 0522 00       		.byte	0
 1339 0523 00       		.byte	0
 1340 0524 00       		.byte	0
 1341 0525 00       		.byte	0
 1342 0526 00       		.byte	0
 1343 0527 00       		.byte	0
 1344 0528 40       		.byte	64
 1345 0529 24       		.byte	36
 1346 052a 00       		.byte	0
 1347 052b 10       		.byte	16
 1348 052c 01       		.byte	1
 1349 052d 08       		.byte	8
 1350 052e 00       		.byte	0
 1351 052f 00       		.byte	0
 1352 0530 01       		.byte	1
 1353 0531 21       		.byte	33
 1354 0532 40       		.byte	64
 1355 0533 1E       		.byte	30
 1356 0534 00       		.byte	0
 1357 0535 00       		.byte	0
 1358 0536 00       		.byte	0
 1359 0537 30       		.byte	48
 1360 0538 40       		.byte	64
 1361 0539 0F       		.byte	15
 1362 053a 3F       		.byte	63
 1363 053b 00       		.byte	0
 1364 053c 80       		.byte	-128
 1365 053d 00       		.byte	0
 1366 053e 00       		.byte	0
 1367 053f 08       		.byte	8
 1368 0540 00       		.byte	0
ARM GAS  C:\Users\gding\AppData\Local\Temp\ccDXNkvP.s 			page 25


 1369 0541 00       		.byte	0
 1370 0542 50       		.byte	80
 1371 0543 00       		.byte	0
 1372 0544 51       		.byte	81
 1373 0545 00       		.byte	0
 1374 0546 00       		.byte	0
 1375 0547 00       		.byte	0
 1376 0548 00       		.byte	0
 1377 0549 00       		.byte	0
 1378 054a 00       		.byte	0
 1379 054b 00       		.byte	0
 1380 054c 00       		.byte	0
 1381 054d FF       		.byte	-1
 1382 054e FF       		.byte	-1
 1383 054f FF       		.byte	-1
 1384 0550 00       		.byte	0
 1385 0551 83       		.byte	-125
 1386 0552 03       		.byte	3
 1387 0553 01       		.byte	1
 1388 0554 18       		.byte	24
 1389 0555 00       		.byte	0
 1390 0556 00       		.byte	0
 1391 0557 00       		.byte	0
 1392 0558 00       		.byte	0
 1393 0559 00       		.byte	0
 1394 055a 02       		.byte	2
 1395 055b 20       		.byte	32
 1396 055c 04       		.byte	4
 1397 055d 04       		.byte	4
 1398 055e 04       		.byte	4
 1399 055f 04       		.byte	4
 1400 0560 00       		.byte	0
 1401 0561 09       		.byte	9
 1402 0562 00       		.byte	0
 1403 0563 01       		.byte	1
 1404 0564 40       		.byte	64
 1405 0565 00       		.byte	0
 1406 0566 40       		.byte	64
 1407 0567 00       		.byte	0
 1408 0568 40       		.byte	64
 1409 0569 40       		.byte	64
 1410 056a 80       		.byte	-128
 1411 056b 00       		.byte	0
 1412 056c 80       		.byte	-128
 1413 056d 00       		.byte	0
 1414 056e 80       		.byte	-128
 1415 056f 00       		.byte	0
 1416 0570 80       		.byte	-128
 1417 0571 00       		.byte	0
 1418 0572 80       		.byte	-128
 1419 0573 00       		.byte	0
 1420 0574 00       		.byte	0
 1421 0575 00       		.byte	0
 1422 0576 00       		.byte	0
 1423 0577 00       		.byte	0
 1424 0578 00       		.byte	0
 1425 0579 00       		.byte	0
ARM GAS  C:\Users\gding\AppData\Local\Temp\ccDXNkvP.s 			page 26


 1426 057a 00       		.byte	0
 1427 057b 00       		.byte	0
 1428 057c 00       		.byte	0
 1429 057d 00       		.byte	0
 1430 057e 00       		.byte	0
 1431 057f 00       		.byte	0
 1432 0580 00       		.byte	0
 1433 0581 00       		.byte	0
 1434 0582 00       		.byte	0
 1435 0583 00       		.byte	0
 1436 0584 64       		.byte	100
 1437 0585 C0       		.byte	-64
 1438 0586 00       		.byte	0
 1439 0587 01       		.byte	1
 1440 0588 77       		.byte	119
 1441 0589 80       		.byte	-128
 1442 058a 80       		.byte	-128
 1443 058b 00       		.byte	0
 1444 058c 10       		.byte	16
 1445 058d 00       		.byte	0
 1446 058e E5       		.byte	-27
 1447 058f 9F       		.byte	-97
 1448 0590 64       		.byte	100
 1449 0591 90       		.byte	-112
 1450 0592 00       		.byte	0
 1451 0593 40       		.byte	64
 1452 0594 64       		.byte	100
 1453 0595 00       		.byte	0
 1454 0596 00       		.byte	0
 1455 0597 00       		.byte	0
 1456 0598 40       		.byte	64
 1457 0599 1F       		.byte	31
 1458 059a 02       		.byte	2
 1459 059b 20       		.byte	32
 1460 059c 24       		.byte	36
 1461 059d 7F       		.byte	127
 1462 059e 40       		.byte	64
 1463 059f 80       		.byte	-128
 1464 05a0 08       		.byte	8
 1465 05a1 C0       		.byte	-64
 1466 05a2 00       		.byte	0
 1467 05a3 02       		.byte	2
 1468 05a4 08       		.byte	8
 1469 05a5 00       		.byte	0
 1470 05a6 00       		.byte	0
 1471 05a7 60       		.byte	96
 1472 05a8 00       		.byte	0
 1473 05a9 C0       		.byte	-64
 1474 05aa 64       		.byte	100
 1475 05ab 04       		.byte	4
 1476 05ac 24       		.byte	36
 1477 05ad C0       		.byte	-64
 1478 05ae 00       		.byte	0
 1479 05af 08       		.byte	8
 1480 05b0 93       		.byte	-109
 1481 05b1 00       		.byte	0
 1482 05b2 60       		.byte	96
ARM GAS  C:\Users\gding\AppData\Local\Temp\ccDXNkvP.s 			page 27


 1483 05b3 FF       		.byte	-1
 1484 05b4 F0       		.byte	-16
 1485 05b5 00       		.byte	0
 1486 05b6 07       		.byte	7
 1487 05b7 00       		.byte	0
 1488 05b8 00       		.byte	0
 1489 05b9 00       		.byte	0
 1490 05ba 08       		.byte	8
 1491 05bb FF       		.byte	-1
 1492 05bc 82       		.byte	-126
 1493 05bd 00       		.byte	0
 1494 05be 0C       		.byte	12
 1495 05bf 00       		.byte	0
 1496 05c0 00       		.byte	0
 1497 05c1 00       		.byte	0
 1498 05c2 00       		.byte	0
 1499 05c3 40       		.byte	64
 1500 05c4 51       		.byte	81
 1501 05c5 00       		.byte	0
 1502 05c6 00       		.byte	0
 1503 05c7 00       		.byte	0
 1504 05c8 00       		.byte	0
 1505 05c9 00       		.byte	0
 1506 05ca 00       		.byte	0
 1507 05cb 00       		.byte	0
 1508 05cc 00       		.byte	0
 1509 05cd FF       		.byte	-1
 1510 05ce FF       		.byte	-1
 1511 05cf FF       		.byte	-1
 1512 05d0 00       		.byte	0
 1513 05d1 83       		.byte	-125
 1514 05d2 03       		.byte	3
 1515 05d3 01       		.byte	1
 1516 05d4 18       		.byte	24
 1517 05d5 00       		.byte	0
 1518 05d6 00       		.byte	0
 1519 05d7 00       		.byte	0
 1520 05d8 00       		.byte	0
 1521 05d9 00       		.byte	0
 1522 05da 00       		.byte	0
 1523 05db 00       		.byte	0
 1524 05dc 04       		.byte	4
 1525 05dd 04       		.byte	4
 1526 05de 04       		.byte	4
 1527 05df 00       		.byte	0
 1528 05e0 00       		.byte	0
 1529 05e1 09       		.byte	9
 1530 05e2 00       		.byte	0
 1531 05e3 01       		.byte	1
 1532 05e4 40       		.byte	64
 1533 05e5 00       		.byte	0
 1534 05e6 40       		.byte	64
 1535 05e7 00       		.byte	0
 1536 05e8 40       		.byte	64
 1537 05e9 40       		.byte	64
 1538 05ea 80       		.byte	-128
 1539 05eb 00       		.byte	0
ARM GAS  C:\Users\gding\AppData\Local\Temp\ccDXNkvP.s 			page 28


 1540 05ec 80       		.byte	-128
 1541 05ed 00       		.byte	0
 1542 05ee 80       		.byte	-128
 1543 05ef 00       		.byte	0
 1544 05f0 80       		.byte	-128
 1545 05f1 00       		.byte	0
 1546 05f2 80       		.byte	-128
 1547 05f3 00       		.byte	0
 1548 05f4 00       		.byte	0
 1549 05f5 00       		.byte	0
 1550 05f6 00       		.byte	0
 1551 05f7 00       		.byte	0
 1552 05f8 00       		.byte	0
 1553 05f9 00       		.byte	0
 1554 05fa 00       		.byte	0
 1555 05fb 00       		.byte	0
 1556 05fc 00       		.byte	0
 1557 05fd 00       		.byte	0
 1558 05fe 00       		.byte	0
 1559 05ff 00       		.byte	0
 1560 0600 00       		.byte	0
 1561 0601 00       		.byte	0
 1562 0602 00       		.byte	0
 1563 0603 00       		.byte	0
 1564 0604 30       		.byte	48
 1565 0605 00       		.byte	0
 1566 0606 00       		.byte	0
 1567 0607 F0       		.byte	-16
 1568 0608 C0       		.byte	-64
 1569 0609 00       		.byte	0
 1570 060a 30       		.byte	48
 1571 060b 00       		.byte	0
 1572 060c 00       		.byte	0
 1573 060d 00       		.byte	0
 1574 060e 00       		.byte	0
 1575 060f 00       		.byte	0
 1576 0610 00       		.byte	0
 1577 0611 AB       		.byte	-85
 1578 0612 AB       		.byte	-85
 1579 0613 00       		.byte	0
 1580 0614 00       		.byte	0
 1581 0615 00       		.byte	0
 1582 0616 44       		.byte	68
 1583 0617 00       		.byte	0
 1584 0618 04       		.byte	4
 1585 0619 00       		.byte	0
 1586 061a 00       		.byte	0
 1587 061b 06       		.byte	6
 1588 061c 02       		.byte	2
 1589 061d 00       		.byte	0
 1590 061e 00       		.byte	0
 1591 061f 00       		.byte	0
 1592 0620 00       		.byte	0
 1593 0621 00       		.byte	0
 1594 0622 00       		.byte	0
 1595 0623 00       		.byte	0
 1596 0624 10       		.byte	16
ARM GAS  C:\Users\gding\AppData\Local\Temp\ccDXNkvP.s 			page 29


 1597 0625 E0       		.byte	-32
 1598 0626 E0       		.byte	-32
 1599 0627 00       		.byte	0
 1600 0628 60       		.byte	96
 1601 0629 00       		.byte	0
 1602 062a 00       		.byte	0
 1603 062b 00       		.byte	0
 1604 062c 4A       		.byte	74
 1605 062d 00       		.byte	0
 1606 062e 18       		.byte	24
 1607 062f 01       		.byte	1
 1608              		.global	cy_meta_custnvl
 1609              		.section	.cycustnvl,"a",%progbits
 1610              		.align	2
 1611              		.type	cy_meta_custnvl, %object
 1612              		.size	cy_meta_custnvl, 4
 1613              	cy_meta_custnvl:
 1614 0000 00       		.byte	0
 1615 0001 00       		.byte	0
 1616 0002 40       		.byte	64
 1617 0003 05       		.byte	5
 1618              		.global	cy_meta_wonvl
 1619              		.section	.cywolatch,"a",%progbits
 1620              		.align	2
 1621              		.type	cy_meta_wonvl, %object
 1622              		.size	cy_meta_wonvl, 4
 1623              	cy_meta_wonvl:
 1624 0000 BC       		.byte	-68
 1625 0001 90       		.byte	-112
 1626 0002 AC       		.byte	-84
 1627 0003 AF       		.byte	-81
 1628              		.global	cy_meta_flashprotect
 1629              		.section	.cyflashprotect,"a",%progbits
 1630              		.align	2
 1631              		.type	cy_meta_flashprotect, %object
 1632              		.size	cy_meta_flashprotect, 256
 1633              	cy_meta_flashprotect:
 1634 0000 00000000 		.space	256
 1634      00000000 
 1634      00000000 
 1634      00000000 
 1634      00000000 
 1635              		.global	cy_metadata
 1636              		.section	.cymeta,"a",%progbits
 1637              		.align	2
 1638              		.type	cy_metadata, %object
 1639              		.size	cy_metadata, 12
 1640              	cy_metadata:
 1641 0000 00       		.byte	0
 1642 0001 01       		.byte	1
 1643 0002 2E       		.byte	46
 1644 0003 12       		.byte	18
 1645 0004 70       		.byte	112
 1646 0005 69       		.byte	105
 1647 0006 00       		.byte	0
 1648 0007 01       		.byte	1
 1649 0008 00       		.byte	0
ARM GAS  C:\Users\gding\AppData\Local\Temp\ccDXNkvP.s 			page 30


 1650 0009 00       		.byte	0
 1651 000a 00       		.byte	0
 1652 000b 00       		.byte	0
 1653              		.text
 1654              	.Letext0:
 1655              		.file 1 "Generated_Source\\PSoC5\\cymetadata.c"
 1656              		.file 2 "Generated_Source\\PSoC5\\cytypes.h"
 1657              		.section	.debug_info,"",%progbits
 1658              	.Ldebug_info0:
 1659 0000 3A010000 		.4byte	0x13a
 1660 0004 0400     		.2byte	0x4
 1661 0006 00000000 		.4byte	.Ldebug_abbrev0
 1662 000a 04       		.byte	0x4
 1663 000b 01       		.uleb128 0x1
 1664 000c 00000000 		.4byte	.LASF18
 1665 0010 01       		.byte	0x1
 1666 0011 B6010000 		.4byte	.LASF19
 1667 0015 8E000000 		.4byte	.LASF20
 1668 0019 00000000 		.4byte	.Ldebug_line0
 1669 001d 02       		.uleb128 0x2
 1670 001e 01       		.byte	0x1
 1671 001f 06       		.byte	0x6
 1672 0020 AA010000 		.4byte	.LASF0
 1673 0024 02       		.uleb128 0x2
 1674 0025 01       		.byte	0x1
 1675 0026 08       		.byte	0x8
 1676 0027 D2000000 		.4byte	.LASF1
 1677 002b 02       		.uleb128 0x2
 1678 002c 02       		.byte	0x2
 1679 002d 05       		.byte	0x5
 1680 002e 91010000 		.4byte	.LASF2
 1681 0032 02       		.uleb128 0x2
 1682 0033 02       		.byte	0x2
 1683 0034 07       		.byte	0x7
 1684 0035 F2000000 		.4byte	.LASF3
 1685 0039 02       		.uleb128 0x2
 1686 003a 04       		.byte	0x4
 1687 003b 05       		.byte	0x5
 1688 003c A1010000 		.4byte	.LASF4
 1689 0040 02       		.uleb128 0x2
 1690 0041 04       		.byte	0x4
 1691 0042 07       		.byte	0x7
 1692 0043 E0000000 		.4byte	.LASF5
 1693 0047 02       		.uleb128 0x2
 1694 0048 08       		.byte	0x8
 1695 0049 05       		.byte	0x5
 1696 004a 7E010000 		.4byte	.LASF6
 1697 004e 02       		.uleb128 0x2
 1698 004f 08       		.byte	0x8
 1699 0050 07       		.byte	0x7
 1700 0051 3B010000 		.4byte	.LASF7
 1701 0055 03       		.uleb128 0x3
 1702 0056 04       		.byte	0x4
 1703 0057 05       		.byte	0x5
 1704 0058 696E7400 		.ascii	"int\000"
 1705 005c 02       		.uleb128 0x2
 1706 005d 04       		.byte	0x4
ARM GAS  C:\Users\gding\AppData\Local\Temp\ccDXNkvP.s 			page 31


 1707 005e 07       		.byte	0x7
 1708 005f 2E010000 		.4byte	.LASF8
 1709 0063 04       		.uleb128 0x4
 1710 0064 9B010000 		.4byte	.LASF21
 1711 0068 02       		.byte	0x2
 1712 0069 9201     		.2byte	0x192
 1713 006b 24000000 		.4byte	0x24
 1714 006f 02       		.uleb128 0x2
 1715 0070 04       		.byte	0x4
 1716 0071 04       		.byte	0x4
 1717 0072 CC000000 		.4byte	.LASF9
 1718 0076 02       		.uleb128 0x2
 1719 0077 08       		.byte	0x8
 1720 0078 04       		.byte	0x4
 1721 0079 05010000 		.4byte	.LASF10
 1722 007d 02       		.uleb128 0x2
 1723 007e 01       		.byte	0x1
 1724 007f 08       		.byte	0x8
 1725 0080 8C010000 		.4byte	.LASF11
 1726 0084 05       		.uleb128 0x5
 1727 0085 63000000 		.4byte	0x63
 1728 0089 95000000 		.4byte	0x95
 1729 008d 06       		.uleb128 0x6
 1730 008e 95000000 		.4byte	0x95
 1731 0092 2F06     		.2byte	0x62f
 1732 0094 00       		.byte	0
 1733 0095 02       		.uleb128 0x2
 1734 0096 04       		.byte	0x4
 1735 0097 07       		.byte	0x7
 1736 0098 75010000 		.4byte	.LASF12
 1737 009c 07       		.uleb128 0x7
 1738 009d 1C010000 		.4byte	.LASF13
 1739 00a1 01       		.byte	0x1
 1740 00a2 1F       		.byte	0x1f
 1741 00a3 AD000000 		.4byte	0xad
 1742 00a7 05       		.uleb128 0x5
 1743 00a8 03       		.byte	0x3
 1744 00a9 00000000 		.4byte	cy_meta_configecc
 1745 00ad 08       		.uleb128 0x8
 1746 00ae 84000000 		.4byte	0x84
 1747 00b2 05       		.uleb128 0x5
 1748 00b3 63000000 		.4byte	0x63
 1749 00b7 C2000000 		.4byte	0xc2
 1750 00bb 09       		.uleb128 0x9
 1751 00bc 95000000 		.4byte	0x95
 1752 00c0 03       		.byte	0x3
 1753 00c1 00       		.byte	0
 1754 00c2 07       		.uleb128 0x7
 1755 00c3 0C010000 		.4byte	.LASF14
 1756 00c7 01       		.byte	0x1
 1757 00c8 F2       		.byte	0xf2
 1758 00c9 D3000000 		.4byte	0xd3
 1759 00cd 05       		.uleb128 0x5
 1760 00ce 03       		.byte	0x3
 1761 00cf 00000000 		.4byte	cy_meta_custnvl
 1762 00d3 08       		.uleb128 0x8
 1763 00d4 B2000000 		.4byte	0xb2
ARM GAS  C:\Users\gding\AppData\Local\Temp\ccDXNkvP.s 			page 32


 1764 00d8 0A       		.uleb128 0xa
 1765 00d9 67010000 		.4byte	.LASF15
 1766 00dd 01       		.byte	0x1
 1767 00de 0001     		.2byte	0x100
 1768 00e0 EA000000 		.4byte	0xea
 1769 00e4 05       		.uleb128 0x5
 1770 00e5 03       		.byte	0x3
 1771 00e6 00000000 		.4byte	cy_meta_wonvl
 1772 00ea 08       		.uleb128 0x8
 1773 00eb B2000000 		.4byte	0xb2
 1774 00ef 05       		.uleb128 0x5
 1775 00f0 63000000 		.4byte	0x63
 1776 00f4 FF000000 		.4byte	0xff
 1777 00f8 09       		.uleb128 0x9
 1778 00f9 95000000 		.4byte	0x95
 1779 00fd FF       		.byte	0xff
 1780 00fe 00       		.byte	0
 1781 00ff 0A       		.uleb128 0xa
 1782 0100 52010000 		.4byte	.LASF16
 1783 0104 01       		.byte	0x1
 1784 0105 0E01     		.2byte	0x10e
 1785 0107 11010000 		.4byte	0x111
 1786 010b 05       		.uleb128 0x5
 1787 010c 03       		.byte	0x3
 1788 010d 00000000 		.4byte	cy_meta_flashprotect
 1789 0111 08       		.uleb128 0x8
 1790 0112 EF000000 		.4byte	0xef
 1791 0116 05       		.uleb128 0x5
 1792 0117 63000000 		.4byte	0x63
 1793 011b 26010000 		.4byte	0x126
 1794 011f 09       		.uleb128 0x9
 1795 0120 95000000 		.4byte	0x95
 1796 0124 0B       		.byte	0xb
 1797 0125 00       		.byte	0
 1798 0126 0A       		.uleb128 0xa
 1799 0127 C0000000 		.4byte	.LASF17
 1800 012b 01       		.byte	0x1
 1801 012c 3B01     		.2byte	0x13b
 1802 012e 38010000 		.4byte	0x138
 1803 0132 05       		.uleb128 0x5
 1804 0133 03       		.byte	0x3
 1805 0134 00000000 		.4byte	cy_metadata
 1806 0138 08       		.uleb128 0x8
 1807 0139 16010000 		.4byte	0x116
 1808 013d 00       		.byte	0
 1809              		.section	.debug_abbrev,"",%progbits
 1810              	.Ldebug_abbrev0:
 1811 0000 01       		.uleb128 0x1
 1812 0001 11       		.uleb128 0x11
 1813 0002 01       		.byte	0x1
 1814 0003 25       		.uleb128 0x25
 1815 0004 0E       		.uleb128 0xe
 1816 0005 13       		.uleb128 0x13
 1817 0006 0B       		.uleb128 0xb
 1818 0007 03       		.uleb128 0x3
 1819 0008 0E       		.uleb128 0xe
 1820 0009 1B       		.uleb128 0x1b
ARM GAS  C:\Users\gding\AppData\Local\Temp\ccDXNkvP.s 			page 33


 1821 000a 0E       		.uleb128 0xe
 1822 000b 10       		.uleb128 0x10
 1823 000c 17       		.uleb128 0x17
 1824 000d 00       		.byte	0
 1825 000e 00       		.byte	0
 1826 000f 02       		.uleb128 0x2
 1827 0010 24       		.uleb128 0x24
 1828 0011 00       		.byte	0
 1829 0012 0B       		.uleb128 0xb
 1830 0013 0B       		.uleb128 0xb
 1831 0014 3E       		.uleb128 0x3e
 1832 0015 0B       		.uleb128 0xb
 1833 0016 03       		.uleb128 0x3
 1834 0017 0E       		.uleb128 0xe
 1835 0018 00       		.byte	0
 1836 0019 00       		.byte	0
 1837 001a 03       		.uleb128 0x3
 1838 001b 24       		.uleb128 0x24
 1839 001c 00       		.byte	0
 1840 001d 0B       		.uleb128 0xb
 1841 001e 0B       		.uleb128 0xb
 1842 001f 3E       		.uleb128 0x3e
 1843 0020 0B       		.uleb128 0xb
 1844 0021 03       		.uleb128 0x3
 1845 0022 08       		.uleb128 0x8
 1846 0023 00       		.byte	0
 1847 0024 00       		.byte	0
 1848 0025 04       		.uleb128 0x4
 1849 0026 16       		.uleb128 0x16
 1850 0027 00       		.byte	0
 1851 0028 03       		.uleb128 0x3
 1852 0029 0E       		.uleb128 0xe
 1853 002a 3A       		.uleb128 0x3a
 1854 002b 0B       		.uleb128 0xb
 1855 002c 3B       		.uleb128 0x3b
 1856 002d 05       		.uleb128 0x5
 1857 002e 49       		.uleb128 0x49
 1858 002f 13       		.uleb128 0x13
 1859 0030 00       		.byte	0
 1860 0031 00       		.byte	0
 1861 0032 05       		.uleb128 0x5
 1862 0033 01       		.uleb128 0x1
 1863 0034 01       		.byte	0x1
 1864 0035 49       		.uleb128 0x49
 1865 0036 13       		.uleb128 0x13
 1866 0037 01       		.uleb128 0x1
 1867 0038 13       		.uleb128 0x13
 1868 0039 00       		.byte	0
 1869 003a 00       		.byte	0
 1870 003b 06       		.uleb128 0x6
 1871 003c 21       		.uleb128 0x21
 1872 003d 00       		.byte	0
 1873 003e 49       		.uleb128 0x49
 1874 003f 13       		.uleb128 0x13
 1875 0040 2F       		.uleb128 0x2f
 1876 0041 05       		.uleb128 0x5
 1877 0042 00       		.byte	0
ARM GAS  C:\Users\gding\AppData\Local\Temp\ccDXNkvP.s 			page 34


 1878 0043 00       		.byte	0
 1879 0044 07       		.uleb128 0x7
 1880 0045 34       		.uleb128 0x34
 1881 0046 00       		.byte	0
 1882 0047 03       		.uleb128 0x3
 1883 0048 0E       		.uleb128 0xe
 1884 0049 3A       		.uleb128 0x3a
 1885 004a 0B       		.uleb128 0xb
 1886 004b 3B       		.uleb128 0x3b
 1887 004c 0B       		.uleb128 0xb
 1888 004d 49       		.uleb128 0x49
 1889 004e 13       		.uleb128 0x13
 1890 004f 3F       		.uleb128 0x3f
 1891 0050 19       		.uleb128 0x19
 1892 0051 02       		.uleb128 0x2
 1893 0052 18       		.uleb128 0x18
 1894 0053 00       		.byte	0
 1895 0054 00       		.byte	0
 1896 0055 08       		.uleb128 0x8
 1897 0056 26       		.uleb128 0x26
 1898 0057 00       		.byte	0
 1899 0058 49       		.uleb128 0x49
 1900 0059 13       		.uleb128 0x13
 1901 005a 00       		.byte	0
 1902 005b 00       		.byte	0
 1903 005c 09       		.uleb128 0x9
 1904 005d 21       		.uleb128 0x21
 1905 005e 00       		.byte	0
 1906 005f 49       		.uleb128 0x49
 1907 0060 13       		.uleb128 0x13
 1908 0061 2F       		.uleb128 0x2f
 1909 0062 0B       		.uleb128 0xb
 1910 0063 00       		.byte	0
 1911 0064 00       		.byte	0
 1912 0065 0A       		.uleb128 0xa
 1913 0066 34       		.uleb128 0x34
 1914 0067 00       		.byte	0
 1915 0068 03       		.uleb128 0x3
 1916 0069 0E       		.uleb128 0xe
 1917 006a 3A       		.uleb128 0x3a
 1918 006b 0B       		.uleb128 0xb
 1919 006c 3B       		.uleb128 0x3b
 1920 006d 05       		.uleb128 0x5
 1921 006e 49       		.uleb128 0x49
 1922 006f 13       		.uleb128 0x13
 1923 0070 3F       		.uleb128 0x3f
 1924 0071 19       		.uleb128 0x19
 1925 0072 02       		.uleb128 0x2
 1926 0073 18       		.uleb128 0x18
 1927 0074 00       		.byte	0
 1928 0075 00       		.byte	0
 1929 0076 00       		.byte	0
 1930              		.section	.debug_aranges,"",%progbits
 1931 0000 14000000 		.4byte	0x14
 1932 0004 0200     		.2byte	0x2
 1933 0006 00000000 		.4byte	.Ldebug_info0
 1934 000a 04       		.byte	0x4
ARM GAS  C:\Users\gding\AppData\Local\Temp\ccDXNkvP.s 			page 35


 1935 000b 00       		.byte	0
 1936 000c 0000     		.2byte	0
 1937 000e 0000     		.2byte	0
 1938 0010 00000000 		.4byte	0
 1939 0014 00000000 		.4byte	0
 1940              		.section	.debug_line,"",%progbits
 1941              	.Ldebug_line0:
 1942 0000 4D000000 		.section	.debug_str,"MS",%progbits,1
 1942      02004700 
 1942      00000201 
 1942      FB0E0D00 
 1942      01010101 
 1943              	.LASF18:
 1944 0000 474E5520 		.ascii	"GNU C 4.9.3 20150303 (release) [ARM/embedded-4_9-br"
 1944      4320342E 
 1944      392E3320 
 1944      32303135 
 1944      30333033 
 1945 0033 616E6368 		.ascii	"anch revision 221220] -mcpu=cortex-m3 -mthumb -g -O"
 1945      20726576 
 1945      6973696F 
 1945      6E203232 
 1945      31323230 
 1946 0066 30202D66 		.ascii	"0 -ffunction-sections -ffat-lto-objects\000"
 1946      66756E63 
 1946      74696F6E 
 1946      2D736563 
 1946      74696F6E 
 1947              	.LASF20:
 1948 008e 433A5C55 		.ascii	"C:\\Users\\gding\\Documents\\Project_O-Vac\\OVac.cy"
 1948      73657273 
 1948      5C676469 
 1948      6E675C44 
 1948      6F63756D 
 1949 00bc 64736E00 		.ascii	"dsn\000"
 1950              	.LASF17:
 1951 00c0 63795F6D 		.ascii	"cy_metadata\000"
 1951      65746164 
 1951      61746100 
 1952              	.LASF9:
 1953 00cc 666C6F61 		.ascii	"float\000"
 1953      7400
 1954              	.LASF1:
 1955 00d2 756E7369 		.ascii	"unsigned char\000"
 1955      676E6564 
 1955      20636861 
 1955      7200
 1956              	.LASF5:
 1957 00e0 6C6F6E67 		.ascii	"long unsigned int\000"
 1957      20756E73 
 1957      69676E65 
 1957      6420696E 
 1957      7400
 1958              	.LASF3:
 1959 00f2 73686F72 		.ascii	"short unsigned int\000"
 1959      7420756E 
 1959      7369676E 
ARM GAS  C:\Users\gding\AppData\Local\Temp\ccDXNkvP.s 			page 36


 1959      65642069 
 1959      6E7400
 1960              	.LASF10:
 1961 0105 646F7562 		.ascii	"double\000"
 1961      6C6500
 1962              	.LASF14:
 1963 010c 63795F6D 		.ascii	"cy_meta_custnvl\000"
 1963      6574615F 
 1963      63757374 
 1963      6E766C00 
 1964              	.LASF13:
 1965 011c 63795F6D 		.ascii	"cy_meta_configecc\000"
 1965      6574615F 
 1965      636F6E66 
 1965      69676563 
 1965      6300
 1966              	.LASF8:
 1967 012e 756E7369 		.ascii	"unsigned int\000"
 1967      676E6564 
 1967      20696E74 
 1967      00
 1968              	.LASF7:
 1969 013b 6C6F6E67 		.ascii	"long long unsigned int\000"
 1969      206C6F6E 
 1969      6720756E 
 1969      7369676E 
 1969      65642069 
 1970              	.LASF16:
 1971 0152 63795F6D 		.ascii	"cy_meta_flashprotect\000"
 1971      6574615F 
 1971      666C6173 
 1971      6870726F 
 1971      74656374 
 1972              	.LASF15:
 1973 0167 63795F6D 		.ascii	"cy_meta_wonvl\000"
 1973      6574615F 
 1973      776F6E76 
 1973      6C00
 1974              	.LASF12:
 1975 0175 73697A65 		.ascii	"sizetype\000"
 1975      74797065 
 1975      00
 1976              	.LASF6:
 1977 017e 6C6F6E67 		.ascii	"long long int\000"
 1977      206C6F6E 
 1977      6720696E 
 1977      7400
 1978              	.LASF11:
 1979 018c 63686172 		.ascii	"char\000"
 1979      00
 1980              	.LASF2:
 1981 0191 73686F72 		.ascii	"short int\000"
 1981      7420696E 
 1981      7400
 1982              	.LASF21:
 1983 019b 75696E74 		.ascii	"uint8\000"
 1983      3800
ARM GAS  C:\Users\gding\AppData\Local\Temp\ccDXNkvP.s 			page 37


 1984              	.LASF4:
 1985 01a1 6C6F6E67 		.ascii	"long int\000"
 1985      20696E74 
 1985      00
 1986              	.LASF0:
 1987 01aa 7369676E 		.ascii	"signed char\000"
 1987      65642063 
 1987      68617200 
 1988              	.LASF19:
 1989 01b6 47656E65 		.ascii	"Generated_Source\\PSoC5\\cymetadata.c\000"
 1989      72617465 
 1989      645F536F 
 1989      75726365 
 1989      5C50536F 
 1990              		.ident	"GCC: (GNU Tools for ARM Embedded Processors) 4.9.3 20150303 (release) [ARM/embedded-4_9-br
