--------------- Build Started: 05/21/2017 20:55:07 Project: Pressure_Harbor_test, Configuration: ARM GCC 4.9-2015-q1-update Debug ---------------
The code generation step is up to date.
arm-none-eabi-gcc.exe -mcpu=cortex-m3 -mthumb -I..\emFile_V322c\Code\Include\PSoC5\emf32nOS -I..\emFile_V322c\Code\Include\PSoC5 -I. -IGenerated_Source\PSoC5 -Wa,-alh=.\CortexM3\ARM_GCC_493\Debug/main.lst -g -D DEBUG -Wall -ffunction-sections -Og -ffat-lto-objects -c main.c -o .\CortexM3\ARM_GCC_493\Debug\main.o
main.c: In function 'main':
main.c:83:72: warning: unused variable 'zdecimals' [-Wunused-variable]
     int xones = 0, xdecimals = 0, yones = 0, ydecimals = 0, zones = 0, zdecimals = 0;
                                                                        ^
main.c:83:61: warning: unused variable 'zones' [-Wunused-variable]
     int xones = 0, xdecimals = 0, yones = 0, ydecimals = 0, zones = 0, zdecimals = 0;
                                                             ^
main.c:83:46: warning: unused variable 'ydecimals' [-Wunused-variable]
     int xones = 0, xdecimals = 0, yones = 0, ydecimals = 0, zones = 0, zdecimals = 0;
                                              ^
main.c:83:35: warning: unused variable 'yones' [-Wunused-variable]
     int xones = 0, xdecimals = 0, yones = 0, ydecimals = 0, zones = 0, zdecimals = 0;
                                   ^
main.c:83:20: warning: unused variable 'xdecimals' [-Wunused-variable]
     int xones = 0, xdecimals = 0, yones = 0, ydecimals = 0, zones = 0, zdecimals = 0;
                    ^
main.c:83:9: warning: unused variable 'xones' [-Wunused-variable]
     int xones = 0, xdecimals = 0, yones = 0, ydecimals = 0, zones = 0, zdecimals = 0;
         ^
main.c:82:33: warning: unused variable 'zfavg' [-Wunused-variable]
     float xfavg = 0, yfavg = 0, zfavg = 0;
                                 ^
main.c:82:22: warning: unused variable 'yfavg' [-Wunused-variable]
     float xfavg = 0, yfavg = 0, zfavg = 0;
                      ^
main.c:82:11: warning: unused variable 'xfavg' [-Wunused-variable]
     float xfavg = 0, yfavg = 0, zfavg = 0;
           ^
main.c:81:61: warning: unused variable 'zsum' [-Wunused-variable]
     float xavg = 0, yavg = 0, zavg = 0, xsum = 0, ysum = 0, zsum = 0;
                                                             ^
main.c:81:51: warning: unused variable 'ysum' [-Wunused-variable]
     float xavg = 0, yavg = 0, zavg = 0, xsum = 0, ysum = 0, zsum = 0;
                                                   ^
main.c:81:41: warning: unused variable 'xsum' [-Wunused-variable]
     float xavg = 0, yavg = 0, zavg = 0, xsum = 0, ysum = 0, zsum = 0;
                                         ^
main.c:81:31: warning: unused variable 'zavg' [-Wunused-variable]
     float xavg = 0, yavg = 0, zavg = 0, xsum = 0, ysum = 0, zsum = 0;
                               ^
main.c:81:21: warning: unused variable 'yavg' [-Wunused-variable]
     float xavg = 0, yavg = 0, zavg = 0, xsum = 0, ysum = 0, zsum = 0;
                     ^
main.c:81:11: warning: unused variable 'xavg' [-Wunused-variable]
     float xavg = 0, yavg = 0, zavg = 0, xsum = 0, ysum = 0, zsum = 0;
           ^
main.c:54:24: warning: unused variable 'gyroY' [-Wunused-variable]
     int16_t gyroX = 0, gyroY = 0;
                        ^
main.c:54:13: warning: unused variable 'gyroX' [-Wunused-variable]
     int16_t gyroX = 0, gyroY = 0;
             ^
main.c:53:19: warning: unused variable 'ones' [-Wunused-variable]
     int tens = 0, ones = 0;                     // digit place variables for message len of bluetooth messages
                   ^
main.c:53:9: warning: unused variable 'tens' [-Wunused-variable]
     int tens = 0, ones = 0;                     // digit place variables for message len of bluetooth messages
         ^
main.c:52:10: warning: unused variable 'tempbuf' [-Wunused-variable]
     char tempbuf[70] = {};
          ^
arm-none-eabi-ar.exe -rs .\CortexM3\ARM_GCC_493\Debug\Pressure_Harbor_test.a .\CortexM3\ARM_GCC_493\Debug\cyfitter_cfg.o .\CortexM3\ARM_GCC_493\Debug\ADC.o .\CortexM3\ARM_GCC_493\Debug\ADC_PM.o .\CortexM3\ARM_GCC_493\Debug\ADC_INT.o .\CortexM3\ARM_GCC_493\Debug\ADC_in.o .\CortexM3\ARM_GCC_493\Debug\emFile_ConfigMMC_SPI.o .\CortexM3\ARM_GCC_493\Debug\emFile_MMC_HW_SPI.o .\CortexM3\ARM_GCC_493\Debug\emFile_PM.o .\CortexM3\ARM_GCC_493\Debug\Sample_Timer.o .\CortexM3\ARM_GCC_493\Debug\Sample_Timer_PM.o .\CortexM3\ARM_GCC_493\Debug\Clock_1.o .\CortexM3\ARM_GCC_493\Debug\Sample_ISR.o .\CortexM3\ARM_GCC_493\Debug\UART.o .\CortexM3\ARM_GCC_493\Debug\UART_PM.o .\CortexM3\ARM_GCC_493\Debug\UART_INT.o .\CortexM3\ARM_GCC_493\Debug\UART_BOOT.o .\CortexM3\ARM_GCC_493\Debug\rx_interrupt.o .\CortexM3\ARM_GCC_493\Debug\SDA.o .\CortexM3\ARM_GCC_493\Debug\SCL.o .\CortexM3\ARM_GCC_493\Debug\I2C_Master.o .\CortexM3\ARM_GCC_493\Debug\I2C_Master_BOOT.o .\CortexM3\ARM_GCC_493\Debug\I2C_Master_INT.o .\CortexM3\ARM_GCC_493\Debug\I2C_Master_PM.o .\CortexM3\ARM_GCC_493\Debug\I2C_Master_SLAVE.o .\CortexM3\ARM_GCC_493\Debug\I2C_Master_MASTER.o .\CortexM3\ARM_GCC_493\Debug\ADC_AMux.o .\CortexM3\ARM_GCC_493\Debug\ADC_Ext_CP_Clk.o .\CortexM3\ARM_GCC_493\Debug\ADC_IRQ.o .\CortexM3\ARM_GCC_493\Debug\ADC_theACLK.o .\CortexM3\ARM_GCC_493\Debug\emFile_SPI0.o .\CortexM3\ARM_GCC_493\Debug\emFile_SPI0_PM.o .\CortexM3\ARM_GCC_493\Debug\emFile_SPI0_INT.o .\CortexM3\ARM_GCC_493\Debug\emFile_mosi0.o .\CortexM3\ARM_GCC_493\Debug\emFile_Clock_1.o .\CortexM3\ARM_GCC_493\Debug\emFile_miso0.o .\CortexM3\ARM_GCC_493\Debug\emFile_sclk0.o .\CortexM3\ARM_GCC_493\Debug\emFile_SPI0_CS.o .\CortexM3\ARM_GCC_493\Debug\UART_IntClock.o .\CortexM3\ARM_GCC_493\Debug\CyDmac.o .\CortexM3\ARM_GCC_493\Debug\CyFlash.o .\CortexM3\ARM_GCC_493\Debug\CyLib.o .\CortexM3\ARM_GCC_493\Debug\cyPm.o .\CortexM3\ARM_GCC_493\Debug\CySpc.o .\CortexM3\ARM_GCC_493\Debug\cyutils.o .\CortexM3\ARM_GCC_493\Debug\CyBootAsmGnu.o
arm-none-eabi-ar.exe: creating .\CortexM3\ARM_GCC_493\Debug\Pressure_Harbor_test.a
arm-none-eabi-gcc.exe -Wl,--start-group -o .\CortexM3\ARM_GCC_493\Debug\Pressure_Harbor_test.elf .\CortexM3\ARM_GCC_493\Debug\main.o .\CortexM3\ARM_GCC_493\Debug\functions.o .\CortexM3\ARM_GCC_493\Debug\i2cFunctions.o .\CortexM3\ARM_GCC_493\Debug\LiquidCrystal_I2C.o .\CortexM3\ARM_GCC_493\Debug\mpu6050.o .\CortexM3\ARM_GCC_493\Debug\cymetadata.o .\CortexM3\ARM_GCC_493\Debug\Cm3Start.o .\CortexM3\ARM_GCC_493\Debug\Pressure_Harbor_test.a "C:\Program Files (x86)\Cypress\PSoC Creator\4.0\PSoC Creator\psoc\content\cycomponentlibrary\CyComponentLibrary.cylib\CortexM3\ARM_GCC_493\Debug\CyComponentLibrary.a" -mcpu=cortex-m3 -mthumb -g -ffunction-sections -Og -ffat-lto-objects -l emf32nosnlfn -L Generated_Source\PSoC5 -L ..\emFile_V322c\Code\Include\PSoC5 -L ..\emFile_V322c\LinkLibrary\PSoC5 -L ..\emFile_V322c\LinkLibrary\PSoC5\GCC -Wl,-Map,.\CortexM3\ARM_GCC_493\Debug/Pressure_Harbor_test.map -T C:\Users\gding\Documents\Project_O-Vac\OVac.cydsn\Pressure_Harbor_test.cydsn\Generated_Source\PSoC5\cm3gcc.ld -specs=nano.specs -Wl,--gc-sections -Wl,--end-group
cyelftool.exe -C C:\Users\gding\Documents\Project_O-Vac\OVac.cydsn\Pressure_Harbor_test.cydsn\CortexM3\ARM_GCC_493\Debug\Pressure_Harbor_test.elf --flash_row_size 256 --flash_size 262144
cyelftool.exe -S C:\Users\gding\Documents\Project_O-Vac\OVac.cydsn\Pressure_Harbor_test.cydsn\CortexM3\ARM_GCC_493\Debug\Pressure_Harbor_test.elf
Flash used: 26640 of 262144 bytes (10.2 %).
SRAM used: 7101 of 65536 bytes (10.8 %). Stack: 2048 bytes. Heap: 128 bytes.
--------------- Build Succeeded: 05/21/2017 20:55:10 ---------------
