ARM GAS  C:\Users\gstoll\AppData\Local\Temp\ccj340d8.s 			page 1


   1              		.syntax unified
   2              		.cpu cortex-m3
   3              		.fpu softvfp
   4              		.eabi_attribute 20, 1
   5              		.eabi_attribute 21, 1
   6              		.eabi_attribute 23, 3
   7              		.eabi_attribute 24, 1
   8              		.eabi_attribute 25, 1
   9              		.eabi_attribute 26, 1
  10              		.eabi_attribute 30, 1
  11              		.eabi_attribute 34, 1
  12              		.eabi_attribute 18, 4
  13              		.thumb
  14              		.file	"cymetadata.c"
  15              		.text
  16              	.Ltext0:
  17              		.cfi_sections	.debug_frame
  18              		.global	cy_metadata
  19              		.global	cy_meta_flashprotect
  20              		.global	cy_meta_wonvl
  21              		.global	cy_meta_custnvl
  22              		.global	cy_meta_configecc
  23              		.section	.cyconfigecc,"a",%progbits
  24              		.align	2
  25              		.type	cy_meta_configecc, %object
  26              		.size	cy_meta_configecc, 1824
  27              	cy_meta_configecc:
  28 0000 02       		.byte	2
  29 0001 4F       		.byte	79
  30 0002 00       		.byte	0
  31 0003 40       		.byte	64
  32 0004 02       		.byte	2
  33 0005 52       		.byte	82
  34 0006 00       		.byte	0
  35 0007 40       		.byte	64
  36 0008 02       		.byte	2
  37 0009 64       		.byte	100
  38 000a 00       		.byte	0
  39 000b 40       		.byte	64
  40 000c 02       		.byte	2
  41 000d 65       		.byte	101
  42 000e 00       		.byte	0
  43 000f 40       		.byte	64
  44 0010 01       		.byte	1
  45 0011 03       		.byte	3
  46 0012 01       		.byte	1
  47 0013 40       		.byte	64
  48 0014 01       		.byte	1
  49 0015 05       		.byte	5
  50 0016 01       		.byte	1
  51 0017 40       		.byte	64
  52 0018 04       		.byte	4
  53 0019 06       		.byte	6
  54 001a 01       		.byte	1
  55 001b 40       		.byte	64
  56 001c 03       		.byte	3
  57 001d 07       		.byte	7
ARM GAS  C:\Users\gstoll\AppData\Local\Temp\ccj340d8.s 			page 2


  58 001e 01       		.byte	1
  59 001f 40       		.byte	64
  60 0020 56       		.byte	86
  61 0021 08       		.byte	8
  62 0022 01       		.byte	1
  63 0023 40       		.byte	64
  64 0024 49       		.byte	73
  65 0025 09       		.byte	9
  66 0026 01       		.byte	1
  67 0027 40       		.byte	64
  68 0028 55       		.byte	85
  69 0029 0A       		.byte	10
  70 002a 01       		.byte	1
  71 002b 40       		.byte	64
  72 002c 42       		.byte	66
  73 002d 0B       		.byte	11
  74 002e 01       		.byte	1
  75 002f 40       		.byte	64
  76 0030 15       		.byte	21
  77 0031 0C       		.byte	12
  78 0032 01       		.byte	1
  79 0033 40       		.byte	64
  80 0034 36       		.byte	54
  81 0035 0D       		.byte	13
  82 0036 01       		.byte	1
  83 0037 40       		.byte	64
  84 0038 01       		.byte	1
  85 0039 15       		.byte	21
  86 003a 01       		.byte	1
  87 003b 40       		.byte	64
  88 003c 02       		.byte	2
  89 003d 17       		.byte	23
  90 003e 01       		.byte	1
  91 003f 40       		.byte	64
  92 0040 46       		.byte	70
  93 0041 18       		.byte	24
  94 0042 01       		.byte	1
  95 0043 40       		.byte	64
  96 0044 3B       		.byte	59
  97 0045 19       		.byte	25
  98 0046 01       		.byte	1
  99 0047 40       		.byte	64
 100 0048 4B       		.byte	75
 101 0049 1A       		.byte	26
 102 004a 01       		.byte	1
 103 004b 40       		.byte	64
 104 004c 46       		.byte	70
 105 004d 1B       		.byte	27
 106 004e 01       		.byte	1
 107 004f 40       		.byte	64
 108 0050 02       		.byte	2
 109 0051 40       		.byte	64
 110 0052 01       		.byte	1
 111 0053 40       		.byte	64
 112 0054 01       		.byte	1
 113 0055 41       		.byte	65
 114 0056 01       		.byte	1
ARM GAS  C:\Users\gstoll\AppData\Local\Temp\ccj340d8.s 			page 3


 115 0057 40       		.byte	64
 116 0058 03       		.byte	3
 117 0059 42       		.byte	66
 118 005a 01       		.byte	1
 119 005b 40       		.byte	64
 120 005c 06       		.byte	6
 121 005d 43       		.byte	67
 122 005e 01       		.byte	1
 123 005f 40       		.byte	64
 124 0060 06       		.byte	6
 125 0061 44       		.byte	68
 126 0062 01       		.byte	1
 127 0063 40       		.byte	64
 128 0064 05       		.byte	5
 129 0065 45       		.byte	69
 130 0066 01       		.byte	1
 131 0067 40       		.byte	64
 132 0068 04       		.byte	4
 133 0069 46       		.byte	70
 134 006a 01       		.byte	1
 135 006b 40       		.byte	64
 136 006c 05       		.byte	5
 137 006d 47       		.byte	71
 138 006e 01       		.byte	1
 139 006f 40       		.byte	64
 140 0070 07       		.byte	7
 141 0071 48       		.byte	72
 142 0072 01       		.byte	1
 143 0073 40       		.byte	64
 144 0074 02       		.byte	2
 145 0075 49       		.byte	73
 146 0076 01       		.byte	1
 147 0077 40       		.byte	64
 148 0078 14       		.byte	20
 149 0079 4C       		.byte	76
 150 007a 01       		.byte	1
 151 007b 40       		.byte	64
 152 007c 0D       		.byte	13
 153 007d 4D       		.byte	77
 154 007e 01       		.byte	1
 155 007f 40       		.byte	64
 156 0080 05       		.byte	5
 157 0081 50       		.byte	80
 158 0082 01       		.byte	1
 159 0083 40       		.byte	64
 160 0084 02       		.byte	2
 161 0085 51       		.byte	81
 162 0086 01       		.byte	1
 163 0087 40       		.byte	64
 164 0088 01       		.byte	1
 165 0089 30       		.byte	48
 166 008a 0A       		.byte	10
 167 008b 1B       		.byte	27
 168 008c 08       		.byte	8
 169 008d 40       		.byte	64
 170 008e 09       		.byte	9
 171 008f 60       		.byte	96
ARM GAS  C:\Users\gstoll\AppData\Local\Temp\ccj340d8.s 			page 4


 172 0090 89       		.byte	-119
 173 0091 38       		.byte	56
 174 0092 8B       		.byte	-117
 175 0093 0F       		.byte	15
 176 0094 8A       		.byte	-118
 177 0095 72       		.byte	114
 178 0096 8B       		.byte	-117
 179 0097 0F       		.byte	15
 180 0098 8F       		.byte	-113
 181 0099 04       		.byte	4
 182 009a 9F       		.byte	-97
 183 009b 04       		.byte	4
 184 009c 39       		.byte	57
 185 009d 20       		.byte	32
 186 009e 3F       		.byte	63
 187 009f 10       		.byte	16
 188 00a0 59       		.byte	89
 189 00a1 04       		.byte	4
 190 00a2 5F       		.byte	95
 191 00a3 01       		.byte	1
 192 00a4 27       		.byte	39
 193 00a5 04       		.byte	4
 194 00a6 9F       		.byte	-97
 195 00a7 04       		.byte	4
 196 00a8 E6       		.byte	-26
 197 00a9 02       		.byte	2
 198 00aa 01       		.byte	1
 199 00ab 02       		.byte	2
 200 00ac 03       		.byte	3
 201 00ad 34       		.byte	52
 202 00ae 04       		.byte	4
 203 00af 09       		.byte	9
 204 00b0 06       		.byte	6
 205 00b1 10       		.byte	16
 206 00b2 08       		.byte	8
 207 00b3 0C       		.byte	12
 208 00b4 0A       		.byte	10
 209 00b5 11       		.byte	17
 210 00b6 0B       		.byte	11
 211 00b7 80       		.byte	-128
 212 00b8 11       		.byte	17
 213 00b9 C8       		.byte	-56
 214 00ba 12       		.byte	18
 215 00bb 03       		.byte	3
 216 00bc 13       		.byte	19
 217 00bd 31       		.byte	49
 218 00be 14       		.byte	20
 219 00bf 14       		.byte	20
 220 00c0 15       		.byte	21
 221 00c1 1D       		.byte	29
 222 00c2 17       		.byte	23
 223 00c3 60       		.byte	96
 224 00c4 18       		.byte	24
 225 00c5 10       		.byte	16
 226 00c6 1A       		.byte	26
 227 00c7 0C       		.byte	12
 228 00c8 1B       		.byte	27
ARM GAS  C:\Users\gstoll\AppData\Local\Temp\ccj340d8.s 			page 5


 229 00c9 C0       		.byte	-64
 230 00ca 20       		.byte	32
 231 00cb 1C       		.byte	28
 232 00cc 22       		.byte	34
 233 00cd 02       		.byte	2
 234 00ce 24       		.byte	36
 235 00cf 10       		.byte	16
 236 00d0 29       		.byte	41
 237 00d1 1D       		.byte	29
 238 00d2 2B       		.byte	43
 239 00d3 E0       		.byte	-32
 240 00d4 30       		.byte	48
 241 00d5 1F       		.byte	31
 242 00d6 33       		.byte	51
 243 00d7 0C       		.byte	12
 244 00d8 35       		.byte	53
 245 00d9 03       		.byte	3
 246 00da 37       		.byte	55
 247 00db F0       		.byte	-16
 248 00dc 39       		.byte	57
 249 00dd 28       		.byte	40
 250 00de 3B       		.byte	59
 251 00df 80       		.byte	-128
 252 00e0 3F       		.byte	63
 253 00e1 04       		.byte	4
 254 00e2 40       		.byte	64
 255 00e3 34       		.byte	52
 256 00e4 41       		.byte	65
 257 00e5 06       		.byte	6
 258 00e6 46       		.byte	70
 259 00e7 B0       		.byte	-80
 260 00e8 47       		.byte	71
 261 00e9 EC       		.byte	-20
 262 00ea 48       		.byte	72
 263 00eb 38       		.byte	56
 264 00ec 49       		.byte	73
 265 00ed FF       		.byte	-1
 266 00ee 4A       		.byte	74
 267 00ef FF       		.byte	-1
 268 00f0 4B       		.byte	75
 269 00f1 FF       		.byte	-1
 270 00f2 4E       		.byte	78
 271 00f3 F0       		.byte	-16
 272 00f4 4F       		.byte	79
 273 00f5 44       		.byte	68
 274 00f6 50       		.byte	80
 275 00f7 0C       		.byte	12
 276 00f8 58       		.byte	88
 277 00f9 04       		.byte	4
 278 00fa 59       		.byte	89
 279 00fb 04       		.byte	4
 280 00fc 5A       		.byte	90
 281 00fd 04       		.byte	4
 282 00fe 5C       		.byte	92
 283 00ff 22       		.byte	34
 284 0100 5D       		.byte	93
 285 0101 02       		.byte	2
ARM GAS  C:\Users\gstoll\AppData\Local\Temp\ccj340d8.s 			page 6


 286 0102 5F       		.byte	95
 287 0103 01       		.byte	1
 288 0104 66       		.byte	102
 289 0105 C0       		.byte	-64
 290 0106 6A       		.byte	106
 291 0107 40       		.byte	64
 292 0108 6B       		.byte	107
 293 0109 02       		.byte	2
 294 010a 80       		.byte	-128
 295 010b 09       		.byte	9
 296 010c 81       		.byte	-127
 297 010d 37       		.byte	55
 298 010e 82       		.byte	-126
 299 010f 06       		.byte	6
 300 0110 86       		.byte	-122
 301 0111 18       		.byte	24
 302 0112 88       		.byte	-120
 303 0113 20       		.byte	32
 304 0114 89       		.byte	-119
 305 0115 09       		.byte	9
 306 0116 8B       		.byte	-117
 307 0117 10       		.byte	16
 308 0118 90       		.byte	-112
 309 0119 20       		.byte	32
 310 011a 94       		.byte	-108
 311 011b 02       		.byte	2
 312 011c 95       		.byte	-107
 313 011d 14       		.byte	20
 314 011e 96       		.byte	-106
 315 011f 05       		.byte	5
 316 0120 97       		.byte	-105
 317 0121 08       		.byte	8
 318 0122 9B       		.byte	-101
 319 0123 40       		.byte	64
 320 0124 9D       		.byte	-99
 321 0125 08       		.byte	8
 322 0126 9E       		.byte	-98
 323 0127 02       		.byte	2
 324 0128 9F       		.byte	-97
 325 0129 22       		.byte	34
 326 012a A3       		.byte	-93
 327 012b 40       		.byte	64
 328 012c A7       		.byte	-89
 329 012d 07       		.byte	7
 330 012e A8       		.byte	-88
 331 012f 10       		.byte	16
 332 0130 AA       		.byte	-86
 333 0131 07       		.byte	7
 334 0132 AE       		.byte	-82
 335 0133 04       		.byte	4
 336 0134 B0       		.byte	-80
 337 0135 01       		.byte	1
 338 0136 B1       		.byte	-79
 339 0137 38       		.byte	56
 340 0138 B2       		.byte	-78
 341 0139 1E       		.byte	30
 342 013a B4       		.byte	-76
ARM GAS  C:\Users\gstoll\AppData\Local\Temp\ccj340d8.s 			page 7


 343 013b 20       		.byte	32
 344 013c B5       		.byte	-75
 345 013d 40       		.byte	64
 346 013e B7       		.byte	-73
 347 013f 07       		.byte	7
 348 0140 B8       		.byte	-72
 349 0141 20       		.byte	32
 350 0142 B9       		.byte	-71
 351 0143 02       		.byte	2
 352 0144 BE       		.byte	-66
 353 0145 01       		.byte	1
 354 0146 BF       		.byte	-65
 355 0147 50       		.byte	80
 356 0148 D4       		.byte	-44
 357 0149 18       		.byte	24
 358 014a D6       		.byte	-42
 359 014b 04       		.byte	4
 360 014c D8       		.byte	-40
 361 014d 04       		.byte	4
 362 014e D9       		.byte	-39
 363 014f 04       		.byte	4
 364 0150 DB       		.byte	-37
 365 0151 04       		.byte	4
 366 0152 DD       		.byte	-35
 367 0153 20       		.byte	32
 368 0154 DF       		.byte	-33
 369 0155 01       		.byte	1
 370 0156 00       		.byte	0
 371 0157 10       		.byte	16
 372 0158 01       		.byte	1
 373 0159 08       		.byte	8
 374 015a 03       		.byte	3
 375 015b 40       		.byte	64
 376 015c 04       		.byte	4
 377 015d 08       		.byte	8
 378 015e 05       		.byte	5
 379 015f 20       		.byte	32
 380 0160 09       		.byte	9
 381 0161 02       		.byte	2
 382 0162 0A       		.byte	10
 383 0163 01       		.byte	1
 384 0164 0B       		.byte	11
 385 0165 20       		.byte	32
 386 0166 0E       		.byte	14
 387 0167 88       		.byte	-120
 388 0168 0F       		.byte	15
 389 0169 20       		.byte	32
 390 016a 10       		.byte	16
 391 016b 02       		.byte	2
 392 016c 12       		.byte	18
 393 016d 08       		.byte	8
 394 016e 16       		.byte	22
 395 016f 20       		.byte	32
 396 0170 17       		.byte	23
 397 0171 01       		.byte	1
 398 0172 19       		.byte	25
 399 0173 18       		.byte	24
ARM GAS  C:\Users\gstoll\AppData\Local\Temp\ccj340d8.s 			page 8


 400 0174 1A       		.byte	26
 401 0175 40       		.byte	64
 402 0176 1B       		.byte	27
 403 0177 20       		.byte	32
 404 0178 1E       		.byte	30
 405 0179 80       		.byte	-128
 406 017a 20       		.byte	32
 407 017b 04       		.byte	4
 408 017c 21       		.byte	33
 409 017d 01       		.byte	1
 410 017e 23       		.byte	35
 411 017f 01       		.byte	1
 412 0180 24       		.byte	36
 413 0181 08       		.byte	8
 414 0182 26       		.byte	38
 415 0183 20       		.byte	32
 416 0184 27       		.byte	39
 417 0185 19       		.byte	25
 418 0186 29       		.byte	41
 419 0187 0A       		.byte	10
 420 0188 2D       		.byte	45
 421 0189 20       		.byte	32
 422 018a 2F       		.byte	47
 423 018b 08       		.byte	8
 424 018c 32       		.byte	50
 425 018d 18       		.byte	24
 426 018e 33       		.byte	51
 427 018f 40       		.byte	64
 428 0190 36       		.byte	54
 429 0191 26       		.byte	38
 430 0192 37       		.byte	55
 431 0193 05       		.byte	5
 432 0194 39       		.byte	57
 433 0195 02       		.byte	2
 434 0196 3B       		.byte	59
 435 0197 20       		.byte	32
 436 0198 3D       		.byte	61
 437 0199 02       		.byte	2
 438 019a 3E       		.byte	62
 439 019b 20       		.byte	32
 440 019c 3F       		.byte	63
 441 019d 02       		.byte	2
 442 019e 45       		.byte	69
 443 019f 01       		.byte	1
 444 01a0 47       		.byte	71
 445 01a1 04       		.byte	4
 446 01a2 4D       		.byte	77
 447 01a3 20       		.byte	32
 448 01a4 56       		.byte	86
 449 01a5 0A       		.byte	10
 450 01a6 57       		.byte	87
 451 01a7 10       		.byte	16
 452 01a8 5A       		.byte	90
 453 01a9 02       		.byte	2
 454 01aa 60       		.byte	96
 455 01ab 04       		.byte	4
 456 01ac 62       		.byte	98
ARM GAS  C:\Users\gstoll\AppData\Local\Temp\ccj340d8.s 			page 9


 457 01ad 80       		.byte	-128
 458 01ae 63       		.byte	99
 459 01af 40       		.byte	64
 460 01b0 87       		.byte	-121
 461 01b1 40       		.byte	64
 462 01b2 8B       		.byte	-117
 463 01b3 40       		.byte	64
 464 01b4 90       		.byte	-112
 465 01b5 10       		.byte	16
 466 01b6 92       		.byte	-110
 467 01b7 01       		.byte	1
 468 01b8 93       		.byte	-109
 469 01b9 20       		.byte	32
 470 01ba 96       		.byte	-106
 471 01bb 40       		.byte	64
 472 01bc 97       		.byte	-105
 473 01bd 80       		.byte	-128
 474 01be 9A       		.byte	-102
 475 01bf 20       		.byte	32
 476 01c0 9B       		.byte	-101
 477 01c1 40       		.byte	64
 478 01c2 9D       		.byte	-99
 479 01c3 10       		.byte	16
 480 01c4 9F       		.byte	-97
 481 01c5 10       		.byte	16
 482 01c6 A0       		.byte	-96
 483 01c7 02       		.byte	2
 484 01c8 A1       		.byte	-95
 485 01c9 02       		.byte	2
 486 01ca A2       		.byte	-94
 487 01cb 08       		.byte	8
 488 01cc A3       		.byte	-93
 489 01cd 01       		.byte	1
 490 01ce A7       		.byte	-89
 491 01cf 20       		.byte	32
 492 01d0 A8       		.byte	-88
 493 01d1 02       		.byte	2
 494 01d2 A9       		.byte	-87
 495 01d3 04       		.byte	4
 496 01d4 C0       		.byte	-64
 497 01d5 6E       		.byte	110
 498 01d6 C2       		.byte	-62
 499 01d7 7D       		.byte	125
 500 01d8 C4       		.byte	-60
 501 01d9 33       		.byte	51
 502 01da CA       		.byte	-54
 503 01db 23       		.byte	35
 504 01dc CC       		.byte	-52
 505 01dd EE       		.byte	-18
 506 01de CE       		.byte	-50
 507 01df A5       		.byte	-91
 508 01e0 D0       		.byte	-48
 509 01e1 C0       		.byte	-64
 510 01e2 D2       		.byte	-46
 511 01e3 20       		.byte	32
 512 01e4 D6       		.byte	-42
 513 01e5 01       		.byte	1
ARM GAS  C:\Users\gstoll\AppData\Local\Temp\ccj340d8.s 			page 10


 514 01e6 D8       		.byte	-40
 515 01e7 0D       		.byte	13
 516 01e8 01       		.byte	1
 517 01e9 10       		.byte	16
 518 01ea 02       		.byte	2
 519 01eb FF       		.byte	-1
 520 01ec 05       		.byte	5
 521 01ed 40       		.byte	64
 522 01ee 06       		.byte	6
 523 01ef 60       		.byte	96
 524 01f0 08       		.byte	8
 525 01f1 7F       		.byte	127
 526 01f2 09       		.byte	9
 527 01f3 07       		.byte	7
 528 01f4 0A       		.byte	10
 529 01f5 80       		.byte	-128
 530 01f6 0B       		.byte	11
 531 01f7 18       		.byte	24
 532 01f8 0C       		.byte	12
 533 01f9 90       		.byte	-112
 534 01fa 0D       		.byte	13
 535 01fb 41       		.byte	65
 536 01fc 0E       		.byte	14
 537 01fd 40       		.byte	64
 538 01fe 10       		.byte	16
 539 01ff C0       		.byte	-64
 540 0200 11       		.byte	17
 541 0201 01       		.byte	1
 542 0202 12       		.byte	18
 543 0203 02       		.byte	2
 544 0204 14       		.byte	20
 545 0205 1F       		.byte	31
 546 0206 15       		.byte	21
 547 0207 22       		.byte	34
 548 0208 16       		.byte	22
 549 0209 20       		.byte	32
 550 020a 17       		.byte	23
 551 020b 08       		.byte	8
 552 020c 19       		.byte	25
 553 020d 41       		.byte	65
 554 020e 1C       		.byte	28
 555 020f 80       		.byte	-128
 556 0210 1D       		.byte	29
 557 0211 08       		.byte	8
 558 0212 1F       		.byte	31
 559 0213 21       		.byte	33
 560 0214 20       		.byte	32
 561 0215 C0       		.byte	-64
 562 0216 21       		.byte	33
 563 0217 41       		.byte	65
 564 0218 22       		.byte	34
 565 0219 01       		.byte	1
 566 021a 24       		.byte	36
 567 021b C0       		.byte	-64
 568 021c 26       		.byte	38
 569 021d 04       		.byte	4
 570 021e 27       		.byte	39
ARM GAS  C:\Users\gstoll\AppData\Local\Temp\ccj340d8.s 			page 11


 571 021f 40       		.byte	64
 572 0220 28       		.byte	40
 573 0221 C0       		.byte	-64
 574 0222 29       		.byte	41
 575 0223 04       		.byte	4
 576 0224 2A       		.byte	42
 577 0225 08       		.byte	8
 578 0226 2D       		.byte	45
 579 0227 01       		.byte	1
 580 0228 2E       		.byte	46
 581 0229 9F       		.byte	-97
 582 022a 2F       		.byte	47
 583 022b 40       		.byte	64
 584 022c 31       		.byte	49
 585 022d 3F       		.byte	63
 586 022e 32       		.byte	50
 587 022f FF       		.byte	-1
 588 0230 33       		.byte	51
 589 0231 40       		.byte	64
 590 0232 39       		.byte	57
 591 0233 02       		.byte	2
 592 0234 3E       		.byte	62
 593 0235 04       		.byte	4
 594 0236 3F       		.byte	63
 595 0237 05       		.byte	5
 596 0238 54       		.byte	84
 597 0239 40       		.byte	64
 598 023a 58       		.byte	88
 599 023b 04       		.byte	4
 600 023c 59       		.byte	89
 601 023d 04       		.byte	4
 602 023e 5B       		.byte	91
 603 023f 04       		.byte	4
 604 0240 5F       		.byte	95
 605 0241 01       		.byte	1
 606 0242 81       		.byte	-127
 607 0243 04       		.byte	4
 608 0244 83       		.byte	-125
 609 0245 20       		.byte	32
 610 0246 85       		.byte	-123
 611 0247 77       		.byte	119
 612 0248 87       		.byte	-121
 613 0249 08       		.byte	8
 614 024a 8D       		.byte	-115
 615 024b 46       		.byte	70
 616 024c 91       		.byte	-111
 617 024d 46       		.byte	70
 618 024e 95       		.byte	-107
 619 024f 01       		.byte	1
 620 0250 97       		.byte	-105
 621 0251 5E       		.byte	94
 622 0252 9D       		.byte	-99
 623 0253 39       		.byte	57
 624 0254 9F       		.byte	-97
 625 0255 06       		.byte	6
 626 0256 A1       		.byte	-95
 627 0257 46       		.byte	70
ARM GAS  C:\Users\gstoll\AppData\Local\Temp\ccj340d8.s 			page 12


 628 0258 A5       		.byte	-91
 629 0259 42       		.byte	66
 630 025a A7       		.byte	-89
 631 025b 04       		.byte	4
 632 025c AB       		.byte	-85
 633 025d 46       		.byte	70
 634 025e AD       		.byte	-83
 635 025f 42       		.byte	66
 636 0260 B1       		.byte	-79
 637 0261 0F       		.byte	15
 638 0262 B3       		.byte	-77
 639 0263 70       		.byte	112
 640 0264 B9       		.byte	-71
 641 0265 02       		.byte	2
 642 0266 BB       		.byte	-69
 643 0267 0C       		.byte	12
 644 0268 C0       		.byte	-64
 645 0269 02       		.byte	2
 646 026a C6       		.byte	-58
 647 026b 40       		.byte	64
 648 026c C9       		.byte	-55
 649 026d FF       		.byte	-1
 650 026e CA       		.byte	-54
 651 026f 07       		.byte	7
 652 0270 CB       		.byte	-53
 653 0271 FF       		.byte	-1
 654 0272 CC       		.byte	-52
 655 0273 40       		.byte	64
 656 0274 CD       		.byte	-51
 657 0275 20       		.byte	32
 658 0276 CE       		.byte	-50
 659 0277 F0       		.byte	-16
 660 0278 CF       		.byte	-49
 661 0279 05       		.byte	5
 662 027a D0       		.byte	-48
 663 027b 08       		.byte	8
 664 027c D6       		.byte	-42
 665 027d 02       		.byte	2
 666 027e D7       		.byte	-41
 667 027f 24       		.byte	36
 668 0280 D9       		.byte	-39
 669 0281 04       		.byte	4
 670 0282 DA       		.byte	-38
 671 0283 04       		.byte	4
 672 0284 DB       		.byte	-37
 673 0285 04       		.byte	4
 674 0286 DD       		.byte	-35
 675 0287 02       		.byte	2
 676 0288 DF       		.byte	-33
 677 0289 01       		.byte	1
 678 028a E0       		.byte	-32
 679 028b 40       		.byte	64
 680 028c E1       		.byte	-31
 681 028d A8       		.byte	-88
 682 028e E2       		.byte	-30
 683 028f 40       		.byte	64
 684 0290 E3       		.byte	-29
ARM GAS  C:\Users\gstoll\AppData\Local\Temp\ccj340d8.s 			page 13


 685 0291 20       		.byte	32
 686 0292 01       		.byte	1
 687 0293 40       		.byte	64
 688 0294 02       		.byte	2
 689 0295 08       		.byte	8
 690 0296 03       		.byte	3
 691 0297 60       		.byte	96
 692 0298 09       		.byte	9
 693 0299 01       		.byte	1
 694 029a 0A       		.byte	10
 695 029b 02       		.byte	2
 696 029c 0B       		.byte	11
 697 029d 22       		.byte	34
 698 029e 10       		.byte	16
 699 029f AA       		.byte	-86
 700 02a0 18       		.byte	24
 701 02a1 10       		.byte	16
 702 02a2 21       		.byte	33
 703 02a3 02       		.byte	2
 704 02a4 23       		.byte	35
 705 02a5 10       		.byte	16
 706 02a6 25       		.byte	37
 707 02a7 08       		.byte	8
 708 02a8 26       		.byte	38
 709 02a9 08       		.byte	8
 710 02aa 27       		.byte	39
 711 02ab 40       		.byte	64
 712 02ac 29       		.byte	41
 713 02ad 14       		.byte	20
 714 02ae 2A       		.byte	42
 715 02af 05       		.byte	5
 716 02b0 2B       		.byte	43
 717 02b1 02       		.byte	2
 718 02b2 2C       		.byte	44
 719 02b3 28       		.byte	40
 720 02b4 2F       		.byte	47
 721 02b5 81       		.byte	-127
 722 02b6 30       		.byte	48
 723 02b7 20       		.byte	32
 724 02b8 31       		.byte	49
 725 02b9 08       		.byte	8
 726 02ba 32       		.byte	50
 727 02bb 01       		.byte	1
 728 02bc 33       		.byte	51
 729 02bd 40       		.byte	64
 730 02be 36       		.byte	54
 731 02bf 08       		.byte	8
 732 02c0 37       		.byte	55
 733 02c1 41       		.byte	65
 734 02c2 38       		.byte	56
 735 02c3 8A       		.byte	-118
 736 02c4 3B       		.byte	59
 737 02c5 20       		.byte	32
 738 02c6 3C       		.byte	60
 739 02c7 80       		.byte	-128
 740 02c8 3E       		.byte	62
 741 02c9 04       		.byte	4
ARM GAS  C:\Users\gstoll\AppData\Local\Temp\ccj340d8.s 			page 14


 742 02ca 3F       		.byte	63
 743 02cb 01       		.byte	1
 744 02cc 47       		.byte	71
 745 02cd 10       		.byte	16
 746 02ce 4F       		.byte	79
 747 02cf 02       		.byte	2
 748 02d0 56       		.byte	86
 749 02d1 20       		.byte	32
 750 02d2 60       		.byte	96
 751 02d3 02       		.byte	2
 752 02d4 62       		.byte	98
 753 02d5 20       		.byte	32
 754 02d6 63       		.byte	99
 755 02d7 10       		.byte	16
 756 02d8 67       		.byte	103
 757 02d9 08       		.byte	8
 758 02da 6C       		.byte	108
 759 02db 6C       		.byte	108
 760 02dc 6D       		.byte	109
 761 02dd 42       		.byte	66
 762 02de 6F       		.byte	111
 763 02df 87       		.byte	-121
 764 02e0 74       		.byte	116
 765 02e1 C0       		.byte	-64
 766 02e2 76       		.byte	118
 767 02e3 01       		.byte	1
 768 02e4 90       		.byte	-112
 769 02e5 02       		.byte	2
 770 02e6 92       		.byte	-110
 771 02e7 07       		.byte	7
 772 02e8 93       		.byte	-109
 773 02e9 29       		.byte	41
 774 02ea 94       		.byte	-108
 775 02eb 80       		.byte	-128
 776 02ec 95       		.byte	-107
 777 02ed 40       		.byte	64
 778 02ee 96       		.byte	-106
 779 02ef 40       		.byte	64
 780 02f0 97       		.byte	-105
 781 02f1 80       		.byte	-128
 782 02f2 9A       		.byte	-102
 783 02f3 04       		.byte	4
 784 02f4 9E       		.byte	-98
 785 02f5 01       		.byte	1
 786 02f6 9F       		.byte	-97
 787 02f7 45       		.byte	69
 788 02f8 A0       		.byte	-96
 789 02f9 02       		.byte	2
 790 02fa A2       		.byte	-94
 791 02fb 20       		.byte	32
 792 02fc A4       		.byte	-92
 793 02fd 28       		.byte	40
 794 02fe A5       		.byte	-91
 795 02ff 09       		.byte	9
 796 0300 A7       		.byte	-89
 797 0301 80       		.byte	-128
 798 0302 B4       		.byte	-76
ARM GAS  C:\Users\gstoll\AppData\Local\Temp\ccj340d8.s 			page 15


 799 0303 80       		.byte	-128
 800 0304 B7       		.byte	-73
 801 0305 10       		.byte	16
 802 0306 C0       		.byte	-64
 803 0307 0F       		.byte	15
 804 0308 C2       		.byte	-62
 805 0309 0D       		.byte	13
 806 030a C4       		.byte	-60
 807 030b 0F       		.byte	15
 808 030c CA       		.byte	-54
 809 030d FF       		.byte	-1
 810 030e CC       		.byte	-52
 811 030f DF       		.byte	-33
 812 0310 CE       		.byte	-50
 813 0311 DF       		.byte	-33
 814 0312 D0       		.byte	-48
 815 0313 20       		.byte	32
 816 0314 D8       		.byte	-40
 817 0315 2E       		.byte	46
 818 0316 00       		.byte	0
 819 0317 31       		.byte	49
 820 0318 02       		.byte	2
 821 0319 4E       		.byte	78
 822 031a 04       		.byte	4
 823 031b 40       		.byte	64
 824 031c 06       		.byte	6
 825 031d 30       		.byte	48
 826 031e 08       		.byte	8
 827 031f 11       		.byte	17
 828 0320 0A       		.byte	10
 829 0321 62       		.byte	98
 830 0322 0C       		.byte	12
 831 0323 0C       		.byte	12
 832 0324 10       		.byte	16
 833 0325 04       		.byte	4
 834 0326 14       		.byte	20
 835 0327 50       		.byte	80
 836 0328 16       		.byte	22
 837 0329 2F       		.byte	47
 838 032a 18       		.byte	24
 839 032b 04       		.byte	4
 840 032c 1A       		.byte	26
 841 032d 08       		.byte	8
 842 032e 1C       		.byte	28
 843 032f 08       		.byte	8
 844 0330 20       		.byte	32
 845 0331 0C       		.byte	12
 846 0332 26       		.byte	38
 847 0333 0C       		.byte	12
 848 0334 2C       		.byte	44
 849 0335 0C       		.byte	12
 850 0336 32       		.byte	50
 851 0337 70       		.byte	112
 852 0338 34       		.byte	52
 853 0339 0F       		.byte	15
 854 033a 3A       		.byte	58
 855 033b 08       		.byte	8
ARM GAS  C:\Users\gstoll\AppData\Local\Temp\ccj340d8.s 			page 16


 856 033c 58       		.byte	88
 857 033d 04       		.byte	4
 858 033e 5F       		.byte	95
 859 033f 01       		.byte	1
 860 0340 01       		.byte	1
 861 0341 40       		.byte	64
 862 0342 04       		.byte	4
 863 0343 80       		.byte	-128
 864 0344 05       		.byte	5
 865 0345 14       		.byte	20
 866 0346 07       		.byte	7
 867 0347 40       		.byte	64
 868 0348 09       		.byte	9
 869 0349 01       		.byte	1
 870 034a 0B       		.byte	11
 871 034b 02       		.byte	2
 872 034c 0C       		.byte	12
 873 034d A0       		.byte	-96
 874 034e 0D       		.byte	13
 875 034f 08       		.byte	8
 876 0350 0F       		.byte	15
 877 0351 40       		.byte	64
 878 0352 10       		.byte	16
 879 0353 28       		.byte	40
 880 0354 12       		.byte	18
 881 0355 01       		.byte	1
 882 0356 16       		.byte	22
 883 0357 01       		.byte	1
 884 0358 17       		.byte	23
 885 0359 05       		.byte	5
 886 035a 18       		.byte	24
 887 035b 04       		.byte	4
 888 035c 19       		.byte	25
 889 035d 01       		.byte	1
 890 035e 1A       		.byte	26
 891 035f 01       		.byte	1
 892 0360 1D       		.byte	29
 893 0361 14       		.byte	20
 894 0362 1E       		.byte	30
 895 0363 04       		.byte	4
 896 0364 1F       		.byte	31
 897 0365 14       		.byte	20
 898 0366 21       		.byte	33
 899 0367 10       		.byte	16
 900 0368 22       		.byte	34
 901 0369 81       		.byte	-127
 902 036a 23       		.byte	35
 903 036b 40       		.byte	64
 904 036c 28       		.byte	40
 905 036d 20       		.byte	32
 906 036e 29       		.byte	41
 907 036f 10       		.byte	16
 908 0370 2B       		.byte	43
 909 0371 80       		.byte	-128
 910 0372 30       		.byte	48
 911 0373 28       		.byte	40
 912 0374 32       		.byte	50
ARM GAS  C:\Users\gstoll\AppData\Local\Temp\ccj340d8.s 			page 17


 913 0375 01       		.byte	1
 914 0376 33       		.byte	51
 915 0377 40       		.byte	64
 916 0378 39       		.byte	57
 917 0379 60       		.byte	96
 918 037a 3A       		.byte	58
 919 037b 01       		.byte	1
 920 037c 40       		.byte	64
 921 037d 24       		.byte	36
 922 037e 41       		.byte	65
 923 037f 08       		.byte	8
 924 0380 43       		.byte	67
 925 0381 40       		.byte	64
 926 0382 48       		.byte	72
 927 0383 80       		.byte	-128
 928 0384 49       		.byte	73
 929 0385 08       		.byte	8
 930 0386 4B       		.byte	75
 931 0387 A1       		.byte	-95
 932 0388 50       		.byte	80
 933 0389 03       		.byte	3
 934 038a 52       		.byte	82
 935 038b 24       		.byte	36
 936 038c 53       		.byte	83
 937 038d 01       		.byte	1
 938 038e 59       		.byte	89
 939 038f 09       		.byte	9
 940 0390 5A       		.byte	90
 941 0391 40       		.byte	64
 942 0392 5B       		.byte	91
 943 0393 10       		.byte	16
 944 0394 62       		.byte	98
 945 0395 80       		.byte	-128
 946 0396 C0       		.byte	-64
 947 0397 F1       		.byte	-15
 948 0398 C2       		.byte	-62
 949 0399 F9       		.byte	-7
 950 039a C4       		.byte	-60
 951 039b B7       		.byte	-73
 952 039c CA       		.byte	-54
 953 039d 07       		.byte	7
 954 039e CC       		.byte	-52
 955 039f 0F       		.byte	15
 956 03a0 CE       		.byte	-50
 957 03a1 0D       		.byte	13
 958 03a2 D0       		.byte	-48
 959 03a3 0E       		.byte	14
 960 03a4 D2       		.byte	-46
 961 03a5 0C       		.byte	12
 962 03a6 D6       		.byte	-42
 963 03a7 0F       		.byte	15
 964 03a8 D8       		.byte	-40
 965 03a9 08       		.byte	8
 966 03aa E4       		.byte	-28
 967 03ab 10       		.byte	16
 968 03ac EA       		.byte	-22
 969 03ad 01       		.byte	1
ARM GAS  C:\Users\gstoll\AppData\Local\Temp\ccj340d8.s 			page 18


 970 03ae AB       		.byte	-85
 971 03af 04       		.byte	4
 972 03b0 E8       		.byte	-24
 973 03b1 20       		.byte	32
 974 03b2 06       		.byte	6
 975 03b3 02       		.byte	2
 976 03b4 0C       		.byte	12
 977 03b5 26       		.byte	38
 978 03b6 0E       		.byte	14
 979 03b7 41       		.byte	65
 980 03b8 10       		.byte	16
 981 03b9 08       		.byte	8
 982 03ba 14       		.byte	20
 983 03bb 30       		.byte	48
 984 03bc 15       		.byte	21
 985 03bd 06       		.byte	6
 986 03be 16       		.byte	22
 987 03bf 43       		.byte	67
 988 03c0 18       		.byte	24
 989 03c1 30       		.byte	48
 990 03c2 1A       		.byte	26
 991 03c3 45       		.byte	69
 992 03c4 1B       		.byte	27
 993 03c5 01       		.byte	1
 994 03c6 1E       		.byte	30
 995 03c7 51       		.byte	81
 996 03c8 1F       		.byte	31
 997 03c9 05       		.byte	5
 998 03ca 26       		.byte	38
 999 03cb 06       		.byte	6
 1000 03cc 27       		.byte	39
 1001 03cd 03       		.byte	3
 1002 03ce 28       		.byte	40
 1003 03cf 30       		.byte	48
 1004 03d0 2A       		.byte	42
 1005 03d1 40       		.byte	64
 1006 03d2 32       		.byte	50
 1007 03d3 07       		.byte	7
 1008 03d4 33       		.byte	51
 1009 03d5 07       		.byte	7
 1010 03d6 34       		.byte	52
 1011 03d7 74       		.byte	116
 1012 03d8 36       		.byte	54
 1013 03d9 08       		.byte	8
 1014 03da 3A       		.byte	58
 1015 03db 28       		.byte	40
 1016 03dc 3E       		.byte	62
 1017 03dd 40       		.byte	64
 1018 03de 58       		.byte	88
 1019 03df 04       		.byte	4
 1020 03e0 59       		.byte	89
 1021 03e1 04       		.byte	4
 1022 03e2 5C       		.byte	92
 1023 03e3 02       		.byte	2
 1024 03e4 5F       		.byte	95
 1025 03e5 01       		.byte	1
 1026 03e6 80       		.byte	-128
ARM GAS  C:\Users\gstoll\AppData\Local\Temp\ccj340d8.s 			page 19


 1027 03e7 08       		.byte	8
 1028 03e8 81       		.byte	-127
 1029 03e9 5C       		.byte	92
 1030 03ea 83       		.byte	-125
 1031 03eb 21       		.byte	33
 1032 03ec 84       		.byte	-124
 1033 03ed 3F       		.byte	63
 1034 03ee 87       		.byte	-121
 1035 03ef 80       		.byte	-128
 1036 03f0 8B       		.byte	-117
 1037 03f1 04       		.byte	4
 1038 03f2 8C       		.byte	-116
 1039 03f3 33       		.byte	51
 1040 03f4 8E       		.byte	-114
 1041 03f5 0C       		.byte	12
 1042 03f6 8F       		.byte	-113
 1043 03f7 03       		.byte	3
 1044 03f8 90       		.byte	-112
 1045 03f9 02       		.byte	2
 1046 03fa 91       		.byte	-111
 1047 03fb 67       		.byte	103
 1048 03fc 93       		.byte	-109
 1049 03fd 18       		.byte	24
 1050 03fe 94       		.byte	-108
 1051 03ff 0C       		.byte	12
 1052 0400 95       		.byte	-107
 1053 0401 18       		.byte	24
 1054 0402 98       		.byte	-104
 1055 0403 04       		.byte	4
 1056 0404 99       		.byte	-103
 1057 0405 08       		.byte	8
 1058 0406 9C       		.byte	-100
 1059 0407 01       		.byte	1
 1060 0408 9F       		.byte	-97
 1061 0409 80       		.byte	-128
 1062 040a A0       		.byte	-96
 1063 040b 0F       		.byte	15
 1064 040c A1       		.byte	-95
 1065 040d 04       		.byte	4
 1066 040e A2       		.byte	-94
 1067 040f 30       		.byte	48
 1068 0410 A4       		.byte	-92
 1069 0411 2C       		.byte	44
 1070 0412 A5       		.byte	-91
 1071 0413 5C       		.byte	92
 1072 0414 A6       		.byte	-90
 1073 0415 13       		.byte	19
 1074 0416 A7       		.byte	-89
 1075 0417 22       		.byte	34
 1076 0418 A8       		.byte	-88
 1077 0419 03       		.byte	3
 1078 041a A9       		.byte	-87
 1079 041b 7F       		.byte	127
 1080 041c AD       		.byte	-83
 1081 041d 10       		.byte	16
 1082 041e AE       		.byte	-82
 1083 041f 33       		.byte	51
ARM GAS  C:\Users\gstoll\AppData\Local\Temp\ccj340d8.s 			page 20


 1084 0420 B0       		.byte	-80
 1085 0421 0F       		.byte	15
 1086 0422 B1       		.byte	-79
 1087 0423 40       		.byte	64
 1088 0424 B3       		.byte	-77
 1089 0425 1F       		.byte	31
 1090 0426 B4       		.byte	-76
 1091 0427 2C       		.byte	44
 1092 0428 B5       		.byte	-75
 1093 0429 20       		.byte	32
 1094 042a B6       		.byte	-74
 1095 042b 1C       		.byte	28
 1096 042c B7       		.byte	-73
 1097 042d 80       		.byte	-128
 1098 042e B9       		.byte	-71
 1099 042f 20       		.byte	32
 1100 0430 BA       		.byte	-70
 1101 0431 8A       		.byte	-118
 1102 0432 BB       		.byte	-69
 1103 0433 08       		.byte	8
 1104 0434 BF       		.byte	-65
 1105 0435 41       		.byte	65
 1106 0436 D8       		.byte	-40
 1107 0437 04       		.byte	4
 1108 0438 D9       		.byte	-39
 1109 0439 04       		.byte	4
 1110 043a DC       		.byte	-36
 1111 043b 22       		.byte	34
 1112 043c DF       		.byte	-33
 1113 043d 01       		.byte	1
 1114 043e 01       		.byte	1
 1115 043f 08       		.byte	8
 1116 0440 02       		.byte	2
 1117 0441 40       		.byte	64
 1118 0442 03       		.byte	3
 1119 0443 02       		.byte	2
 1120 0444 06       		.byte	6
 1121 0445 20       		.byte	32
 1122 0446 07       		.byte	7
 1123 0447 01       		.byte	1
 1124 0448 08       		.byte	8
 1125 0449 84       		.byte	-124
 1126 044a 09       		.byte	9
 1127 044b 20       		.byte	32
 1128 044c 0A       		.byte	10
 1129 044d 80       		.byte	-128
 1130 044e 0E       		.byte	14
 1131 044f A8       		.byte	-88
 1132 0450 0F       		.byte	15
 1133 0451 02       		.byte	2
 1134 0452 10       		.byte	16
 1135 0453 10       		.byte	16
 1136 0454 11       		.byte	17
 1137 0455 01       		.byte	1
 1138 0456 12       		.byte	18
 1139 0457 04       		.byte	4
 1140 0458 13       		.byte	19
ARM GAS  C:\Users\gstoll\AppData\Local\Temp\ccj340d8.s 			page 21


 1141 0459 40       		.byte	64
 1142 045a 16       		.byte	22
 1143 045b 08       		.byte	8
 1144 045c 17       		.byte	23
 1145 045d 28       		.byte	40
 1146 045e 18       		.byte	24
 1147 045f 06       		.byte	6
 1148 0460 19       		.byte	25
 1149 0461 88       		.byte	-120
 1150 0462 1B       		.byte	27
 1151 0463 06       		.byte	6
 1152 0464 1E       		.byte	30
 1153 0465 28       		.byte	40
 1154 0466 1F       		.byte	31
 1155 0467 48       		.byte	72
 1156 0468 21       		.byte	33
 1157 0469 08       		.byte	8
 1158 046a 22       		.byte	34
 1159 046b 90       		.byte	-112
 1160 046c 23       		.byte	35
 1161 046d 80       		.byte	-128
 1162 046e 27       		.byte	39
 1163 046f 10       		.byte	16
 1164 0470 28       		.byte	40
 1165 0471 90       		.byte	-112
 1166 0472 29       		.byte	41
 1167 0473 50       		.byte	80
 1168 0474 2A       		.byte	42
 1169 0475 40       		.byte	64
 1170 0476 2B       		.byte	43
 1171 0477 04       		.byte	4
 1172 0478 2F       		.byte	47
 1173 0479 10       		.byte	16
 1174 047a 30       		.byte	48
 1175 047b 84       		.byte	-124
 1176 047c 31       		.byte	49
 1177 047d 24       		.byte	36
 1178 047e 33       		.byte	51
 1179 047f 02       		.byte	2
 1180 0480 36       		.byte	54
 1181 0481 08       		.byte	8
 1182 0482 37       		.byte	55
 1183 0483 50       		.byte	80
 1184 0484 38       		.byte	56
 1185 0485 06       		.byte	6
 1186 0486 39       		.byte	57
 1187 0487 09       		.byte	9
 1188 0488 3B       		.byte	59
 1189 0489 50       		.byte	80
 1190 048a 44       		.byte	68
 1191 048b 10       		.byte	16
 1192 048c 45       		.byte	69
 1193 048d 08       		.byte	8
 1194 048e 87       		.byte	-121
 1195 048f 40       		.byte	64
 1196 0490 8F       		.byte	-113
 1197 0491 10       		.byte	16
ARM GAS  C:\Users\gstoll\AppData\Local\Temp\ccj340d8.s 			page 22


 1198 0492 93       		.byte	-109
 1199 0493 21       		.byte	33
 1200 0494 96       		.byte	-106
 1201 0495 22       		.byte	34
 1202 0496 9A       		.byte	-102
 1203 0497 2A       		.byte	42
 1204 0498 9B       		.byte	-101
 1205 0499 49       		.byte	73
 1206 049a 9D       		.byte	-99
 1207 049b 02       		.byte	2
 1208 049c A2       		.byte	-94
 1209 049d 4A       		.byte	74
 1210 049e A3       		.byte	-93
 1211 049f 01       		.byte	1
 1212 04a0 A6       		.byte	-90
 1213 04a1 84       		.byte	-124
 1214 04a2 A7       		.byte	-89
 1215 04a3 08       		.byte	8
 1216 04a4 C0       		.byte	-64
 1217 04a5 AD       		.byte	-83
 1218 04a6 C2       		.byte	-62
 1219 04a7 FF       		.byte	-1
 1220 04a8 C4       		.byte	-60
 1221 04a9 6F       		.byte	111
 1222 04aa CA       		.byte	-54
 1223 04ab 4F       		.byte	79
 1224 04ac CC       		.byte	-52
 1225 04ad 7F       		.byte	127
 1226 04ae CE       		.byte	-50
 1227 04af 0F       		.byte	15
 1228 04b0 E0       		.byte	-32
 1229 04b1 08       		.byte	8
 1230 04b2 E8       		.byte	-24
 1231 04b3 20       		.byte	32
 1232 04b4 04       		.byte	4
 1233 04b5 04       		.byte	4
 1234 04b6 05       		.byte	5
 1235 04b7 08       		.byte	8
 1236 04b8 06       		.byte	6
 1237 04b9 18       		.byte	24
 1238 04ba 09       		.byte	9
 1239 04bb 08       		.byte	8
 1240 04bc 0D       		.byte	13
 1241 04bd 30       		.byte	48
 1242 04be 10       		.byte	16
 1243 04bf 12       		.byte	18
 1244 04c0 11       		.byte	17
 1245 04c1 08       		.byte	8
 1246 04c2 12       		.byte	18
 1247 04c3 05       		.byte	5
 1248 04c4 17       		.byte	23
 1249 04c5 30       		.byte	48
 1250 04c6 1B       		.byte	27
 1251 04c7 30       		.byte	48
 1252 04c8 1C       		.byte	28
 1253 04c9 09       		.byte	9
 1254 04ca 1D       		.byte	29
ARM GAS  C:\Users\gstoll\AppData\Local\Temp\ccj340d8.s 			page 23


 1255 04cb 20       		.byte	32
 1256 04cc 1E       		.byte	30
 1257 04cd 06       		.byte	6
 1258 04ce 1F       		.byte	31
 1259 04cf 04       		.byte	4
 1260 04d0 21       		.byte	33
 1261 04d1 10       		.byte	16
 1262 04d2 23       		.byte	35
 1263 04d3 05       		.byte	5
 1264 04d4 24       		.byte	36
 1265 04d5 1F       		.byte	31
 1266 04d6 25       		.byte	37
 1267 04d7 30       		.byte	48
 1268 04d8 27       		.byte	39
 1269 04d9 02       		.byte	2
 1270 04da 28       		.byte	40
 1271 04db 1F       		.byte	31
 1272 04dc 29       		.byte	41
 1273 04dd 30       		.byte	48
 1274 04de 2F       		.byte	47
 1275 04df 30       		.byte	48
 1276 04e0 30       		.byte	48
 1277 04e1 03       		.byte	3
 1278 04e2 31       		.byte	49
 1279 04e3 30       		.byte	48
 1280 04e4 33       		.byte	51
 1281 04e5 01       		.byte	1
 1282 04e6 34       		.byte	52
 1283 04e7 1C       		.byte	28
 1284 04e8 35       		.byte	53
 1285 04e9 06       		.byte	6
 1286 04ea 37       		.byte	55
 1287 04eb 08       		.byte	8
 1288 04ec 3F       		.byte	63
 1289 04ed 10       		.byte	16
 1290 04ee 40       		.byte	64
 1291 04ef 45       		.byte	69
 1292 04f0 41       		.byte	65
 1293 04f1 06       		.byte	6
 1294 04f2 42       		.byte	66
 1295 04f3 03       		.byte	3
 1296 04f4 44       		.byte	68
 1297 04f5 02       		.byte	2
 1298 04f6 45       		.byte	69
 1299 04f7 E0       		.byte	-32
 1300 04f8 46       		.byte	70
 1301 04f9 0C       		.byte	12
 1302 04fa 48       		.byte	72
 1303 04fb 06       		.byte	6
 1304 04fc 49       		.byte	73
 1305 04fd FF       		.byte	-1
 1306 04fe 4A       		.byte	74
 1307 04ff FF       		.byte	-1
 1308 0500 4B       		.byte	75
 1309 0501 FF       		.byte	-1
 1310 0502 4C       		.byte	76
 1311 0503 62       		.byte	98
ARM GAS  C:\Users\gstoll\AppData\Local\Temp\ccj340d8.s 			page 24


 1312 0504 4D       		.byte	77
 1313 0505 A0       		.byte	-96
 1314 0506 4E       		.byte	78
 1315 0507 F0       		.byte	-16
 1316 0508 4F       		.byte	79
 1317 0509 41       		.byte	65
 1318 050a 50       		.byte	80
 1319 050b 0C       		.byte	12
 1320 050c 56       		.byte	86
 1321 050d 02       		.byte	2
 1322 050e 57       		.byte	87
 1323 050f 10       		.byte	16
 1324 0510 58       		.byte	88
 1325 0511 04       		.byte	4
 1326 0512 59       		.byte	89
 1327 0513 04       		.byte	4
 1328 0514 5A       		.byte	90
 1329 0515 04       		.byte	4
 1330 0516 5B       		.byte	91
 1331 0517 04       		.byte	4
 1332 0518 5C       		.byte	92
 1333 0519 22       		.byte	34
 1334 051a 5D       		.byte	93
 1335 051b 22       		.byte	34
 1336 051c 5F       		.byte	95
 1337 051d 01       		.byte	1
 1338 051e 66       		.byte	102
 1339 051f 40       		.byte	64
 1340 0520 67       		.byte	103
 1341 0521 02       		.byte	2
 1342 0522 69       		.byte	105
 1343 0523 10       		.byte	16
 1344 0524 6A       		.byte	106
 1345 0525 30       		.byte	48
 1346 0526 6B       		.byte	107
 1347 0527 10       		.byte	16
 1348 0528 6D       		.byte	109
 1349 0529 10       		.byte	16
 1350 052a 6E       		.byte	110
 1351 052b 10       		.byte	16
 1352 052c 6F       		.byte	111
 1353 052d 12       		.byte	18
 1354 052e 83       		.byte	-125
 1355 052f 01       		.byte	1
 1356 0530 87       		.byte	-121
 1357 0531 01       		.byte	1
 1358 0532 93       		.byte	-109
 1359 0533 01       		.byte	1
 1360 0534 95       		.byte	-107
 1361 0535 01       		.byte	1
 1362 0536 A1       		.byte	-95
 1363 0537 02       		.byte	2
 1364 0538 A9       		.byte	-87
 1365 0539 01       		.byte	1
 1366 053a B5       		.byte	-75
 1367 053b 02       		.byte	2
 1368 053c B7       		.byte	-73
ARM GAS  C:\Users\gstoll\AppData\Local\Temp\ccj340d8.s 			page 25


 1369 053d 01       		.byte	1
 1370 053e BF       		.byte	-65
 1371 053f 50       		.byte	80
 1372 0540 D4       		.byte	-44
 1373 0541 01       		.byte	1
 1374 0542 D9       		.byte	-39
 1375 0543 04       		.byte	4
 1376 0544 DB       		.byte	-37
 1377 0545 04       		.byte	4
 1378 0546 DD       		.byte	-35
 1379 0547 20       		.byte	32
 1380 0548 DF       		.byte	-33
 1381 0549 01       		.byte	1
 1382 054a 03       		.byte	3
 1383 054b 20       		.byte	32
 1384 054c 08       		.byte	8
 1385 054d 80       		.byte	-128
 1386 054e 0A       		.byte	10
 1387 054f 80       		.byte	-128
 1388 0550 11       		.byte	17
 1389 0551 14       		.byte	20
 1390 0552 1A       		.byte	26
 1391 0553 80       		.byte	-128
 1392 0554 1B       		.byte	27
 1393 0555 20       		.byte	32
 1394 0556 20       		.byte	32
 1395 0557 06       		.byte	6
 1396 0558 22       		.byte	34
 1397 0559 01       		.byte	1
 1398 055a 23       		.byte	35
 1399 055b 10       		.byte	16
 1400 055c 26       		.byte	38
 1401 055d 40       		.byte	64
 1402 055e 27       		.byte	39
 1403 055f 08       		.byte	8
 1404 0560 28       		.byte	40
 1405 0561 80       		.byte	-128
 1406 0562 29       		.byte	41
 1407 0563 90       		.byte	-112
 1408 0564 2A       		.byte	42
 1409 0565 04       		.byte	4
 1410 0566 2B       		.byte	43
 1411 0567 20       		.byte	32
 1412 0568 2D       		.byte	45
 1413 0569 01       		.byte	1
 1414 056a 2E       		.byte	46
 1415 056b 02       		.byte	2
 1416 056c 2F       		.byte	47
 1417 056d 08       		.byte	8
 1418 056e 30       		.byte	48
 1419 056f 10       		.byte	16
 1420 0570 31       		.byte	49
 1421 0571 08       		.byte	8
 1422 0572 32       		.byte	50
 1423 0573 40       		.byte	64
 1424 0574 33       		.byte	51
 1425 0575 01       		.byte	1
ARM GAS  C:\Users\gstoll\AppData\Local\Temp\ccj340d8.s 			page 26


 1426 0576 36       		.byte	54
 1427 0577 06       		.byte	6
 1428 0578 39       		.byte	57
 1429 0579 14       		.byte	20
 1430 057a 3A       		.byte	58
 1431 057b 80       		.byte	-128
 1432 057c 3E       		.byte	62
 1433 057d 08       		.byte	8
 1434 057e 3F       		.byte	63
 1435 057f 02       		.byte	2
 1436 0580 40       		.byte	64
 1437 0581 04       		.byte	4
 1438 0582 41       		.byte	65
 1439 0583 04       		.byte	4
 1440 0584 42       		.byte	66
 1441 0585 80       		.byte	-128
 1442 0586 43       		.byte	67
 1443 0587 02       		.byte	2
 1444 0588 48       		.byte	72
 1445 0589 01       		.byte	1
 1446 058a 49       		.byte	73
 1447 058b 12       		.byte	18
 1448 058c 4B       		.byte	75
 1449 058d 40       		.byte	64
 1450 058e 50       		.byte	80
 1451 058f 80       		.byte	-128
 1452 0590 5B       		.byte	91
 1453 0591 80       		.byte	-128
 1454 0592 5D       		.byte	93
 1455 0593 01       		.byte	1
 1456 0594 5E       		.byte	94
 1457 0595 80       		.byte	-128
 1458 0596 5F       		.byte	95
 1459 0597 28       		.byte	40
 1460 0598 69       		.byte	105
 1461 0599 14       		.byte	20
 1462 059a 6B       		.byte	107
 1463 059b 01       		.byte	1
 1464 059c 71       		.byte	113
 1465 059d 64       		.byte	100
 1466 059e 84       		.byte	-124
 1467 059f 10       		.byte	16
 1468 05a0 87       		.byte	-121
 1469 05a1 40       		.byte	64
 1470 05a2 88       		.byte	-120
 1471 05a3 80       		.byte	-128
 1472 05a4 91       		.byte	-111
 1473 05a5 08       		.byte	8
 1474 05a6 96       		.byte	-106
 1475 05a7 82       		.byte	-126
 1476 05a8 97       		.byte	-105
 1477 05a9 50       		.byte	80
 1478 05aa 99       		.byte	-103
 1479 05ab 90       		.byte	-112
 1480 05ac 9A       		.byte	-102
 1481 05ad 0A       		.byte	10
 1482 05ae 9B       		.byte	-101
ARM GAS  C:\Users\gstoll\AppData\Local\Temp\ccj340d8.s 			page 27


 1483 05af A0       		.byte	-96
 1484 05b0 9C       		.byte	-100
 1485 05b1 80       		.byte	-128
 1486 05b2 9D       		.byte	-99
 1487 05b3 46       		.byte	70
 1488 05b4 9E       		.byte	-98
 1489 05b5 04       		.byte	4
 1490 05b6 A1       		.byte	-95
 1491 05b7 08       		.byte	8
 1492 05b8 A2       		.byte	-94
 1493 05b9 06       		.byte	6
 1494 05ba A3       		.byte	-93
 1495 05bb 0B       		.byte	11
 1496 05bc A4       		.byte	-92
 1497 05bd 80       		.byte	-128
 1498 05be A5       		.byte	-91
 1499 05bf 20       		.byte	32
 1500 05c0 B7       		.byte	-73
 1501 05c1 01       		.byte	1
 1502 05c2 C0       		.byte	-64
 1503 05c3 04       		.byte	4
 1504 05c4 C2       		.byte	-62
 1505 05c5 09       		.byte	9
 1506 05c6 C4       		.byte	-60
 1507 05c7 06       		.byte	6
 1508 05c8 CA       		.byte	-54
 1509 05c9 AF       		.byte	-81
 1510 05ca CC       		.byte	-52
 1511 05cb CF       		.byte	-49
 1512 05cc CE       		.byte	-50
 1513 05cd CE       		.byte	-50
 1514 05ce D0       		.byte	-48
 1515 05cf 07       		.byte	7
 1516 05d0 D2       		.byte	-46
 1517 05d1 0C       		.byte	12
 1518 05d2 D6       		.byte	-42
 1519 05d3 F8       		.byte	-8
 1520 05d4 EA       		.byte	-22
 1521 05d5 01       		.byte	1
 1522 05d6 32       		.byte	50
 1523 05d7 20       		.byte	32
 1524 05d8 CC       		.byte	-52
 1525 05d9 10       		.byte	16
 1526 05da A6       		.byte	-90
 1527 05db 20       		.byte	32
 1528 05dc 3E       		.byte	62
 1529 05dd 10       		.byte	16
 1530 05de A6       		.byte	-90
 1531 05df 20       		.byte	32
 1532 05e0 CE       		.byte	-50
 1533 05e1 20       		.byte	32
 1534 05e2 61       		.byte	97
 1535 05e3 02       		.byte	2
 1536 05e4 86       		.byte	-122
 1537 05e5 20       		.byte	32
 1538 05e6 96       		.byte	-106
 1539 05e7 10       		.byte	16
ARM GAS  C:\Users\gstoll\AppData\Local\Temp\ccj340d8.s 			page 28


 1540 05e8 A6       		.byte	-90
 1541 05e9 20       		.byte	32
 1542 05ea D8       		.byte	-40
 1543 05eb 40       		.byte	64
 1544 05ec E6       		.byte	-26
 1545 05ed 40       		.byte	64
 1546 05ee 11       		.byte	17
 1547 05ef 01       		.byte	1
 1548 05f0 15       		.byte	21
 1549 05f1 04       		.byte	4
 1550 05f2 76       		.byte	118
 1551 05f3 40       		.byte	64
 1552 05f4 7C       		.byte	124
 1553 05f5 01       		.byte	1
 1554 05f6 C4       		.byte	-60
 1555 05f7 0C       		.byte	12
 1556 05f8 DE       		.byte	-34
 1557 05f9 05       		.byte	5
 1558 05fa 8C       		.byte	-116
 1559 05fb 01       		.byte	1
 1560 05fc 91       		.byte	-111
 1561 05fd 05       		.byte	5
 1562 05fe 94       		.byte	-108
 1563 05ff 01       		.byte	1
 1564 0600 9E       		.byte	-98
 1565 0601 40       		.byte	64
 1566 0602 E4       		.byte	-28
 1567 0603 08       		.byte	8
 1568 0604 44       		.byte	68
 1569 0605 80       		.byte	-128
 1570 0606 91       		.byte	-111
 1571 0607 05       		.byte	5
 1572 0608 9E       		.byte	-98
 1573 0609 40       		.byte	64
 1574 060a D0       		.byte	-48
 1575 060b 01       		.byte	1
 1576 060c 89       		.byte	-119
 1577 060d 20       		.byte	32
 1578 060e 91       		.byte	-111
 1579 060f 05       		.byte	5
 1580 0610 9C       		.byte	-100
 1581 0611 80       		.byte	-128
 1582 0612 9E       		.byte	-98
 1583 0613 40       		.byte	64
 1584 0614 E6       		.byte	-26
 1585 0615 01       		.byte	1
 1586 0616 23       		.byte	35
 1587 0617 40       		.byte	64
 1588 0618 96       		.byte	-106
 1589 0619 10       		.byte	16
 1590 061a 97       		.byte	-105
 1591 061b 40       		.byte	64
 1592 061c A9       		.byte	-87
 1593 061d 02       		.byte	2
 1594 061e B3       		.byte	-77
 1595 061f 40       		.byte	64
 1596 0620 C8       		.byte	-56
ARM GAS  C:\Users\gstoll\AppData\Local\Temp\ccj340d8.s 			page 29


 1597 0621 40       		.byte	64
 1598 0622 EA       		.byte	-22
 1599 0623 80       		.byte	-128
 1600 0624 AA       		.byte	-86
 1601 0625 10       		.byte	16
 1602 0626 EA       		.byte	-22
 1603 0627 80       		.byte	-128
 1604 0628 0D       		.byte	13
 1605 0629 20       		.byte	32
 1606 062a 10       		.byte	16
 1607 062b 40       		.byte	64
 1608 062c 13       		.byte	19
 1609 062d 20       		.byte	32
 1610 062e 16       		.byte	22
 1611 062f 10       		.byte	16
 1612 0630 62       		.byte	98
 1613 0631 02       		.byte	2
 1614 0632 66       		.byte	102
 1615 0633 01       		.byte	1
 1616 0634 79       		.byte	121
 1617 0635 01       		.byte	1
 1618 0636 7D       		.byte	125
 1619 0637 04       		.byte	4
 1620 0638 86       		.byte	-122
 1621 0639 40       		.byte	64
 1622 063a 8E       		.byte	-114
 1623 063b 01       		.byte	1
 1624 063c 91       		.byte	-111
 1625 063d 05       		.byte	5
 1626 063e 9E       		.byte	-98
 1627 063f 40       		.byte	64
 1628 0640 A5       		.byte	-91
 1629 0641 20       		.byte	32
 1630 0642 B0       		.byte	-80
 1631 0643 80       		.byte	-128
 1632 0644 C2       		.byte	-62
 1633 0645 01       		.byte	1
 1634 0646 C4       		.byte	-60
 1635 0647 0E       		.byte	14
 1636 0648 D8       		.byte	-40
 1637 0649 03       		.byte	3
 1638 064a DE       		.byte	-34
 1639 064b 03       		.byte	3
 1640 064c E4       		.byte	-28
 1641 064d 02       		.byte	2
 1642 064e E8       		.byte	-24
 1643 064f 04       		.byte	4
 1644 0650 10       		.byte	16
 1645 0651 10       		.byte	16
 1646 0652 76       		.byte	118
 1647 0653 10       		.byte	16
 1648 0654 78       		.byte	120
 1649 0655 40       		.byte	64
 1650 0656 88       		.byte	-120
 1651 0657 10       		.byte	16
 1652 0658 98       		.byte	-104
 1653 0659 40       		.byte	64
ARM GAS  C:\Users\gstoll\AppData\Local\Temp\ccj340d8.s 			page 30


 1654 065a 9A       		.byte	-102
 1655 065b 10       		.byte	16
 1656 065c AB       		.byte	-85
 1657 065d 20       		.byte	32
 1658 065e B6       		.byte	-74
 1659 065f 02       		.byte	2
 1660 0660 C4       		.byte	-60
 1661 0661 08       		.byte	8
 1662 0662 DC       		.byte	-36
 1663 0663 01       		.byte	1
 1664 0664 DE       		.byte	-34
 1665 0665 04       		.byte	4
 1666 0666 E2       		.byte	-30
 1667 0667 04       		.byte	4
 1668 0668 EC       		.byte	-20
 1669 0669 08       		.byte	8
 1670 066a 00       		.byte	0
 1671 066b 05       		.byte	5
 1672 066c 0C       		.byte	12
 1673 066d 05       		.byte	5
 1674 066e 0E       		.byte	14
 1675 066f 01       		.byte	1
 1676 0670 10       		.byte	16
 1677 0671 05       		.byte	5
 1678 0672 1C       		.byte	28
 1679 0673 05       		.byte	5
 1680 0674 00       		.byte	0
 1681 0675 03       		.byte	3
 1682 0676 03       		.byte	3
 1683 0677 C0       		.byte	-64
 1684 0678 A0       		.byte	-96
 1685 0679 30       		.byte	48
 1686 067a 00       		.byte	0
 1687 067b 00       		.byte	0
 1688 067c 70       		.byte	112
 1689 067d 00       		.byte	0
 1690 067e 00       		.byte	0
 1691 067f 00       		.byte	0
 1692 0680 00       		.byte	0
 1693 0681 1D       		.byte	29
 1694 0682 00       		.byte	0
 1695 0683 00       		.byte	0
 1696 0684 00       		.byte	0
 1697 0685 00       		.byte	0
 1698 0686 00       		.byte	0
 1699 0687 00       		.byte	0
 1700 0688 00       		.byte	0
 1701 0689 02       		.byte	2
 1702 068a 00       		.byte	0
 1703 068b 0D       		.byte	13
 1704 068c 00       		.byte	0
 1705 068d 0D       		.byte	13
 1706 068e 02       		.byte	2
 1707 068f 10       		.byte	16
 1708 0690 02       		.byte	2
 1709 0691 20       		.byte	32
 1710 0692 00       		.byte	0
ARM GAS  C:\Users\gstoll\AppData\Local\Temp\ccj340d8.s 			page 31


 1711 0693 10       		.byte	16
 1712 0694 00       		.byte	0
 1713 0695 1D       		.byte	29
 1714 0696 00       		.byte	0
 1715 0697 00       		.byte	0
 1716 0698 00       		.byte	0
 1717 0699 1D       		.byte	29
 1718 069a 00       		.byte	0
 1719 069b 00       		.byte	0
 1720 069c 00       		.byte	0
 1721 069d 62       		.byte	98
 1722 069e 01       		.byte	1
 1723 069f 14       		.byte	20
 1724 06a0 00       		.byte	0
 1725 06a1 1D       		.byte	29
 1726 06a2 00       		.byte	0
 1727 06a3 00       		.byte	0
 1728 06a4 02       		.byte	2
 1729 06a5 72       		.byte	114
 1730 06a6 00       		.byte	0
 1731 06a7 08       		.byte	8
 1732 06a8 02       		.byte	2
 1733 06a9 51       		.byte	81
 1734 06aa 00       		.byte	0
 1735 06ab 22       		.byte	34
 1736 06ac 02       		.byte	2
 1737 06ad 00       		.byte	0
 1738 06ae 00       		.byte	0
 1739 06af 00       		.byte	0
 1740 06b0 02       		.byte	2
 1741 06b1 30       		.byte	48
 1742 06b2 00       		.byte	0
 1743 06b3 00       		.byte	0
 1744 06b4 02       		.byte	2
 1745 06b5 0F       		.byte	15
 1746 06b6 01       		.byte	1
 1747 06b7 40       		.byte	64
 1748 06b8 00       		.byte	0
 1749 06b9 00       		.byte	0
 1750 06ba 00       		.byte	0
 1751 06bb 22       		.byte	34
 1752 06bc 00       		.byte	0
 1753 06bd 00       		.byte	0
 1754 06be 11       		.byte	17
 1755 06bf 40       		.byte	64
 1756 06c0 13       		.byte	19
 1757 06c1 06       		.byte	6
 1758 06c2 20       		.byte	32
 1759 06c3 00       		.byte	0
 1760 06c4 05       		.byte	5
 1761 06c5 CE       		.byte	-50
 1762 06c6 F0       		.byte	-16
 1763 06c7 BD       		.byte	-67
 1764 06c8 3B       		.byte	59
 1765 06c9 FF       		.byte	-1
 1766 06ca FF       		.byte	-1
 1767 06cb FF       		.byte	-1
ARM GAS  C:\Users\gstoll\AppData\Local\Temp\ccj340d8.s 			page 32


 1768 06cc 22       		.byte	34
 1769 06cd 00       		.byte	0
 1770 06ce F0       		.byte	-16
 1771 06cf 08       		.byte	8
 1772 06d0 04       		.byte	4
 1773 06d1 00       		.byte	0
 1774 06d2 00       		.byte	0
 1775 06d3 00       		.byte	0
 1776 06d4 09       		.byte	9
 1777 06d5 00       		.byte	0
 1778 06d6 00       		.byte	0
 1779 06d7 00       		.byte	0
 1780 06d8 04       		.byte	4
 1781 06d9 04       		.byte	4
 1782 06da 04       		.byte	4
 1783 06db 04       		.byte	4
 1784 06dc 00       		.byte	0
 1785 06dd 00       		.byte	0
 1786 06de 00       		.byte	0
 1787 06df 01       		.byte	1
 1788 06e0 00       		.byte	0
 1789 06e1 00       		.byte	0
 1790 06e2 C0       		.byte	-64
 1791 06e3 00       		.byte	0
 1792 06e4 40       		.byte	64
 1793 06e5 01       		.byte	1
 1794 06e6 10       		.byte	16
 1795 06e7 11       		.byte	17
 1796 06e8 C0       		.byte	-64
 1797 06e9 01       		.byte	1
 1798 06ea 00       		.byte	0
 1799 06eb 11       		.byte	17
 1800 06ec 40       		.byte	64
 1801 06ed 01       		.byte	1
 1802 06ee 40       		.byte	64
 1803 06ef 01       		.byte	1
 1804 06f0 00       		.byte	0
 1805 06f1 00       		.byte	0
 1806 06f2 00       		.byte	0
 1807 06f3 00       		.byte	0
 1808 06f4 00       		.byte	0
 1809 06f5 00       		.byte	0
 1810 06f6 00       		.byte	0
 1811 06f7 00       		.byte	0
 1812 06f8 00       		.byte	0
 1813 06f9 00       		.byte	0
 1814 06fa 00       		.byte	0
 1815 06fb 00       		.byte	0
 1816 06fc 00       		.byte	0
 1817 06fd 00       		.byte	0
 1818 06fe 00       		.byte	0
 1819 06ff 00       		.byte	0
 1820 0700 B0       		.byte	-80
 1821 0701 00       		.byte	0
 1822 0702 40       		.byte	64
 1823 0703 B0       		.byte	-80
 1824 0704 80       		.byte	-128
ARM GAS  C:\Users\gstoll\AppData\Local\Temp\ccj340d8.s 			page 33


 1825 0705 00       		.byte	0
 1826 0706 B0       		.byte	-80
 1827 0707 00       		.byte	0
 1828 0708 00       		.byte	0
 1829 0709 00       		.byte	0
 1830 070a 00       		.byte	0
 1831 070b 00       		.byte	0
 1832 070c 80       		.byte	-128
 1833 070d 7B       		.byte	123
 1834 070e 7B       		.byte	123
 1835 070f 00       		.byte	0
 1836 0710 60       		.byte	96
 1837 0711 00       		.byte	0
 1838 0712 00       		.byte	0
 1839 0713 00       		.byte	0
 1840 0714 00       		.byte	0
 1841 0715 00       		.byte	0
 1842 0716 00       		.byte	0
 1843 0717 00       		.byte	0
 1844 0718 00       		.byte	0
 1845 0719 00       		.byte	0
 1846 071a 80       		.byte	-128
 1847 071b 00       		.byte	0
 1848 071c 25       		.byte	37
 1849 071d 00       		.byte	0
 1850 071e 18       		.byte	24
 1851 071f 01       		.byte	1
 1852              		.section	.cywolatch,"a",%progbits
 1853              		.align	2
 1854              		.type	cy_meta_wonvl, %object
 1855              		.size	cy_meta_wonvl, 4
 1856              	cy_meta_wonvl:
 1857 0000 BC       		.byte	-68
 1858 0001 90       		.byte	-112
 1859 0002 AC       		.byte	-84
 1860 0003 AF       		.byte	-81
 1861              		.section	.cycustnvl,"a",%progbits
 1862              		.align	2
 1863              		.type	cy_meta_custnvl, %object
 1864              		.size	cy_meta_custnvl, 4
 1865              	cy_meta_custnvl:
 1866 0000 00       		.byte	0
 1867 0001 00       		.byte	0
 1868 0002 40       		.byte	64
 1869 0003 05       		.byte	5
 1870              		.section	.cymeta,"a",%progbits
 1871              		.align	2
 1872              		.type	cy_metadata, %object
 1873              		.size	cy_metadata, 12
 1874              	cy_metadata:
 1875 0000 00       		.byte	0
 1876 0001 01       		.byte	1
 1877 0002 2E       		.byte	46
 1878 0003 12       		.byte	18
 1879 0004 70       		.byte	112
 1880 0005 69       		.byte	105
 1881 0006 00       		.byte	0
ARM GAS  C:\Users\gstoll\AppData\Local\Temp\ccj340d8.s 			page 34


 1882 0007 01       		.byte	1
 1883 0008 00       		.byte	0
 1884 0009 00       		.byte	0
 1885 000a 00       		.byte	0
 1886 000b 00       		.byte	0
 1887              		.section	.cyflashprotect,"a",%progbits
 1888              		.align	2
 1889              		.type	cy_meta_flashprotect, %object
 1890              		.size	cy_meta_flashprotect, 256
 1891              	cy_meta_flashprotect:
 1892 0000 00000000 		.space	256
 1892      00000000 
 1892      00000000 
 1892      00000000 
 1892      00000000 
 1893              		.text
 1894              	.Letext0:
 1895              		.file 1 "Generated_Source\\PSoC5\\cymetadata.c"
 1896              		.file 2 "Generated_Source\\PSoC5\\cytypes.h"
 1897              		.section	.debug_info,"",%progbits
 1898              	.Ldebug_info0:
 1899 0000 3B010000 		.4byte	0x13b
 1900 0004 0400     		.2byte	0x4
 1901 0006 00000000 		.4byte	.Ldebug_abbrev0
 1902 000a 04       		.byte	0x4
 1903 000b 01       		.uleb128 0x1
 1904 000c B3000000 		.4byte	.LASF18
 1905 0010 01       		.byte	0x1
 1906 0011 C9010000 		.4byte	.LASF19
 1907 0015 20000000 		.4byte	.LASF20
 1908 0019 00000000 		.4byte	.Ldebug_line0
 1909 001d 02       		.uleb128 0x2
 1910 001e 01       		.byte	0x1
 1911 001f 06       		.byte	0x6
 1912 0020 BD010000 		.4byte	.LASF0
 1913 0024 02       		.uleb128 0x2
 1914 0025 01       		.byte	0x1
 1915 0026 08       		.byte	0x8
 1916 0027 12000000 		.4byte	.LASF1
 1917 002b 02       		.uleb128 0x2
 1918 002c 02       		.byte	0x2
 1919 002d 05       		.byte	0x5
 1920 002e A4010000 		.4byte	.LASF2
 1921 0032 02       		.uleb128 0x2
 1922 0033 02       		.byte	0x2
 1923 0034 07       		.byte	0x7
 1924 0035 77000000 		.4byte	.LASF3
 1925 0039 02       		.uleb128 0x2
 1926 003a 04       		.byte	0x4
 1927 003b 05       		.byte	0x5
 1928 003c B4010000 		.4byte	.LASF4
 1929 0040 02       		.uleb128 0x2
 1930 0041 04       		.byte	0x4
 1931 0042 07       		.byte	0x7
 1932 0043 65000000 		.4byte	.LASF5
 1933 0047 02       		.uleb128 0x2
 1934 0048 08       		.byte	0x8
ARM GAS  C:\Users\gstoll\AppData\Local\Temp\ccj340d8.s 			page 35


 1935 0049 05       		.byte	0x5
 1936 004a 91010000 		.4byte	.LASF6
 1937 004e 02       		.uleb128 0x2
 1938 004f 08       		.byte	0x8
 1939 0050 07       		.byte	0x7
 1940 0051 4E010000 		.4byte	.LASF7
 1941 0055 03       		.uleb128 0x3
 1942 0056 04       		.byte	0x4
 1943 0057 05       		.byte	0x5
 1944 0058 696E7400 		.ascii	"int\000"
 1945 005c 02       		.uleb128 0x2
 1946 005d 04       		.byte	0x4
 1947 005e 07       		.byte	0x7
 1948 005f 41010000 		.4byte	.LASF8
 1949 0063 04       		.uleb128 0x4
 1950 0064 AE010000 		.4byte	.LASF21
 1951 0068 02       		.byte	0x2
 1952 0069 9201     		.2byte	0x192
 1953 006b 24000000 		.4byte	0x24
 1954 006f 02       		.uleb128 0x2
 1955 0070 04       		.byte	0x4
 1956 0071 04       		.byte	0x4
 1957 0072 0C000000 		.4byte	.LASF9
 1958 0076 02       		.uleb128 0x2
 1959 0077 08       		.byte	0x8
 1960 0078 04       		.byte	0x4
 1961 0079 8A000000 		.4byte	.LASF10
 1962 007d 02       		.uleb128 0x2
 1963 007e 01       		.byte	0x1
 1964 007f 08       		.byte	0x8
 1965 0080 9F010000 		.4byte	.LASF11
 1966 0084 05       		.uleb128 0x5
 1967 0085 63000000 		.4byte	0x63
 1968 0089 95000000 		.4byte	0x95
 1969 008d 06       		.uleb128 0x6
 1970 008e 95000000 		.4byte	0x95
 1971 0092 1F07     		.2byte	0x71f
 1972 0094 00       		.byte	0
 1973 0095 02       		.uleb128 0x2
 1974 0096 04       		.byte	0x4
 1975 0097 07       		.byte	0x7
 1976 0098 88010000 		.4byte	.LASF12
 1977 009c 07       		.uleb128 0x7
 1978 009d A1000000 		.4byte	.LASF13
 1979 00a1 01       		.byte	0x1
 1980 00a2 1F       		.byte	0x1f
 1981 00a3 AD000000 		.4byte	0xad
 1982 00a7 05       		.uleb128 0x5
 1983 00a8 03       		.byte	0x3
 1984 00a9 00000000 		.4byte	cy_meta_configecc
 1985 00ad 08       		.uleb128 0x8
 1986 00ae 84000000 		.4byte	0x84
 1987 00b2 05       		.uleb128 0x5
 1988 00b3 63000000 		.4byte	0x63
 1989 00b7 C2000000 		.4byte	0xc2
 1990 00bb 09       		.uleb128 0x9
 1991 00bc 95000000 		.4byte	0x95
ARM GAS  C:\Users\gstoll\AppData\Local\Temp\ccj340d8.s 			page 36


 1992 00c0 03       		.byte	0x3
 1993 00c1 00       		.byte	0
 1994 00c2 0A       		.uleb128 0xa
 1995 00c3 91000000 		.4byte	.LASF14
 1996 00c7 01       		.byte	0x1
 1997 00c8 1001     		.2byte	0x110
 1998 00ca D4000000 		.4byte	0xd4
 1999 00ce 05       		.uleb128 0x5
 2000 00cf 03       		.byte	0x3
 2001 00d0 00000000 		.4byte	cy_meta_custnvl
 2002 00d4 08       		.uleb128 0x8
 2003 00d5 B2000000 		.4byte	0xb2
 2004 00d9 0A       		.uleb128 0xa
 2005 00da 7A010000 		.4byte	.LASF15
 2006 00de 01       		.byte	0x1
 2007 00df 1E01     		.2byte	0x11e
 2008 00e1 EB000000 		.4byte	0xeb
 2009 00e5 05       		.uleb128 0x5
 2010 00e6 03       		.byte	0x3
 2011 00e7 00000000 		.4byte	cy_meta_wonvl
 2012 00eb 08       		.uleb128 0x8
 2013 00ec B2000000 		.4byte	0xb2
 2014 00f0 05       		.uleb128 0x5
 2015 00f1 63000000 		.4byte	0x63
 2016 00f5 00010000 		.4byte	0x100
 2017 00f9 09       		.uleb128 0x9
 2018 00fa 95000000 		.4byte	0x95
 2019 00fe FF       		.byte	0xff
 2020 00ff 00       		.byte	0
 2021 0100 0A       		.uleb128 0xa
 2022 0101 65010000 		.4byte	.LASF16
 2023 0105 01       		.byte	0x1
 2024 0106 2C01     		.2byte	0x12c
 2025 0108 12010000 		.4byte	0x112
 2026 010c 05       		.uleb128 0x5
 2027 010d 03       		.byte	0x3
 2028 010e 00000000 		.4byte	cy_meta_flashprotect
 2029 0112 08       		.uleb128 0x8
 2030 0113 F0000000 		.4byte	0xf0
 2031 0117 05       		.uleb128 0x5
 2032 0118 63000000 		.4byte	0x63
 2033 011c 27010000 		.4byte	0x127
 2034 0120 09       		.uleb128 0x9
 2035 0121 95000000 		.4byte	0x95
 2036 0125 0B       		.byte	0xb
 2037 0126 00       		.byte	0
 2038 0127 0A       		.uleb128 0xa
 2039 0128 00000000 		.4byte	.LASF17
 2040 012c 01       		.byte	0x1
 2041 012d 5901     		.2byte	0x159
 2042 012f 39010000 		.4byte	0x139
 2043 0133 05       		.uleb128 0x5
 2044 0134 03       		.byte	0x3
 2045 0135 00000000 		.4byte	cy_metadata
 2046 0139 08       		.uleb128 0x8
 2047 013a 17010000 		.4byte	0x117
 2048 013e 00       		.byte	0
ARM GAS  C:\Users\gstoll\AppData\Local\Temp\ccj340d8.s 			page 37


 2049              		.section	.debug_abbrev,"",%progbits
 2050              	.Ldebug_abbrev0:
 2051 0000 01       		.uleb128 0x1
 2052 0001 11       		.uleb128 0x11
 2053 0002 01       		.byte	0x1
 2054 0003 25       		.uleb128 0x25
 2055 0004 0E       		.uleb128 0xe
 2056 0005 13       		.uleb128 0x13
 2057 0006 0B       		.uleb128 0xb
 2058 0007 03       		.uleb128 0x3
 2059 0008 0E       		.uleb128 0xe
 2060 0009 1B       		.uleb128 0x1b
 2061 000a 0E       		.uleb128 0xe
 2062 000b 10       		.uleb128 0x10
 2063 000c 17       		.uleb128 0x17
 2064 000d 00       		.byte	0
 2065 000e 00       		.byte	0
 2066 000f 02       		.uleb128 0x2
 2067 0010 24       		.uleb128 0x24
 2068 0011 00       		.byte	0
 2069 0012 0B       		.uleb128 0xb
 2070 0013 0B       		.uleb128 0xb
 2071 0014 3E       		.uleb128 0x3e
 2072 0015 0B       		.uleb128 0xb
 2073 0016 03       		.uleb128 0x3
 2074 0017 0E       		.uleb128 0xe
 2075 0018 00       		.byte	0
 2076 0019 00       		.byte	0
 2077 001a 03       		.uleb128 0x3
 2078 001b 24       		.uleb128 0x24
 2079 001c 00       		.byte	0
 2080 001d 0B       		.uleb128 0xb
 2081 001e 0B       		.uleb128 0xb
 2082 001f 3E       		.uleb128 0x3e
 2083 0020 0B       		.uleb128 0xb
 2084 0021 03       		.uleb128 0x3
 2085 0022 08       		.uleb128 0x8
 2086 0023 00       		.byte	0
 2087 0024 00       		.byte	0
 2088 0025 04       		.uleb128 0x4
 2089 0026 16       		.uleb128 0x16
 2090 0027 00       		.byte	0
 2091 0028 03       		.uleb128 0x3
 2092 0029 0E       		.uleb128 0xe
 2093 002a 3A       		.uleb128 0x3a
 2094 002b 0B       		.uleb128 0xb
 2095 002c 3B       		.uleb128 0x3b
 2096 002d 05       		.uleb128 0x5
 2097 002e 49       		.uleb128 0x49
 2098 002f 13       		.uleb128 0x13
 2099 0030 00       		.byte	0
 2100 0031 00       		.byte	0
 2101 0032 05       		.uleb128 0x5
 2102 0033 01       		.uleb128 0x1
 2103 0034 01       		.byte	0x1
 2104 0035 49       		.uleb128 0x49
 2105 0036 13       		.uleb128 0x13
ARM GAS  C:\Users\gstoll\AppData\Local\Temp\ccj340d8.s 			page 38


 2106 0037 01       		.uleb128 0x1
 2107 0038 13       		.uleb128 0x13
 2108 0039 00       		.byte	0
 2109 003a 00       		.byte	0
 2110 003b 06       		.uleb128 0x6
 2111 003c 21       		.uleb128 0x21
 2112 003d 00       		.byte	0
 2113 003e 49       		.uleb128 0x49
 2114 003f 13       		.uleb128 0x13
 2115 0040 2F       		.uleb128 0x2f
 2116 0041 05       		.uleb128 0x5
 2117 0042 00       		.byte	0
 2118 0043 00       		.byte	0
 2119 0044 07       		.uleb128 0x7
 2120 0045 34       		.uleb128 0x34
 2121 0046 00       		.byte	0
 2122 0047 03       		.uleb128 0x3
 2123 0048 0E       		.uleb128 0xe
 2124 0049 3A       		.uleb128 0x3a
 2125 004a 0B       		.uleb128 0xb
 2126 004b 3B       		.uleb128 0x3b
 2127 004c 0B       		.uleb128 0xb
 2128 004d 49       		.uleb128 0x49
 2129 004e 13       		.uleb128 0x13
 2130 004f 3F       		.uleb128 0x3f
 2131 0050 19       		.uleb128 0x19
 2132 0051 02       		.uleb128 0x2
 2133 0052 18       		.uleb128 0x18
 2134 0053 00       		.byte	0
 2135 0054 00       		.byte	0
 2136 0055 08       		.uleb128 0x8
 2137 0056 26       		.uleb128 0x26
 2138 0057 00       		.byte	0
 2139 0058 49       		.uleb128 0x49
 2140 0059 13       		.uleb128 0x13
 2141 005a 00       		.byte	0
 2142 005b 00       		.byte	0
 2143 005c 09       		.uleb128 0x9
 2144 005d 21       		.uleb128 0x21
 2145 005e 00       		.byte	0
 2146 005f 49       		.uleb128 0x49
 2147 0060 13       		.uleb128 0x13
 2148 0061 2F       		.uleb128 0x2f
 2149 0062 0B       		.uleb128 0xb
 2150 0063 00       		.byte	0
 2151 0064 00       		.byte	0
 2152 0065 0A       		.uleb128 0xa
 2153 0066 34       		.uleb128 0x34
 2154 0067 00       		.byte	0
 2155 0068 03       		.uleb128 0x3
 2156 0069 0E       		.uleb128 0xe
 2157 006a 3A       		.uleb128 0x3a
 2158 006b 0B       		.uleb128 0xb
 2159 006c 3B       		.uleb128 0x3b
 2160 006d 05       		.uleb128 0x5
 2161 006e 49       		.uleb128 0x49
 2162 006f 13       		.uleb128 0x13
ARM GAS  C:\Users\gstoll\AppData\Local\Temp\ccj340d8.s 			page 39


 2163 0070 3F       		.uleb128 0x3f
 2164 0071 19       		.uleb128 0x19
 2165 0072 02       		.uleb128 0x2
 2166 0073 18       		.uleb128 0x18
 2167 0074 00       		.byte	0
 2168 0075 00       		.byte	0
 2169 0076 00       		.byte	0
 2170              		.section	.debug_aranges,"",%progbits
 2171 0000 14000000 		.4byte	0x14
 2172 0004 0200     		.2byte	0x2
 2173 0006 00000000 		.4byte	.Ldebug_info0
 2174 000a 04       		.byte	0x4
 2175 000b 00       		.byte	0
 2176 000c 0000     		.2byte	0
 2177 000e 0000     		.2byte	0
 2178 0010 00000000 		.4byte	0
 2179 0014 00000000 		.4byte	0
 2180              		.section	.debug_line,"",%progbits
 2181              	.Ldebug_line0:
 2182 0000 4D000000 		.section	.debug_str,"MS",%progbits,1
 2182      02004700 
 2182      00000201 
 2182      FB0E0D00 
 2182      01010101 
 2183              	.LASF17:
 2184 0000 63795F6D 		.ascii	"cy_metadata\000"
 2184      65746164 
 2184      61746100 
 2185              	.LASF9:
 2186 000c 666C6F61 		.ascii	"float\000"
 2186      7400
 2187              	.LASF1:
 2188 0012 756E7369 		.ascii	"unsigned char\000"
 2188      676E6564 
 2188      20636861 
 2188      7200
 2189              	.LASF20:
 2190 0020 433A5C55 		.ascii	"C:\\Users\\gstoll\\Desktop\\Project_O-Vac\\OVac.cyd"
 2190      73657273 
 2190      5C677374 
 2190      6F6C6C5C 
 2190      4465736B 
 2191 004e 736E5C50 		.ascii	"sn\\Pressure_Only.cydsn\000"
 2191      72657373 
 2191      7572655F 
 2191      4F6E6C79 
 2191      2E637964 
 2192              	.LASF5:
 2193 0065 6C6F6E67 		.ascii	"long unsigned int\000"
 2193      20756E73 
 2193      69676E65 
 2193      6420696E 
 2193      7400
 2194              	.LASF3:
 2195 0077 73686F72 		.ascii	"short unsigned int\000"
 2195      7420756E 
 2195      7369676E 
ARM GAS  C:\Users\gstoll\AppData\Local\Temp\ccj340d8.s 			page 40


 2195      65642069 
 2195      6E7400
 2196              	.LASF10:
 2197 008a 646F7562 		.ascii	"double\000"
 2197      6C6500
 2198              	.LASF14:
 2199 0091 63795F6D 		.ascii	"cy_meta_custnvl\000"
 2199      6574615F 
 2199      63757374 
 2199      6E766C00 
 2200              	.LASF13:
 2201 00a1 63795F6D 		.ascii	"cy_meta_configecc\000"
 2201      6574615F 
 2201      636F6E66 
 2201      69676563 
 2201      6300
 2202              	.LASF18:
 2203 00b3 474E5520 		.ascii	"GNU C 4.9.3 20150303 (release) [ARM/embedded-4_9-br"
 2203      4320342E 
 2203      392E3320 
 2203      32303135 
 2203      30333033 
 2204 00e6 616E6368 		.ascii	"anch revision 221220] -mcpu=cortex-m3 -mthumb -g -O"
 2204      20726576 
 2204      6973696F 
 2204      6E203232 
 2204      31323230 
 2205 0119 67202D66 		.ascii	"g -ffunction-sections -ffat-lto-objects\000"
 2205      66756E63 
 2205      74696F6E 
 2205      2D736563 
 2205      74696F6E 
 2206              	.LASF8:
 2207 0141 756E7369 		.ascii	"unsigned int\000"
 2207      676E6564 
 2207      20696E74 
 2207      00
 2208              	.LASF7:
 2209 014e 6C6F6E67 		.ascii	"long long unsigned int\000"
 2209      206C6F6E 
 2209      6720756E 
 2209      7369676E 
 2209      65642069 
 2210              	.LASF16:
 2211 0165 63795F6D 		.ascii	"cy_meta_flashprotect\000"
 2211      6574615F 
 2211      666C6173 
 2211      6870726F 
 2211      74656374 
 2212              	.LASF15:
 2213 017a 63795F6D 		.ascii	"cy_meta_wonvl\000"
 2213      6574615F 
 2213      776F6E76 
 2213      6C00
 2214              	.LASF12:
 2215 0188 73697A65 		.ascii	"sizetype\000"
 2215      74797065 
ARM GAS  C:\Users\gstoll\AppData\Local\Temp\ccj340d8.s 			page 41


 2215      00
 2216              	.LASF6:
 2217 0191 6C6F6E67 		.ascii	"long long int\000"
 2217      206C6F6E 
 2217      6720696E 
 2217      7400
 2218              	.LASF11:
 2219 019f 63686172 		.ascii	"char\000"
 2219      00
 2220              	.LASF2:
 2221 01a4 73686F72 		.ascii	"short int\000"
 2221      7420696E 
 2221      7400
 2222              	.LASF21:
 2223 01ae 75696E74 		.ascii	"uint8\000"
 2223      3800
 2224              	.LASF4:
 2225 01b4 6C6F6E67 		.ascii	"long int\000"
 2225      20696E74 
 2225      00
 2226              	.LASF0:
 2227 01bd 7369676E 		.ascii	"signed char\000"
 2227      65642063 
 2227      68617200 
 2228              	.LASF19:
 2229 01c9 47656E65 		.ascii	"Generated_Source\\PSoC5\\cymetadata.c\000"
 2229      72617465 
 2229      645F536F 
 2229      75726365 
 2229      5C50536F 
 2230              		.ident	"GCC: (GNU Tools for ARM Embedded Processors) 4.9.3 20150303 (release) [ARM/embedded-4_9-br
