ARM GAS  C:\Users\gding\AppData\Local\Temp\ccr1ySJv.s 			page 1


   1              		.syntax unified
   2              		.cpu cortex-m3
   3              		.fpu softvfp
   4              		.eabi_attribute 20, 1
   5              		.eabi_attribute 21, 1
   6              		.eabi_attribute 23, 3
   7              		.eabi_attribute 24, 1
   8              		.eabi_attribute 25, 1
   9              		.eabi_attribute 26, 1
  10              		.eabi_attribute 30, 1
  11              		.eabi_attribute 34, 1
  12              		.eabi_attribute 18, 4
  13              		.thumb
  14              		.file	"i2cFunctions.c"
  15              		.text
  16              	.Ltext0:
  17              		.cfi_sections	.debug_frame
  18              		.section	.text.I2CReadBytes,"ax",%progbits
  19              		.align	2
  20              		.global	I2CReadBytes
  21              		.thumb
  22              		.thumb_func
  23              		.type	I2CReadBytes, %function
  24              	I2CReadBytes:
  25              	.LFB63:
  26              		.file 1 "i2cFunctions.c"
   1:i2cFunctions.c **** /* ========================================
   2:i2cFunctions.c ****  *
   3:i2cFunctions.c ****  * Copyright Samuel Walsh, 2014
   4:i2cFunctions.c ****  * All Rights Reserved
   5:i2cFunctions.c ****  * UNPUBLISHED, LICENSED SOFTWARE.
   6:i2cFunctions.c ****  *
   7:i2cFunctions.c ****  * CONFIDENTIAL AND PROPRIETARY INFORMATION
   8:i2cFunctions.c ****  * WHICH IS THE PROPERTY OF Samuel Walsh.
   9:i2cFunctions.c ****  *
  10:i2cFunctions.c ****  * ========================================
  11:i2cFunctions.c **** */
  12:i2cFunctions.c **** 
  13:i2cFunctions.c **** /* [] END OF FILE */
  14:i2cFunctions.c **** 
  15:i2cFunctions.c **** #include <project.h>
  16:i2cFunctions.c **** 
  17:i2cFunctions.c **** 
  18:i2cFunctions.c **** void I2CReadBytes(uint8_t devAddr, uint8_t regAddr, uint8_t length, uint8_t *value) {
  27              		.loc 1 18 0
  28              		.cfi_startproc
  29              		@ args = 0, pretend = 0, frame = 0
  30              		@ frame_needed = 0, uses_anonymous_args = 0
  31              	.LVL0:
  32 0000 F8B5     		push	{r3, r4, r5, r6, r7, lr}
  33              		.cfi_def_cfa_offset 24
  34              		.cfi_offset 3, -24
  35              		.cfi_offset 4, -20
  36              		.cfi_offset 5, -16
  37              		.cfi_offset 6, -12
  38              		.cfi_offset 7, -8
  39              		.cfi_offset 14, -4
ARM GAS  C:\Users\gding\AppData\Local\Temp\ccr1ySJv.s 			page 2


  40 0002 0446     		mov	r4, r0
  41 0004 0E46     		mov	r6, r1
  42 0006 1746     		mov	r7, r2
  43 0008 1D46     		mov	r5, r3
  44              	.LVL1:
  19:i2cFunctions.c **** 	uint8_t i=0;
  20:i2cFunctions.c **** 	I2C_Master_MasterSendStart(devAddr, I2C_Master_WRITE_XFER_MODE);
  45              		.loc 1 20 0
  46 000a 0021     		movs	r1, #0
  47              	.LVL2:
  48 000c FFF7FEFF 		bl	I2C_Master_MasterSendStart
  49              	.LVL3:
  21:i2cFunctions.c **** 	I2C_Master_MasterWriteByte(regAddr);
  50              		.loc 1 21 0
  51 0010 3046     		mov	r0, r6
  52 0012 FFF7FEFF 		bl	I2C_Master_MasterWriteByte
  53              	.LVL4:
  22:i2cFunctions.c **** 	I2C_Master_MasterSendRestart(devAddr, I2C_Master_READ_XFER_MODE);
  54              		.loc 1 22 0
  55 0016 2046     		mov	r0, r4
  56 0018 0121     		movs	r1, #1
  57 001a FFF7FEFF 		bl	I2C_Master_MasterSendRestart
  58              	.LVL5:
  19:i2cFunctions.c **** 	uint8_t i=0;
  59              		.loc 1 19 0
  60 001e 0022     		movs	r2, #0
  23:i2cFunctions.c **** 	while (i++ < (length-1)) {
  61              		.loc 1 23 0
  62 0020 06E0     		b	.L2
  63              	.LVL6:
  64              	.L3:
  24:i2cFunctions.c **** 		*value++ = I2C_Master_MasterReadByte(I2C_Master_ACK_DATA);
  65              		.loc 1 24 0
  66 0022 6E1C     		adds	r6, r5, #1
  67              	.LVL7:
  68 0024 0120     		movs	r0, #1
  69 0026 FFF7FEFF 		bl	I2C_Master_MasterReadByte
  70              	.LVL8:
  71 002a 2870     		strb	r0, [r5]
  23:i2cFunctions.c **** 	while (i++ < (length-1)) {
  72              		.loc 1 23 0
  73 002c 2246     		mov	r2, r4
  74              		.loc 1 24 0
  75 002e 3546     		mov	r5, r6
  76              	.LVL9:
  77              	.L2:
  23:i2cFunctions.c **** 	while (i++ < (length-1)) {
  78              		.loc 1 23 0
  79 0030 531C     		adds	r3, r2, #1
  80 0032 DCB2     		uxtb	r4, r3
  81              	.LVL10:
  82 0034 7B1E     		subs	r3, r7, #1
  83 0036 9A42     		cmp	r2, r3
  84 0038 F3DB     		blt	.L3
  25:i2cFunctions.c **** 	}
  26:i2cFunctions.c **** 	*value = I2C_Master_MasterReadByte(I2C_Master_NAK_DATA);
  85              		.loc 1 26 0
ARM GAS  C:\Users\gding\AppData\Local\Temp\ccr1ySJv.s 			page 3


  86 003a 0020     		movs	r0, #0
  87 003c FFF7FEFF 		bl	I2C_Master_MasterReadByte
  88              	.LVL11:
  89 0040 2870     		strb	r0, [r5]
  27:i2cFunctions.c **** 	I2C_Master_MasterSendStop();	
  90              		.loc 1 27 0
  91 0042 FFF7FEFF 		bl	I2C_Master_MasterSendStop
  92              	.LVL12:
  93 0046 F8BD     		pop	{r3, r4, r5, r6, r7, pc}
  94              		.cfi_endproc
  95              	.LFE63:
  96              		.size	I2CReadBytes, .-I2CReadBytes
  97              		.section	.text.I2CReadByte,"ax",%progbits
  98              		.align	2
  99              		.global	I2CReadByte
 100              		.thumb
 101              		.thumb_func
 102              		.type	I2CReadByte, %function
 103              	I2CReadByte:
 104              	.LFB64:
  28:i2cFunctions.c **** }
  29:i2cFunctions.c **** 
  30:i2cFunctions.c **** void I2CReadByte(uint8_t devAddr, uint8_t regAddr, uint8_t *value) {
 105              		.loc 1 30 0
 106              		.cfi_startproc
 107              		@ args = 0, pretend = 0, frame = 0
 108              		@ frame_needed = 0, uses_anonymous_args = 0
 109              	.LVL13:
 110 0000 08B5     		push	{r3, lr}
 111              		.cfi_def_cfa_offset 8
 112              		.cfi_offset 3, -8
 113              		.cfi_offset 14, -4
 114 0002 1346     		mov	r3, r2
  31:i2cFunctions.c **** 	I2CReadBytes(devAddr, regAddr, 1, value);
 115              		.loc 1 31 0
 116 0004 0122     		movs	r2, #1
 117              	.LVL14:
 118 0006 FFF7FEFF 		bl	I2CReadBytes
 119              	.LVL15:
 120 000a 08BD     		pop	{r3, pc}
 121              		.cfi_endproc
 122              	.LFE64:
 123              		.size	I2CReadByte, .-I2CReadByte
 124              		.section	.text.I2CReadBits,"ax",%progbits
 125              		.align	2
 126              		.global	I2CReadBits
 127              		.thumb
 128              		.thumb_func
 129              		.type	I2CReadBits, %function
 130              	I2CReadBits:
 131              	.LFB65:
  32:i2cFunctions.c **** }
  33:i2cFunctions.c **** 
  34:i2cFunctions.c **** void I2CReadBits(uint8_t devAddr, uint8_t regAddr, uint8_t bitStart, uint8_t length, uint8_t *value
 132              		.loc 1 34 0
 133              		.cfi_startproc
 134              		@ args = 4, pretend = 0, frame = 0
ARM GAS  C:\Users\gding\AppData\Local\Temp\ccr1ySJv.s 			page 4


 135              		@ frame_needed = 0, uses_anonymous_args = 0
 136              	.LVL16:
 137 0000 70B5     		push	{r4, r5, r6, lr}
 138              		.cfi_def_cfa_offset 16
 139              		.cfi_offset 4, -16
 140              		.cfi_offset 5, -12
 141              		.cfi_offset 6, -8
 142              		.cfi_offset 14, -4
 143 0002 049E     		ldr	r6, [sp, #16]
  35:i2cFunctions.c ****    	uint8_t mask = ((1 << length) - 1) << (bitStart - length + 1);
 144              		.loc 1 35 0
 145 0004 0124     		movs	r4, #1
 146 0006 9C40     		lsls	r4, r4, r3
 147 0008 013C     		subs	r4, r4, #1
 148 000a D21A     		subs	r2, r2, r3
 149              	.LVL17:
 150 000c 551C     		adds	r5, r2, #1
 151 000e AC40     		lsls	r4, r4, r5
 152 0010 E4B2     		uxtb	r4, r4
 153              	.LVL18:
  36:i2cFunctions.c ****     I2CReadByte(devAddr, regAddr, value);
 154              		.loc 1 36 0
 155 0012 3246     		mov	r2, r6
 156 0014 FFF7FEFF 		bl	I2CReadByte
 157              	.LVL19:
  37:i2cFunctions.c ****     *value &= mask;
 158              		.loc 1 37 0
 159 0018 3378     		ldrb	r3, [r6]	@ zero_extendqisi2
 160 001a 1C40     		ands	r4, r4, r3
 161              	.LVL20:
  38:i2cFunctions.c ****     *value >>= (bitStart - length + 1);
 162              		.loc 1 38 0
 163 001c 2C41     		asrs	r4, r4, r5
 164 001e 3470     		strb	r4, [r6]
 165 0020 70BD     		pop	{r4, r5, r6, pc}
 166              		.cfi_endproc
 167              	.LFE65:
 168              		.size	I2CReadBits, .-I2CReadBits
 169 0022 00BF     		.section	.text.I2CReadBit,"ax",%progbits
 170              		.align	2
 171              		.global	I2CReadBit
 172              		.thumb
 173              		.thumb_func
 174              		.type	I2CReadBit, %function
 175              	I2CReadBit:
 176              	.LFB66:
  39:i2cFunctions.c **** }
  40:i2cFunctions.c **** 
  41:i2cFunctions.c **** void I2CReadBit(uint8_t devAddr, uint8_t regAddr, uint8_t bitNum, uint8_t *value) {
 177              		.loc 1 41 0
 178              		.cfi_startproc
 179              		@ args = 0, pretend = 0, frame = 0
 180              		@ frame_needed = 0, uses_anonymous_args = 0
 181              	.LVL21:
 182 0000 38B5     		push	{r3, r4, r5, lr}
 183              		.cfi_def_cfa_offset 16
 184              		.cfi_offset 3, -16
ARM GAS  C:\Users\gding\AppData\Local\Temp\ccr1ySJv.s 			page 5


 185              		.cfi_offset 4, -12
 186              		.cfi_offset 5, -8
 187              		.cfi_offset 14, -4
 188 0002 1546     		mov	r5, r2
 189 0004 1C46     		mov	r4, r3
  42:i2cFunctions.c **** 	I2CReadByte(devAddr, regAddr, value);
 190              		.loc 1 42 0
 191 0006 1A46     		mov	r2, r3
 192              	.LVL22:
 193 0008 FFF7FEFF 		bl	I2CReadByte
 194              	.LVL23:
  43:i2cFunctions.c **** 	*value = *value & (1 << bitNum);
 195              		.loc 1 43 0
 196 000c 2278     		ldrb	r2, [r4]	@ zero_extendqisi2
 197 000e 0123     		movs	r3, #1
 198 0010 AB40     		lsls	r3, r3, r5
 199 0012 1340     		ands	r3, r3, r2
 200 0014 2370     		strb	r3, [r4]
 201 0016 38BD     		pop	{r3, r4, r5, pc}
 202              		.cfi_endproc
 203              	.LFE66:
 204              		.size	I2CReadBit, .-I2CReadBit
 205              		.section	.text.I2CWriteBytes,"ax",%progbits
 206              		.align	2
 207              		.global	I2CWriteBytes
 208              		.thumb
 209              		.thumb_func
 210              		.type	I2CWriteBytes, %function
 211              	I2CWriteBytes:
 212              	.LFB67:
  44:i2cFunctions.c **** }
  45:i2cFunctions.c **** 	
  46:i2cFunctions.c **** void I2CWriteBytes(uint8_t devAddr, uint8_t regAddr, uint8_t length, uint8_t *value) {
 213              		.loc 1 46 0
 214              		.cfi_startproc
 215              		@ args = 0, pretend = 0, frame = 0
 216              		@ frame_needed = 0, uses_anonymous_args = 0
 217              	.LVL24:
 218 0000 F8B5     		push	{r3, r4, r5, r6, r7, lr}
 219              		.cfi_def_cfa_offset 24
 220              		.cfi_offset 3, -24
 221              		.cfi_offset 4, -20
 222              		.cfi_offset 5, -16
 223              		.cfi_offset 6, -12
 224              		.cfi_offset 7, -8
 225              		.cfi_offset 14, -4
 226 0002 0C46     		mov	r4, r1
 227 0004 1746     		mov	r7, r2
 228 0006 1D46     		mov	r5, r3
 229              	.LVL25:
  47:i2cFunctions.c **** 	uint8_t i=0;
  48:i2cFunctions.c **** 	I2C_Master_MasterSendStart(devAddr, I2C_Master_WRITE_XFER_MODE);
 230              		.loc 1 48 0
 231 0008 0021     		movs	r1, #0
 232              	.LVL26:
 233 000a FFF7FEFF 		bl	I2C_Master_MasterSendStart
 234              	.LVL27:
ARM GAS  C:\Users\gding\AppData\Local\Temp\ccr1ySJv.s 			page 6


  49:i2cFunctions.c **** 	I2C_Master_MasterWriteByte(regAddr);
 235              		.loc 1 49 0
 236 000e 2046     		mov	r0, r4
 237 0010 FFF7FEFF 		bl	I2C_Master_MasterWriteByte
 238              	.LVL28:
  47:i2cFunctions.c **** 	uint8_t i=0;
 239              		.loc 1 47 0
 240 0014 0022     		movs	r2, #0
  50:i2cFunctions.c **** 	while (i++ < length) {
 241              		.loc 1 50 0
 242 0016 05E0     		b	.L12
 243              	.LVL29:
 244              	.L13:
  51:i2cFunctions.c **** 		I2C_Master_MasterWriteByte(*value++);
 245              		.loc 1 51 0
 246 0018 6E1C     		adds	r6, r5, #1
 247              	.LVL30:
 248 001a 2878     		ldrb	r0, [r5]	@ zero_extendqisi2
 249 001c FFF7FEFF 		bl	I2C_Master_MasterWriteByte
 250              	.LVL31:
  50:i2cFunctions.c **** 	while (i++ < length) {
 251              		.loc 1 50 0
 252 0020 2246     		mov	r2, r4
 253              		.loc 1 51 0
 254 0022 3546     		mov	r5, r6
 255              	.LVL32:
 256              	.L12:
  50:i2cFunctions.c **** 	while (i++ < length) {
 257              		.loc 1 50 0
 258 0024 531C     		adds	r3, r2, #1
 259 0026 DCB2     		uxtb	r4, r3
 260              	.LVL33:
 261 0028 BA42     		cmp	r2, r7
 262 002a F5D3     		bcc	.L13
  52:i2cFunctions.c **** 	}
  53:i2cFunctions.c **** 	I2C_Master_MasterSendStop();	
 263              		.loc 1 53 0
 264 002c FFF7FEFF 		bl	I2C_Master_MasterSendStop
 265              	.LVL34:
 266 0030 F8BD     		pop	{r3, r4, r5, r6, r7, pc}
 267              		.cfi_endproc
 268              	.LFE67:
 269              		.size	I2CWriteBytes, .-I2CWriteBytes
 270 0032 00BF     		.section	.text.I2CWriteByte,"ax",%progbits
 271              		.align	2
 272              		.global	I2CWriteByte
 273              		.thumb
 274              		.thumb_func
 275              		.type	I2CWriteByte, %function
 276              	I2CWriteByte:
 277              	.LFB68:
  54:i2cFunctions.c **** }
  55:i2cFunctions.c **** 
  56:i2cFunctions.c **** void I2CWriteByte(uint8_t devAddr, uint8_t regAddr, uint8_t value) {
 278              		.loc 1 56 0
 279              		.cfi_startproc
 280              		@ args = 0, pretend = 0, frame = 8
ARM GAS  C:\Users\gding\AppData\Local\Temp\ccr1ySJv.s 			page 7


 281              		@ frame_needed = 0, uses_anonymous_args = 0
 282              	.LVL35:
 283 0000 00B5     		push	{lr}
 284              		.cfi_def_cfa_offset 4
 285              		.cfi_offset 14, -4
 286 0002 83B0     		sub	sp, sp, #12
 287              		.cfi_def_cfa_offset 16
 288 0004 02AB     		add	r3, sp, #8
 289 0006 03F8012D 		strb	r2, [r3, #-1]!
  57:i2cFunctions.c **** 	I2CWriteBytes(devAddr, regAddr, 1, &value);
 290              		.loc 1 57 0
 291 000a 0122     		movs	r2, #1
 292              	.LVL36:
 293 000c FFF7FEFF 		bl	I2CWriteBytes
 294              	.LVL37:
  58:i2cFunctions.c **** }
 295              		.loc 1 58 0
 296 0010 03B0     		add	sp, sp, #12
 297              		.cfi_def_cfa_offset 4
 298              		@ sp needed
 299 0012 5DF804FB 		ldr	pc, [sp], #4
 300              		.cfi_endproc
 301              	.LFE68:
 302              		.size	I2CWriteByte, .-I2CWriteByte
 303 0016 00BF     		.section	.text.I2CWriteBits,"ax",%progbits
 304              		.align	2
 305              		.global	I2CWriteBits
 306              		.thumb
 307              		.thumb_func
 308              		.type	I2CWriteBits, %function
 309              	I2CWriteBits:
 310              	.LFB69:
  59:i2cFunctions.c **** 
  60:i2cFunctions.c **** void I2CWriteBits(uint8_t devAddr, uint8_t regAddr, uint8_t bitStart, uint8_t length, uint8_t value
 311              		.loc 1 60 0
 312              		.cfi_startproc
 313              		@ args = 4, pretend = 0, frame = 8
 314              		@ frame_needed = 0, uses_anonymous_args = 0
 315              	.LVL38:
 316 0000 2DE9F041 		push	{r4, r5, r6, r7, r8, lr}
 317              		.cfi_def_cfa_offset 24
 318              		.cfi_offset 4, -24
 319              		.cfi_offset 5, -20
 320              		.cfi_offset 6, -16
 321              		.cfi_offset 7, -12
 322              		.cfi_offset 8, -8
 323              		.cfi_offset 14, -4
 324 0004 82B0     		sub	sp, sp, #8
 325              		.cfi_def_cfa_offset 32
 326 0006 0746     		mov	r7, r0
 327 0008 0E46     		mov	r6, r1
  61:i2cFunctions.c **** 	uint8_t b;
  62:i2cFunctions.c **** 	uint8_t mask = ((1 << length) - 1) << (bitStart - length + 1);
 328              		.loc 1 62 0
 329 000a 0124     		movs	r4, #1
 330 000c 9C40     		lsls	r4, r4, r3
 331 000e 013C     		subs	r4, r4, #1
ARM GAS  C:\Users\gding\AppData\Local\Temp\ccr1ySJv.s 			page 8


 332 0010 D21A     		subs	r2, r2, r3
 333              	.LVL39:
 334 0012 551C     		adds	r5, r2, #1
 335 0014 AC40     		lsls	r4, r4, r5
 336 0016 5FFA84F8 		uxtb	r8, r4
 337              	.LVL40:
  63:i2cFunctions.c **** 	I2CReadByte(devAddr, regAddr, &b);
 338              		.loc 1 63 0
 339 001a 0DF10702 		add	r2, sp, #7
 340 001e FFF7FEFF 		bl	I2CReadByte
 341              	.LVL41:
  64:i2cFunctions.c **** 	value <<= (bitStart - length + 1);
 342              		.loc 1 64 0
 343 0022 9DF82020 		ldrb	r2, [sp, #32]	@ zero_extendqisi2
 344 0026 AA40     		lsls	r2, r2, r5
 345              	.LVL42:
  65:i2cFunctions.c **** 	value &= mask;
 346              		.loc 1 65 0
 347 0028 02EA0808 		and	r8, r2, r8
 348              	.LVL43:
  66:i2cFunctions.c **** 	b &= ~(mask);
 349              		.loc 1 66 0
 350 002c 9DF80720 		ldrb	r2, [sp, #7]	@ zero_extendqisi2
 351 0030 22EA0404 		bic	r4, r2, r4
 352              	.LVL44:
  67:i2cFunctions.c **** 	b |= value;
 353              		.loc 1 67 0
 354 0034 48EA0402 		orr	r2, r8, r4
 355 0038 8DF80720 		strb	r2, [sp, #7]
  68:i2cFunctions.c **** 	I2CWriteByte(devAddr, regAddr, b);	
 356              		.loc 1 68 0
 357 003c 3846     		mov	r0, r7
 358 003e 3146     		mov	r1, r6
 359 0040 FFF7FEFF 		bl	I2CWriteByte
 360              	.LVL45:
  69:i2cFunctions.c **** }
 361              		.loc 1 69 0
 362 0044 02B0     		add	sp, sp, #8
 363              		.cfi_def_cfa_offset 24
 364              		@ sp needed
 365 0046 BDE8F081 		pop	{r4, r5, r6, r7, r8, pc}
 366              		.cfi_endproc
 367              	.LFE69:
 368              		.size	I2CWriteBits, .-I2CWriteBits
 369 004a 00BF     		.section	.text.I2CWriteBit,"ax",%progbits
 370              		.align	2
 371              		.global	I2CWriteBit
 372              		.thumb
 373              		.thumb_func
 374              		.type	I2CWriteBit, %function
 375              	I2CWriteBit:
 376              	.LFB70:
  70:i2cFunctions.c **** 
  71:i2cFunctions.c **** void I2CWriteBit(uint8_t devAddr, uint8_t regAddr, uint8_t bitNum, uint8_t value) {
 377              		.loc 1 71 0
 378              		.cfi_startproc
 379              		@ args = 0, pretend = 0, frame = 8
ARM GAS  C:\Users\gding\AppData\Local\Temp\ccr1ySJv.s 			page 9


 380              		@ frame_needed = 0, uses_anonymous_args = 0
 381              	.LVL46:
 382 0000 F0B5     		push	{r4, r5, r6, r7, lr}
 383              		.cfi_def_cfa_offset 20
 384              		.cfi_offset 4, -20
 385              		.cfi_offset 5, -16
 386              		.cfi_offset 6, -12
 387              		.cfi_offset 7, -8
 388              		.cfi_offset 14, -4
 389 0002 83B0     		sub	sp, sp, #12
 390              		.cfi_def_cfa_offset 32
 391 0004 0546     		mov	r5, r0
 392 0006 0C46     		mov	r4, r1
 393 0008 1646     		mov	r6, r2
 394 000a 1F46     		mov	r7, r3
  72:i2cFunctions.c **** 	uint8_t b;
  73:i2cFunctions.c **** 	I2CReadByte(devAddr, regAddr, &b);
 395              		.loc 1 73 0
 396 000c 0DF10702 		add	r2, sp, #7
 397              	.LVL47:
 398 0010 FFF7FEFF 		bl	I2CReadByte
 399              	.LVL48:
  74:i2cFunctions.c **** 	b = (value != 0) ? (b | (1 << bitNum)) : (b & ~(1 << bitNum));
 400              		.loc 1 74 0
 401 0014 37B1     		cbz	r7, .L20
 402              		.loc 1 74 0 is_stmt 0 discriminator 1
 403 0016 0122     		movs	r2, #1
 404 0018 B240     		lsls	r2, r2, r6
 405 001a 9DF80730 		ldrb	r3, [sp, #7]	@ zero_extendqisi2
 406 001e 1A43     		orrs	r2, r2, r3
 407 0020 D2B2     		uxtb	r2, r2
 408 0022 05E0     		b	.L21
 409              	.L20:
 410              		.loc 1 74 0 discriminator 2
 411 0024 0122     		movs	r2, #1
 412 0026 B240     		lsls	r2, r2, r6
 413 0028 9DF80730 		ldrb	r3, [sp, #7]	@ zero_extendqisi2
 414 002c 23EA0202 		bic	r2, r3, r2
 415              	.L21:
 416              		.loc 1 74 0 discriminator 4
 417 0030 8DF80720 		strb	r2, [sp, #7]
  75:i2cFunctions.c **** 	I2CWriteByte(devAddr, regAddr, b);
 418              		.loc 1 75 0 is_stmt 1 discriminator 4
 419 0034 2846     		mov	r0, r5
 420 0036 2146     		mov	r1, r4
 421 0038 FFF7FEFF 		bl	I2CWriteByte
 422              	.LVL49:
  76:i2cFunctions.c **** }
 423              		.loc 1 76 0 discriminator 4
 424 003c 03B0     		add	sp, sp, #12
 425              		.cfi_def_cfa_offset 20
 426              		@ sp needed
 427 003e F0BD     		pop	{r4, r5, r6, r7, pc}
 428              		.cfi_endproc
 429              	.LFE70:
 430              		.size	I2CWriteBit, .-I2CWriteBit
 431              		.section	.text.I2CWriteWords,"ax",%progbits
ARM GAS  C:\Users\gding\AppData\Local\Temp\ccr1ySJv.s 			page 10


 432              		.align	2
 433              		.global	I2CWriteWords
 434              		.thumb
 435              		.thumb_func
 436              		.type	I2CWriteWords, %function
 437              	I2CWriteWords:
 438              	.LFB71:
  77:i2cFunctions.c **** 
  78:i2cFunctions.c **** void I2CWriteWords(uint8_t devAddr, uint8_t regAddr, uint8_t length, uint16_t *value) {
 439              		.loc 1 78 0
 440              		.cfi_startproc
 441              		@ args = 0, pretend = 0, frame = 0
 442              		@ frame_needed = 0, uses_anonymous_args = 0
 443              	.LVL50:
 444 0000 F8B5     		push	{r3, r4, r5, r6, r7, lr}
 445              		.cfi_def_cfa_offset 24
 446              		.cfi_offset 3, -24
 447              		.cfi_offset 4, -20
 448              		.cfi_offset 5, -16
 449              		.cfi_offset 6, -12
 450              		.cfi_offset 7, -8
 451              		.cfi_offset 14, -4
 452 0002 0C46     		mov	r4, r1
 453 0004 1746     		mov	r7, r2
 454 0006 1E46     		mov	r6, r3
 455              	.LVL51:
  79:i2cFunctions.c **** 	uint8_t i=0;
  80:i2cFunctions.c **** 	I2C_Master_MasterSendStart(devAddr, I2C_Master_WRITE_XFER_MODE);
 456              		.loc 1 80 0
 457 0008 0021     		movs	r1, #0
 458              	.LVL52:
 459 000a FFF7FEFF 		bl	I2C_Master_MasterSendStart
 460              	.LVL53:
  81:i2cFunctions.c **** 	I2C_Master_MasterWriteByte(regAddr);
 461              		.loc 1 81 0
 462 000e 2046     		mov	r0, r4
 463 0010 FFF7FEFF 		bl	I2C_Master_MasterWriteByte
 464              	.LVL54:
  79:i2cFunctions.c **** 	uint8_t i=0;
 465              		.loc 1 79 0
 466 0014 0022     		movs	r2, #0
  82:i2cFunctions.c **** 	while (i++ < length) {
 467              		.loc 1 82 0
 468 0016 0AE0     		b	.L24
 469              	.LVL55:
 470              	.L25:
  83:i2cFunctions.c **** 		I2C_Master_MasterWriteByte(((uint8_t)*value) >> 8);
 471              		.loc 1 83 0
 472 0018 3546     		mov	r5, r6
 473 001a 35F8023B 		ldrh	r3, [r5], #2
 474 001e 0020     		movs	r0, #0
 475 0020 FFF7FEFF 		bl	I2C_Master_MasterWriteByte
 476              	.LVL56:
  84:i2cFunctions.c **** 		I2C_Master_MasterWriteByte((uint8_t)*value++);
 477              		.loc 1 84 0
 478 0024 3078     		ldrb	r0, [r6]	@ zero_extendqisi2
 479 0026 FFF7FEFF 		bl	I2C_Master_MasterWriteByte
ARM GAS  C:\Users\gding\AppData\Local\Temp\ccr1ySJv.s 			page 11


 480              	.LVL57:
  82:i2cFunctions.c **** 	while (i++ < length) {
 481              		.loc 1 82 0
 482 002a 2246     		mov	r2, r4
 483              		.loc 1 84 0
 484 002c 2E46     		mov	r6, r5
 485              	.LVL58:
 486              	.L24:
  82:i2cFunctions.c **** 	while (i++ < length) {
 487              		.loc 1 82 0
 488 002e 531C     		adds	r3, r2, #1
 489 0030 DCB2     		uxtb	r4, r3
 490              	.LVL59:
 491 0032 BA42     		cmp	r2, r7
 492 0034 F0D3     		bcc	.L25
  85:i2cFunctions.c **** 	}
  86:i2cFunctions.c **** 	I2C_Master_MasterSendStop();		
 493              		.loc 1 86 0
 494 0036 FFF7FEFF 		bl	I2C_Master_MasterSendStop
 495              	.LVL60:
 496 003a F8BD     		pop	{r3, r4, r5, r6, r7, pc}
 497              		.cfi_endproc
 498              	.LFE71:
 499              		.size	I2CWriteWords, .-I2CWriteWords
 500              		.section	.text.I2CWriteWord,"ax",%progbits
 501              		.align	2
 502              		.global	I2CWriteWord
 503              		.thumb
 504              		.thumb_func
 505              		.type	I2CWriteWord, %function
 506              	I2CWriteWord:
 507              	.LFB72:
  87:i2cFunctions.c **** }
  88:i2cFunctions.c **** 
  89:i2cFunctions.c **** void I2CWriteWord(uint8_t devAddr, uint8_t regAddr, uint16_t value) {
 508              		.loc 1 89 0
 509              		.cfi_startproc
 510              		@ args = 0, pretend = 0, frame = 8
 511              		@ frame_needed = 0, uses_anonymous_args = 0
 512              	.LVL61:
 513 0000 00B5     		push	{lr}
 514              		.cfi_def_cfa_offset 4
 515              		.cfi_offset 14, -4
 516 0002 83B0     		sub	sp, sp, #12
 517              		.cfi_def_cfa_offset 16
 518 0004 02AB     		add	r3, sp, #8
 519 0006 23F8022D 		strh	r2, [r3, #-2]!	@ movhi
  90:i2cFunctions.c **** 	I2CWriteWords(devAddr, regAddr, 1, &value);
 520              		.loc 1 90 0
 521 000a 0122     		movs	r2, #1
 522              	.LVL62:
 523 000c FFF7FEFF 		bl	I2CWriteWords
 524              	.LVL63:
  91:i2cFunctions.c **** }...
 525              		.loc 1 91 0
 526 0010 03B0     		add	sp, sp, #12
 527              		.cfi_def_cfa_offset 4
ARM GAS  C:\Users\gding\AppData\Local\Temp\ccr1ySJv.s 			page 12


 528              		@ sp needed
 529 0012 5DF804FB 		ldr	pc, [sp], #4
 530              		.cfi_endproc
 531              	.LFE72:
 532              		.size	I2CWriteWord, .-I2CWriteWord
 533 0016 00BF     		.text
 534              	.Letext0:
 535              		.file 2 "c:\\program files (x86)\\cypress\\psoc creator\\4.0\\psoc creator\\import\\gnu\\arm\\4.9.
 536              		.file 3 "c:\\program files (x86)\\cypress\\psoc creator\\4.0\\psoc creator\\import\\gnu\\arm\\4.9.
 537              		.file 4 "Generated_Source\\PSoC5/cytypes.h"
 538              		.file 5 "Generated_Source\\PSoC5/I2C_Master.h"
 539              		.file 6 "Generated_Source\\PSoC5/core_cm3.h"
 540              		.section	.debug_info,"",%progbits
 541              	.Ldebug_info0:
 542 0000 A8060000 		.4byte	0x6a8
 543 0004 0400     		.2byte	0x4
 544 0006 00000000 		.4byte	.Ldebug_abbrev0
 545 000a 04       		.byte	0x4
 546 000b 01       		.uleb128 0x1
 547 000c 76010000 		.4byte	.LASF41
 548 0010 01       		.byte	0x1
 549 0011 73020000 		.4byte	.LASF42
 550 0015 A2000000 		.4byte	.LASF43
 551 0019 00000000 		.4byte	.Ldebug_ranges0+0
 552 001d 00000000 		.4byte	0
 553 0021 00000000 		.4byte	.Ldebug_line0
 554 0025 02       		.uleb128 0x2
 555 0026 01       		.byte	0x1
 556 0027 06       		.byte	0x6
 557 0028 F0020000 		.4byte	.LASF0
 558 002c 03       		.uleb128 0x3
 559 002d 00000000 		.4byte	.LASF3
 560 0031 02       		.byte	0x2
 561 0032 1D       		.byte	0x1d
 562 0033 37000000 		.4byte	0x37
 563 0037 02       		.uleb128 0x2
 564 0038 01       		.byte	0x1
 565 0039 08       		.byte	0x8
 566 003a 41010000 		.4byte	.LASF1
 567 003e 02       		.uleb128 0x2
 568 003f 02       		.byte	0x2
 569 0040 05       		.byte	0x5
 570 0041 A1020000 		.4byte	.LASF2
 571 0045 03       		.uleb128 0x3
 572 0046 4F010000 		.4byte	.LASF4
 573 004a 02       		.byte	0x2
 574 004b 2B       		.byte	0x2b
 575 004c 50000000 		.4byte	0x50
 576 0050 02       		.uleb128 0x2
 577 0051 02       		.byte	0x2
 578 0052 07       		.byte	0x7
 579 0053 14010000 		.4byte	.LASF5
 580 0057 03       		.uleb128 0x3
 581 0058 38000000 		.4byte	.LASF6
 582 005c 02       		.byte	0x2
 583 005d 3F       		.byte	0x3f
 584 005e 62000000 		.4byte	0x62
ARM GAS  C:\Users\gding\AppData\Local\Temp\ccr1ySJv.s 			page 13


 585 0062 02       		.uleb128 0x2
 586 0063 04       		.byte	0x4
 587 0064 05       		.byte	0x5
 588 0065 CA020000 		.4byte	.LASF7
 589 0069 02       		.uleb128 0x2
 590 006a 04       		.byte	0x4
 591 006b 07       		.byte	0x7
 592 006c 02010000 		.4byte	.LASF8
 593 0070 02       		.uleb128 0x2
 594 0071 08       		.byte	0x8
 595 0072 05       		.byte	0x5
 596 0073 82020000 		.4byte	.LASF9
 597 0077 02       		.uleb128 0x2
 598 0078 08       		.byte	0x8
 599 0079 07       		.byte	0x7
 600 007a 1E020000 		.4byte	.LASF10
 601 007e 04       		.uleb128 0x4
 602 007f 04       		.byte	0x4
 603 0080 05       		.byte	0x5
 604 0081 696E7400 		.ascii	"int\000"
 605 0085 02       		.uleb128 0x2
 606 0086 04       		.byte	0x4
 607 0087 07       		.byte	0x7
 608 0088 04020000 		.4byte	.LASF11
 609 008c 03       		.uleb128 0x3
 610 008d 47000000 		.4byte	.LASF12
 611 0091 03       		.byte	0x3
 612 0092 15       		.byte	0x15
 613 0093 2C000000 		.4byte	0x2c
 614 0097 03       		.uleb128 0x3
 615 0098 B3020000 		.4byte	.LASF13
 616 009c 03       		.byte	0x3
 617 009d 21       		.byte	0x21
 618 009e 45000000 		.4byte	0x45
 619 00a2 03       		.uleb128 0x3
 620 00a3 5B000000 		.4byte	.LASF14
 621 00a7 03       		.byte	0x3
 622 00a8 2C       		.byte	0x2c
 623 00a9 57000000 		.4byte	0x57
 624 00ad 05       		.uleb128 0x5
 625 00ae 69000000 		.4byte	.LASF15
 626 00b2 04       		.byte	0x4
 627 00b3 9201     		.2byte	0x192
 628 00b5 37000000 		.4byte	0x37
 629 00b9 02       		.uleb128 0x2
 630 00ba 04       		.byte	0x4
 631 00bb 04       		.byte	0x4
 632 00bc 63000000 		.4byte	.LASF16
 633 00c0 02       		.uleb128 0x2
 634 00c1 08       		.byte	0x8
 635 00c2 04       		.byte	0x4
 636 00c3 5A010000 		.4byte	.LASF17
 637 00c7 02       		.uleb128 0x2
 638 00c8 01       		.byte	0x1
 639 00c9 08       		.byte	0x8
 640 00ca 90020000 		.4byte	.LASF18
 641 00ce 02       		.uleb128 0x2
ARM GAS  C:\Users\gding\AppData\Local\Temp\ccr1ySJv.s 			page 14


 642 00cf 04       		.byte	0x4
 643 00d0 07       		.byte	0x7
 644 00d1 6A020000 		.4byte	.LASF19
 645 00d5 06       		.uleb128 0x6
 646 00d6 11020000 		.4byte	.LASF24
 647 00da 01       		.byte	0x1
 648 00db 12       		.byte	0x12
 649 00dc 00000000 		.4byte	.LFB63
 650 00e0 48000000 		.4byte	.LFE63-.LFB63
 651 00e4 01       		.uleb128 0x1
 652 00e5 9C       		.byte	0x9c
 653 00e6 A9010000 		.4byte	0x1a9
 654 00ea 07       		.uleb128 0x7
 655 00eb AB020000 		.4byte	.LASF20
 656 00ef 01       		.byte	0x1
 657 00f0 12       		.byte	0x12
 658 00f1 8C000000 		.4byte	0x8c
 659 00f5 00000000 		.4byte	.LLST0
 660 00f9 07       		.uleb128 0x7
 661 00fa FA000000 		.4byte	.LASF21
 662 00fe 01       		.byte	0x1
 663 00ff 12       		.byte	0x12
 664 0100 8C000000 		.4byte	0x8c
 665 0104 21000000 		.4byte	.LLST1
 666 0108 07       		.uleb128 0x7
 667 0109 10030000 		.4byte	.LASF22
 668 010d 01       		.byte	0x1
 669 010e 12       		.byte	0x12
 670 010f 8C000000 		.4byte	0x8c
 671 0113 42000000 		.4byte	.LLST2
 672 0117 07       		.uleb128 0x7
 673 0118 32000000 		.4byte	.LASF23
 674 011c 01       		.byte	0x1
 675 011d 12       		.byte	0x12
 676 011e A9010000 		.4byte	0x1a9
 677 0122 63000000 		.4byte	.LLST3
 678 0126 08       		.uleb128 0x8
 679 0127 6900     		.ascii	"i\000"
 680 0129 01       		.byte	0x1
 681 012a 13       		.byte	0x13
 682 012b 8C000000 		.4byte	0x8c
 683 012f 97000000 		.4byte	.LLST4
 684 0133 09       		.uleb128 0x9
 685 0134 10000000 		.4byte	.LVL3
 686 0138 42060000 		.4byte	0x642
 687 013c 4C010000 		.4byte	0x14c
 688 0140 0A       		.uleb128 0xa
 689 0141 01       		.uleb128 0x1
 690 0142 51       		.byte	0x51
 691 0143 01       		.uleb128 0x1
 692 0144 30       		.byte	0x30
 693 0145 0A       		.uleb128 0xa
 694 0146 01       		.uleb128 0x1
 695 0147 50       		.byte	0x50
 696 0148 02       		.uleb128 0x2
 697 0149 74       		.byte	0x74
 698 014a 00       		.sleb128 0
ARM GAS  C:\Users\gding\AppData\Local\Temp\ccr1ySJv.s 			page 15


 699 014b 00       		.byte	0
 700 014c 09       		.uleb128 0x9
 701 014d 16000000 		.4byte	.LVL4
 702 0151 5C060000 		.4byte	0x65c
 703 0155 60010000 		.4byte	0x160
 704 0159 0A       		.uleb128 0xa
 705 015a 01       		.uleb128 0x1
 706 015b 50       		.byte	0x50
 707 015c 02       		.uleb128 0x2
 708 015d 76       		.byte	0x76
 709 015e 00       		.sleb128 0
 710 015f 00       		.byte	0
 711 0160 09       		.uleb128 0x9
 712 0161 1E000000 		.4byte	.LVL5
 713 0165 71060000 		.4byte	0x671
 714 0169 79010000 		.4byte	0x179
 715 016d 0A       		.uleb128 0xa
 716 016e 01       		.uleb128 0x1
 717 016f 51       		.byte	0x51
 718 0170 01       		.uleb128 0x1
 719 0171 31       		.byte	0x31
 720 0172 0A       		.uleb128 0xa
 721 0173 01       		.uleb128 0x1
 722 0174 50       		.byte	0x50
 723 0175 02       		.uleb128 0x2
 724 0176 74       		.byte	0x74
 725 0177 00       		.sleb128 0
 726 0178 00       		.byte	0
 727 0179 09       		.uleb128 0x9
 728 017a 2A000000 		.4byte	.LVL8
 729 017e 8B060000 		.4byte	0x68b
 730 0182 8C010000 		.4byte	0x18c
 731 0186 0A       		.uleb128 0xa
 732 0187 01       		.uleb128 0x1
 733 0188 50       		.byte	0x50
 734 0189 01       		.uleb128 0x1
 735 018a 31       		.byte	0x31
 736 018b 00       		.byte	0
 737 018c 09       		.uleb128 0x9
 738 018d 40000000 		.4byte	.LVL11
 739 0191 8B060000 		.4byte	0x68b
 740 0195 9F010000 		.4byte	0x19f
 741 0199 0A       		.uleb128 0xa
 742 019a 01       		.uleb128 0x1
 743 019b 50       		.byte	0x50
 744 019c 01       		.uleb128 0x1
 745 019d 30       		.byte	0x30
 746 019e 00       		.byte	0
 747 019f 0B       		.uleb128 0xb
 748 01a0 46000000 		.4byte	.LVL12
 749 01a4 A0060000 		.4byte	0x6a0
 750 01a8 00       		.byte	0
 751 01a9 0C       		.uleb128 0xc
 752 01aa 04       		.byte	0x4
 753 01ab 8C000000 		.4byte	0x8c
 754 01af 06       		.uleb128 0x6
 755 01b0 4F000000 		.4byte	.LASF25
ARM GAS  C:\Users\gding\AppData\Local\Temp\ccr1ySJv.s 			page 16


 756 01b4 01       		.byte	0x1
 757 01b5 1E       		.byte	0x1e
 758 01b6 00000000 		.4byte	.LFB64
 759 01ba 0C000000 		.4byte	.LFE64-.LFB64
 760 01be 01       		.uleb128 0x1
 761 01bf 9C       		.byte	0x9c
 762 01c0 08020000 		.4byte	0x208
 763 01c4 07       		.uleb128 0x7
 764 01c5 AB020000 		.4byte	.LASF20
 765 01c9 01       		.byte	0x1
 766 01ca 1E       		.byte	0x1e
 767 01cb 8C000000 		.4byte	0x8c
 768 01cf CC000000 		.4byte	.LLST5
 769 01d3 07       		.uleb128 0x7
 770 01d4 FA000000 		.4byte	.LASF21
 771 01d8 01       		.byte	0x1
 772 01d9 1E       		.byte	0x1e
 773 01da 8C000000 		.4byte	0x8c
 774 01de ED000000 		.4byte	.LLST6
 775 01e2 07       		.uleb128 0x7
 776 01e3 32000000 		.4byte	.LASF23
 777 01e7 01       		.byte	0x1
 778 01e8 1E       		.byte	0x1e
 779 01e9 A9010000 		.4byte	0x1a9
 780 01ed 0E010000 		.4byte	.LLST7
 781 01f1 0D       		.uleb128 0xd
 782 01f2 0A000000 		.4byte	.LVL15
 783 01f6 D5000000 		.4byte	0xd5
 784 01fa 0A       		.uleb128 0xa
 785 01fb 01       		.uleb128 0x1
 786 01fc 53       		.byte	0x53
 787 01fd 03       		.uleb128 0x3
 788 01fe F3       		.byte	0xf3
 789 01ff 01       		.uleb128 0x1
 790 0200 52       		.byte	0x52
 791 0201 0A       		.uleb128 0xa
 792 0202 01       		.uleb128 0x1
 793 0203 52       		.byte	0x52
 794 0204 01       		.uleb128 0x1
 795 0205 31       		.byte	0x31
 796 0206 00       		.byte	0
 797 0207 00       		.byte	0
 798 0208 06       		.uleb128 0x6
 799 0209 95020000 		.4byte	.LASF26
 800 020d 01       		.byte	0x1
 801 020e 22       		.byte	0x22
 802 020f 00000000 		.4byte	.LFB65
 803 0213 22000000 		.4byte	.LFE65-.LFB65
 804 0217 01       		.uleb128 0x1
 805 0218 9C       		.byte	0x9c
 806 0219 87020000 		.4byte	0x287
 807 021d 07       		.uleb128 0x7
 808 021e AB020000 		.4byte	.LASF20
 809 0222 01       		.byte	0x1
 810 0223 22       		.byte	0x22
 811 0224 8C000000 		.4byte	0x8c
 812 0228 3A010000 		.4byte	.LLST8
ARM GAS  C:\Users\gding\AppData\Local\Temp\ccr1ySJv.s 			page 17


 813 022c 07       		.uleb128 0x7
 814 022d FA000000 		.4byte	.LASF21
 815 0231 01       		.byte	0x1
 816 0232 22       		.byte	0x22
 817 0233 8C000000 		.4byte	0x8c
 818 0237 5B010000 		.4byte	.LLST9
 819 023b 07       		.uleb128 0x7
 820 023c 61010000 		.4byte	.LASF27
 821 0240 01       		.byte	0x1
 822 0241 22       		.byte	0x22
 823 0242 8C000000 		.4byte	0x8c
 824 0246 7C010000 		.4byte	.LLST10
 825 024a 07       		.uleb128 0x7
 826 024b 10030000 		.4byte	.LASF22
 827 024f 01       		.byte	0x1
 828 0250 22       		.byte	0x22
 829 0251 8C000000 		.4byte	0x8c
 830 0255 9D010000 		.4byte	.LLST11
 831 0259 0E       		.uleb128 0xe
 832 025a 32000000 		.4byte	.LASF23
 833 025e 01       		.byte	0x1
 834 025f 22       		.byte	0x22
 835 0260 A9010000 		.4byte	0x1a9
 836 0264 02       		.uleb128 0x2
 837 0265 91       		.byte	0x91
 838 0266 00       		.sleb128 0
 839 0267 0F       		.uleb128 0xf
 840 0268 42000000 		.4byte	.LASF28
 841 026c 01       		.byte	0x1
 842 026d 23       		.byte	0x23
 843 026e 8C000000 		.4byte	0x8c
 844 0272 BE010000 		.4byte	.LLST12
 845 0276 0D       		.uleb128 0xd
 846 0277 18000000 		.4byte	.LVL19
 847 027b AF010000 		.4byte	0x1af
 848 027f 0A       		.uleb128 0xa
 849 0280 01       		.uleb128 0x1
 850 0281 52       		.byte	0x52
 851 0282 02       		.uleb128 0x2
 852 0283 76       		.byte	0x76
 853 0284 00       		.sleb128 0
 854 0285 00       		.byte	0
 855 0286 00       		.byte	0
 856 0287 06       		.uleb128 0x6
 857 0288 97000000 		.4byte	.LASF29
 858 028c 01       		.byte	0x1
 859 028d 29       		.byte	0x29
 860 028e 00000000 		.4byte	.LFB66
 861 0292 18000000 		.4byte	.LFE66-.LFB66
 862 0296 01       		.uleb128 0x1
 863 0297 9C       		.byte	0x9c
 864 0298 E9020000 		.4byte	0x2e9
 865 029c 07       		.uleb128 0x7
 866 029d AB020000 		.4byte	.LASF20
 867 02a1 01       		.byte	0x1
 868 02a2 29       		.byte	0x29
 869 02a3 8C000000 		.4byte	0x8c
ARM GAS  C:\Users\gding\AppData\Local\Temp\ccr1ySJv.s 			page 18


 870 02a7 D1010000 		.4byte	.LLST13
 871 02ab 07       		.uleb128 0x7
 872 02ac FA000000 		.4byte	.LASF21
 873 02b0 01       		.byte	0x1
 874 02b1 29       		.byte	0x29
 875 02b2 8C000000 		.4byte	0x8c
 876 02b6 F2010000 		.4byte	.LLST14
 877 02ba 07       		.uleb128 0x7
 878 02bb 09030000 		.4byte	.LASF30
 879 02bf 01       		.byte	0x1
 880 02c0 29       		.byte	0x29
 881 02c1 8C000000 		.4byte	0x8c
 882 02c5 13020000 		.4byte	.LLST15
 883 02c9 07       		.uleb128 0x7
 884 02ca 32000000 		.4byte	.LASF23
 885 02ce 01       		.byte	0x1
 886 02cf 29       		.byte	0x29
 887 02d0 A9010000 		.4byte	0x1a9
 888 02d4 34020000 		.4byte	.LLST16
 889 02d8 0D       		.uleb128 0xd
 890 02d9 0C000000 		.4byte	.LVL23
 891 02dd AF010000 		.4byte	0x1af
 892 02e1 0A       		.uleb128 0xa
 893 02e2 01       		.uleb128 0x1
 894 02e3 52       		.byte	0x52
 895 02e4 02       		.uleb128 0x2
 896 02e5 74       		.byte	0x74
 897 02e6 00       		.sleb128 0
 898 02e7 00       		.byte	0
 899 02e8 00       		.byte	0
 900 02e9 06       		.uleb128 0x6
 901 02ea 24000000 		.4byte	.LASF31
 902 02ee 01       		.byte	0x1
 903 02ef 2E       		.byte	0x2e
 904 02f0 00000000 		.4byte	.LFB67
 905 02f4 32000000 		.4byte	.LFE67-.LFB67
 906 02f8 01       		.uleb128 0x1
 907 02f9 9C       		.byte	0x9c
 908 02fa 81030000 		.4byte	0x381
 909 02fe 07       		.uleb128 0x7
 910 02ff AB020000 		.4byte	.LASF20
 911 0303 01       		.byte	0x1
 912 0304 2E       		.byte	0x2e
 913 0305 8C000000 		.4byte	0x8c
 914 0309 52020000 		.4byte	.LLST17
 915 030d 07       		.uleb128 0x7
 916 030e FA000000 		.4byte	.LASF21
 917 0312 01       		.byte	0x1
 918 0313 2E       		.byte	0x2e
 919 0314 8C000000 		.4byte	0x8c
 920 0318 73020000 		.4byte	.LLST18
 921 031c 07       		.uleb128 0x7
 922 031d 10030000 		.4byte	.LASF22
 923 0321 01       		.byte	0x1
 924 0322 2E       		.byte	0x2e
 925 0323 8C000000 		.4byte	0x8c
 926 0327 94020000 		.4byte	.LLST19
ARM GAS  C:\Users\gding\AppData\Local\Temp\ccr1ySJv.s 			page 19


 927 032b 07       		.uleb128 0x7
 928 032c 32000000 		.4byte	.LASF23
 929 0330 01       		.byte	0x1
 930 0331 2E       		.byte	0x2e
 931 0332 A9010000 		.4byte	0x1a9
 932 0336 B5020000 		.4byte	.LLST20
 933 033a 08       		.uleb128 0x8
 934 033b 6900     		.ascii	"i\000"
 935 033d 01       		.byte	0x1
 936 033e 2F       		.byte	0x2f
 937 033f 8C000000 		.4byte	0x8c
 938 0343 E9020000 		.4byte	.LLST21
 939 0347 09       		.uleb128 0x9
 940 0348 0E000000 		.4byte	.LVL27
 941 034c 42060000 		.4byte	0x642
 942 0350 5A030000 		.4byte	0x35a
 943 0354 0A       		.uleb128 0xa
 944 0355 01       		.uleb128 0x1
 945 0356 51       		.byte	0x51
 946 0357 01       		.uleb128 0x1
 947 0358 30       		.byte	0x30
 948 0359 00       		.byte	0
 949 035a 09       		.uleb128 0x9
 950 035b 14000000 		.4byte	.LVL28
 951 035f 5C060000 		.4byte	0x65c
 952 0363 6E030000 		.4byte	0x36e
 953 0367 0A       		.uleb128 0xa
 954 0368 01       		.uleb128 0x1
 955 0369 50       		.byte	0x50
 956 036a 02       		.uleb128 0x2
 957 036b 74       		.byte	0x74
 958 036c 00       		.sleb128 0
 959 036d 00       		.byte	0
 960 036e 0B       		.uleb128 0xb
 961 036f 20000000 		.4byte	.LVL31
 962 0373 5C060000 		.4byte	0x65c
 963 0377 0B       		.uleb128 0xb
 964 0378 30000000 		.4byte	.LVL34
 965 037c A0060000 		.4byte	0x6a0
 966 0380 00       		.byte	0
 967 0381 06       		.uleb128 0x6
 968 0382 27010000 		.4byte	.LASF32
 969 0386 01       		.byte	0x1
 970 0387 38       		.byte	0x38
 971 0388 00000000 		.4byte	.LFB68
 972 038c 16000000 		.4byte	.LFE68-.LFB68
 973 0390 01       		.uleb128 0x1
 974 0391 9C       		.byte	0x9c
 975 0392 D9030000 		.4byte	0x3d9
 976 0396 07       		.uleb128 0x7
 977 0397 AB020000 		.4byte	.LASF20
 978 039b 01       		.byte	0x1
 979 039c 38       		.byte	0x38
 980 039d 8C000000 		.4byte	0x8c
 981 03a1 1E030000 		.4byte	.LLST22
 982 03a5 07       		.uleb128 0x7
 983 03a6 FA000000 		.4byte	.LASF21
ARM GAS  C:\Users\gding\AppData\Local\Temp\ccr1ySJv.s 			page 20


 984 03aa 01       		.byte	0x1
 985 03ab 38       		.byte	0x38
 986 03ac 8C000000 		.4byte	0x8c
 987 03b0 3F030000 		.4byte	.LLST23
 988 03b4 07       		.uleb128 0x7
 989 03b5 32000000 		.4byte	.LASF23
 990 03b9 01       		.byte	0x1
 991 03ba 38       		.byte	0x38
 992 03bb 8C000000 		.4byte	0x8c
 993 03bf 60030000 		.4byte	.LLST24
 994 03c3 0D       		.uleb128 0xd
 995 03c4 10000000 		.4byte	.LVL37
 996 03c8 E9020000 		.4byte	0x2e9
 997 03cc 0A       		.uleb128 0xa
 998 03cd 01       		.uleb128 0x1
 999 03ce 53       		.byte	0x53
 1000 03cf 02       		.uleb128 0x2
 1001 03d0 91       		.byte	0x91
 1002 03d1 77       		.sleb128 -9
 1003 03d2 0A       		.uleb128 0xa
 1004 03d3 01       		.uleb128 0x1
 1005 03d4 52       		.byte	0x52
 1006 03d5 01       		.uleb128 0x1
 1007 03d6 31       		.byte	0x31
 1008 03d7 00       		.byte	0
 1009 03d8 00       		.byte	0
 1010 03d9 06       		.uleb128 0x6
 1011 03da FC020000 		.4byte	.LASF33
 1012 03de 01       		.byte	0x1
 1013 03df 3C       		.byte	0x3c
 1014 03e0 00000000 		.4byte	.LFB69
 1015 03e4 4A000000 		.4byte	.LFE69-.LFB69
 1016 03e8 01       		.uleb128 0x1
 1017 03e9 9C       		.byte	0x9c
 1018 03ea 94040000 		.4byte	0x494
 1019 03ee 07       		.uleb128 0x7
 1020 03ef AB020000 		.4byte	.LASF20
 1021 03f3 01       		.byte	0x1
 1022 03f4 3C       		.byte	0x3c
 1023 03f5 8C000000 		.4byte	0x8c
 1024 03f9 8B030000 		.4byte	.LLST25
 1025 03fd 07       		.uleb128 0x7
 1026 03fe FA000000 		.4byte	.LASF21
 1027 0402 01       		.byte	0x1
 1028 0403 3C       		.byte	0x3c
 1029 0404 8C000000 		.4byte	0x8c
 1030 0408 AC030000 		.4byte	.LLST26
 1031 040c 07       		.uleb128 0x7
 1032 040d 61010000 		.4byte	.LASF27
 1033 0411 01       		.byte	0x1
 1034 0412 3C       		.byte	0x3c
 1035 0413 8C000000 		.4byte	0x8c
 1036 0417 CD030000 		.4byte	.LLST27
 1037 041b 07       		.uleb128 0x7
 1038 041c 10030000 		.4byte	.LASF22
 1039 0420 01       		.byte	0x1
 1040 0421 3C       		.byte	0x3c
ARM GAS  C:\Users\gding\AppData\Local\Temp\ccr1ySJv.s 			page 21


 1041 0422 8C000000 		.4byte	0x8c
 1042 0426 EE030000 		.4byte	.LLST28
 1043 042a 07       		.uleb128 0x7
 1044 042b 32000000 		.4byte	.LASF23
 1045 042f 01       		.byte	0x1
 1046 0430 3C       		.byte	0x3c
 1047 0431 8C000000 		.4byte	0x8c
 1048 0435 0F040000 		.4byte	.LLST29
 1049 0439 10       		.uleb128 0x10
 1050 043a 6200     		.ascii	"b\000"
 1051 043c 01       		.byte	0x1
 1052 043d 3D       		.byte	0x3d
 1053 043e 8C000000 		.4byte	0x8c
 1054 0442 02       		.uleb128 0x2
 1055 0443 91       		.byte	0x91
 1056 0444 67       		.sleb128 -25
 1057 0445 0F       		.uleb128 0xf
 1058 0446 42000000 		.4byte	.LASF28
 1059 044a 01       		.byte	0x1
 1060 044b 3E       		.byte	0x3e
 1061 044c 8C000000 		.4byte	0x8c
 1062 0450 39040000 		.4byte	.LLST30
 1063 0454 09       		.uleb128 0x9
 1064 0455 22000000 		.4byte	.LVL41
 1065 0459 AF010000 		.4byte	0x1af
 1066 045d 74040000 		.4byte	0x474
 1067 0461 0A       		.uleb128 0xa
 1068 0462 01       		.uleb128 0x1
 1069 0463 52       		.byte	0x52
 1070 0464 02       		.uleb128 0x2
 1071 0465 91       		.byte	0x91
 1072 0466 67       		.sleb128 -25
 1073 0467 0A       		.uleb128 0xa
 1074 0468 01       		.uleb128 0x1
 1075 0469 51       		.byte	0x51
 1076 046a 02       		.uleb128 0x2
 1077 046b 76       		.byte	0x76
 1078 046c 00       		.sleb128 0
 1079 046d 0A       		.uleb128 0xa
 1080 046e 01       		.uleb128 0x1
 1081 046f 50       		.byte	0x50
 1082 0470 02       		.uleb128 0x2
 1083 0471 77       		.byte	0x77
 1084 0472 00       		.sleb128 0
 1085 0473 00       		.byte	0
 1086 0474 0D       		.uleb128 0xd
 1087 0475 44000000 		.4byte	.LVL45
 1088 0479 81030000 		.4byte	0x381
 1089 047d 0A       		.uleb128 0xa
 1090 047e 01       		.uleb128 0x1
 1091 047f 52       		.byte	0x52
 1092 0480 05       		.uleb128 0x5
 1093 0481 78       		.byte	0x78
 1094 0482 00       		.sleb128 0
 1095 0483 74       		.byte	0x74
 1096 0484 00       		.sleb128 0
 1097 0485 21       		.byte	0x21
ARM GAS  C:\Users\gding\AppData\Local\Temp\ccr1ySJv.s 			page 22


 1098 0486 0A       		.uleb128 0xa
 1099 0487 01       		.uleb128 0x1
 1100 0488 51       		.byte	0x51
 1101 0489 02       		.uleb128 0x2
 1102 048a 76       		.byte	0x76
 1103 048b 00       		.sleb128 0
 1104 048c 0A       		.uleb128 0xa
 1105 048d 01       		.uleb128 0x1
 1106 048e 50       		.byte	0x50
 1107 048f 02       		.uleb128 0x2
 1108 0490 77       		.byte	0x77
 1109 0491 00       		.sleb128 0
 1110 0492 00       		.byte	0
 1111 0493 00       		.byte	0
 1112 0494 06       		.uleb128 0x6
 1113 0495 6A010000 		.4byte	.LASF34
 1114 0499 01       		.byte	0x1
 1115 049a 47       		.byte	0x47
 1116 049b 00000000 		.4byte	.LFB70
 1117 049f 40000000 		.4byte	.LFE70-.LFB70
 1118 04a3 01       		.uleb128 0x1
 1119 04a4 9C       		.byte	0x9c
 1120 04a5 28050000 		.4byte	0x528
 1121 04a9 07       		.uleb128 0x7
 1122 04aa AB020000 		.4byte	.LASF20
 1123 04ae 01       		.byte	0x1
 1124 04af 47       		.byte	0x47
 1125 04b0 8C000000 		.4byte	0x8c
 1126 04b4 57040000 		.4byte	.LLST31
 1127 04b8 07       		.uleb128 0x7
 1128 04b9 FA000000 		.4byte	.LASF21
 1129 04bd 01       		.byte	0x1
 1130 04be 47       		.byte	0x47
 1131 04bf 8C000000 		.4byte	0x8c
 1132 04c3 78040000 		.4byte	.LLST32
 1133 04c7 07       		.uleb128 0x7
 1134 04c8 09030000 		.4byte	.LASF30
 1135 04cc 01       		.byte	0x1
 1136 04cd 47       		.byte	0x47
 1137 04ce 8C000000 		.4byte	0x8c
 1138 04d2 99040000 		.4byte	.LLST33
 1139 04d6 07       		.uleb128 0x7
 1140 04d7 32000000 		.4byte	.LASF23
 1141 04db 01       		.byte	0x1
 1142 04dc 47       		.byte	0x47
 1143 04dd 8C000000 		.4byte	0x8c
 1144 04e1 BA040000 		.4byte	.LLST34
 1145 04e5 10       		.uleb128 0x10
 1146 04e6 6200     		.ascii	"b\000"
 1147 04e8 01       		.byte	0x1
 1148 04e9 48       		.byte	0x48
 1149 04ea 8C000000 		.4byte	0x8c
 1150 04ee 02       		.uleb128 0x2
 1151 04ef 91       		.byte	0x91
 1152 04f0 67       		.sleb128 -25
 1153 04f1 09       		.uleb128 0x9
 1154 04f2 14000000 		.4byte	.LVL48
ARM GAS  C:\Users\gding\AppData\Local\Temp\ccr1ySJv.s 			page 23


 1155 04f6 AF010000 		.4byte	0x1af
 1156 04fa 11050000 		.4byte	0x511
 1157 04fe 0A       		.uleb128 0xa
 1158 04ff 01       		.uleb128 0x1
 1159 0500 52       		.byte	0x52
 1160 0501 02       		.uleb128 0x2
 1161 0502 91       		.byte	0x91
 1162 0503 67       		.sleb128 -25
 1163 0504 0A       		.uleb128 0xa
 1164 0505 01       		.uleb128 0x1
 1165 0506 51       		.byte	0x51
 1166 0507 02       		.uleb128 0x2
 1167 0508 74       		.byte	0x74
 1168 0509 00       		.sleb128 0
 1169 050a 0A       		.uleb128 0xa
 1170 050b 01       		.uleb128 0x1
 1171 050c 50       		.byte	0x50
 1172 050d 02       		.uleb128 0x2
 1173 050e 75       		.byte	0x75
 1174 050f 00       		.sleb128 0
 1175 0510 00       		.byte	0
 1176 0511 0D       		.uleb128 0xd
 1177 0512 3C000000 		.4byte	.LVL49
 1178 0516 81030000 		.4byte	0x381
 1179 051a 0A       		.uleb128 0xa
 1180 051b 01       		.uleb128 0x1
 1181 051c 51       		.byte	0x51
 1182 051d 02       		.uleb128 0x2
 1183 051e 74       		.byte	0x74
 1184 051f 00       		.sleb128 0
 1185 0520 0A       		.uleb128 0xa
 1186 0521 01       		.uleb128 0x1
 1187 0522 50       		.byte	0x50
 1188 0523 02       		.uleb128 0x2
 1189 0524 75       		.byte	0x75
 1190 0525 00       		.sleb128 0
 1191 0526 00       		.byte	0
 1192 0527 00       		.byte	0
 1193 0528 06       		.uleb128 0x6
 1194 0529 BC020000 		.4byte	.LASF35
 1195 052d 01       		.byte	0x1
 1196 052e 4E       		.byte	0x4e
 1197 052f 00000000 		.4byte	.LFB71
 1198 0533 3C000000 		.4byte	.LFE71-.LFB71
 1199 0537 01       		.uleb128 0x1
 1200 0538 9C       		.byte	0x9c
 1201 0539 D3050000 		.4byte	0x5d3
 1202 053d 07       		.uleb128 0x7
 1203 053e AB020000 		.4byte	.LASF20
 1204 0542 01       		.byte	0x1
 1205 0543 4E       		.byte	0x4e
 1206 0544 8C000000 		.4byte	0x8c
 1207 0548 DB040000 		.4byte	.LLST35
 1208 054c 07       		.uleb128 0x7
 1209 054d FA000000 		.4byte	.LASF21
 1210 0551 01       		.byte	0x1
 1211 0552 4E       		.byte	0x4e
ARM GAS  C:\Users\gding\AppData\Local\Temp\ccr1ySJv.s 			page 24


 1212 0553 8C000000 		.4byte	0x8c
 1213 0557 FC040000 		.4byte	.LLST36
 1214 055b 07       		.uleb128 0x7
 1215 055c 10030000 		.4byte	.LASF22
 1216 0560 01       		.byte	0x1
 1217 0561 4E       		.byte	0x4e
 1218 0562 8C000000 		.4byte	0x8c
 1219 0566 1D050000 		.4byte	.LLST37
 1220 056a 07       		.uleb128 0x7
 1221 056b 32000000 		.4byte	.LASF23
 1222 056f 01       		.byte	0x1
 1223 0570 4E       		.byte	0x4e
 1224 0571 D3050000 		.4byte	0x5d3
 1225 0575 3E050000 		.4byte	.LLST38
 1226 0579 08       		.uleb128 0x8
 1227 057a 6900     		.ascii	"i\000"
 1228 057c 01       		.byte	0x1
 1229 057d 4F       		.byte	0x4f
 1230 057e 8C000000 		.4byte	0x8c
 1231 0582 72050000 		.4byte	.LLST39
 1232 0586 09       		.uleb128 0x9
 1233 0587 0E000000 		.4byte	.LVL53
 1234 058b 42060000 		.4byte	0x642
 1235 058f 99050000 		.4byte	0x599
 1236 0593 0A       		.uleb128 0xa
 1237 0594 01       		.uleb128 0x1
 1238 0595 51       		.byte	0x51
 1239 0596 01       		.uleb128 0x1
 1240 0597 30       		.byte	0x30
 1241 0598 00       		.byte	0
 1242 0599 09       		.uleb128 0x9
 1243 059a 14000000 		.4byte	.LVL54
 1244 059e 5C060000 		.4byte	0x65c
 1245 05a2 AD050000 		.4byte	0x5ad
 1246 05a6 0A       		.uleb128 0xa
 1247 05a7 01       		.uleb128 0x1
 1248 05a8 50       		.byte	0x50
 1249 05a9 02       		.uleb128 0x2
 1250 05aa 74       		.byte	0x74
 1251 05ab 00       		.sleb128 0
 1252 05ac 00       		.byte	0
 1253 05ad 09       		.uleb128 0x9
 1254 05ae 24000000 		.4byte	.LVL56
 1255 05b2 5C060000 		.4byte	0x65c
 1256 05b6 C0050000 		.4byte	0x5c0
 1257 05ba 0A       		.uleb128 0xa
 1258 05bb 01       		.uleb128 0x1
 1259 05bc 50       		.byte	0x50
 1260 05bd 01       		.uleb128 0x1
 1261 05be 30       		.byte	0x30
 1262 05bf 00       		.byte	0
 1263 05c0 0B       		.uleb128 0xb
 1264 05c1 2A000000 		.4byte	.LVL57
 1265 05c5 5C060000 		.4byte	0x65c
 1266 05c9 0B       		.uleb128 0xb
 1267 05ca 3A000000 		.4byte	.LVL60
 1268 05ce A0060000 		.4byte	0x6a0
ARM GAS  C:\Users\gding\AppData\Local\Temp\ccr1ySJv.s 			page 25


 1269 05d2 00       		.byte	0
 1270 05d3 0C       		.uleb128 0xc
 1271 05d4 04       		.byte	0x4
 1272 05d5 97000000 		.4byte	0x97
 1273 05d9 06       		.uleb128 0x6
 1274 05da 8A000000 		.4byte	.LASF36
 1275 05de 01       		.byte	0x1
 1276 05df 59       		.byte	0x59
 1277 05e0 00000000 		.4byte	.LFB72
 1278 05e4 16000000 		.4byte	.LFE72-.LFB72
 1279 05e8 01       		.uleb128 0x1
 1280 05e9 9C       		.byte	0x9c
 1281 05ea 31060000 		.4byte	0x631
 1282 05ee 07       		.uleb128 0x7
 1283 05ef AB020000 		.4byte	.LASF20
 1284 05f3 01       		.byte	0x1
 1285 05f4 59       		.byte	0x59
 1286 05f5 8C000000 		.4byte	0x8c
 1287 05f9 A7050000 		.4byte	.LLST40
 1288 05fd 07       		.uleb128 0x7
 1289 05fe FA000000 		.4byte	.LASF21
 1290 0602 01       		.byte	0x1
 1291 0603 59       		.byte	0x59
 1292 0604 8C000000 		.4byte	0x8c
 1293 0608 C8050000 		.4byte	.LLST41
 1294 060c 07       		.uleb128 0x7
 1295 060d 32000000 		.4byte	.LASF23
 1296 0611 01       		.byte	0x1
 1297 0612 59       		.byte	0x59
 1298 0613 97000000 		.4byte	0x97
 1299 0617 E9050000 		.4byte	.LLST42
 1300 061b 0D       		.uleb128 0xd
 1301 061c 10000000 		.4byte	.LVL63
 1302 0620 28050000 		.4byte	0x528
 1303 0624 0A       		.uleb128 0xa
 1304 0625 01       		.uleb128 0x1
 1305 0626 53       		.byte	0x53
 1306 0627 02       		.uleb128 0x2
 1307 0628 91       		.byte	0x91
 1308 0629 76       		.sleb128 -10
 1309 062a 0A       		.uleb128 0xa
 1310 062b 01       		.uleb128 0x1
 1311 062c 52       		.byte	0x52
 1312 062d 01       		.uleb128 0x1
 1313 062e 31       		.byte	0x31
 1314 062f 00       		.byte	0
 1315 0630 00       		.byte	0
 1316 0631 11       		.uleb128 0x11
 1317 0632 34010000 		.4byte	.LASF44
 1318 0636 06       		.byte	0x6
 1319 0637 9606     		.2byte	0x696
 1320 0639 3D060000 		.4byte	0x63d
 1321 063d 12       		.uleb128 0x12
 1322 063e A2000000 		.4byte	0xa2
 1323 0642 13       		.uleb128 0x13
 1324 0643 4F020000 		.4byte	.LASF37
 1325 0647 05       		.byte	0x5
ARM GAS  C:\Users\gding\AppData\Local\Temp\ccr1ySJv.s 			page 26


 1326 0648 B1       		.byte	0xb1
 1327 0649 AD000000 		.4byte	0xad
 1328 064d 5C060000 		.4byte	0x65c
 1329 0651 14       		.uleb128 0x14
 1330 0652 AD000000 		.4byte	0xad
 1331 0656 14       		.uleb128 0x14
 1332 0657 AD000000 		.4byte	0xad
 1333 065b 00       		.byte	0
 1334 065c 13       		.uleb128 0x13
 1335 065d 6F000000 		.4byte	.LASF38
 1336 0661 05       		.byte	0x5
 1337 0662 B6       		.byte	0xb6
 1338 0663 AD000000 		.4byte	0xad
 1339 0667 71060000 		.4byte	0x671
 1340 066b 14       		.uleb128 0x14
 1341 066c AD000000 		.4byte	0xad
 1342 0670 00       		.byte	0
 1343 0671 13       		.uleb128 0x13
 1344 0672 D3020000 		.4byte	.LASF39
 1345 0676 05       		.byte	0x5
 1346 0677 B3       		.byte	0xb3
 1347 0678 AD000000 		.4byte	0xad
 1348 067c 8B060000 		.4byte	0x68b
 1349 0680 14       		.uleb128 0x14
 1350 0681 AD000000 		.4byte	0xad
 1351 0685 14       		.uleb128 0x14
 1352 0686 AD000000 		.4byte	0xad
 1353 068a 00       		.byte	0
 1354 068b 13       		.uleb128 0x13
 1355 068c 35020000 		.4byte	.LASF40
 1356 0690 05       		.byte	0x5
 1357 0691 B7       		.byte	0xb7
 1358 0692 AD000000 		.4byte	0xad
 1359 0696 A0060000 		.4byte	0x6a0
 1360 069a 14       		.uleb128 0x14
 1361 069b AD000000 		.4byte	0xad
 1362 069f 00       		.byte	0
 1363 06a0 15       		.uleb128 0x15
 1364 06a1 0A000000 		.4byte	.LASF45
 1365 06a5 05       		.byte	0x5
 1366 06a6 B5       		.byte	0xb5
 1367 06a7 AD000000 		.4byte	0xad
 1368 06ab 00       		.byte	0
 1369              		.section	.debug_abbrev,"",%progbits
 1370              	.Ldebug_abbrev0:
 1371 0000 01       		.uleb128 0x1
 1372 0001 11       		.uleb128 0x11
 1373 0002 01       		.byte	0x1
 1374 0003 25       		.uleb128 0x25
 1375 0004 0E       		.uleb128 0xe
 1376 0005 13       		.uleb128 0x13
 1377 0006 0B       		.uleb128 0xb
 1378 0007 03       		.uleb128 0x3
 1379 0008 0E       		.uleb128 0xe
 1380 0009 1B       		.uleb128 0x1b
 1381 000a 0E       		.uleb128 0xe
 1382 000b 55       		.uleb128 0x55
ARM GAS  C:\Users\gding\AppData\Local\Temp\ccr1ySJv.s 			page 27


 1383 000c 17       		.uleb128 0x17
 1384 000d 11       		.uleb128 0x11
 1385 000e 01       		.uleb128 0x1
 1386 000f 10       		.uleb128 0x10
 1387 0010 17       		.uleb128 0x17
 1388 0011 00       		.byte	0
 1389 0012 00       		.byte	0
 1390 0013 02       		.uleb128 0x2
 1391 0014 24       		.uleb128 0x24
 1392 0015 00       		.byte	0
 1393 0016 0B       		.uleb128 0xb
 1394 0017 0B       		.uleb128 0xb
 1395 0018 3E       		.uleb128 0x3e
 1396 0019 0B       		.uleb128 0xb
 1397 001a 03       		.uleb128 0x3
 1398 001b 0E       		.uleb128 0xe
 1399 001c 00       		.byte	0
 1400 001d 00       		.byte	0
 1401 001e 03       		.uleb128 0x3
 1402 001f 16       		.uleb128 0x16
 1403 0020 00       		.byte	0
 1404 0021 03       		.uleb128 0x3
 1405 0022 0E       		.uleb128 0xe
 1406 0023 3A       		.uleb128 0x3a
 1407 0024 0B       		.uleb128 0xb
 1408 0025 3B       		.uleb128 0x3b
 1409 0026 0B       		.uleb128 0xb
 1410 0027 49       		.uleb128 0x49
 1411 0028 13       		.uleb128 0x13
 1412 0029 00       		.byte	0
 1413 002a 00       		.byte	0
 1414 002b 04       		.uleb128 0x4
 1415 002c 24       		.uleb128 0x24
 1416 002d 00       		.byte	0
 1417 002e 0B       		.uleb128 0xb
 1418 002f 0B       		.uleb128 0xb
 1419 0030 3E       		.uleb128 0x3e
 1420 0031 0B       		.uleb128 0xb
 1421 0032 03       		.uleb128 0x3
 1422 0033 08       		.uleb128 0x8
 1423 0034 00       		.byte	0
 1424 0035 00       		.byte	0
 1425 0036 05       		.uleb128 0x5
 1426 0037 16       		.uleb128 0x16
 1427 0038 00       		.byte	0
 1428 0039 03       		.uleb128 0x3
 1429 003a 0E       		.uleb128 0xe
 1430 003b 3A       		.uleb128 0x3a
 1431 003c 0B       		.uleb128 0xb
 1432 003d 3B       		.uleb128 0x3b
 1433 003e 05       		.uleb128 0x5
 1434 003f 49       		.uleb128 0x49
 1435 0040 13       		.uleb128 0x13
 1436 0041 00       		.byte	0
 1437 0042 00       		.byte	0
 1438 0043 06       		.uleb128 0x6
 1439 0044 2E       		.uleb128 0x2e
ARM GAS  C:\Users\gding\AppData\Local\Temp\ccr1ySJv.s 			page 28


 1440 0045 01       		.byte	0x1
 1441 0046 3F       		.uleb128 0x3f
 1442 0047 19       		.uleb128 0x19
 1443 0048 03       		.uleb128 0x3
 1444 0049 0E       		.uleb128 0xe
 1445 004a 3A       		.uleb128 0x3a
 1446 004b 0B       		.uleb128 0xb
 1447 004c 3B       		.uleb128 0x3b
 1448 004d 0B       		.uleb128 0xb
 1449 004e 27       		.uleb128 0x27
 1450 004f 19       		.uleb128 0x19
 1451 0050 11       		.uleb128 0x11
 1452 0051 01       		.uleb128 0x1
 1453 0052 12       		.uleb128 0x12
 1454 0053 06       		.uleb128 0x6
 1455 0054 40       		.uleb128 0x40
 1456 0055 18       		.uleb128 0x18
 1457 0056 9742     		.uleb128 0x2117
 1458 0058 19       		.uleb128 0x19
 1459 0059 01       		.uleb128 0x1
 1460 005a 13       		.uleb128 0x13
 1461 005b 00       		.byte	0
 1462 005c 00       		.byte	0
 1463 005d 07       		.uleb128 0x7
 1464 005e 05       		.uleb128 0x5
 1465 005f 00       		.byte	0
 1466 0060 03       		.uleb128 0x3
 1467 0061 0E       		.uleb128 0xe
 1468 0062 3A       		.uleb128 0x3a
 1469 0063 0B       		.uleb128 0xb
 1470 0064 3B       		.uleb128 0x3b
 1471 0065 0B       		.uleb128 0xb
 1472 0066 49       		.uleb128 0x49
 1473 0067 13       		.uleb128 0x13
 1474 0068 02       		.uleb128 0x2
 1475 0069 17       		.uleb128 0x17
 1476 006a 00       		.byte	0
 1477 006b 00       		.byte	0
 1478 006c 08       		.uleb128 0x8
 1479 006d 34       		.uleb128 0x34
 1480 006e 00       		.byte	0
 1481 006f 03       		.uleb128 0x3
 1482 0070 08       		.uleb128 0x8
 1483 0071 3A       		.uleb128 0x3a
 1484 0072 0B       		.uleb128 0xb
 1485 0073 3B       		.uleb128 0x3b
 1486 0074 0B       		.uleb128 0xb
 1487 0075 49       		.uleb128 0x49
 1488 0076 13       		.uleb128 0x13
 1489 0077 02       		.uleb128 0x2
 1490 0078 17       		.uleb128 0x17
 1491 0079 00       		.byte	0
 1492 007a 00       		.byte	0
 1493 007b 09       		.uleb128 0x9
 1494 007c 898201   		.uleb128 0x4109
 1495 007f 01       		.byte	0x1
 1496 0080 11       		.uleb128 0x11
ARM GAS  C:\Users\gding\AppData\Local\Temp\ccr1ySJv.s 			page 29


 1497 0081 01       		.uleb128 0x1
 1498 0082 31       		.uleb128 0x31
 1499 0083 13       		.uleb128 0x13
 1500 0084 01       		.uleb128 0x1
 1501 0085 13       		.uleb128 0x13
 1502 0086 00       		.byte	0
 1503 0087 00       		.byte	0
 1504 0088 0A       		.uleb128 0xa
 1505 0089 8A8201   		.uleb128 0x410a
 1506 008c 00       		.byte	0
 1507 008d 02       		.uleb128 0x2
 1508 008e 18       		.uleb128 0x18
 1509 008f 9142     		.uleb128 0x2111
 1510 0091 18       		.uleb128 0x18
 1511 0092 00       		.byte	0
 1512 0093 00       		.byte	0
 1513 0094 0B       		.uleb128 0xb
 1514 0095 898201   		.uleb128 0x4109
 1515 0098 00       		.byte	0
 1516 0099 11       		.uleb128 0x11
 1517 009a 01       		.uleb128 0x1
 1518 009b 31       		.uleb128 0x31
 1519 009c 13       		.uleb128 0x13
 1520 009d 00       		.byte	0
 1521 009e 00       		.byte	0
 1522 009f 0C       		.uleb128 0xc
 1523 00a0 0F       		.uleb128 0xf
 1524 00a1 00       		.byte	0
 1525 00a2 0B       		.uleb128 0xb
 1526 00a3 0B       		.uleb128 0xb
 1527 00a4 49       		.uleb128 0x49
 1528 00a5 13       		.uleb128 0x13
 1529 00a6 00       		.byte	0
 1530 00a7 00       		.byte	0
 1531 00a8 0D       		.uleb128 0xd
 1532 00a9 898201   		.uleb128 0x4109
 1533 00ac 01       		.byte	0x1
 1534 00ad 11       		.uleb128 0x11
 1535 00ae 01       		.uleb128 0x1
 1536 00af 31       		.uleb128 0x31
 1537 00b0 13       		.uleb128 0x13
 1538 00b1 00       		.byte	0
 1539 00b2 00       		.byte	0
 1540 00b3 0E       		.uleb128 0xe
 1541 00b4 05       		.uleb128 0x5
 1542 00b5 00       		.byte	0
 1543 00b6 03       		.uleb128 0x3
 1544 00b7 0E       		.uleb128 0xe
 1545 00b8 3A       		.uleb128 0x3a
 1546 00b9 0B       		.uleb128 0xb
 1547 00ba 3B       		.uleb128 0x3b
 1548 00bb 0B       		.uleb128 0xb
 1549 00bc 49       		.uleb128 0x49
 1550 00bd 13       		.uleb128 0x13
 1551 00be 02       		.uleb128 0x2
 1552 00bf 18       		.uleb128 0x18
 1553 00c0 00       		.byte	0
ARM GAS  C:\Users\gding\AppData\Local\Temp\ccr1ySJv.s 			page 30


 1554 00c1 00       		.byte	0
 1555 00c2 0F       		.uleb128 0xf
 1556 00c3 34       		.uleb128 0x34
 1557 00c4 00       		.byte	0
 1558 00c5 03       		.uleb128 0x3
 1559 00c6 0E       		.uleb128 0xe
 1560 00c7 3A       		.uleb128 0x3a
 1561 00c8 0B       		.uleb128 0xb
 1562 00c9 3B       		.uleb128 0x3b
 1563 00ca 0B       		.uleb128 0xb
 1564 00cb 49       		.uleb128 0x49
 1565 00cc 13       		.uleb128 0x13
 1566 00cd 02       		.uleb128 0x2
 1567 00ce 17       		.uleb128 0x17
 1568 00cf 00       		.byte	0
 1569 00d0 00       		.byte	0
 1570 00d1 10       		.uleb128 0x10
 1571 00d2 34       		.uleb128 0x34
 1572 00d3 00       		.byte	0
 1573 00d4 03       		.uleb128 0x3
 1574 00d5 08       		.uleb128 0x8
 1575 00d6 3A       		.uleb128 0x3a
 1576 00d7 0B       		.uleb128 0xb
 1577 00d8 3B       		.uleb128 0x3b
 1578 00d9 0B       		.uleb128 0xb
 1579 00da 49       		.uleb128 0x49
 1580 00db 13       		.uleb128 0x13
 1581 00dc 02       		.uleb128 0x2
 1582 00dd 18       		.uleb128 0x18
 1583 00de 00       		.byte	0
 1584 00df 00       		.byte	0
 1585 00e0 11       		.uleb128 0x11
 1586 00e1 34       		.uleb128 0x34
 1587 00e2 00       		.byte	0
 1588 00e3 03       		.uleb128 0x3
 1589 00e4 0E       		.uleb128 0xe
 1590 00e5 3A       		.uleb128 0x3a
 1591 00e6 0B       		.uleb128 0xb
 1592 00e7 3B       		.uleb128 0x3b
 1593 00e8 05       		.uleb128 0x5
 1594 00e9 49       		.uleb128 0x49
 1595 00ea 13       		.uleb128 0x13
 1596 00eb 3F       		.uleb128 0x3f
 1597 00ec 19       		.uleb128 0x19
 1598 00ed 3C       		.uleb128 0x3c
 1599 00ee 19       		.uleb128 0x19
 1600 00ef 00       		.byte	0
 1601 00f0 00       		.byte	0
 1602 00f1 12       		.uleb128 0x12
 1603 00f2 35       		.uleb128 0x35
 1604 00f3 00       		.byte	0
 1605 00f4 49       		.uleb128 0x49
 1606 00f5 13       		.uleb128 0x13
 1607 00f6 00       		.byte	0
 1608 00f7 00       		.byte	0
 1609 00f8 13       		.uleb128 0x13
 1610 00f9 2E       		.uleb128 0x2e
ARM GAS  C:\Users\gding\AppData\Local\Temp\ccr1ySJv.s 			page 31


 1611 00fa 01       		.byte	0x1
 1612 00fb 3F       		.uleb128 0x3f
 1613 00fc 19       		.uleb128 0x19
 1614 00fd 03       		.uleb128 0x3
 1615 00fe 0E       		.uleb128 0xe
 1616 00ff 3A       		.uleb128 0x3a
 1617 0100 0B       		.uleb128 0xb
 1618 0101 3B       		.uleb128 0x3b
 1619 0102 0B       		.uleb128 0xb
 1620 0103 27       		.uleb128 0x27
 1621 0104 19       		.uleb128 0x19
 1622 0105 49       		.uleb128 0x49
 1623 0106 13       		.uleb128 0x13
 1624 0107 3C       		.uleb128 0x3c
 1625 0108 19       		.uleb128 0x19
 1626 0109 01       		.uleb128 0x1
 1627 010a 13       		.uleb128 0x13
 1628 010b 00       		.byte	0
 1629 010c 00       		.byte	0
 1630 010d 14       		.uleb128 0x14
 1631 010e 05       		.uleb128 0x5
 1632 010f 00       		.byte	0
 1633 0110 49       		.uleb128 0x49
 1634 0111 13       		.uleb128 0x13
 1635 0112 00       		.byte	0
 1636 0113 00       		.byte	0
 1637 0114 15       		.uleb128 0x15
 1638 0115 2E       		.uleb128 0x2e
 1639 0116 00       		.byte	0
 1640 0117 3F       		.uleb128 0x3f
 1641 0118 19       		.uleb128 0x19
 1642 0119 03       		.uleb128 0x3
 1643 011a 0E       		.uleb128 0xe
 1644 011b 3A       		.uleb128 0x3a
 1645 011c 0B       		.uleb128 0xb
 1646 011d 3B       		.uleb128 0x3b
 1647 011e 0B       		.uleb128 0xb
 1648 011f 27       		.uleb128 0x27
 1649 0120 19       		.uleb128 0x19
 1650 0121 49       		.uleb128 0x49
 1651 0122 13       		.uleb128 0x13
 1652 0123 3C       		.uleb128 0x3c
 1653 0124 19       		.uleb128 0x19
 1654 0125 00       		.byte	0
 1655 0126 00       		.byte	0
 1656 0127 00       		.byte	0
 1657              		.section	.debug_loc,"",%progbits
 1658              	.Ldebug_loc0:
 1659              	.LLST0:
 1660 0000 00000000 		.4byte	.LVL0
 1661 0004 0F000000 		.4byte	.LVL3-1
 1662 0008 0100     		.2byte	0x1
 1663 000a 50       		.byte	0x50
 1664 000b 0F000000 		.4byte	.LVL3-1
 1665 000f 48000000 		.4byte	.LFE63
 1666 0013 0400     		.2byte	0x4
 1667 0015 F3       		.byte	0xf3
ARM GAS  C:\Users\gding\AppData\Local\Temp\ccr1ySJv.s 			page 32


 1668 0016 01       		.uleb128 0x1
 1669 0017 50       		.byte	0x50
 1670 0018 9F       		.byte	0x9f
 1671 0019 00000000 		.4byte	0
 1672 001d 00000000 		.4byte	0
 1673              	.LLST1:
 1674 0021 00000000 		.4byte	.LVL0
 1675 0025 0C000000 		.4byte	.LVL2
 1676 0029 0100     		.2byte	0x1
 1677 002b 51       		.byte	0x51
 1678 002c 0C000000 		.4byte	.LVL2
 1679 0030 48000000 		.4byte	.LFE63
 1680 0034 0400     		.2byte	0x4
 1681 0036 F3       		.byte	0xf3
 1682 0037 01       		.uleb128 0x1
 1683 0038 51       		.byte	0x51
 1684 0039 9F       		.byte	0x9f
 1685 003a 00000000 		.4byte	0
 1686 003e 00000000 		.4byte	0
 1687              	.LLST2:
 1688 0042 00000000 		.4byte	.LVL0
 1689 0046 0F000000 		.4byte	.LVL3-1
 1690 004a 0100     		.2byte	0x1
 1691 004c 52       		.byte	0x52
 1692 004d 0F000000 		.4byte	.LVL3-1
 1693 0051 48000000 		.4byte	.LFE63
 1694 0055 0400     		.2byte	0x4
 1695 0057 F3       		.byte	0xf3
 1696 0058 01       		.uleb128 0x1
 1697 0059 52       		.byte	0x52
 1698 005a 9F       		.byte	0x9f
 1699 005b 00000000 		.4byte	0
 1700 005f 00000000 		.4byte	0
 1701              	.LLST3:
 1702 0063 00000000 		.4byte	.LVL0
 1703 0067 0F000000 		.4byte	.LVL3-1
 1704 006b 0100     		.2byte	0x1
 1705 006d 53       		.byte	0x53
 1706 006e 0F000000 		.4byte	.LVL3-1
 1707 0072 24000000 		.4byte	.LVL7
 1708 0076 0100     		.2byte	0x1
 1709 0078 55       		.byte	0x55
 1710 0079 24000000 		.4byte	.LVL7
 1711 007d 30000000 		.4byte	.LVL9
 1712 0081 0100     		.2byte	0x1
 1713 0083 56       		.byte	0x56
 1714 0084 30000000 		.4byte	.LVL9
 1715 0088 48000000 		.4byte	.LFE63
 1716 008c 0100     		.2byte	0x1
 1717 008e 55       		.byte	0x55
 1718 008f 00000000 		.4byte	0
 1719 0093 00000000 		.4byte	0
 1720              	.LLST4:
 1721 0097 0A000000 		.4byte	.LVL1
 1722 009b 22000000 		.4byte	.LVL6
 1723 009f 0200     		.2byte	0x2
 1724 00a1 30       		.byte	0x30
ARM GAS  C:\Users\gding\AppData\Local\Temp\ccr1ySJv.s 			page 33


 1725 00a2 9F       		.byte	0x9f
 1726 00a3 22000000 		.4byte	.LVL6
 1727 00a7 30000000 		.4byte	.LVL9
 1728 00ab 0100     		.2byte	0x1
 1729 00ad 54       		.byte	0x54
 1730 00ae 30000000 		.4byte	.LVL9
 1731 00b2 34000000 		.4byte	.LVL10
 1732 00b6 0100     		.2byte	0x1
 1733 00b8 52       		.byte	0x52
 1734 00b9 34000000 		.4byte	.LVL10
 1735 00bd 48000000 		.4byte	.LFE63
 1736 00c1 0100     		.2byte	0x1
 1737 00c3 54       		.byte	0x54
 1738 00c4 00000000 		.4byte	0
 1739 00c8 00000000 		.4byte	0
 1740              	.LLST5:
 1741 00cc 00000000 		.4byte	.LVL13
 1742 00d0 09000000 		.4byte	.LVL15-1
 1743 00d4 0100     		.2byte	0x1
 1744 00d6 50       		.byte	0x50
 1745 00d7 09000000 		.4byte	.LVL15-1
 1746 00db 0C000000 		.4byte	.LFE64
 1747 00df 0400     		.2byte	0x4
 1748 00e1 F3       		.byte	0xf3
 1749 00e2 01       		.uleb128 0x1
 1750 00e3 50       		.byte	0x50
 1751 00e4 9F       		.byte	0x9f
 1752 00e5 00000000 		.4byte	0
 1753 00e9 00000000 		.4byte	0
 1754              	.LLST6:
 1755 00ed 00000000 		.4byte	.LVL13
 1756 00f1 09000000 		.4byte	.LVL15-1
 1757 00f5 0100     		.2byte	0x1
 1758 00f7 51       		.byte	0x51
 1759 00f8 09000000 		.4byte	.LVL15-1
 1760 00fc 0C000000 		.4byte	.LFE64
 1761 0100 0400     		.2byte	0x4
 1762 0102 F3       		.byte	0xf3
 1763 0103 01       		.uleb128 0x1
 1764 0104 51       		.byte	0x51
 1765 0105 9F       		.byte	0x9f
 1766 0106 00000000 		.4byte	0
 1767 010a 00000000 		.4byte	0
 1768              	.LLST7:
 1769 010e 00000000 		.4byte	.LVL13
 1770 0112 06000000 		.4byte	.LVL14
 1771 0116 0100     		.2byte	0x1
 1772 0118 52       		.byte	0x52
 1773 0119 06000000 		.4byte	.LVL14
 1774 011d 09000000 		.4byte	.LVL15-1
 1775 0121 0100     		.2byte	0x1
 1776 0123 53       		.byte	0x53
 1777 0124 09000000 		.4byte	.LVL15-1
 1778 0128 0C000000 		.4byte	.LFE64
 1779 012c 0400     		.2byte	0x4
 1780 012e F3       		.byte	0xf3
 1781 012f 01       		.uleb128 0x1
ARM GAS  C:\Users\gding\AppData\Local\Temp\ccr1ySJv.s 			page 34


 1782 0130 52       		.byte	0x52
 1783 0131 9F       		.byte	0x9f
 1784 0132 00000000 		.4byte	0
 1785 0136 00000000 		.4byte	0
 1786              	.LLST8:
 1787 013a 00000000 		.4byte	.LVL16
 1788 013e 17000000 		.4byte	.LVL19-1
 1789 0142 0100     		.2byte	0x1
 1790 0144 50       		.byte	0x50
 1791 0145 17000000 		.4byte	.LVL19-1
 1792 0149 22000000 		.4byte	.LFE65
 1793 014d 0400     		.2byte	0x4
 1794 014f F3       		.byte	0xf3
 1795 0150 01       		.uleb128 0x1
 1796 0151 50       		.byte	0x50
 1797 0152 9F       		.byte	0x9f
 1798 0153 00000000 		.4byte	0
 1799 0157 00000000 		.4byte	0
 1800              	.LLST9:
 1801 015b 00000000 		.4byte	.LVL16
 1802 015f 17000000 		.4byte	.LVL19-1
 1803 0163 0100     		.2byte	0x1
 1804 0165 51       		.byte	0x51
 1805 0166 17000000 		.4byte	.LVL19-1
 1806 016a 22000000 		.4byte	.LFE65
 1807 016e 0400     		.2byte	0x4
 1808 0170 F3       		.byte	0xf3
 1809 0171 01       		.uleb128 0x1
 1810 0172 51       		.byte	0x51
 1811 0173 9F       		.byte	0x9f
 1812 0174 00000000 		.4byte	0
 1813 0178 00000000 		.4byte	0
 1814              	.LLST10:
 1815 017c 00000000 		.4byte	.LVL16
 1816 0180 0C000000 		.4byte	.LVL17
 1817 0184 0100     		.2byte	0x1
 1818 0186 52       		.byte	0x52
 1819 0187 0C000000 		.4byte	.LVL17
 1820 018b 22000000 		.4byte	.LFE65
 1821 018f 0400     		.2byte	0x4
 1822 0191 F3       		.byte	0xf3
 1823 0192 01       		.uleb128 0x1
 1824 0193 52       		.byte	0x52
 1825 0194 9F       		.byte	0x9f
 1826 0195 00000000 		.4byte	0
 1827 0199 00000000 		.4byte	0
 1828              	.LLST11:
 1829 019d 00000000 		.4byte	.LVL16
 1830 01a1 17000000 		.4byte	.LVL19-1
 1831 01a5 0100     		.2byte	0x1
 1832 01a7 53       		.byte	0x53
 1833 01a8 17000000 		.4byte	.LVL19-1
 1834 01ac 22000000 		.4byte	.LFE65
 1835 01b0 0400     		.2byte	0x4
 1836 01b2 F3       		.byte	0xf3
 1837 01b3 01       		.uleb128 0x1
 1838 01b4 53       		.byte	0x53
ARM GAS  C:\Users\gding\AppData\Local\Temp\ccr1ySJv.s 			page 35


 1839 01b5 9F       		.byte	0x9f
 1840 01b6 00000000 		.4byte	0
 1841 01ba 00000000 		.4byte	0
 1842              	.LLST12:
 1843 01be 12000000 		.4byte	.LVL18
 1844 01c2 1C000000 		.4byte	.LVL20
 1845 01c6 0100     		.2byte	0x1
 1846 01c8 54       		.byte	0x54
 1847 01c9 00000000 		.4byte	0
 1848 01cd 00000000 		.4byte	0
 1849              	.LLST13:
 1850 01d1 00000000 		.4byte	.LVL21
 1851 01d5 0B000000 		.4byte	.LVL23-1
 1852 01d9 0100     		.2byte	0x1
 1853 01db 50       		.byte	0x50
 1854 01dc 0B000000 		.4byte	.LVL23-1
 1855 01e0 18000000 		.4byte	.LFE66
 1856 01e4 0400     		.2byte	0x4
 1857 01e6 F3       		.byte	0xf3
 1858 01e7 01       		.uleb128 0x1
 1859 01e8 50       		.byte	0x50
 1860 01e9 9F       		.byte	0x9f
 1861 01ea 00000000 		.4byte	0
 1862 01ee 00000000 		.4byte	0
 1863              	.LLST14:
 1864 01f2 00000000 		.4byte	.LVL21
 1865 01f6 0B000000 		.4byte	.LVL23-1
 1866 01fa 0100     		.2byte	0x1
 1867 01fc 51       		.byte	0x51
 1868 01fd 0B000000 		.4byte	.LVL23-1
 1869 0201 18000000 		.4byte	.LFE66
 1870 0205 0400     		.2byte	0x4
 1871 0207 F3       		.byte	0xf3
 1872 0208 01       		.uleb128 0x1
 1873 0209 51       		.byte	0x51
 1874 020a 9F       		.byte	0x9f
 1875 020b 00000000 		.4byte	0
 1876 020f 00000000 		.4byte	0
 1877              	.LLST15:
 1878 0213 00000000 		.4byte	.LVL21
 1879 0217 08000000 		.4byte	.LVL22
 1880 021b 0100     		.2byte	0x1
 1881 021d 52       		.byte	0x52
 1882 021e 08000000 		.4byte	.LVL22
 1883 0222 18000000 		.4byte	.LFE66
 1884 0226 0400     		.2byte	0x4
 1885 0228 F3       		.byte	0xf3
 1886 0229 01       		.uleb128 0x1
 1887 022a 52       		.byte	0x52
 1888 022b 9F       		.byte	0x9f
 1889 022c 00000000 		.4byte	0
 1890 0230 00000000 		.4byte	0
 1891              	.LLST16:
 1892 0234 00000000 		.4byte	.LVL21
 1893 0238 0B000000 		.4byte	.LVL23-1
 1894 023c 0100     		.2byte	0x1
 1895 023e 53       		.byte	0x53
ARM GAS  C:\Users\gding\AppData\Local\Temp\ccr1ySJv.s 			page 36


 1896 023f 0B000000 		.4byte	.LVL23-1
 1897 0243 18000000 		.4byte	.LFE66
 1898 0247 0100     		.2byte	0x1
 1899 0249 54       		.byte	0x54
 1900 024a 00000000 		.4byte	0
 1901 024e 00000000 		.4byte	0
 1902              	.LLST17:
 1903 0252 00000000 		.4byte	.LVL24
 1904 0256 0D000000 		.4byte	.LVL27-1
 1905 025a 0100     		.2byte	0x1
 1906 025c 50       		.byte	0x50
 1907 025d 0D000000 		.4byte	.LVL27-1
 1908 0261 32000000 		.4byte	.LFE67
 1909 0265 0400     		.2byte	0x4
 1910 0267 F3       		.byte	0xf3
 1911 0268 01       		.uleb128 0x1
 1912 0269 50       		.byte	0x50
 1913 026a 9F       		.byte	0x9f
 1914 026b 00000000 		.4byte	0
 1915 026f 00000000 		.4byte	0
 1916              	.LLST18:
 1917 0273 00000000 		.4byte	.LVL24
 1918 0277 0A000000 		.4byte	.LVL26
 1919 027b 0100     		.2byte	0x1
 1920 027d 51       		.byte	0x51
 1921 027e 0A000000 		.4byte	.LVL26
 1922 0282 32000000 		.4byte	.LFE67
 1923 0286 0400     		.2byte	0x4
 1924 0288 F3       		.byte	0xf3
 1925 0289 01       		.uleb128 0x1
 1926 028a 51       		.byte	0x51
 1927 028b 9F       		.byte	0x9f
 1928 028c 00000000 		.4byte	0
 1929 0290 00000000 		.4byte	0
 1930              	.LLST19:
 1931 0294 00000000 		.4byte	.LVL24
 1932 0298 0D000000 		.4byte	.LVL27-1
 1933 029c 0100     		.2byte	0x1
 1934 029e 52       		.byte	0x52
 1935 029f 0D000000 		.4byte	.LVL27-1
 1936 02a3 32000000 		.4byte	.LFE67
 1937 02a7 0400     		.2byte	0x4
 1938 02a9 F3       		.byte	0xf3
 1939 02aa 01       		.uleb128 0x1
 1940 02ab 52       		.byte	0x52
 1941 02ac 9F       		.byte	0x9f
 1942 02ad 00000000 		.4byte	0
 1943 02b1 00000000 		.4byte	0
 1944              	.LLST20:
 1945 02b5 00000000 		.4byte	.LVL24
 1946 02b9 0D000000 		.4byte	.LVL27-1
 1947 02bd 0100     		.2byte	0x1
 1948 02bf 53       		.byte	0x53
 1949 02c0 0D000000 		.4byte	.LVL27-1
 1950 02c4 1A000000 		.4byte	.LVL30
 1951 02c8 0100     		.2byte	0x1
 1952 02ca 55       		.byte	0x55
ARM GAS  C:\Users\gding\AppData\Local\Temp\ccr1ySJv.s 			page 37


 1953 02cb 1A000000 		.4byte	.LVL30
 1954 02cf 24000000 		.4byte	.LVL32
 1955 02d3 0100     		.2byte	0x1
 1956 02d5 56       		.byte	0x56
 1957 02d6 24000000 		.4byte	.LVL32
 1958 02da 32000000 		.4byte	.LFE67
 1959 02de 0100     		.2byte	0x1
 1960 02e0 55       		.byte	0x55
 1961 02e1 00000000 		.4byte	0
 1962 02e5 00000000 		.4byte	0
 1963              	.LLST21:
 1964 02e9 08000000 		.4byte	.LVL25
 1965 02ed 18000000 		.4byte	.LVL29
 1966 02f1 0200     		.2byte	0x2
 1967 02f3 30       		.byte	0x30
 1968 02f4 9F       		.byte	0x9f
 1969 02f5 18000000 		.4byte	.LVL29
 1970 02f9 24000000 		.4byte	.LVL32
 1971 02fd 0100     		.2byte	0x1
 1972 02ff 54       		.byte	0x54
 1973 0300 24000000 		.4byte	.LVL32
 1974 0304 28000000 		.4byte	.LVL33
 1975 0308 0100     		.2byte	0x1
 1976 030a 52       		.byte	0x52
 1977 030b 28000000 		.4byte	.LVL33
 1978 030f 32000000 		.4byte	.LFE67
 1979 0313 0100     		.2byte	0x1
 1980 0315 54       		.byte	0x54
 1981 0316 00000000 		.4byte	0
 1982 031a 00000000 		.4byte	0
 1983              	.LLST22:
 1984 031e 00000000 		.4byte	.LVL35
 1985 0322 0F000000 		.4byte	.LVL37-1
 1986 0326 0100     		.2byte	0x1
 1987 0328 50       		.byte	0x50
 1988 0329 0F000000 		.4byte	.LVL37-1
 1989 032d 16000000 		.4byte	.LFE68
 1990 0331 0400     		.2byte	0x4
 1991 0333 F3       		.byte	0xf3
 1992 0334 01       		.uleb128 0x1
 1993 0335 50       		.byte	0x50
 1994 0336 9F       		.byte	0x9f
 1995 0337 00000000 		.4byte	0
 1996 033b 00000000 		.4byte	0
 1997              	.LLST23:
 1998 033f 00000000 		.4byte	.LVL35
 1999 0343 0F000000 		.4byte	.LVL37-1
 2000 0347 0100     		.2byte	0x1
 2001 0349 51       		.byte	0x51
 2002 034a 0F000000 		.4byte	.LVL37-1
 2003 034e 16000000 		.4byte	.LFE68
 2004 0352 0400     		.2byte	0x4
 2005 0354 F3       		.byte	0xf3
 2006 0355 01       		.uleb128 0x1
 2007 0356 51       		.byte	0x51
 2008 0357 9F       		.byte	0x9f
 2009 0358 00000000 		.4byte	0
ARM GAS  C:\Users\gding\AppData\Local\Temp\ccr1ySJv.s 			page 38


 2010 035c 00000000 		.4byte	0
 2011              	.LLST24:
 2012 0360 00000000 		.4byte	.LVL35
 2013 0364 0C000000 		.4byte	.LVL36
 2014 0368 0100     		.2byte	0x1
 2015 036a 52       		.byte	0x52
 2016 036b 0C000000 		.4byte	.LVL36
 2017 036f 0F000000 		.4byte	.LVL37-1
 2018 0373 0200     		.2byte	0x2
 2019 0375 73       		.byte	0x73
 2020 0376 00       		.sleb128 0
 2021 0377 0F000000 		.4byte	.LVL37-1
 2022 037b 16000000 		.4byte	.LFE68
 2023 037f 0200     		.2byte	0x2
 2024 0381 91       		.byte	0x91
 2025 0382 77       		.sleb128 -9
 2026 0383 00000000 		.4byte	0
 2027 0387 00000000 		.4byte	0
 2028              	.LLST25:
 2029 038b 00000000 		.4byte	.LVL38
 2030 038f 21000000 		.4byte	.LVL41-1
 2031 0393 0100     		.2byte	0x1
 2032 0395 50       		.byte	0x50
 2033 0396 21000000 		.4byte	.LVL41-1
 2034 039a 4A000000 		.4byte	.LFE69
 2035 039e 0400     		.2byte	0x4
 2036 03a0 F3       		.byte	0xf3
 2037 03a1 01       		.uleb128 0x1
 2038 03a2 50       		.byte	0x50
 2039 03a3 9F       		.byte	0x9f
 2040 03a4 00000000 		.4byte	0
 2041 03a8 00000000 		.4byte	0
 2042              	.LLST26:
 2043 03ac 00000000 		.4byte	.LVL38
 2044 03b0 21000000 		.4byte	.LVL41-1
 2045 03b4 0100     		.2byte	0x1
 2046 03b6 51       		.byte	0x51
 2047 03b7 21000000 		.4byte	.LVL41-1
 2048 03bb 4A000000 		.4byte	.LFE69
 2049 03bf 0400     		.2byte	0x4
 2050 03c1 F3       		.byte	0xf3
 2051 03c2 01       		.uleb128 0x1
 2052 03c3 51       		.byte	0x51
 2053 03c4 9F       		.byte	0x9f
 2054 03c5 00000000 		.4byte	0
 2055 03c9 00000000 		.4byte	0
 2056              	.LLST27:
 2057 03cd 00000000 		.4byte	.LVL38
 2058 03d1 12000000 		.4byte	.LVL39
 2059 03d5 0100     		.2byte	0x1
 2060 03d7 52       		.byte	0x52
 2061 03d8 12000000 		.4byte	.LVL39
 2062 03dc 4A000000 		.4byte	.LFE69
 2063 03e0 0400     		.2byte	0x4
 2064 03e2 F3       		.byte	0xf3
 2065 03e3 01       		.uleb128 0x1
 2066 03e4 52       		.byte	0x52
ARM GAS  C:\Users\gding\AppData\Local\Temp\ccr1ySJv.s 			page 39


 2067 03e5 9F       		.byte	0x9f
 2068 03e6 00000000 		.4byte	0
 2069 03ea 00000000 		.4byte	0
 2070              	.LLST28:
 2071 03ee 00000000 		.4byte	.LVL38
 2072 03f2 21000000 		.4byte	.LVL41-1
 2073 03f6 0100     		.2byte	0x1
 2074 03f8 53       		.byte	0x53
 2075 03f9 21000000 		.4byte	.LVL41-1
 2076 03fd 4A000000 		.4byte	.LFE69
 2077 0401 0400     		.2byte	0x4
 2078 0403 F3       		.byte	0xf3
 2079 0404 01       		.uleb128 0x1
 2080 0405 53       		.byte	0x53
 2081 0406 9F       		.byte	0x9f
 2082 0407 00000000 		.4byte	0
 2083 040b 00000000 		.4byte	0
 2084              	.LLST29:
 2085 040f 00000000 		.4byte	.LVL38
 2086 0413 28000000 		.4byte	.LVL42
 2087 0417 0200     		.2byte	0x2
 2088 0419 91       		.byte	0x91
 2089 041a 00       		.sleb128 0
 2090 041b 28000000 		.4byte	.LVL42
 2091 041f 2C000000 		.4byte	.LVL43
 2092 0423 0100     		.2byte	0x1
 2093 0425 52       		.byte	0x52
 2094 0426 2C000000 		.4byte	.LVL43
 2095 042a 4A000000 		.4byte	.LFE69
 2096 042e 0100     		.2byte	0x1
 2097 0430 58       		.byte	0x58
 2098 0431 00000000 		.4byte	0
 2099 0435 00000000 		.4byte	0
 2100              	.LLST30:
 2101 0439 1A000000 		.4byte	.LVL40
 2102 043d 2C000000 		.4byte	.LVL43
 2103 0441 0100     		.2byte	0x1
 2104 0443 58       		.byte	0x58
 2105 0444 2C000000 		.4byte	.LVL43
 2106 0448 34000000 		.4byte	.LVL44
 2107 044c 0100     		.2byte	0x1
 2108 044e 54       		.byte	0x54
 2109 044f 00000000 		.4byte	0
 2110 0453 00000000 		.4byte	0
 2111              	.LLST31:
 2112 0457 00000000 		.4byte	.LVL46
 2113 045b 13000000 		.4byte	.LVL48-1
 2114 045f 0100     		.2byte	0x1
 2115 0461 50       		.byte	0x50
 2116 0462 13000000 		.4byte	.LVL48-1
 2117 0466 40000000 		.4byte	.LFE70
 2118 046a 0400     		.2byte	0x4
 2119 046c F3       		.byte	0xf3
 2120 046d 01       		.uleb128 0x1
 2121 046e 50       		.byte	0x50
 2122 046f 9F       		.byte	0x9f
 2123 0470 00000000 		.4byte	0
ARM GAS  C:\Users\gding\AppData\Local\Temp\ccr1ySJv.s 			page 40


 2124 0474 00000000 		.4byte	0
 2125              	.LLST32:
 2126 0478 00000000 		.4byte	.LVL46
 2127 047c 13000000 		.4byte	.LVL48-1
 2128 0480 0100     		.2byte	0x1
 2129 0482 51       		.byte	0x51
 2130 0483 13000000 		.4byte	.LVL48-1
 2131 0487 40000000 		.4byte	.LFE70
 2132 048b 0400     		.2byte	0x4
 2133 048d F3       		.byte	0xf3
 2134 048e 01       		.uleb128 0x1
 2135 048f 51       		.byte	0x51
 2136 0490 9F       		.byte	0x9f
 2137 0491 00000000 		.4byte	0
 2138 0495 00000000 		.4byte	0
 2139              	.LLST33:
 2140 0499 00000000 		.4byte	.LVL46
 2141 049d 10000000 		.4byte	.LVL47
 2142 04a1 0100     		.2byte	0x1
 2143 04a3 52       		.byte	0x52
 2144 04a4 10000000 		.4byte	.LVL47
 2145 04a8 40000000 		.4byte	.LFE70
 2146 04ac 0400     		.2byte	0x4
 2147 04ae F3       		.byte	0xf3
 2148 04af 01       		.uleb128 0x1
 2149 04b0 52       		.byte	0x52
 2150 04b1 9F       		.byte	0x9f
 2151 04b2 00000000 		.4byte	0
 2152 04b6 00000000 		.4byte	0
 2153              	.LLST34:
 2154 04ba 00000000 		.4byte	.LVL46
 2155 04be 13000000 		.4byte	.LVL48-1
 2156 04c2 0100     		.2byte	0x1
 2157 04c4 53       		.byte	0x53
 2158 04c5 13000000 		.4byte	.LVL48-1
 2159 04c9 40000000 		.4byte	.LFE70
 2160 04cd 0400     		.2byte	0x4
 2161 04cf F3       		.byte	0xf3
 2162 04d0 01       		.uleb128 0x1
 2163 04d1 53       		.byte	0x53
 2164 04d2 9F       		.byte	0x9f
 2165 04d3 00000000 		.4byte	0
 2166 04d7 00000000 		.4byte	0
 2167              	.LLST35:
 2168 04db 00000000 		.4byte	.LVL50
 2169 04df 0D000000 		.4byte	.LVL53-1
 2170 04e3 0100     		.2byte	0x1
 2171 04e5 50       		.byte	0x50
 2172 04e6 0D000000 		.4byte	.LVL53-1
 2173 04ea 3C000000 		.4byte	.LFE71
 2174 04ee 0400     		.2byte	0x4
 2175 04f0 F3       		.byte	0xf3
 2176 04f1 01       		.uleb128 0x1
 2177 04f2 50       		.byte	0x50
 2178 04f3 9F       		.byte	0x9f
 2179 04f4 00000000 		.4byte	0
 2180 04f8 00000000 		.4byte	0
ARM GAS  C:\Users\gding\AppData\Local\Temp\ccr1ySJv.s 			page 41


 2181              	.LLST36:
 2182 04fc 00000000 		.4byte	.LVL50
 2183 0500 0A000000 		.4byte	.LVL52
 2184 0504 0100     		.2byte	0x1
 2185 0506 51       		.byte	0x51
 2186 0507 0A000000 		.4byte	.LVL52
 2187 050b 3C000000 		.4byte	.LFE71
 2188 050f 0400     		.2byte	0x4
 2189 0511 F3       		.byte	0xf3
 2190 0512 01       		.uleb128 0x1
 2191 0513 51       		.byte	0x51
 2192 0514 9F       		.byte	0x9f
 2193 0515 00000000 		.4byte	0
 2194 0519 00000000 		.4byte	0
 2195              	.LLST37:
 2196 051d 00000000 		.4byte	.LVL50
 2197 0521 0D000000 		.4byte	.LVL53-1
 2198 0525 0100     		.2byte	0x1
 2199 0527 52       		.byte	0x52
 2200 0528 0D000000 		.4byte	.LVL53-1
 2201 052c 3C000000 		.4byte	.LFE71
 2202 0530 0400     		.2byte	0x4
 2203 0532 F3       		.byte	0xf3
 2204 0533 01       		.uleb128 0x1
 2205 0534 52       		.byte	0x52
 2206 0535 9F       		.byte	0x9f
 2207 0536 00000000 		.4byte	0
 2208 053a 00000000 		.4byte	0
 2209              	.LLST38:
 2210 053e 00000000 		.4byte	.LVL50
 2211 0542 0D000000 		.4byte	.LVL53-1
 2212 0546 0100     		.2byte	0x1
 2213 0548 53       		.byte	0x53
 2214 0549 0D000000 		.4byte	.LVL53-1
 2215 054d 24000000 		.4byte	.LVL56
 2216 0551 0100     		.2byte	0x1
 2217 0553 56       		.byte	0x56
 2218 0554 24000000 		.4byte	.LVL56
 2219 0558 2E000000 		.4byte	.LVL58
 2220 055c 0100     		.2byte	0x1
 2221 055e 55       		.byte	0x55
 2222 055f 2E000000 		.4byte	.LVL58
 2223 0563 3C000000 		.4byte	.LFE71
 2224 0567 0100     		.2byte	0x1
 2225 0569 56       		.byte	0x56
 2226 056a 00000000 		.4byte	0
 2227 056e 00000000 		.4byte	0
 2228              	.LLST39:
 2229 0572 08000000 		.4byte	.LVL51
 2230 0576 18000000 		.4byte	.LVL55
 2231 057a 0200     		.2byte	0x2
 2232 057c 30       		.byte	0x30
 2233 057d 9F       		.byte	0x9f
 2234 057e 18000000 		.4byte	.LVL55
 2235 0582 2E000000 		.4byte	.LVL58
 2236 0586 0100     		.2byte	0x1
 2237 0588 54       		.byte	0x54
ARM GAS  C:\Users\gding\AppData\Local\Temp\ccr1ySJv.s 			page 42


 2238 0589 2E000000 		.4byte	.LVL58
 2239 058d 32000000 		.4byte	.LVL59
 2240 0591 0100     		.2byte	0x1
 2241 0593 52       		.byte	0x52
 2242 0594 32000000 		.4byte	.LVL59
 2243 0598 3C000000 		.4byte	.LFE71
 2244 059c 0100     		.2byte	0x1
 2245 059e 54       		.byte	0x54
 2246 059f 00000000 		.4byte	0
 2247 05a3 00000000 		.4byte	0
 2248              	.LLST40:
 2249 05a7 00000000 		.4byte	.LVL61
 2250 05ab 0F000000 		.4byte	.LVL63-1
 2251 05af 0100     		.2byte	0x1
 2252 05b1 50       		.byte	0x50
 2253 05b2 0F000000 		.4byte	.LVL63-1
 2254 05b6 16000000 		.4byte	.LFE72
 2255 05ba 0400     		.2byte	0x4
 2256 05bc F3       		.byte	0xf3
 2257 05bd 01       		.uleb128 0x1
 2258 05be 50       		.byte	0x50
 2259 05bf 9F       		.byte	0x9f
 2260 05c0 00000000 		.4byte	0
 2261 05c4 00000000 		.4byte	0
 2262              	.LLST41:
 2263 05c8 00000000 		.4byte	.LVL61
 2264 05cc 0F000000 		.4byte	.LVL63-1
 2265 05d0 0100     		.2byte	0x1
 2266 05d2 51       		.byte	0x51
 2267 05d3 0F000000 		.4byte	.LVL63-1
 2268 05d7 16000000 		.4byte	.LFE72
 2269 05db 0400     		.2byte	0x4
 2270 05dd F3       		.byte	0xf3
 2271 05de 01       		.uleb128 0x1
 2272 05df 51       		.byte	0x51
 2273 05e0 9F       		.byte	0x9f
 2274 05e1 00000000 		.4byte	0
 2275 05e5 00000000 		.4byte	0
 2276              	.LLST42:
 2277 05e9 00000000 		.4byte	.LVL61
 2278 05ed 0C000000 		.4byte	.LVL62
 2279 05f1 0100     		.2byte	0x1
 2280 05f3 52       		.byte	0x52
 2281 05f4 0C000000 		.4byte	.LVL62
 2282 05f8 0F000000 		.4byte	.LVL63-1
 2283 05fc 0200     		.2byte	0x2
 2284 05fe 73       		.byte	0x73
 2285 05ff 00       		.sleb128 0
 2286 0600 0F000000 		.4byte	.LVL63-1
 2287 0604 16000000 		.4byte	.LFE72
 2288 0608 0200     		.2byte	0x2
 2289 060a 91       		.byte	0x91
 2290 060b 76       		.sleb128 -10
 2291 060c 00000000 		.4byte	0
 2292 0610 00000000 		.4byte	0
 2293              		.section	.debug_aranges,"",%progbits
 2294 0000 64000000 		.4byte	0x64
ARM GAS  C:\Users\gding\AppData\Local\Temp\ccr1ySJv.s 			page 43


 2295 0004 0200     		.2byte	0x2
 2296 0006 00000000 		.4byte	.Ldebug_info0
 2297 000a 04       		.byte	0x4
 2298 000b 00       		.byte	0
 2299 000c 0000     		.2byte	0
 2300 000e 0000     		.2byte	0
 2301 0010 00000000 		.4byte	.LFB63
 2302 0014 48000000 		.4byte	.LFE63-.LFB63
 2303 0018 00000000 		.4byte	.LFB64
 2304 001c 0C000000 		.4byte	.LFE64-.LFB64
 2305 0020 00000000 		.4byte	.LFB65
 2306 0024 22000000 		.4byte	.LFE65-.LFB65
 2307 0028 00000000 		.4byte	.LFB66
 2308 002c 18000000 		.4byte	.LFE66-.LFB66
 2309 0030 00000000 		.4byte	.LFB67
 2310 0034 32000000 		.4byte	.LFE67-.LFB67
 2311 0038 00000000 		.4byte	.LFB68
 2312 003c 16000000 		.4byte	.LFE68-.LFB68
 2313 0040 00000000 		.4byte	.LFB69
 2314 0044 4A000000 		.4byte	.LFE69-.LFB69
 2315 0048 00000000 		.4byte	.LFB70
 2316 004c 40000000 		.4byte	.LFE70-.LFB70
 2317 0050 00000000 		.4byte	.LFB71
 2318 0054 3C000000 		.4byte	.LFE71-.LFB71
 2319 0058 00000000 		.4byte	.LFB72
 2320 005c 16000000 		.4byte	.LFE72-.LFB72
 2321 0060 00000000 		.4byte	0
 2322 0064 00000000 		.4byte	0
 2323              		.section	.debug_ranges,"",%progbits
 2324              	.Ldebug_ranges0:
 2325 0000 00000000 		.4byte	.LFB63
 2326 0004 48000000 		.4byte	.LFE63
 2327 0008 00000000 		.4byte	.LFB64
 2328 000c 0C000000 		.4byte	.LFE64
 2329 0010 00000000 		.4byte	.LFB65
 2330 0014 22000000 		.4byte	.LFE65
 2331 0018 00000000 		.4byte	.LFB66
 2332 001c 18000000 		.4byte	.LFE66
 2333 0020 00000000 		.4byte	.LFB67
 2334 0024 32000000 		.4byte	.LFE67
 2335 0028 00000000 		.4byte	.LFB68
 2336 002c 16000000 		.4byte	.LFE68
 2337 0030 00000000 		.4byte	.LFB69
 2338 0034 4A000000 		.4byte	.LFE69
 2339 0038 00000000 		.4byte	.LFB70
 2340 003c 40000000 		.4byte	.LFE70
 2341 0040 00000000 		.4byte	.LFB71
 2342 0044 3C000000 		.4byte	.LFE71
 2343 0048 00000000 		.4byte	.LFB72
 2344 004c 16000000 		.4byte	.LFE72
 2345 0050 00000000 		.4byte	0
 2346 0054 00000000 		.4byte	0
 2347              		.section	.debug_line,"",%progbits
 2348              	.Ldebug_line0:
 2349 0000 4C020000 		.section	.debug_str,"MS",%progbits,1
 2349      02005F01 
 2349      00000201 
ARM GAS  C:\Users\gding\AppData\Local\Temp\ccr1ySJv.s 			page 44


 2349      FB0E0D00 
 2349      01010101 
 2350              	.LASF3:
 2351 0000 5F5F7569 		.ascii	"__uint8_t\000"
 2351      6E74385F 
 2351      7400
 2352              	.LASF45:
 2353 000a 4932435F 		.ascii	"I2C_Master_MasterSendStop\000"
 2353      4D617374 
 2353      65725F4D 
 2353      61737465 
 2353      7253656E 
 2354              	.LASF31:
 2355 0024 49324357 		.ascii	"I2CWriteBytes\000"
 2355      72697465 
 2355      42797465 
 2355      7300
 2356              	.LASF23:
 2357 0032 76616C75 		.ascii	"value\000"
 2357      6500
 2358              	.LASF6:
 2359 0038 5F5F696E 		.ascii	"__int32_t\000"
 2359      7433325F 
 2359      7400
 2360              	.LASF28:
 2361 0042 6D61736B 		.ascii	"mask\000"
 2361      00
 2362              	.LASF12:
 2363 0047 75696E74 		.ascii	"uint8_t\000"
 2363      385F7400 
 2364              	.LASF25:
 2365 004f 49324352 		.ascii	"I2CReadByte\000"
 2365      65616442 
 2365      79746500 
 2366              	.LASF14:
 2367 005b 696E7433 		.ascii	"int32_t\000"
 2367      325F7400 
 2368              	.LASF16:
 2369 0063 666C6F61 		.ascii	"float\000"
 2369      7400
 2370              	.LASF15:
 2371 0069 75696E74 		.ascii	"uint8\000"
 2371      3800
 2372              	.LASF38:
 2373 006f 4932435F 		.ascii	"I2C_Master_MasterWriteByte\000"
 2373      4D617374 
 2373      65725F4D 
 2373      61737465 
 2373      72577269 
 2374              	.LASF36:
 2375 008a 49324357 		.ascii	"I2CWriteWord\000"
 2375      72697465 
 2375      576F7264 
 2375      00
 2376              	.LASF29:
 2377 0097 49324352 		.ascii	"I2CReadBit\000"
 2377      65616442 
ARM GAS  C:\Users\gding\AppData\Local\Temp\ccr1ySJv.s 			page 45


 2377      697400
 2378              	.LASF43:
 2379 00a2 433A5C55 		.ascii	"C:\\Users\\gding\\Documents\\temp_project_ovac\\Pro"
 2379      73657273 
 2379      5C676469 
 2379      6E675C44 
 2379      6F63756D 
 2380 00d0 6A656374 		.ascii	"ject_O-Vac\\OVac.cydsn\\Pressure_Only.cydsn\000"
 2380      5F4F2D56 
 2380      61635C4F 
 2380      5661632E 
 2380      63796473 
 2381              	.LASF21:
 2382 00fa 72656741 		.ascii	"regAddr\000"
 2382      64647200 
 2383              	.LASF8:
 2384 0102 6C6F6E67 		.ascii	"long unsigned int\000"
 2384      20756E73 
 2384      69676E65 
 2384      6420696E 
 2384      7400
 2385              	.LASF5:
 2386 0114 73686F72 		.ascii	"short unsigned int\000"
 2386      7420756E 
 2386      7369676E 
 2386      65642069 
 2386      6E7400
 2387              	.LASF32:
 2388 0127 49324357 		.ascii	"I2CWriteByte\000"
 2388      72697465 
 2388      42797465 
 2388      00
 2389              	.LASF44:
 2390 0134 49544D5F 		.ascii	"ITM_RxBuffer\000"
 2390      52784275 
 2390      66666572 
 2390      00
 2391              	.LASF1:
 2392 0141 756E7369 		.ascii	"unsigned char\000"
 2392      676E6564 
 2392      20636861 
 2392      7200
 2393              	.LASF4:
 2394 014f 5F5F7569 		.ascii	"__uint16_t\000"
 2394      6E743136 
 2394      5F7400
 2395              	.LASF17:
 2396 015a 646F7562 		.ascii	"double\000"
 2396      6C6500
 2397              	.LASF27:
 2398 0161 62697453 		.ascii	"bitStart\000"
 2398      74617274 
 2398      00
 2399              	.LASF34:
 2400 016a 49324357 		.ascii	"I2CWriteBit\000"
 2400      72697465 
 2400      42697400 
ARM GAS  C:\Users\gding\AppData\Local\Temp\ccr1ySJv.s 			page 46


 2401              	.LASF41:
 2402 0176 474E5520 		.ascii	"GNU C 4.9.3 20150303 (release) [ARM/embedded-4_9-br"
 2402      4320342E 
 2402      392E3320 
 2402      32303135 
 2402      30333033 
 2403 01a9 616E6368 		.ascii	"anch revision 221220] -mcpu=cortex-m3 -mthumb -g -O"
 2403      20726576 
 2403      6973696F 
 2403      6E203232 
 2403      31323230 
 2404 01dc 67202D66 		.ascii	"g -ffunction-sections -ffat-lto-objects\000"
 2404      66756E63 
 2404      74696F6E 
 2404      2D736563 
 2404      74696F6E 
 2405              	.LASF11:
 2406 0204 756E7369 		.ascii	"unsigned int\000"
 2406      676E6564 
 2406      20696E74 
 2406      00
 2407              	.LASF24:
 2408 0211 49324352 		.ascii	"I2CReadBytes\000"
 2408      65616442 
 2408      79746573 
 2408      00
 2409              	.LASF10:
 2410 021e 6C6F6E67 		.ascii	"long long unsigned int\000"
 2410      206C6F6E 
 2410      6720756E 
 2410      7369676E 
 2410      65642069 
 2411              	.LASF40:
 2412 0235 4932435F 		.ascii	"I2C_Master_MasterReadByte\000"
 2412      4D617374 
 2412      65725F4D 
 2412      61737465 
 2412      72526561 
 2413              	.LASF37:
 2414 024f 4932435F 		.ascii	"I2C_Master_MasterSendStart\000"
 2414      4D617374 
 2414      65725F4D 
 2414      61737465 
 2414      7253656E 
 2415              	.LASF19:
 2416 026a 73697A65 		.ascii	"sizetype\000"
 2416      74797065 
 2416      00
 2417              	.LASF42:
 2418 0273 69326346 		.ascii	"i2cFunctions.c\000"
 2418      756E6374 
 2418      696F6E73 
 2418      2E6300
 2419              	.LASF9:
 2420 0282 6C6F6E67 		.ascii	"long long int\000"
 2420      206C6F6E 
 2420      6720696E 
ARM GAS  C:\Users\gding\AppData\Local\Temp\ccr1ySJv.s 			page 47


 2420      7400
 2421              	.LASF18:
 2422 0290 63686172 		.ascii	"char\000"
 2422      00
 2423              	.LASF26:
 2424 0295 49324352 		.ascii	"I2CReadBits\000"
 2424      65616442 
 2424      69747300 
 2425              	.LASF2:
 2426 02a1 73686F72 		.ascii	"short int\000"
 2426      7420696E 
 2426      7400
 2427              	.LASF20:
 2428 02ab 64657641 		.ascii	"devAddr\000"
 2428      64647200 
 2429              	.LASF13:
 2430 02b3 75696E74 		.ascii	"uint16_t\000"
 2430      31365F74 
 2430      00
 2431              	.LASF35:
 2432 02bc 49324357 		.ascii	"I2CWriteWords\000"
 2432      72697465 
 2432      576F7264 
 2432      7300
 2433              	.LASF7:
 2434 02ca 6C6F6E67 		.ascii	"long int\000"
 2434      20696E74 
 2434      00
 2435              	.LASF39:
 2436 02d3 4932435F 		.ascii	"I2C_Master_MasterSendRestart\000"
 2436      4D617374 
 2436      65725F4D 
 2436      61737465 
 2436      7253656E 
 2437              	.LASF0:
 2438 02f0 7369676E 		.ascii	"signed char\000"
 2438      65642063 
 2438      68617200 
 2439              	.LASF33:
 2440 02fc 49324357 		.ascii	"I2CWriteBits\000"
 2440      72697465 
 2440      42697473 
 2440      00
 2441              	.LASF30:
 2442 0309 6269744E 		.ascii	"bitNum\000"
 2442      756D00
 2443              	.LASF22:
 2444 0310 6C656E67 		.ascii	"length\000"
 2444      746800
 2445              		.ident	"GCC: (GNU Tools for ARM Embedded Processors) 4.9.3 20150303 (release) [ARM/embedded-4_9-br
